[2025-12-16T10:12:47.063Z] [ERROR] [cd7c3192-8975-40c0-b5f4-57a9d100a612] POST /api/suppliers/register - משתש כבר קיים
[2025-12-16T10:12:56.396Z] [ERROR] [614a0707-b414-4106-976e-e44bd81bb931] POST /api/suppliers/register - Supplier validation failed: regions: Cast to string failed for value "[ 'גוש דן' ]" (type Array) at path "regions"
[2025-12-16T10:13:02.812Z] [ERROR] [d1ed678b-e0ba-4867-88e5-936b33ad1fb5] POST /api/suppliers/register - משתש כבר קיים
[2025-12-16T10:13:10.378Z] [ERROR] [ee2939a3-f57f-4fa8-9a22-de73daab6adf] POST /api/suppliers/register - Supplier validation failed: regions: Cast to string failed for value "[ 'גוש דן' ]" (type Array) at path "regions"
[2025-12-16T10:13:28.294Z] [ERROR] [adecf606-ffe9-4b17-b94d-ba9b0a68ea06] POST /api/suppliers/register - משתש כבר קיים
[2025-12-16T10:13:33.616Z] [ERROR] [dd493276-7c1d-440b-86bc-070b57b6f17d] POST /api/suppliers/register - Supplier validation failed: regions: Cast to string failed for value "[ 'גוש דן' ]" (type Array) at path "regions"
[2025-12-16T10:13:36.485Z] [ERROR] [8957410f-ed6f-47b2-b039-8b3b8da89dbf] POST /api/suppliers/register - משתש כבר קיים
[2025-12-16T10:13:42.330Z] [ERROR] [f82613b9-4251-407a-8d4d-4d536eab67a2] POST /api/suppliers/register - Supplier validation failed: regions: Cast to string failed for value "[ 'גוש דן' ]" (type Array) at path "regions"
[2025-12-16T10:20:07.516Z] [ERROR] [cd61a717-b3e1-487f-8b86-5439dbe28b0e] POST /api/suppliers/register - Supplier validation failed: regions: Cast to string failed for value "[ 'גוש דן' ]" (type Array) at path "regions"
[2025-12-16T10:21:17.854Z] [ERROR] [3ac51b0c-9b2d-4c86-ba8e-c4b1795d679c] POST /api/suppliers/register - משתש כבר קיים
[2025-12-16T10:21:23.656Z] [ERROR] [d47b9704-db4c-45cc-b2ec-d3b998b87dc8] POST /api/suppliers/register - Supplier validation failed: regions: Cast to string failed for value "[ 'גוש דן' ]" (type Array) at path "regions"
[2025-12-16T10:22:32.470Z] [ERROR] [8ddaf229-8281-4fd5-b096-4019d7b1d4f2] POST /api/suppliers/register - משתש כבר קיים
[2025-12-16T10:22:38.175Z] [ERROR] [691c92b8-b98c-45d6-a759-eb873088778b] POST /api/suppliers/register - Supplier validation failed: regions: Cast to string failed for value "[ 'גוש דן' ]" (type Array) at path "regions"
[2025-12-16T10:22:43.164Z] [ERROR] [ab6d5f39-5a9f-4fc4-94d8-962b90bf9abd] POST /api/suppliers/register - Supplier validation failed: regions: Cast to string failed for value "[ 'גוש דן' ]" (type Array) at path "regions"
[2025-12-16T10:22:46.032Z] [ERROR] [de3dcafa-9ea1-4507-a539-706e7fa7a382] POST /api/suppliers/register - משתש כבר קיים
[2025-12-16T10:26:02.698Z] [ERROR] [5ecfad68-1182-480d-83bc-af11920a555e] POST /api/suppliers/register - משתש כבר קיים
[2025-12-16T10:26:08.860Z] [ERROR] [573685ad-6e99-4c5d-9d5a-34aad481c63c] POST /api/suppliers/register - Supplier validation failed: regions: Cast to string failed for value "[ 'גוש דן' ]" (type Array) at path "regions"
[2025-12-16T10:31:14.380Z] [ERROR] [785e9529-2028-43c3-8161-811870fd7793] POST /api/suppliers/register - Supplier validation failed: regions: Cast to string failed for value "[ 'גוש דן' ]" (type Array) at path "regions"
[2025-12-16T10:32:19.281Z] [ERROR] [0765fb9a-a7bd-45a1-a3c1-28c8a271d277] POST /api/suppliers/register - Supplier validation failed: regions: Cast to string failed for value "[ 'גוש דן' ]" (type Array) at path "regions"
[2025-12-16T10:32:23.903Z] [ERROR] [658593f2-0911-435a-b87c-89bdf82adbd0] POST /api/suppliers/register - Supplier validation failed: regions: Cast to string failed for value "[ 'גוש דן' ]" (type Array) at path "regions"
[2025-12-16T10:45:41.841Z] [ERROR] [ff9a93dd-8db2-411c-bf8c-8a9ae545c0c1] POST /api/suppliers/register - Supplier validation failed: regions: Cast to string failed for value "[ 'גוש דן' ]" (type Array) at path "regions"
[2025-12-16T20:41:32.863Z] [ERROR] [10b62a7f-2f17-43a1-9518-0fe80798a1f0] GET /api/dashboard/supplier/charts - ספק לא נמצא
[2025-12-16T20:41:32.884Z] [ERROR] [f8e5b19e-be55-4edd-b10f-8e26633637e6] GET /api/dashboard/summarySupplier - ספק לא נמצא
[2025-12-16T20:41:33.462Z] [ERROR] [98e6955a-74cf-416d-bd66-f1e7d3a72055] GET /api/dashboard/supplier/charts - ספק לא נמצא
[2025-12-16T20:41:33.553Z] [ERROR] [037eeef0-176e-4d88-bf66-188950cfd517] GET /api/dashboard/summarySupplier - ספק לא נמצא
[2025-12-16T20:41:36.386Z] [ERROR] [45597bea-58fc-4854-890a-a83cb15b481e] GET /api/contracts/supplier?page=1&debouncedSearch= - ספק לא נמצא
[2025-12-16T20:41:36.389Z] [ERROR] [88a1cdda-70bf-49d1-aed7-219a37fddf7f] GET /api/requests/supplier - ספק לא נמצא
[2025-12-16T20:41:36.832Z] [ERROR] [5049ea68-678d-43d3-88bb-c5d249165b14] GET /api/contracts/supplier?page=1&debouncedSearch= - ספק לא נמצא
[2025-12-16T20:41:36.841Z] [ERROR] [a61e8fee-27d7-4777-a61f-7bf586dd08d2] GET /api/requests/supplier - ספק לא נמצא
[2025-12-16T20:41:37.737Z] [ERROR] [29b20866-30df-471a-998f-00da624fbaec] GET /api/events/relevant - Forbidden: insufficient role
[2025-12-16T20:41:37.957Z] [ERROR] [d5e9263f-d6df-4e44-a631-e0e18b5bd3ed] GET /api/events/relevant - Forbidden: insufficient role
[2025-12-16T20:41:37.964Z] [ERROR] [8569e7a4-585e-49ea-b6b3-a0ef910752bb] GET /api/requests/supplier?page=1&limit=10&searchTerm= - ספק לא נמצא
[2025-12-16T20:41:38.467Z] [ERROR] [00f3c265-196d-427f-bc10-f58c90bad86f] GET /api/requests/supplier?page=1&limit=10&searchTerm= - ספק לא נמצא
[2025-12-16T20:46:42.949Z] [ERROR] [7c5700ba-9ce5-4e15-9dee-237912d3c1ff] GET /api/events/relevant - Forbidden: insufficient role
[2025-12-16T20:46:43.163Z] [ERROR] [7e85b1e7-abae-4f64-b664-2c49d4af2128] GET /api/events/relevant - Forbidden: insufficient role
[2025-12-16T20:46:54.639Z] [ERROR] [f0f9e708-cc6a-4421-9eaf-eb1e8978b49f] GET /api/events/relevant - Forbidden: insufficient role
[2025-12-16T20:46:54.979Z] [ERROR] [2035e1d2-63c5-45dc-81bf-255df394ac26] GET /api/events/relevant - Forbidden: insufficient role
[2025-12-16T20:47:03.437Z] [ERROR] [803b6604-a0a3-420c-8b33-c639e0af8e6e] GET /api/events/relevant - Forbidden: insufficient role
[2025-12-16T20:47:03.717Z] [ERROR] [1d051709-e509-4b7c-a2ba-d4b5ae6d2aef] GET /api/events/relevant - Forbidden: insufficient role
[2025-12-16T20:49:08.316Z] [ERROR] [c079d470-9a90-4e6d-8d24-b235e4f285a1] GET /api/events/relevant - Forbidden: insufficient role
[2025-12-16T20:49:08.822Z] [ERROR] [a54fe800-45b2-430c-a0bc-043b9caa2486] GET /api/events/relevant - Forbidden: insufficient role
[2025-12-16T20:49:56.242Z] [ERROR] [9305a818-5437-4a7b-abcb-b48fb61fe661] GET /api/events/relevant - Forbidden: insufficient role
[2025-12-16T20:49:56.871Z] [ERROR] [2f46f284-c265-415a-903f-29c2856010a8] GET /api/events/relevant - Forbidden: insufficient role
