[2025-12-15T07:24:34.404Z] [INFO] [019b3e90-d476-4da9-b495-fa301c9ef084] POST /api/auth/login - Request finished with status 200
[2025-12-15T07:24:34.509Z] [INFO] [038d393e-4204-4e83-a166-b79517b781d2] GET /api/users/me - Request finished with status 304
[2025-12-15T07:24:34.591Z] [INFO] [3f427fb6-4d43-4638-92a9-17ac45235489] GET /api/users/me - Request finished with status 304
[2025-12-15T07:24:34.696Z] [INFO] [a0a87886-48b3-4353-805b-acca6e98787b] GET /api/users/me - Request finished with status 304
[2025-12-15T07:24:34.780Z] [INFO] [4c5bb1eb-68e7-4278-8d50-ceeb48344a71] GET /api/users/me - Request finished with status 304
[2025-12-15T07:24:34.886Z] [INFO] [80755946-7521-4d0f-891a-53609c164970] GET /api/users/me - Request finished with status 304
[2025-12-15T07:24:35.039Z] [INFO] [3cc70b84-6ef9-469d-9520-a06bd8c41951] GET /api/users/me - Request finished with status 304
[2025-12-15T07:24:35.120Z] [INFO] [d1c35ade-d7b7-47da-bae9-e6a70a05f995] GET /api/users/me - Request finished with status 304
[2025-12-15T07:24:35.204Z] [INFO] [763b01eb-abff-4c8f-b7b4-ba932e9d30a5] GET /api/users/me - Request finished with status 304
[2025-12-15T07:24:35.256Z] [INFO] [45bbbd8a-28f0-41b0-aec8-7deeab48fc49] GET /api/dashboard/user/charts - Request finished with status 304
[2025-12-15T07:24:35.491Z] [INFO] [9be329eb-cc46-4cd2-bb2b-29cbb65da60a] GET /api/dashboard/user/charts - Request finished with status 304
[2025-12-15T07:24:35.525Z] [INFO] [41ea795d-1132-43c7-9180-82d93f159570] GET /api/dashboard/summaryUser - Request finished with status 200
[2025-12-15T07:24:36.060Z] [INFO] [a77fe28c-dd83-4f51-9fbf-238fd72ff20a] GET /api/dashboard/summaryUser - Request finished with status 304
[2025-12-15T07:26:35.961Z] [INFO] [0d480268-7c65-4cc0-9c51-a789f2a70dac] POST /api/auth/login - Request finished with status 200
[2025-12-15T07:26:36.070Z] [INFO] [5b66574f-5ea1-43d5-b558-b4a922f3236f] GET /api/users/me - Request finished with status 200
[2025-12-15T07:26:36.170Z] [INFO] [0542c222-aa70-40b7-b566-f1e4a6985a0b] GET /api/users/me - Request finished with status 304
[2025-12-15T07:26:36.710Z] [INFO] [76cae897-2333-4236-8ea0-ea7c466d684e] GET /api/users/me - Request finished with status 304
[2025-12-15T07:26:36.794Z] [INFO] [91d1199e-fcfa-439b-8c1e-f372acce9621] GET /api/users/me - Request finished with status 304
[2025-12-15T07:26:36.868Z] [INFO] [d2382410-2af5-4657-a37a-46f0c0d4fc6a] GET /api/users/me - Request finished with status 304
[2025-12-15T07:26:36.945Z] [INFO] [23138a91-8440-42c5-922a-d12df4267fef] GET /api/users/me - Request finished with status 304
[2025-12-15T07:26:37.116Z] [INFO] [a84c657f-7629-4e8c-89ec-849f3725cf54] GET /api/users/me - Request finished with status 304
[2025-12-15T07:26:37.201Z] [ERROR] [4e5d2237-42ea-4873-b2be-78a47f16f5db] GET /api/dashboard/summarySupplier - ספק לא נמצא
[2025-12-15T07:26:37.219Z] [INFO] [4e5d2237-42ea-4873-b2be-78a47f16f5db] GET /api/dashboard/summarySupplier - Request finished with status 404
[2025-12-15T07:26:37.221Z] [ERROR] [008b202f-d302-4f92-b19c-baf55399995d] GET /api/dashboard/supplier/charts - ספק לא נמצא
[2025-12-15T07:26:37.224Z] [INFO] [008b202f-d302-4f92-b19c-baf55399995d] GET /api/dashboard/supplier/charts - Request finished with status 404
[2025-12-15T07:26:37.228Z] [INFO] [ebebe14e-7e8b-46c9-9de1-6a74825e6e55] GET /api/users/me - Request finished with status 304
[2025-12-15T07:26:37.311Z] [INFO] [1064158d-7518-480d-bc7c-bae83981e40f] GET /api/notifications - Request finished with status 201
[2025-12-15T07:26:37.394Z] [ERROR] [f4902e76-4e2b-4ddc-b434-912a53f5a3ae] GET /api/dashboard/summarySupplier - ספק לא נמצא
[2025-12-15T07:26:37.397Z] [INFO] [f4902e76-4e2b-4ddc-b434-912a53f5a3ae] GET /api/dashboard/summarySupplier - Request finished with status 404
[2025-12-15T07:26:37.403Z] [ERROR] [84dd96df-f981-420d-93ed-2f3f9e5f7477] GET /api/dashboard/supplier/charts - ספק לא נמצא
[2025-12-15T07:26:37.406Z] [INFO] [84dd96df-f981-420d-93ed-2f3f9e5f7477] GET /api/dashboard/supplier/charts - Request finished with status 404
[2025-12-15T07:26:37.468Z] [INFO] [aa7dadec-eeac-48bd-81c2-98f6ac5791f1] GET /api/notifications - Request finished with status 201
[2025-12-15T07:27:16.062Z] [INFO] [244f80fa-05c8-4d57-8e9c-f455499cf912] POST /api/auth/logout - Request finished with status 200
[2025-12-15T07:27:21.200Z] [INFO] [6570e57e-c608-476e-aa4b-7fd431e71f9f] POST /api/auth/login - Request finished with status 200
[2025-12-15T07:27:21.302Z] [INFO] [893a7194-d951-4527-97c6-47a914beee0b] GET /api/users/me - Request finished with status 200
[2025-12-15T07:27:21.403Z] [INFO] [bf9760e1-3112-4052-95a3-4af0a654610a] GET /api/users/me - Request finished with status 304
[2025-12-15T07:27:21.541Z] [INFO] [18ec39fe-7a69-469f-9521-0a46b642f16f] GET /api/users/me - Request finished with status 304
[2025-12-15T07:27:21.618Z] [INFO] [ca46ff0f-36bf-4453-8c95-7a49c58896e2] GET /api/users/me - Request finished with status 304
[2025-12-15T07:27:21.695Z] [INFO] [c8c58f34-0df0-4737-8257-c8499fd5c905] GET /api/users/me - Request finished with status 304
[2025-12-15T07:27:21.790Z] [INFO] [67185296-8495-4439-9f71-3f5d6aa52e75] GET /api/users/me - Request finished with status 304
[2025-12-15T07:27:21.880Z] [INFO] [e16bf2d4-6cb7-4005-bb09-6ac7582ded69] GET /api/users/me - Request finished with status 304
[2025-12-15T07:27:21.903Z] [INFO] [5c8e29cb-cae5-4a25-b9d2-4fee1a1371ce] GET /api/notifications - Request finished with status 201
[2025-12-15T07:27:21.981Z] [INFO] [03264531-bc76-4840-84ed-e78c62b50f5a] GET /api/users/me - Request finished with status 304
[2025-12-15T07:27:22.075Z] [INFO] [b0fd91eb-3901-4923-a2e6-ac593d2a2b50] GET /api/dashboard/supplier/charts - Request finished with status 200
[2025-12-15T07:27:22.088Z] [INFO] [48d38019-d2b9-4d74-b923-544e762a91c7] GET /api/notifications - Request finished with status 201
[2025-12-15T07:27:22.430Z] [INFO] [44d43aef-1a2c-4896-babc-e69250242c6a] GET /api/dashboard/supplier/charts - Request finished with status 304
[2025-12-15T07:27:22.481Z] [INFO] [a9f2b8ab-37ce-4a48-b2eb-ff5f8d2deee6] GET /api/dashboard/summarySupplier - Request finished with status 200
[2025-12-15T07:27:23.142Z] [INFO] [49f6ef2e-7ee9-4712-b824-4aa40f6200b5] GET /api/dashboard/summarySupplier - Request finished with status 304
[2025-12-15T07:27:42.075Z] [INFO] [a86ec660-e806-42c8-8956-92a2fcc9d1e7] GET /api/threads/supplier - Request finished with status 200
[2025-12-15T07:27:42.445Z] [INFO] [da0240fe-8730-4525-a012-7950ae8a522b] GET /api/threads/supplier - Request finished with status 304
[2025-12-15T07:27:44.081Z] [INFO] [d432900a-ebc0-42e8-b270-ce694b254536] GET /api/messages/693ea3823a812c1ddbb75126 - Request finished with status 404
[2025-12-15T07:27:50.047Z] [INFO] [956869a6-d6ca-47f6-bb9f-9d9b012a47ce] GET /api/threads/user - Request finished with status 304
[2025-12-15T07:27:50.426Z] [INFO] [3a57dda8-dad3-4095-8747-03db4d136bc4] GET /api/threads/user - Request finished with status 304
[2025-12-15T07:27:51.909Z] [INFO] [a0f52755-1b2e-4560-a564-18a772a8c527] GET /api/messages/693ea3823a812c1ddbb75126 - Request finished with status 404
[2025-12-15T07:27:52.159Z] [INFO] [f4d238d3-7710-4c7f-821d-621480d728cc] GET /api/messages/693ea3823a812c1ddbb75126 - Request finished with status 404
[2025-12-15T07:28:20.423Z] [INFO] [ae5a3b18-2216-4fe0-a556-2d289390d602] PATCH /api/messages/read/693ea3823a812c1ddbb75126 - Request finished with status 404
[2025-12-15T07:43:01.724Z] [INFO] [7bdb9f7c-c2da-47cb-8fc4-89728d05268d] PATCH /api/messages/read/693ea3823a812c1ddbb75126 - Request finished with status 404
[2025-12-15T07:43:06.862Z] [INFO] [fe06b30a-d3d2-4ada-bbe3-f2d2c445720a] PATCH /api/messages/read/693ea3823a812c1ddbb75126 - Request finished with status 404
[2025-12-15T07:43:25.415Z] [INFO] [21667220-0f7f-49b8-95dc-402d704e1c6e] GET /api/messages/693548fbbc37e27bf7174e86 - Request finished with status 404
[2025-12-15T07:43:25.416Z] [INFO] [b583392a-5362-434f-abbe-a7b12d45d603] GET /api/messages/693ea3823a812c1ddbb75126 - Request finished with status 404
[2025-12-15T07:43:25.656Z] [INFO] [54cd8f6e-00b6-4b06-a90d-5f5d502a6767] GET /api/messages/693ea3823a812c1ddbb75126 - Request finished with status 404
[2025-12-15T08:01:29.893Z] [INFO] [0976d842-61b1-44bb-92bd-6bf84e25ead9] PATCH /api/messages/read/693ea3823a812c1ddbb75126 - Request finished with status 404
[2025-12-15T08:01:44.156Z] [INFO] [90d47e99-aebc-46ad-b185-846dbd119b63] PATCH /api/messages/read/693ea3823a812c1ddbb75126 - Request finished with status 404
[2025-12-15T08:04:12.077Z] [INFO] [dbdfe916-0f88-45e3-8ec4-eacedd46840a] GET /api/messages/693548fbbc37e27bf7174e86 - Request finished with status 404
[2025-12-15T08:04:12.135Z] [INFO] [eb336b8d-66bc-4780-a410-9e6d162da7f4] GET /api/messages/6935494dbc37e27bf7174eb6 - Request finished with status 404
[2025-12-15T08:04:12.617Z] [INFO] [d19c1680-3862-4507-8bcc-fa256e1e40dd] GET /api/messages/693ea3823a812c1ddbb75126 - Request finished with status 404
[2025-12-15T08:04:13.113Z] [INFO] [6ecf040e-3d07-4e01-ae22-b9846615f1e1] GET /api/messages/693ea3823a812c1ddbb75126 - Request finished with status 404
[2025-12-15T08:24:54.032Z] [INFO] [289d361e-3929-4bea-8e57-c4e4c338d31f] PATCH /api/messages/read/693ea3823a812c1ddbb75126 - Request finished with status 404
[2025-12-15T08:25:08.192Z] [INFO] [7e6220f4-15ca-4e85-b68e-c6dbcd751b68] GET /api/users/me - Request finished with status 304
[2025-12-15T08:25:08.312Z] [INFO] [b75dccd0-f708-48e3-9ae7-27284c0e972e] GET /api/users/me - Request finished with status 304
[2025-12-15T08:25:08.415Z] [INFO] [dfd47f61-5662-4248-be45-89c76daa0c2e] GET /api/users/me - Request finished with status 304
[2025-12-15T08:25:08.553Z] [INFO] [3828b333-c11d-4549-a977-8c2075c8e89e] GET /api/users/me - Request finished with status 304
[2025-12-15T08:25:08.662Z] [INFO] [b5b8ee19-38a9-43ca-83fe-9409592af849] GET /api/users/me - Request finished with status 304
[2025-12-15T08:25:08.810Z] [INFO] [698cd31d-f883-4aa2-967e-9ca86e0c387e] GET /api/users/me - Request finished with status 304
[2025-12-15T08:25:09.751Z] [INFO] [9b9427d3-5c0b-4a2b-8379-a6e4c1bff065] GET /api/notifications - Request finished with status 201
[2025-12-15T08:25:09.827Z] [INFO] [b415da40-0534-45f2-8226-0139fe92638c] GET /api/threads/supplier - Request finished with status 304
[2025-12-15T08:25:10.139Z] [INFO] [10fb12b2-421c-4598-a048-94e86408d1c8] GET /api/threads/supplier - Request finished with status 304
[2025-12-15T08:25:40.046Z] [INFO] [637c972d-1bf6-4a08-861a-17a5b5f76b53] POST /api/auth/logout - Request finished with status 200
[2025-12-15T08:26:02.606Z] [INFO] [09f7e6a3-0813-4693-803c-1a89b7c0160f] POST /api/auth/login - Request finished with status 200
[2025-12-15T08:26:02.837Z] [INFO] [5031de4c-4a02-47d3-89c9-3bd9490af898] GET /api/users/me - Request finished with status 200
[2025-12-15T08:26:03.517Z] [INFO] [e4920528-d4b8-4d19-9952-d59b2113fb11] GET /api/users/me - Request finished with status 304
[2025-12-15T08:26:04.537Z] [INFO] [a3c0bafb-f98f-43ef-80ec-d1f21b898454] GET /api/users/me - Request finished with status 304
[2025-12-15T08:26:04.867Z] [INFO] [72f825af-3216-4104-9535-46f15dc3e65d] GET /api/users/me - Request finished with status 304
[2025-12-15T08:26:05.022Z] [INFO] [b7b2296f-5243-4f3c-a477-416e9e90b113] GET /api/users/me - Request finished with status 304
[2025-12-15T08:26:05.434Z] [INFO] [9e5fbd4c-c02d-4d6f-91fa-df1a1887038f] GET /api/users/me - Request finished with status 304
[2025-12-15T08:26:05.818Z] [INFO] [f5bb9954-f98f-4080-a71b-d1bc9a9d92fd] GET /api/users/me - Request finished with status 304
[2025-12-15T08:26:06.137Z] [INFO] [86ff9de4-735b-4a9e-a3e5-cee1677695d7] GET /api/users/me - Request finished with status 304
[2025-12-15T08:26:07.214Z] [INFO] [23745b1d-0e61-446c-b156-e535f5b74f6a] GET /api/dashboard/summaryUser - Request finished with status 200
[2025-12-15T08:26:07.488Z] [INFO] [8a733879-ec43-442f-8128-de5dbf58a76a] GET /api/notifications - Request finished with status 201
[2025-12-15T08:26:07.714Z] [INFO] [80535129-0ae7-4427-bb2e-64264e500800] GET /api/dashboard/user/charts - Request finished with status 200
[2025-12-15T08:26:08.190Z] [INFO] [28dd80c2-9848-4177-ab43-f762fa36cf08] GET /api/notifications - Request finished with status 201
[2025-12-15T08:26:08.225Z] [INFO] [fa0882e0-94dc-40fb-a510-6b0eeb93cc87] GET /api/dashboard/summaryUser - Request finished with status 304
[2025-12-15T08:26:08.315Z] [INFO] [8b93c2c3-608e-4e30-89ca-251af612191e] GET /api/dashboard/user/charts - Request finished with status 304
[2025-12-15T08:49:09.393Z] [INFO] [b78fb022-3eed-4e28-85e6-7e8e6df26f50] POST /api/auth/login - Request finished with status 200
[2025-12-15T08:49:09.564Z] [INFO] [e9df2fb9-912b-48e1-b110-9b6af18d5760] GET /api/users/me - Request finished with status 304
[2025-12-15T08:49:09.706Z] [INFO] [0ef06642-7cf0-49e1-90fe-648272093cbd] GET /api/users/me - Request finished with status 304
[2025-12-15T08:49:09.853Z] [INFO] [9a5406a0-2bc5-46f1-b0bd-f669515d7e63] GET /api/users/me - Request finished with status 304
[2025-12-15T08:49:09.939Z] [INFO] [cb076442-6f1a-44bb-901e-f665a59c7557] GET /api/users/me - Request finished with status 304
[2025-12-15T08:49:10.076Z] [INFO] [8f83f173-2999-43a0-8fd1-3d900db84bc0] GET /api/users/me - Request finished with status 304
[2025-12-15T08:49:10.172Z] [INFO] [502d6afc-b7f9-4f97-9573-0eeab52aa791] GET /api/users/me - Request finished with status 304
[2025-12-15T08:49:10.507Z] [INFO] [70048556-a81d-4881-9b96-5cadffbfcc12] GET /api/users/me - Request finished with status 304
[2025-12-15T08:49:10.690Z] [INFO] [23e1a71b-9b7f-4a5c-9e31-6c50ff50ed06] GET /api/users/me - Request finished with status 304
[2025-12-15T08:49:10.810Z] [INFO] [8c8b8a6c-afbc-4752-ba07-9dfedc590f5e] GET /api/dashboard/user/charts - Request finished with status 304
[2025-12-15T08:49:11.116Z] [INFO] [cfb998ca-b739-42d8-99d4-30aaa7263b84] GET /api/dashboard/summaryUser - Request finished with status 200
[2025-12-15T08:49:11.120Z] [INFO] [d041ea2d-4009-44a5-8002-8f00b81a55be] GET /api/dashboard/user/charts - Request finished with status 304
[2025-12-15T08:49:12.157Z] [INFO] [9df6a2ae-457a-4838-9cb1-9a799a16710f] GET /api/dashboard/summaryUser - Request finished with status 304
[2025-12-15T08:49:16.049Z] [INFO] [af720e4b-922d-4982-9a71-bbb8c05bd67d] GET /api/threads/user - Request finished with status 304
[2025-12-15T08:49:17.154Z] [INFO] [9445beb5-7263-4bbb-b565-62be3990e8d6] GET /api/threads/user - Request finished with status 304
[2025-12-15T08:49:17.952Z] [INFO] [2f35c92e-f6e7-4213-9132-88a0e834a97d] GET /api/messages/693ea3823a812c1ddbb75126 - Request finished with status 404
[2025-12-15T08:49:21.338Z] [INFO] [7e91553e-fe57-478d-8e81-a4f813a45b4d] GET /api/messages/693ea3823a812c1ddbb75126 - Request finished with status 404
[2025-12-15T08:49:51.339Z] [INFO] [58eff17d-de88-45bb-8fc8-0223a743b498] GET /api/messages/693548fbbc37e27bf7174e86 - Request finished with status 404
[2025-12-15T08:49:52.288Z] [INFO] [3a281458-9732-496f-9e26-a27752621cad] GET /api/messages/693ea3823a812c1ddbb75126 - Request finished with status 404
[2025-12-15T08:49:52.619Z] [INFO] [3d9c1358-0faf-47f3-9f6f-776c05c0e3b3] GET /api/messages/693ea3823a812c1ddbb75126 - Request finished with status 404
[2025-12-15T08:49:53.913Z] [INFO] [c16f5b6f-73b2-4f1c-9fd5-0dce232d9d62] GET /api/users/me - Request finished with status 304
[2025-12-15T08:49:54.050Z] [INFO] [adec3ef8-1029-4371-80c5-5f5158c0b8cc] GET /api/users/me - Request finished with status 304
[2025-12-15T08:49:54.138Z] [INFO] [7d1aec78-dcd4-4d48-b61a-7d50f9c3f3a7] GET /api/users/me - Request finished with status 304
[2025-12-15T08:49:54.212Z] [INFO] [11f51d11-9d03-4354-b950-f0ad7272fd5a] GET /api/users/me - Request finished with status 304
[2025-12-15T08:49:54.307Z] [INFO] [dce06c88-405c-4a7e-b4a3-f9a993769766] GET /api/users/me - Request finished with status 304
[2025-12-15T08:49:54.453Z] [INFO] [d0aa0804-ef8d-4d27-882b-1b29c09112c5] GET /api/users/me - Request finished with status 304
[2025-12-15T08:49:55.055Z] [INFO] [855a0b48-d0ba-40e5-9e77-898090536fb8] GET /api/threads/user - Request finished with status 304
[2025-12-15T08:49:55.605Z] [INFO] [85eca128-7d0b-423b-94d9-2c2a231bba26] GET /api/threads/user - Request finished with status 304
[2025-12-15T08:49:57.725Z] [INFO] [48c8772e-020d-4fb9-9436-1d48bd0fc461] GET /api/messages/693ea3823a812c1ddbb75126 - Request finished with status 404
[2025-12-15T08:49:58.009Z] [INFO] [e4148a94-43e5-4464-b604-a0a2ff17871e] GET /api/messages/693ea3823a812c1ddbb75126 - Request finished with status 404
[2025-12-15T08:50:36.695Z] [INFO] [52e7fac2-e81d-4cd3-95d6-4d09fbfcf6ab] GET /api/messages/693a8f6087a58f051c8ab89a - Request finished with status 404
[2025-12-15T08:50:38.836Z] [INFO] [903ff016-cd2f-4fb9-995d-accd5ec767e0] GET /api/messages/6935494dbc37e27bf7174eb6 - Request finished with status 404
[2025-12-15T08:50:40.149Z] [INFO] [5c83a7d3-d7dd-4b29-ba5e-4099770de103] GET /api/messages/693ea3823a812c1ddbb75126 - Request finished with status 404
[2025-12-15T08:56:49.825Z] [INFO] [3ddd04a7-e068-4fa8-919b-c135d0a4313d] GET /api/messages/693a8f6087a58f051c8ab89a - Request finished with status 400
[2025-12-15T08:56:54.749Z] [INFO] [401603c4-8f41-4391-bc20-766b0887803f] GET /api/messages/693ea3823a812c1ddbb75126 - Request finished with status 400
[2025-12-15T08:57:18.422Z] [INFO] [b213e7b4-24a1-41e5-8bb2-99cceab9c79d] GET /api/users/me - Request finished with status 304
[2025-12-15T08:57:18.529Z] [INFO] [fda5a93f-feeb-414e-beb4-6dba39689a91] GET /api/users/me - Request finished with status 304
[2025-12-15T08:57:18.664Z] [INFO] [7ad30491-5b9f-40e0-8080-fda9274b985e] GET /api/users/me - Request finished with status 304
[2025-12-15T08:57:18.765Z] [INFO] [281a8256-ec7f-42ae-a0cf-777ad72f344c] GET /api/users/me - Request finished with status 304
[2025-12-15T08:57:18.887Z] [INFO] [cbe04859-e078-4ab6-ada3-270dca1a6fed] GET /api/users/me - Request finished with status 304
[2025-12-15T08:57:18.987Z] [INFO] [632a0612-0716-4d69-b08f-c9da4a61b10b] GET /api/users/me - Request finished with status 304
[2025-12-15T08:57:19.518Z] [INFO] [6f479b7a-c13f-4126-8171-433d527232a1] GET /api/notifications - Request finished with status 201
[2025-12-15T08:57:19.668Z] [INFO] [719ac14f-2212-4b61-be70-036e8ed12c87] GET /api/threads/supplier - Request finished with status 304
[2025-12-15T08:57:20.113Z] [INFO] [5bf1a6ea-2656-4545-9c5b-5baaa75e8fd7] GET /api/threads/supplier - Request finished with status 304
[2025-12-15T08:57:22.751Z] [INFO] [8dc5eb3f-3a2a-44c6-a1ec-9c346a35f03f] GET /api/messages/693ea3823a812c1ddbb75126 - Request finished with status 400
[2025-12-15T08:57:23.197Z] [INFO] [0cf1b4f7-9d28-452f-8084-0fc74e858193] GET /api/messages/693ea3823a812c1ddbb75126 - Request finished with status 400
[2025-12-15T08:59:10.484Z] [INFO] [d862e972-4d21-45a7-86d7-4bb3f886fcdc] GET /api/messages/693ea3823a812c1ddbb75126 - Request finished with status 200
[2025-12-15T08:59:40.390Z] [INFO] [312b6c72-64c4-4f77-836f-30879454988e] GET /api/users/me - Request finished with status 304
[2025-12-15T08:59:40.475Z] [INFO] [2ea80b26-4328-4acb-ac61-aa3077a58f58] GET /api/users/me - Request finished with status 304
[2025-12-15T08:59:40.557Z] [INFO] [9fb520fb-5048-4a2a-a7dc-72a873b510ff] GET /api/users/me - Request finished with status 304
[2025-12-15T08:59:40.641Z] [INFO] [4d5f4c35-99a1-4da6-8eed-f1af083d712f] GET /api/users/me - Request finished with status 304
[2025-12-15T08:59:40.733Z] [INFO] [842dcea1-8fc9-4ad4-9b41-184b6536f3b3] GET /api/users/me - Request finished with status 304
[2025-12-15T08:59:40.810Z] [INFO] [e94df27d-a65f-4259-8754-1147fbd2d4ec] GET /api/users/me - Request finished with status 304
[2025-12-15T08:59:40.947Z] [INFO] [078bed57-fe7b-4225-b4ab-c10fba5d771a] GET /api/notifications - Request finished with status 201
[2025-12-15T08:59:41.216Z] [INFO] [1da635bf-2e3a-47e3-a10c-ada49c28bc02] GET /api/threads/supplier - Request finished with status 304
[2025-12-15T08:59:41.603Z] [INFO] [1a20af44-d8fb-4b23-ba52-7cc62bb4cccf] GET /api/threads/supplier - Request finished with status 304
[2025-12-15T08:59:43.194Z] [INFO] [00fab0c2-f09e-4c5d-9796-a300c108abf2] GET /api/messages/693ea3823a812c1ddbb75126 - Request finished with status 200
[2025-12-15T08:59:43.438Z] [INFO] [cd2501ff-86d0-4038-a522-114a25633306] GET /api/messages/693ea3823a812c1ddbb75126 - Request finished with status 304
[2025-12-15T09:00:19.976Z] [INFO] [5ef6ac02-8ec0-4c5b-8729-6cb6d72edaf1] PATCH /api/messages/read/693ea3823a812c1ddbb75126 - Request finished with status 200
[2025-12-15T09:00:20.199Z] [INFO] [9625651f-8acb-4d9d-94ff-17eb489c4e0b] GET /api/messages/693ea3823a812c1ddbb75126 - Request finished with status 200
[2025-12-15T09:00:20.381Z] [INFO] [e235e38b-4fee-4c90-97c8-0c837389c8d7] GET /api/threads/supplier - Request finished with status 304
[2025-12-15T09:00:27.354Z] [INFO] [932e7274-88f1-4856-820b-28dc2149aca1] PATCH /api/messages/read/693ea3823a812c1ddbb75126 - Request finished with status 200
[2025-12-15T09:00:28.040Z] [INFO] [ee43f52e-d0b0-48bc-aabb-a531e60552d3] GET /api/threads/user - Request finished with status 304
[2025-12-15T09:00:28.767Z] [INFO] [594b65f0-ea1a-4f60-9b0c-3b58aa12f028] GET /api/messages/693ea3823a812c1ddbb75126 - Request finished with status 200
[2025-12-15T09:00:37.140Z] [INFO] [5cecd3f9-d05f-4dd4-9dcc-7523b12f3e01] PATCH /api/messages/read/693ea3823a812c1ddbb75126 - Request finished with status 200
[2025-12-15T09:00:37.373Z] [INFO] [486fb716-f3e6-4be1-934a-edeb1a5191bb] GET /api/messages/693ea3823a812c1ddbb75126 - Request finished with status 200
[2025-12-15T09:00:37.525Z] [INFO] [977767f5-a246-4ae3-bbf1-1aa562aed17f] GET /api/threads/supplier - Request finished with status 304
[2025-12-15T09:00:42.175Z] [INFO] [ee00cfdc-a684-4df6-8680-d1c1c491a56f] PATCH /api/messages/read/693ea3823a812c1ddbb75126 - Request finished with status 200
[2025-12-15T09:00:42.405Z] [INFO] [2819c8ad-7450-4522-a5c3-37baebf8e8f3] GET /api/messages/693ea3823a812c1ddbb75126 - Request finished with status 200
[2025-12-15T09:00:42.558Z] [INFO] [aa168007-3195-4bb5-a2e6-269a58fba183] GET /api/threads/user - Request finished with status 304
[2025-12-15T09:00:48.461Z] [INFO] [2638eced-fb9d-4f4c-a7b5-47d983529c06] PATCH /api/messages/read/693ea3823a812c1ddbb75126 - Request finished with status 200
[2025-12-15T09:00:48.698Z] [INFO] [1b056c2f-b78c-4fc2-ae33-b78aa1a121b3] GET /api/messages/693ea3823a812c1ddbb75126 - Request finished with status 200
[2025-12-15T09:00:48.858Z] [INFO] [6bd14421-2045-426d-8374-a42628e54bff] GET /api/threads/supplier - Request finished with status 304
