[2025-12-10T23:34:44.316Z] [INFO] [7b2cd4a2-7eef-4960-b420-6243aef51903] POST /api/auth/login - Request finished with status 200
[2025-12-10T23:34:44.434Z] [INFO] [d05d0380-6c01-4ff2-92e0-8cb4dfe56a17] GET /api/users/me - Request finished with status 304
[2025-12-10T23:34:44.528Z] [INFO] [923f5ba1-d993-4bef-b446-b63bfae9bd88] GET /api/users/me - Request finished with status 304
[2025-12-10T23:34:44.626Z] [INFO] [444be7ed-03e2-4787-8b69-42e712a1f9dc] GET /api/users/me - Request finished with status 304
[2025-12-10T23:34:44.712Z] [INFO] [a0982562-6cc2-43e6-99fe-70d9a3f4f49e] GET /api/users/me - Request finished with status 304
[2025-12-10T23:34:44.797Z] [INFO] [2a4dbd56-92d0-4abd-af93-a87763856a3f] GET /api/users/me - Request finished with status 304
[2025-12-10T23:34:44.882Z] [INFO] [5dc47681-bf66-4cb5-adef-b48043dd17b0] GET /api/users/me - Request finished with status 304
[2025-12-10T23:34:44.967Z] [INFO] [684ce6e4-ace9-46a9-b69e-143171b596ad] GET /api/users/me - Request finished with status 304
[2025-12-10T23:34:45.056Z] [INFO] [2ed321b9-c06f-4bcd-8ecb-f697312daea3] GET /api/users/me - Request finished with status 304
[2025-12-10T23:34:45.122Z] [INFO] [9c31e4f7-4b41-4534-a742-9878d7d6a4e3] GET /api/dashboard/user/charts - Request finished with status 200
[2025-12-10T23:34:45.369Z] [INFO] [2d22c4a4-47ba-440c-9dc4-bdcb8deef95c] GET /api/dashboard/user/charts - Request finished with status 304
[2025-12-10T23:34:45.429Z] [INFO] [ddc11537-b313-47ac-baa2-efb95fff8542] GET /api/dashboard/summaryUser - Request finished with status 200
[2025-12-10T23:34:45.985Z] [INFO] [a3417037-787a-47de-92fb-f1c153671d8c] GET /api/dashboard/summaryUser - Request finished with status 304
[2025-12-10T23:34:48.919Z] [INFO] [0b0f9b44-744f-499f-bb39-f4a44938d6b1] GET /api/threads/user - Request finished with status 304
[2025-12-10T23:34:49.334Z] [INFO] [2563544d-d6fd-4701-be6a-12da8856caf5] GET /api/threads/user - Request finished with status 304
[2025-12-10T23:49:29.960Z] [INFO] [cfe6c1e8-0c90-4681-a5cf-81c2595a6d10] POST /api/auth/login - Request finished with status 200
[2025-12-10T23:49:30.081Z] [INFO] [d95a3df2-797b-4a96-9898-94c6771871e2] GET /api/users/me - Request finished with status 304
[2025-12-10T23:49:30.186Z] [INFO] [1fed7005-e8c0-4d25-826b-78ea51df3562] GET /api/users/me - Request finished with status 304
[2025-12-10T23:49:30.364Z] [INFO] [e7b0e232-ed5d-4855-b3c4-ed089777ed2c] GET /api/users/me - Request finished with status 304
[2025-12-10T23:49:30.464Z] [INFO] [d5f0aa27-4e12-4a9e-9fa8-84ad8f30db5f] GET /api/users/me - Request finished with status 304
[2025-12-10T23:49:30.560Z] [INFO] [9ebce77c-291b-4008-b018-584dfb3858ce] GET /api/users/me - Request finished with status 304
[2025-12-10T23:49:30.669Z] [INFO] [d0c1aac8-18df-479d-bc14-cbb695418c55] GET /api/users/me - Request finished with status 304
[2025-12-10T23:49:30.844Z] [INFO] [f0440979-f6d1-482d-83fa-70100c4cb161] GET /api/users/me - Request finished with status 304
[2025-12-10T23:49:30.923Z] [INFO] [eea250e1-8d95-4435-9da5-e1c145f9ce2d] GET /api/users/me - Request finished with status 304
[2025-12-10T23:49:31.024Z] [INFO] [7f941c60-b26b-437a-9873-0d8fe2a0c2aa] GET /api/dashboard/user/charts - Request finished with status 304
[2025-12-10T23:49:31.300Z] [INFO] [f79b9d33-5f5a-4d43-8d22-9cdd5ba25815] GET /api/dashboard/user/charts - Request finished with status 304
[2025-12-10T23:49:31.388Z] [INFO] [7456b853-dad7-4128-80e9-4d8e3153b7e0] GET /api/dashboard/summaryUser - Request finished with status 304
[2025-12-10T23:49:32.014Z] [INFO] [5a8572b6-df2b-4e9d-bfdc-62c8f3d87dae] GET /api/dashboard/summaryUser - Request finished with status 304
[2025-12-10T23:49:34.594Z] [INFO] [79c1084f-022a-4bb5-9680-3f82b2f1476e] GET /api/threads/user - Request finished with status 304
[2025-12-10T23:49:35.026Z] [INFO] [2244a27f-3a81-4d4f-a983-6ebbdba1388b] GET /api/threads/user - Request finished with status 304
[2025-12-10T23:51:59.079Z] [INFO] [7a259b17-370e-4afd-87b5-73be3618e8a0] GET /api/messages/6935494dbc37e27bf7174eb6 - Request finished with status 200
[2025-12-10T23:52:54.537Z] [INFO] [9fbc9fe8-030b-4f6e-aa20-c3bd564c7a92] GET /api/messages/6935494dbc37e27bf7174eb6 - Request finished with status 200
[2025-12-10T23:53:23.934Z] [INFO] [9a23bc61-88a9-4130-b0ee-d2f61d67d28c] GET /api/users/me - Request finished with status 304
[2025-12-10T23:53:24.177Z] [INFO] [4dfdcf3a-6061-4617-a05b-67304f87067a] GET /api/users/me - Request finished with status 304
[2025-12-10T23:53:24.284Z] [INFO] [907d6e52-03b6-4f62-b3a6-25da111c9093] GET /api/users/me - Request finished with status 304
[2025-12-10T23:53:24.415Z] [INFO] [e5e47cdc-1d6e-4eab-95d1-4f71a9be9747] GET /api/users/me - Request finished with status 304
[2025-12-10T23:53:24.614Z] [INFO] [7b3e58b8-7cec-48b5-80a2-0f240161550c] GET /api/users/me - Request finished with status 304
[2025-12-10T23:53:24.752Z] [INFO] [8c8d68ef-a4f5-4e1b-8a0b-0660dd02841e] GET /api/users/me - Request finished with status 304
[2025-12-10T23:53:25.439Z] [INFO] [b12d20ca-ce51-4e71-b991-f6100436835a] GET /api/threads/user - Request finished with status 200
[2025-12-10T23:53:25.875Z] [INFO] [fe31f8ae-86ce-410a-9948-20d139ac210b] GET /api/threads/user - Request finished with status 304
[2025-12-10T23:53:26.309Z] [INFO] [7f0b620c-9362-41dc-ab01-ff981cfdfddb] GET /api/threads/user - Request finished with status 304
[2025-12-10T23:53:26.397Z] [INFO] [8d68c793-fabc-471c-87da-c8f000f1ee97] GET /api/messages/693548fbbc37e27bf7174e86 - Request finished with status 200
[2025-12-10T23:53:26.760Z] [INFO] [0dac7df7-517c-4ffe-b96c-34fd21ecc156] GET /api/threads/user - Request finished with status 304
[2025-12-10T23:53:28.724Z] [INFO] [3745eb93-de2c-43e2-92e4-02adaff23b82] GET /api/messages/6935494dbc37e27bf7174eb6 - Request finished with status 200
[2025-12-10T23:56:15.675Z] [INFO] [13e9d299-5beb-4486-a1e9-9fc536478af5] GET /api/dashboard/user/charts - Request finished with status 304
[2025-12-10T23:56:15.947Z] [INFO] [98c9d78c-8891-45fa-b787-eff56ac52ace] GET /api/dashboard/user/charts - Request finished with status 304
[2025-12-10T23:56:15.991Z] [INFO] [0091e553-331f-412f-a0b5-117527a44091] GET /api/dashboard/summaryUser - Request finished with status 304
[2025-12-10T23:56:16.568Z] [INFO] [03ccf7ad-29c4-421c-82fc-6617a517fd00] GET /api/dashboard/summaryUser - Request finished with status 304
[2025-12-10T23:56:20.953Z] [INFO] [0e90e339-ed82-4b88-94b0-d3e86003a47c] GET /api/threads/user - Request finished with status 304
[2025-12-10T23:56:21.402Z] [INFO] [cedcf967-0924-4db8-8f5b-c2a9e6e11834] GET /api/threads/user - Request finished with status 304
[2025-12-10T23:59:36.236Z] [INFO] [ed92ce89-acd4-491b-a04f-913953f80f63] POST /api/auth/logout - Request finished with status 200
[2025-12-10T23:59:39.894Z] [INFO] [6c6a99aa-bbb6-4580-9f02-bfb922e3d0d8] POST /api/auth/login - Request finished with status 200
[2025-12-10T23:59:39.987Z] [INFO] [51521d26-15d1-48c7-a3a4-2b22c8ec0dfe] GET /api/users/me - Request finished with status 200
[2025-12-10T23:59:40.077Z] [INFO] [afbb8eb2-3a79-4e76-848f-b4e4048f4aa8] GET /api/users/me - Request finished with status 304
[2025-12-10T23:59:40.178Z] [INFO] [e5662ac7-65db-475a-b1c7-386ae3aafe01] GET /api/users/me - Request finished with status 304
[2025-12-10T23:59:40.267Z] [INFO] [8b133a9f-f49d-4ce0-86c1-40c2f505e8ec] GET /api/users/me - Request finished with status 304
[2025-12-10T23:59:40.354Z] [INFO] [229a29e4-ae27-4695-8f4c-bb85723e5a35] GET /api/users/me - Request finished with status 304
[2025-12-10T23:59:40.441Z] [INFO] [644b1e0a-a8e7-4462-8d0e-7f2f37f8df37] GET /api/users/me - Request finished with status 304
[2025-12-10T23:59:40.525Z] [INFO] [79981d30-b77f-49f3-af13-3e2965f55a5d] GET /api/users/me - Request finished with status 304
[2025-12-10T23:59:40.610Z] [INFO] [8ade1ff2-a76c-4405-b6a7-ba05a9618a85] GET /api/users/me - Request finished with status 304
[2025-12-10T23:59:40.856Z] [INFO] [9ed0320c-5cf5-4611-b1db-a57705e747fb] GET /api/dashboard/supplier/charts - Request finished with status 200
[2025-12-10T23:59:41.360Z] [INFO] [d68c3f36-a45f-4fe5-a5d5-95fa19fd0b0f] GET /api/dashboard/supplier/charts - Request finished with status 304
[2025-12-10T23:59:41.475Z] [INFO] [54c46fff-69e1-42a1-b5fb-e6105ad690aa] GET /api/dashboard/summarySupplier - Request finished with status 200
[2025-12-10T23:59:42.542Z] [INFO] [1f83383c-223b-42f9-a01c-5acf946ca4c5] GET /api/dashboard/summarySupplier - Request finished with status 304
[2025-12-11T00:00:51.827Z] [INFO] [d4e1e02d-5d62-4773-a036-1dc31592b8be] GET /api/threads/supplier - Request finished with status 200
[2025-12-11T00:00:52.228Z] [INFO] [b03f5a17-c6b6-4831-87aa-e308e9a5e232] GET /api/threads/supplier - Request finished with status 304
[2025-12-11T07:39:53.557Z] [INFO] [998748db-70f2-44b1-9ba1-c9a6398d7279] POST /api/auth/google - Request finished with status 200
[2025-12-11T07:39:53.675Z] [INFO] [0f4fc83f-84ae-4fd9-80d6-9fcd1cb03a9c] GET /api/users/me - Request finished with status 200
[2025-12-11T07:39:53.766Z] [INFO] [832c7d07-0db9-40e8-8235-cc2a56c535c1] GET /api/users/me - Request finished with status 304
[2025-12-11T07:39:53.887Z] [INFO] [0860d81c-0675-4f4b-9bf2-b75409ae0dd0] GET /api/users/me - Request finished with status 304
[2025-12-11T07:39:53.969Z] [INFO] [7fd4266e-16d0-4876-9617-6633425da3bf] GET /api/users/me - Request finished with status 304
[2025-12-11T07:39:54.054Z] [INFO] [2ffea382-5be6-4deb-b866-1bded5cbf349] GET /api/users/me - Request finished with status 304
[2025-12-11T07:39:54.137Z] [INFO] [04c9889b-c579-4ce9-ac2d-006cb14355d7] GET /api/users/me - Request finished with status 304
[2025-12-11T07:39:54.281Z] [INFO] [882f9caa-62ca-4dc6-b3b1-775c06bde9b1] GET /api/users/me - Request finished with status 304
[2025-12-11T07:39:54.365Z] [INFO] [ae2a0bfb-6aae-4182-9d07-6fc32bd2f99e] GET /api/users/me - Request finished with status 304
[2025-12-11T07:39:54.436Z] [INFO] [d02125c7-332f-402e-9458-75e0cf9986ea] GET /api/dashboard/user/charts - Request finished with status 200
[2025-12-11T07:39:54.725Z] [INFO] [5a41a09f-6ffc-4d90-8666-267fcb8674f1] GET /api/dashboard/user/charts - Request finished with status 304
[2025-12-11T07:39:54.806Z] [INFO] [1c577ae0-a66e-4dcd-9556-309ab600bd9c] GET /api/dashboard/summaryUser - Request finished with status 200
[2025-12-11T07:39:55.373Z] [INFO] [43c895ed-34b0-4610-b860-dea9f275c958] GET /api/dashboard/summaryUser - Request finished with status 304
[2025-12-11T07:50:28.161Z] [INFO] [cd6c4f32-ab8a-451f-87f1-172ca6d06388] POST /api/auth/login - Request finished with status 200
[2025-12-11T07:50:28.283Z] [INFO] [a1f594ad-81d1-4a1c-b59e-096bc64971e4] GET /api/users/me - Request finished with status 304
[2025-12-11T07:50:28.393Z] [INFO] [19f7d0c7-d4db-4d31-89b5-89b42d1ecf72] GET /api/users/me - Request finished with status 304
[2025-12-11T07:50:28.510Z] [INFO] [e9c082c2-de30-4f17-9a05-67683b03e7c0] GET /api/users/me - Request finished with status 304
[2025-12-11T07:50:28.602Z] [INFO] [3cdcd48e-731b-48e3-9305-0752ed1c7519] GET /api/users/me - Request finished with status 304
[2025-12-11T07:50:28.690Z] [INFO] [b7317b2b-44f1-4a7c-946c-19a58d4d08d0] GET /api/users/me - Request finished with status 304
[2025-12-11T07:50:28.778Z] [INFO] [77c6b8d2-1fd9-4812-85a9-1f030043cfde] GET /api/users/me - Request finished with status 304
[2025-12-11T07:50:29.250Z] [INFO] [572423cb-c9b1-4e6e-a8c8-b534b8053bb7] GET /api/users/me - Request finished with status 304
[2025-12-11T07:50:29.347Z] [INFO] [dbf4e46a-2247-404c-8eee-d266c2801deb] GET /api/users/me - Request finished with status 304
[2025-12-11T07:50:29.778Z] [INFO] [2f7beee5-658b-4a99-9c6e-03e8a9d7402c] GET /api/dashboard/supplier/charts - Request finished with status 304
[2025-12-11T07:50:30.305Z] [INFO] [8e7fdf30-f501-4d2f-acf6-09e6220bb6ae] GET /api/dashboard/supplier/charts - Request finished with status 304
[2025-12-11T07:50:30.378Z] [INFO] [29dbeb9a-cf9d-4030-87c4-02363ba962f8] GET /api/dashboard/summarySupplier - Request finished with status 200
[2025-12-11T07:50:31.431Z] [INFO] [ecac3530-e74e-408d-9177-3bd7a9db2eef] GET /api/dashboard/summarySupplier - Request finished with status 304
[2025-12-11T07:50:42.011Z] [INFO] [a2c9fb33-461f-4a95-8338-d2b3309ed993] POST /api/auth/login - Request finished with status 200
[2025-12-11T07:50:42.116Z] [INFO] [be5490de-be17-4c20-8ff4-c99b7f80e4f7] GET /api/users/me - Request finished with status 200
[2025-12-11T07:50:42.211Z] [INFO] [2193c3cf-27d1-4168-9a5b-f7d04233b298] GET /api/users/me - Request finished with status 304
[2025-12-11T07:50:42.396Z] [INFO] [d1f4ddc8-bdea-4f8f-8f0e-ce7bb0ce8339] GET /api/users/me - Request finished with status 304
[2025-12-11T07:50:42.483Z] [INFO] [478e471b-c676-4aa3-8512-597ab312672c] GET /api/users/me - Request finished with status 304
[2025-12-11T07:50:42.570Z] [INFO] [bb2ae9e8-049c-4396-beef-5f8b02138d25] GET /api/users/me - Request finished with status 304
[2025-12-11T07:50:42.654Z] [INFO] [1c119062-c436-4787-a845-47f36edd3f51] GET /api/users/me - Request finished with status 304
[2025-12-11T07:50:42.882Z] [INFO] [684dd79a-90cf-4d95-8d73-e8a9ac8fe0c0] GET /api/users/me - Request finished with status 304
[2025-12-11T07:50:42.982Z] [INFO] [ed226d17-a137-42a4-b87c-5a1573c8be40] GET /api/users/me - Request finished with status 304
[2025-12-11T07:50:43.264Z] [INFO] [20fc5a40-c08d-4431-83f3-dcd342f53ae9] GET /api/dashboard/supplier/charts - Request finished with status 200
[2025-12-11T07:50:43.803Z] [INFO] [c37c5040-9a1d-40c8-b444-d5c3c2077f2c] GET /api/dashboard/supplier/charts - Request finished with status 304
[2025-12-11T07:50:43.850Z] [INFO] [ab0bfbf2-4b11-4549-9d03-0085061021cb] GET /api/dashboard/summarySupplier - Request finished with status 200
[2025-12-11T07:50:45.152Z] [INFO] [9ea62b8c-d290-43c7-84dc-7ba9b638d065] GET /api/dashboard/summarySupplier - Request finished with status 304
[2025-12-11T07:52:38.494Z] [INFO] [80e7f9c3-ca6b-4b8a-a035-313baf122484] POST /api/auth/logout - Request finished with status 200
[2025-12-11T07:52:41.986Z] [INFO] [b94a32e3-baa9-4705-a0ca-bc9fe2a9fa47] POST /api/auth/login - Request finished with status 200
[2025-12-11T07:52:42.075Z] [INFO] [763812f1-e10c-4dfa-8563-062efe61749c] GET /api/users/me - Request finished with status 200
[2025-12-11T07:52:42.171Z] [INFO] [9f548751-8cc9-4161-b978-2aa0fb024300] GET /api/users/me - Request finished with status 304
[2025-12-11T07:52:42.268Z] [INFO] [13d9d8a5-41e3-4037-9e63-6bbad948d89f] GET /api/users/me - Request finished with status 304
[2025-12-11T07:52:42.356Z] [INFO] [f59cf516-9d21-4dfc-94c3-9f3ba6340295] GET /api/users/me - Request finished with status 304
[2025-12-11T07:52:42.437Z] [INFO] [9339114b-e6db-487b-9243-044e67e7b6d4] GET /api/users/me - Request finished with status 304
[2025-12-11T07:52:42.516Z] [INFO] [faf37fb2-db07-47e5-8b8c-6097b993d00a] GET /api/users/me - Request finished with status 304
[2025-12-11T07:52:42.617Z] [INFO] [ef5367d1-8d54-4ec5-bdc4-96cf23552366] GET /api/users/me - Request finished with status 304
[2025-12-11T07:52:42.700Z] [INFO] [48612a1c-a4ad-4249-9f25-559cf62ca8e0] GET /api/users/me - Request finished with status 304
[2025-12-11T07:52:42.748Z] [INFO] [4feabded-97e1-4eb7-b78e-ac97b1760e32] GET /api/dashboard/user/charts - Request finished with status 304
[2025-12-11T07:52:42.995Z] [INFO] [4e74faec-addf-48b8-af75-bfddebaafaaf] GET /api/dashboard/user/charts - Request finished with status 304
[2025-12-11T07:52:43.070Z] [INFO] [3ad94eac-b7ab-4333-af56-788c15dd63d6] GET /api/dashboard/summaryUser - Request finished with status 200
[2025-12-11T07:52:43.678Z] [INFO] [83569725-2c0f-4b3f-b288-081cac5dba32] GET /api/dashboard/summaryUser - Request finished with status 304
[2025-12-11T07:52:48.696Z] [INFO] [d97a6723-ddbf-48e0-bb30-44c004cad7c1] GET /api/suppliers - Request finished with status 304
[2025-12-11T07:52:48.759Z] [INFO] [60def428-a7c2-416e-bfea-768f25cb132a] GET /api/file/download-url?fileKey=miri_1+(2)+(1).jpg - Request finished with status 200
[2025-12-11T07:52:48.763Z] [INFO] [cae18fdc-bcd2-41b1-a4fa-3c3c286f85d0] GET /api/file/download-url?fileKey=htmjyejy.png - Request finished with status 200
[2025-12-11T07:52:48.766Z] [INFO] [6591c99d-3d6e-4ee5-b42b-f4f893778408] GET /api/file/download-url?fileKey=Screenshot+2025-12-06+221717.png - Request finished with status 200
[2025-12-11T07:52:48.773Z] [INFO] [21fbd133-c9ff-43c8-9e12-069ecce31c61] GET /api/file/download-url?fileKey=htmjyejy.png - Request finished with status 304
[2025-12-11T07:52:48.933Z] [INFO] [c4a9f3b2-b238-4166-8b64-35d76edcb61a] GET /api/suppliers - Request finished with status 304
[2025-12-11T07:52:48.966Z] [INFO] [68c677b3-a737-43f7-85aa-a0a10e5da38f] GET /api/file/download-url?fileKey=miri_1+(2)+(1).jpg - Request finished with status 304
[2025-12-11T07:52:48.971Z] [INFO] [85a05802-3680-4eaa-94f9-f663d9809e1b] GET /api/file/download-url?fileKey=Screenshot+2025-12-06+221717.png - Request finished with status 304
[2025-12-11T07:52:48.975Z] [INFO] [57cb685d-011d-4ad0-81a0-ddc03f603f41] GET /api/file/download-url?fileKey=htmjyejy.png - Request finished with status 304
[2025-12-11T07:52:48.979Z] [INFO] [d4abdc20-57e9-474f-876f-b2d1847ae357] GET /api/file/download-url?fileKey=htmjyejy.png - Request finished with status 304
[2025-12-11T07:52:53.567Z] [INFO] [0c4f77b2-77b0-406d-bb7b-1d3451bc8085] GET /api/suppliers/691aeaf96edc75408bc163fe - Request finished with status 201
[2025-12-11T07:52:53.792Z] [INFO] [ac9784f6-6ed2-4a18-91d0-e0474940496b] GET /api/events/relevant - Request finished with status 200
[2025-12-11T07:52:53.995Z] [INFO] [af4851fa-6bfa-4c83-940b-5aa3ae7f917a] GET /api/events/relevant - Request finished with status 304
[2025-12-11T07:53:05.308Z] [ERROR] [f0119df8-9fc7-4c2c-833d-63db80c96670] POST /api/events/692fe8054180b79e06c1ad0f/requests - לא ניתן ליצור חוזה לאירוע שכבר עבר
[2025-12-11T07:53:05.313Z] [INFO] [f0119df8-9fc7-4c2c-833d-63db80c96670] POST /api/events/692fe8054180b79e06c1ad0f/requests - Request finished with status 400
[2025-12-11T07:53:05.353Z] [INFO] [9b161349-f1bc-4e79-a402-a0794c3cee5c] GET /api/file/download-url?fileKey=htmjyejy.png - Request finished with status 200
[2025-12-11T07:53:05.384Z] [INFO] [0cf0362a-121f-4fe4-b31c-2582a298c681] GET /api/file/download-url?fileKey=htmjyejy.png - Request finished with status 304
[2025-12-11T07:53:18.617Z] [INFO] [13a589b1-b7e9-421a-a1b5-bf0c9c4ca65a] GET /api/events/relevant - Request finished with status 304
[2025-12-11T07:53:18.673Z] [INFO] [d20c3c3b-b44c-44d4-bd89-6a7c0809ab11] GET /api/suppliers/691aeaf96edc75408bc163fe - Request finished with status 201
[2025-12-11T07:53:18.778Z] [INFO] [01a7b2bf-8637-4d8a-8ca9-a4785979d737] GET /api/events/relevant - Request finished with status 304
[2025-12-11T07:53:37.240Z] [ERROR] [3c894c00-63a5-445d-9d0a-3ebb0f2d9821] POST /api/events/69355ff5d0eb69de2f5f509b/requests - כבר קיימת בקשה ממתינה לספק זה עבור האירוע
[2025-12-11T07:53:37.242Z] [INFO] [3c894c00-63a5-445d-9d0a-3ebb0f2d9821] POST /api/events/69355ff5d0eb69de2f5f509b/requests - Request finished with status 400
[2025-12-11T07:53:37.265Z] [INFO] [2f5728f2-8701-4473-9b47-e35a3d134293] GET /api/file/download-url?fileKey=htmjyejy.png - Request finished with status 200
[2025-12-11T07:53:37.270Z] [INFO] [6b79175b-d8b9-497e-86bc-58086ecb63f5] GET /api/file/download-url?fileKey=htmjyejy.png - Request finished with status 304
[2025-12-11T07:53:40.305Z] [INFO] [5ace4ef0-d3b6-4c16-9398-25ee4814e440] GET /api/events/relevant - Request finished with status 304
[2025-12-11T07:53:40.355Z] [INFO] [f265386d-a730-47a7-bade-4bc387d147aa] GET /api/suppliers/691aeaf96edc75408bc163fe - Request finished with status 201
[2025-12-11T07:53:40.466Z] [INFO] [f97d5b33-487f-47bb-9826-c240034f2da8] GET /api/events/relevant - Request finished with status 304
[2025-12-11T07:53:58.309Z] [ERROR] [efd065b3-4405-40bb-855e-54914c1227e5] POST /api/events/691987a559c019b85c224528/requests - כבר קיימת בקשה ממתינה לספק זה עבור האירוע
[2025-12-11T07:53:58.311Z] [INFO] [efd065b3-4405-40bb-855e-54914c1227e5] POST /api/events/691987a559c019b85c224528/requests - Request finished with status 400
[2025-12-11T07:53:58.346Z] [INFO] [c146516e-566e-4399-9189-6623dcb02a25] GET /api/file/download-url?fileKey=htmjyejy.png - Request finished with status 200
[2025-12-11T07:53:58.351Z] [INFO] [132d8595-5b71-477c-8bf8-fa018f1813e2] GET /api/file/download-url?fileKey=htmjyejy.png - Request finished with status 304
[2025-12-11T07:54:00.878Z] [INFO] [9082a206-5f55-4b61-b849-63faa726360a] GET /api/events/relevant - Request finished with status 304
[2025-12-11T07:54:00.928Z] [INFO] [aebc19d5-4f16-40bc-93e7-05dbf36f438e] GET /api/suppliers/691aeaf96edc75408bc163fe - Request finished with status 201
[2025-12-11T07:54:01.037Z] [INFO] [2ac4b795-c03d-410b-9666-0d04a89ce722] GET /api/events/relevant - Request finished with status 304
[2025-12-11T07:54:31.235Z] [ERROR] [be656ce0-4aa2-44f6-a68b-e810fa523573] POST /api/events/693946952c3cbe0111038351/requests - כבר קיימת בקשה ממתינה לספק זה עבור האירוע
[2025-12-11T07:54:31.236Z] [INFO] [be656ce0-4aa2-44f6-a68b-e810fa523573] POST /api/events/693946952c3cbe0111038351/requests - Request finished with status 400
[2025-12-11T07:54:31.267Z] [INFO] [ec2f0916-3d5a-40ba-9e22-4ca6529e5c8a] GET /api/file/download-url?fileKey=htmjyejy.png - Request finished with status 200
[2025-12-11T07:54:31.272Z] [INFO] [ecfa4e9f-2761-412a-9f8d-19e1224f8e95] GET /api/file/download-url?fileKey=htmjyejy.png - Request finished with status 304
[2025-12-11T07:54:38.868Z] [INFO] [25973bb2-4c58-4c50-bc01-07664d25f31a] GET /api/requests/supplier?page=1&limit=10&debouncedSearch= - Request finished with status 200
[2025-12-11T07:54:39.190Z] [INFO] [4754a3f9-6f4e-497e-ac7c-52b22c17c777] GET /api/requests/supplier?page=1&limit=10&debouncedSearch= - Request finished with status 304
[2025-12-11T07:56:46.038Z] [INFO] [c7b76f16-32af-4ad2-b7ec-ca02ebc8a27a] GET /api/events/relevant - Request finished with status 304
[2025-12-11T07:56:46.101Z] [INFO] [8bafc3b3-9aca-4a68-b57e-c52527f21c34] GET /api/suppliers/691aeaf96edc75408bc163fe - Request finished with status 201
[2025-12-11T07:56:46.198Z] [INFO] [90084155-a6f5-4bd4-a864-74d6ff39b942] GET /api/events/relevant - Request finished with status 304
[2025-12-11T07:57:11.687Z] [INFO] [dcf2b224-18de-48ad-a99b-1279be49b306] GET /api/file/download-url?fileKey=htmjyejy.png - Request finished with status 200
[2025-12-11T07:57:11.773Z] [INFO] [aaa368ab-6fe6-4bb5-bbe1-5be04361dbd6] GET /api/file/download-url?fileKey=htmjyejy.png - Request finished with status 304
[2025-12-11T07:57:15.079Z] [INFO] [6360cba7-6890-412d-a118-857f807706c3] GET /api/suppliers/691aeaf96edc75408bc163fe - Request finished with status 201
[2025-12-11T07:57:15.121Z] [INFO] [6c201da8-5497-404f-b8ba-7cf90664580b] GET /api/events/relevant - Request finished with status 304
[2025-12-11T07:57:15.323Z] [INFO] [74c17c08-c80a-4a40-a970-bbb4c2ae30fb] GET /api/events/relevant - Request finished with status 304
[2025-12-11T07:57:30.527Z] [ERROR] [79b588c4-b320-4be2-a1b4-bbb456282c50] POST /api/events/6919809259c019b85c2244d3/requests - כבר קיימת בקשה ממתינה לספק זה עבור האירוע
[2025-12-11T07:57:30.534Z] [INFO] [79b588c4-b320-4be2-a1b4-bbb456282c50] POST /api/events/6919809259c019b85c2244d3/requests - Request finished with status 400
[2025-12-11T07:57:30.640Z] [INFO] [5b61e2d4-faeb-4019-8c02-05c59344a3e4] GET /api/file/download-url?fileKey=htmjyejy.png - Request finished with status 200
[2025-12-11T07:57:30.646Z] [INFO] [6458a38c-c57b-46d0-b3c8-822755ba24ba] GET /api/file/download-url?fileKey=htmjyejy.png - Request finished with status 304
[2025-12-11T07:57:37.608Z] [INFO] [5f900679-5e77-45da-bd25-a3d16fd203f3] GET /api/requests/supplier?page=1&limit=10&status=%D7%9E%D7%9E%D7%AA%D7%99%D7%9F&debouncedSearch= - Request finished with status 200
[2025-12-11T07:57:38.512Z] [INFO] [ae414132-90df-46cc-8052-76b4e5b32595] GET /api/requests/supplier?page=1&limit=10&debouncedSearch= - Request finished with status 200
[2025-12-11T08:00:11.763Z] [INFO] [f5547af7-39aa-45a3-9705-651e9fc4992b] GET /api/events/relevant - Request finished with status 304
[2025-12-11T08:00:11.810Z] [INFO] [63c8cedc-4d49-4d2d-a9ce-ee0323a08abe] GET /api/suppliers/691aeaf96edc75408bc163fe - Request finished with status 201
[2025-12-11T08:00:11.922Z] [INFO] [45d421db-b5d8-4ff2-9d81-c3009c881089] GET /api/events/relevant - Request finished with status 304
[2025-12-11T08:04:50.307Z] [INFO] [eb88d106-b5c3-4e72-a473-dd20d87c87e2] GET /api/file/download-url?fileKey=htmjyejy.png - Request finished with status 200
[2025-12-11T08:04:50.317Z] [INFO] [d891874b-588a-4d7e-a51b-c776d2f65d08] GET /api/file/download-url?fileKey=htmjyejy.png - Request finished with status 304
[2025-12-11T08:04:52.687Z] [INFO] [e2a69808-6b0d-4335-9fde-36f4e1d3cd72] GET /api/suppliers/691aeaf96edc75408bc163fe - Request finished with status 201
[2025-12-11T08:04:52.856Z] [INFO] [4958c043-b4f7-479f-9b62-e763bf2148ec] GET /api/events/relevant - Request finished with status 304
[2025-12-11T08:04:53.015Z] [INFO] [207d739a-ae94-4bae-924c-02af8215d9e7] GET /api/events/relevant - Request finished with status 304
[2025-12-11T08:05:10.908Z] [INFO] [633455b6-e457-478b-ad05-e20547f11544] GET /api/requests/supplier?page=1&limit=10&status=%D7%9E%D7%9E%D7%AA%D7%99%D7%9F&debouncedSearch= - Request finished with status 200
[2025-12-11T08:05:11.890Z] [INFO] [c6f70fd3-d9d2-4b07-8e2a-5061f00e5b55] GET /api/requests/supplier?page=1&limit=10&debouncedSearch= - Request finished with status 200
[2025-12-11T08:08:33.732Z] [INFO] [145088ff-f661-4596-a8f3-9d0091b20846] GET /api/users/me - Request finished with status 304
[2025-12-11T08:08:34.070Z] [INFO] [448c8ba5-5b71-434f-a8f2-fffa1f2f819f] GET /api/users/me - Request finished with status 304
[2025-12-11T08:08:34.224Z] [INFO] [8819ca2a-313e-42cf-aa97-0347054bf36b] GET /api/users/me - Request finished with status 304
[2025-12-11T08:08:34.331Z] [INFO] [cf7c64c8-1198-4b1c-950a-8cb0c23d8178] GET /api/users/me - Request finished with status 304
[2025-12-11T08:08:34.773Z] [INFO] [f239c718-c634-4d4c-9301-9d58fdd88ac2] GET /api/users/me - Request finished with status 304
[2025-12-11T08:08:35.917Z] [INFO] [77d28f8c-28a4-4dab-9b12-32cd5b731627] GET /api/users/me - Request finished with status 304
[2025-12-11T08:08:36.319Z] [INFO] [13f4ac92-1f75-41a7-970a-b57de9e7d0f0] GET /api/suppliers - Request finished with status 304
[2025-12-11T08:08:37.406Z] [INFO] [d4c3a4b0-ba81-40e8-86f2-e6abc4a5711a] GET /api/file/download-url?fileKey=htmjyejy.png - Request finished with status 200
[2025-12-11T08:08:37.606Z] [INFO] [31c0dcde-85ef-4c0a-a1ae-183c0208b598] GET /api/file/download-url?fileKey=htmjyejy.png - Request finished with status 304
[2025-12-11T08:08:37.793Z] [INFO] [d6aa3d72-6d61-49dc-bbd9-eb197d1bb1d5] GET /api/file/download-url?fileKey=Screenshot+2025-12-06+221717.png - Request finished with status 200
[2025-12-11T08:08:37.906Z] [INFO] [ca3f02b9-731b-4089-8135-5fc9f33041f3] GET /api/file/download-url?fileKey=miri_1+(2)+(1).jpg - Request finished with status 200
[2025-12-11T08:08:37.943Z] [INFO] [8d00e1b6-4b30-4361-ad52-50c6c7b6f1c2] GET /api/suppliers - Request finished with status 304
[2025-12-11T08:08:38.833Z] [INFO] [8af154cb-fa9f-4f1e-9f95-880d67fcbd23] GET /api/file/download-url?fileKey=Screenshot+2025-12-06+221717.png - Request finished with status 200
[2025-12-11T08:08:38.943Z] [INFO] [6df3da81-6172-4a12-9fc9-384f2ee0eda7] GET /api/file/download-url?fileKey=miri_1+(2)+(1).jpg - Request finished with status 200
[2025-12-11T08:08:38.982Z] [INFO] [ca7bfec2-8c36-4bf1-8752-945f330ed01d] GET /api/file/download-url?fileKey=htmjyejy.png - Request finished with status 200
[2025-12-11T08:08:39.087Z] [INFO] [a5da9bea-4831-4751-b350-cc57aa518cd1] GET /api/file/download-url?fileKey=htmjyejy.png - Request finished with status 200
[2025-12-11T08:08:50.644Z] [INFO] [47f1b304-171c-4ba1-9fa6-5863769f362a] GET /api/suppliers/691aeaf96edc75408bc163fe - Request finished with status 201
[2025-12-11T08:08:51.143Z] [INFO] [9b8aeba9-7ee4-413b-a052-0a0737259279] GET /api/events/relevant - Request finished with status 304
[2025-12-11T08:08:51.326Z] [INFO] [3e20b064-915c-4c51-ad53-325100bc8585] GET /api/events/relevant - Request finished with status 304
[2025-12-11T08:11:50.772Z] [INFO] [7ee4a8fa-b13c-44ec-bf67-66e9cf7ca199] POST /api/auth/logout - Request finished with status 200
[2025-12-11T08:13:17.940Z] [INFO] [b27b6aab-9a6a-4cfa-8865-0ce28902c367] GET /api/file/download-url?fileKey=htmjyejy.png - Request finished with status 200
[2025-12-11T08:13:17.950Z] [INFO] [4686bbaa-8b07-4c9f-b1e6-4a4bee971832] GET /api/file/download-url?fileKey=htmjyejy.png - Request finished with status 304
[2025-12-11T08:13:26.004Z] [INFO] [a4ba2567-0064-4486-9f73-4233e4c01f20] POST /api/auth/login - Request finished with status 200
[2025-12-11T08:13:26.228Z] [INFO] [53d694be-035e-4f37-be5b-9ecb4a3a3302] GET /api/users/me - Request finished with status 304
[2025-12-11T08:13:26.344Z] [INFO] [440b6792-f92a-427a-b08f-7fc54a504700] GET /api/users/me - Request finished with status 304
[2025-12-11T08:13:26.519Z] [INFO] [c21a53f2-bda4-487b-a295-09b4c8e06efa] GET /api/users/me - Request finished with status 304
[2025-12-11T08:13:26.612Z] [INFO] [48329514-6951-4803-8968-b5e7ddbcce55] GET /api/users/me - Request finished with status 304
[2025-12-11T08:13:26.705Z] [INFO] [4fe143a5-21c6-40b0-b7ed-491fc516f0dd] GET /api/users/me - Request finished with status 304
[2025-12-11T08:13:26.804Z] [INFO] [46ea1b02-beae-435f-952e-f30e50671f1c] GET /api/users/me - Request finished with status 304
[2025-12-11T08:13:27.131Z] [INFO] [ede95ae4-1256-49bc-8d46-d20fc89f277c] GET /api/users/me - Request finished with status 304
[2025-12-11T08:13:27.270Z] [INFO] [f24d8806-9039-46fa-8bce-06354fdd35c7] GET /api/users/me - Request finished with status 304
[2025-12-11T08:13:27.864Z] [INFO] [f6a61757-6949-4e25-b226-7fc1c22d5b06] GET /api/dashboard/summaryUser - Request finished with status 200
[2025-12-11T08:13:28.240Z] [INFO] [5f8ce5f1-59d3-42db-8e2a-a50ebe043d90] GET /api/dashboard/user/charts - Request finished with status 304
[2025-12-11T08:13:28.529Z] [INFO] [d0a238d8-df05-4118-b90f-266ae77de452] GET /api/dashboard/user/charts - Request finished with status 304
[2025-12-11T08:13:28.562Z] [INFO] [7ffef5f8-b9a2-4fb5-9515-38e94fd3838f] GET /api/dashboard/summaryUser - Request finished with status 304
[2025-12-11T08:13:32.974Z] [INFO] [ef7bb335-36d3-46c1-b347-aa0ac3d8b1a3] GET /api/suppliers - Request finished with status 304
[2025-12-11T08:13:33.196Z] [INFO] [662a8c84-2e9f-445d-9b83-f418fe069a3f] GET /api/file/download-url?fileKey=Screenshot+2025-12-06+221717.png - Request finished with status 200
[2025-12-11T08:13:33.216Z] [INFO] [d6b82afb-1ddb-4af6-8f1a-662f5621aea0] GET /api/file/download-url?fileKey=miri_1+(2)+(1).jpg - Request finished with status 200
[2025-12-11T08:13:33.249Z] [INFO] [14cc7999-f3d4-495a-a5a1-810ed81d645c] GET /api/file/download-url?fileKey=htmjyejy.png - Request finished with status 200
[2025-12-11T08:13:33.268Z] [INFO] [b3c061f3-7bd5-498b-90f9-bca96cdbd250] GET /api/suppliers - Request finished with status 304
[2025-12-11T08:13:33.286Z] [INFO] [9b36eb05-f794-4ca6-8c97-a9287f84b05a] GET /api/file/download-url?fileKey=htmjyejy.png - Request finished with status 304
[2025-12-11T08:13:33.403Z] [INFO] [10d455a4-c6ec-4b35-bb1b-a046ce2fb534] GET /api/file/download-url?fileKey=Screenshot+2025-12-06+221717.png - Request finished with status 304
[2025-12-11T08:13:33.422Z] [INFO] [cfe90e27-4a10-4c61-89cf-4e31aeba8a3c] GET /api/file/download-url?fileKey=miri_1+(2)+(1).jpg - Request finished with status 304
[2025-12-11T08:13:33.432Z] [INFO] [0532b5c4-c324-4fff-8d97-b823d4dbbf0b] GET /api/file/download-url?fileKey=htmjyejy.png - Request finished with status 304
[2025-12-11T08:13:33.447Z] [INFO] [5c1d8516-41f1-4bde-b381-94f719c89837] GET /api/file/download-url?fileKey=htmjyejy.png - Request finished with status 304
[2025-12-11T08:13:40.827Z] [INFO] [0c6180a8-a361-468d-a414-28fb12812362] GET /api/suppliers/691aeaf96edc75408bc163fe - Request finished with status 201
[2025-12-11T08:13:41.239Z] [INFO] [e8e11282-f880-4d7e-b767-e1977bf888cc] GET /api/events/relevant - Request finished with status 304
[2025-12-11T08:13:41.421Z] [INFO] [4196907a-d213-4229-b11b-152e8ea24ed0] GET /api/events/relevant - Request finished with status 304
[2025-12-11T08:20:35.267Z] [INFO] [816b464d-c6dd-422d-a45b-5c58678cd226] GET /api/file/download-url?fileKey=htmjyejy.png - Request finished with status 200
[2025-12-11T08:20:35.285Z] [INFO] [6187c54e-ed41-481e-bf48-0144fa29db78] GET /api/file/download-url?fileKey=htmjyejy.png - Request finished with status 304
[2025-12-11T08:21:34.486Z] [INFO] [4c7314d6-539b-4374-9f62-9ab589b6e8d0] GET /api/events/relevant - Request finished with status 304
[2025-12-11T08:21:34.553Z] [INFO] [1803c607-ee52-4cb9-a96f-64a363609866] GET /api/suppliers/691aeaf96edc75408bc163fe - Request finished with status 201
[2025-12-11T08:21:34.737Z] [INFO] [52ee4c84-7eb4-4c18-998b-c89a1a8853ed] GET /api/events/relevant - Request finished with status 304
[2025-12-11T08:21:45.425Z] [ERROR] [fc79ee52-6721-489b-ae94-f177da3a908f] POST /api/events/693946952c3cbe0111038351/requests - כבר קיימת בקשה ממתינה לספק זה עבור האירוע
[2025-12-11T08:21:45.437Z] [INFO] [fc79ee52-6721-489b-ae94-f177da3a908f] POST /api/events/693946952c3cbe0111038351/requests - Request finished with status 400
[2025-12-11T08:21:45.598Z] [INFO] [27cc45c7-69c0-4831-8972-23cc7b9703b1] GET /api/file/download-url?fileKey=htmjyejy.png - Request finished with status 200
[2025-12-11T08:21:45.611Z] [INFO] [95cfd7c9-9125-4634-8ac4-d49714db949b] GET /api/file/download-url?fileKey=htmjyejy.png - Request finished with status 304
[2025-12-11T08:32:58.817Z] [INFO] [d5de10fe-ec74-479b-88a4-8d139e29f5ba] GET /api/events/relevant - Request finished with status 304
[2025-12-11T08:32:58.886Z] [INFO] [c4a8010e-e19b-4f59-b5bf-89bb59b11ac3] GET /api/suppliers/691aeaf96edc75408bc163fe - Request finished with status 201
[2025-12-11T08:32:59.096Z] [INFO] [d26d2390-b01b-4445-8233-bcb0fec49f27] GET /api/events/relevant - Request finished with status 304
[2025-12-11T09:03:10.746Z] [ERROR] [3986e3ac-bf18-4c38-a225-fff4ac913974] POST /api/events/692ee434ad28ae9c2a2d3933/requests - כבר קיימת בקשה ממתינה לספק זה עבור האירוע
[2025-12-11T09:03:10.767Z] [INFO] [3986e3ac-bf18-4c38-a225-fff4ac913974] POST /api/events/692ee434ad28ae9c2a2d3933/requests - Request finished with status 400
[2025-12-11T09:03:37.482Z] [INFO] [90f2bfe2-29e8-44b7-8abf-5fa928e22187] GET /api/suppliers/691aeaf96edc75408bc163fe - Request finished with status 201
[2025-12-11T09:03:37.775Z] [INFO] [5008676e-4661-4d60-a8e3-461e0b09462b] GET /api/events/relevant - Request finished with status 304
[2025-12-11T09:03:37.949Z] [INFO] [e0708eba-915d-413c-b23f-26df39b73595] GET /api/events/relevant - Request finished with status 304
[2025-12-11T09:04:09.673Z] [ERROR] [5b5bad3b-dbb8-40c7-970f-80946950087f] POST /api/events/6919886059c019b85c224540/requests - כבר קיימת בקשה ממתינה לספק זה עבור האירוע
[2025-12-11T09:04:09.674Z] [INFO] [5b5bad3b-dbb8-40c7-970f-80946950087f] POST /api/events/6919886059c019b85c224540/requests - Request finished with status 400
[2025-12-11T09:15:53.261Z] [INFO] [9a220e64-e765-4ed5-bab8-21dc1dfab98d] GET /api/suppliers/691aeaf96edc75408bc163fe - Request finished with status 201
[2025-12-11T09:15:54.331Z] [INFO] [2b86c6fd-0c56-45b5-ae47-dc14c6efb676] GET /api/events/relevant - Request finished with status 304
[2025-12-11T09:15:54.973Z] [INFO] [823c26bf-6050-45e2-871b-b44ac86dfa31] GET /api/events/relevant - Request finished with status 304
[2025-12-11T09:17:57.928Z] [ERROR] [532664a9-a996-422b-8309-00f0d794de2b] POST /api/events/693946952c3cbe0111038351/requests - כבר קיימת בקשה ממתינה לספק זה עבור האירוע
[2025-12-11T09:17:57.974Z] [INFO] [532664a9-a996-422b-8309-00f0d794de2b] POST /api/events/693946952c3cbe0111038351/requests - Request finished with status 400
[2025-12-11T09:18:02.682Z] [INFO] [66778039-e41f-4e12-b0e7-1a6a8aa2a60c] GET /api/suppliers/691aeaf96edc75408bc163fe - Request finished with status 201
[2025-12-11T09:18:02.941Z] [INFO] [2f8c16a9-b064-4fce-ab66-341cec2d8b02] GET /api/file/download-url?fileKey=htmjyejy.png - Request finished with status 200
[2025-12-11T09:18:02.956Z] [INFO] [24e38a66-e695-4172-bea0-62665cc2a2a1] GET /api/file/download-url?fileKey=htmjyejy.png - Request finished with status 304
[2025-12-11T09:18:06.883Z] [INFO] [20a9600a-f48f-4551-bddf-86d6b1e3b0bc] GET /api/events/relevant - Request finished with status 304
[2025-12-11T09:18:07.067Z] [INFO] [6b125048-c6f6-4516-a41a-b586ed73134f] GET /api/events/relevant - Request finished with status 304
[2025-12-11T09:18:45.359Z] [ERROR] [19e4bef6-64d4-4bba-9ff7-6f5d0543138e] POST /api/events/6919886059c019b85c224540/requests - כבר קיימת בקשה ממתינה לספק זה עבור האירוע
[2025-12-11T09:18:45.361Z] [INFO] [19e4bef6-64d4-4bba-9ff7-6f5d0543138e] POST /api/events/6919886059c019b85c224540/requests - Request finished with status 400
