[2025-12-08T13:11:03.661Z] [INFO] [ee33e98d-57f1-4e95-8dec-286fe1827ed6] POST /api/auth/login - Request finished with status 200
[2025-12-08T13:11:03.855Z] [INFO] [cd617f55-0563-4389-bc7f-d246d24aeb0f] GET /api/users/me - Request finished with status 304
[2025-12-08T13:11:05.795Z] [INFO] [69ed5622-7140-460c-9fae-2f84bf951059] POST /api/auth/login - Request finished with status 200
[2025-12-08T13:11:05.882Z] [INFO] [67250e03-bef4-4860-bf2a-9e041f7238d1] GET /api/users/me - Request finished with status 304
[2025-12-08T13:11:20.717Z] [INFO] [2b973777-f6fb-47bd-a785-446ad3a4bf04] GET /api/users/me - Request finished with status 304
[2025-12-08T13:11:20.846Z] [INFO] [81b7be69-cc6b-4b60-9381-357690b79474] GET /api/users/me - Request finished with status 304
[2025-12-08T13:11:20.955Z] [INFO] [d3f928a2-c064-46a9-8e49-0f945f772820] GET /api/users/me - Request finished with status 304
[2025-12-08T13:11:21.088Z] [INFO] [7910f232-1565-481e-8190-2c3ca4e18438] GET /api/notifications - Request finished with status 201
[2025-12-08T13:11:21.172Z] [INFO] [f1982019-c00b-4f52-b9e7-65987156e492] GET /api/users/me - Request finished with status 304
[2025-12-08T13:11:21.460Z] [INFO] [72b649d2-4d7a-4473-8d8a-1b593cb8b4cb] GET /api/notifications - Request finished with status 201
[2025-12-08T13:11:21.786Z] [INFO] [41e9c56e-66fd-44cb-928c-ff695e41ba22] GET /api/notifications - Request finished with status 201
[2025-12-08T13:11:21.896Z] [INFO] [91c7d3f7-f177-4362-9c73-fb6a0462ee6c] GET /api/dashboard/summarySupplier - Request finished with status 304
[2025-12-08T13:11:21.994Z] [INFO] [37a3e4d6-b28c-4737-be22-a8c9f4b4a919] GET /api/notifications - Request finished with status 201
[2025-12-08T13:11:22.190Z] [INFO] [365f9056-4434-4e98-8382-dc15dcbd8c5a] GET /api/notifications - Request finished with status 201
[2025-12-08T13:11:22.492Z] [INFO] [e087868c-6f82-4c66-af1b-d0d3ebc3172e] GET /api/notifications - Request finished with status 201
[2025-12-08T13:11:23.199Z] [INFO] [d1f6a231-9821-4d9d-a784-816dd405319f] GET /api/dashboard/summarySupplier - Request finished with status 304
[2025-12-08T13:11:25.719Z] [INFO] [33d14268-6f31-48ad-8803-12d13d40d361] GET /api/threads/supplier/691aeaf86edc75408bc163fb - Request finished with status 200
[2025-12-08T13:11:25.926Z] [INFO] [34052553-eee5-4852-8dfb-f567266c2453] GET /api/messages/6935494dbc37e27bf7174eb6 - Request finished with status 304
[2025-12-08T13:11:26.264Z] [INFO] [d1438059-b4dd-48dd-81d3-7fc229d5e27d] GET /api/threads/supplier/691aeaf86edc75408bc163fb - Request finished with status 304
[2025-12-08T13:11:29.219Z] [INFO] [f249611a-034e-4100-97ee-ea3228a13406] GET /api/messages/69355ee01e528c5bf02edacd - Request finished with status 200
[2025-12-08T13:11:33.686Z] [INFO] [d7f86993-9d5c-4568-961a-85ddcebf0a91] GET /api/notifications - Request finished with status 201
[2025-12-08T13:11:33.829Z] [INFO] [3e5464fa-83b2-4fbf-a699-3b1521b00d7b] GET /api/notifications - Request finished with status 201
[2025-12-08T13:11:43.386Z] [INFO] [0e9faca5-2d12-427a-b808-ccac6828d5b5] GET /api/payments/supplier?page=1&limit=10&searchTerm= - Request finished with status 200
[2025-12-08T13:11:44.020Z] [INFO] [273a50ac-d93f-40b6-97a0-a0b26fd35063] GET /api/payments/supplier?page=1&limit=10&searchTerm= - Request finished with status 304
[2025-12-08T13:11:46.385Z] [INFO] [44fff997-bb1a-4dc7-920f-f0eb795ecbb8] GET /api/dashboard/summarySupplier - Request finished with status 304
[2025-12-08T13:11:47.612Z] [INFO] [13c4164f-6172-4ee0-a166-4184b87c893e] GET /api/dashboard/summarySupplier - Request finished with status 304
[2025-12-08T13:12:19.658Z] [INFO] [d6b57b54-5023-4b34-90a8-96926d3d7b15] GET /api/users/me - Request finished with status 304
[2025-12-08T13:12:19.750Z] [INFO] [0282b34f-2af1-4408-aa2c-e3a17bf627b2] GET /api/notifications - Request finished with status 201
[2025-12-08T13:12:19.975Z] [INFO] [c35973e2-fcc5-4641-94cb-b34652794806] GET /api/users/me - Request finished with status 304
[2025-12-08T13:12:20.730Z] [INFO] [7a4d4609-b98c-45d1-b52b-0c5e240a4bdb] GET /api/notifications - Request finished with status 201
[2025-12-08T13:12:21.057Z] [INFO] [19f0fa1f-3db8-4184-8cc7-6efd138b9536] GET /api/notifications - Request finished with status 201
[2025-12-08T13:12:21.142Z] [INFO] [5b1ca0ee-1dec-4b75-bef1-ddae9e08d645] GET /api/dashboard/summarySupplier - Request finished with status 304
[2025-12-08T13:12:21.358Z] [INFO] [8ee91087-6308-4a76-a974-7cf82423e19c] GET /api/notifications - Request finished with status 201
[2025-12-08T13:12:21.584Z] [INFO] [e9636f65-37be-4dce-ac7d-22351988765b] GET /api/messages/6935494dbc37e27bf7174eb6 - Request finished with status 304
[2025-12-08T13:12:22.065Z] [INFO] [43560849-ecd6-43a9-b76c-b507605e2157] GET /api/threads/supplier/691aeaf86edc75408bc163fb - Request finished with status 304
[2025-12-08T13:12:22.438Z] [INFO] [bb3e171e-9091-4c70-8ea6-1cb59d7678b3] GET /api/messages/69355ee01e528c5bf02edacd - Request finished with status 304
[2025-12-08T13:12:22.738Z] [INFO] [413528b0-5fc5-44b0-9b9a-b6ecfa73639d] GET /api/threads/supplier/691aeaf86edc75408bc163fb - Request finished with status 304
[2025-12-08T13:12:23.046Z] [INFO] [4b21262d-e34d-4511-825a-8d6656089e41] GET /api/dashboard/summarySupplier - Request finished with status 304
[2025-12-08T13:12:23.254Z] [INFO] [13ba1cd2-b356-456a-8c90-f69726d5509f] GET /api/threads/supplier/691aeaf86edc75408bc163fb - Request finished with status 304
[2025-12-08T13:12:23.798Z] [INFO] [f08ecd9a-1610-497f-a668-9f50623eb2f2] GET /api/threads/supplier/691aeaf86edc75408bc163fb - Request finished with status 304
[2025-12-08T13:12:25.073Z] [INFO] [ec55686a-814e-446e-9874-d398b394269b] GET /api/messages/6936c9e7a47b9033641c3b5b - Request finished with status 200
[2025-12-08T13:12:32.623Z] [INFO] [fbf23abe-ca59-4326-b734-7908dcf7345f] POST /api/messages - Request finished with status 201
[2025-12-08T13:12:38.852Z] [INFO] [ac5a3c5f-1e69-40ec-909b-394f7cba5d11] POST /api/messages - Request finished with status 201
[2025-12-08T13:15:37.316Z] [INFO] [e35d7f48-e692-439b-b0ef-533972d5f32e] GET /api/users/me - Request finished with status 304
[2025-12-08T13:15:37.518Z] [INFO] [374bf06e-1e57-4456-85b6-5cda98370051] GET /api/notifications - Request finished with status 201
[2025-12-08T13:15:37.664Z] [INFO] [9635c388-d8ba-456d-ae61-1ecf201b3728] GET /api/users/me - Request finished with status 304
[2025-12-08T13:15:37.785Z] [INFO] [0d27c1aa-b19d-4f10-8dc2-de8168c0671a] GET /api/users/me - Request finished with status 304
[2025-12-08T13:15:37.842Z] [INFO] [4b17ae63-57ab-4497-ac11-d0925fde6e2b] GET /api/notifications - Request finished with status 201
[2025-12-08T13:15:37.980Z] [INFO] [e3677958-74ea-48ce-a23a-f49fae2d1ec7] GET /api/threads/supplier/691aeaf86edc75408bc163fb - Request finished with status 304
[2025-12-08T13:15:38.000Z] [INFO] [a3e7a6e3-3461-432f-aeac-9984a8f7fa07] GET /api/users/me - Request finished with status 304
[2025-12-08T13:15:38.103Z] [INFO] [55553c37-ec06-47ea-9140-b833cb663d85] GET /api/notifications - Request finished with status 201
[2025-12-08T13:15:38.343Z] [INFO] [c00a344f-8803-4d07-9c9e-a264f0417d7a] GET /api/notifications - Request finished with status 201
[2025-12-08T13:15:38.460Z] [INFO] [4d93dcd1-00c5-4c26-83c1-e802242b8782] GET /api/threads/supplier/691aeaf86edc75408bc163fb - Request finished with status 304
[2025-12-08T13:15:38.568Z] [INFO] [d862525f-b5db-4b68-9fe1-349d7db82aab] GET /api/notifications - Request finished with status 201
[2025-12-08T13:15:38.695Z] [INFO] [5f3c1657-b4a4-448a-8bf9-671b390afa00] GET /api/messages/6935494dbc37e27bf7174eb6 - Request finished with status 304
[2025-12-08T13:15:38.803Z] [INFO] [5060fcc8-5128-4f7c-9e95-f7c9f45d0fd0] GET /api/notifications - Request finished with status 201
[2025-12-08T13:15:39.123Z] [INFO] [c0cfe651-41ef-4be1-a59b-15b9b11187fc] GET /api/threads/supplier/691aeaf86edc75408bc163fb - Request finished with status 304
[2025-12-08T13:15:40.090Z] [INFO] [e99fb7ca-1de1-4c12-a0a1-0642512243e0] GET /api/messages/6936c9e7a47b9033641c3b5b - Request finished with status 200
[2025-12-08T13:15:40.224Z] [INFO] [f26b4235-cdb2-4251-bc6f-fdd3b77cbfa3] GET /api/threads/supplier/691aeaf86edc75408bc163fb - Request finished with status 304
[2025-12-08T13:15:40.998Z] [INFO] [39d83a0f-66d5-40bb-a8d6-b48734155e20] GET /api/threads/supplier/691aeaf86edc75408bc163fb - Request finished with status 304
[2025-12-08T13:15:41.544Z] [INFO] [a6a7413c-985f-4057-a64a-3cf396575266] GET /api/threads/supplier/691aeaf86edc75408bc163fb - Request finished with status 304
[2025-12-08T13:18:19.753Z] [INFO] [2c5daa82-d90a-4abe-b49b-048879902495] GET /api/requests/supplier?page=1&limit=10&debouncedSearch= - Request finished with status 200
[2025-12-08T13:18:20.372Z] [INFO] [02c109b6-0340-4890-99bd-8c9f8cc84bc0] GET /api/requests/supplier?page=1&limit=10&debouncedSearch= - Request finished with status 304
[2025-12-08T13:19:05.880Z] [INFO] [00f8640e-4e1d-46b9-a341-f8068b69c21c] GET /api/requests/supplier - Request finished with status 200
[2025-12-08T13:19:05.935Z] [INFO] [f4e27f9c-f614-49e5-a2f5-71550b718d45] GET /api/contracts/supplier?page=1&debouncedSearch= - Request finished with status 304
[2025-12-08T13:19:06.063Z] [INFO] [ae32ad91-944d-4487-99bd-8243dd356b77] GET /api/file/download-url?fileKey=signature-691aeaf86edc75408bc163fb-1765105439401.png - Request finished with status 200
[2025-12-08T13:19:06.080Z] [INFO] [76d6738f-37c9-4e1c-ba4c-2512173d2081] GET /api/file/download-url?fileKey=signature-692443542c5dca0d93fef933-1765105848484.png - Request finished with status 200
[2025-12-08T13:19:06.732Z] [INFO] [b97a2265-781d-4a3b-9aa2-67ea5926ebcf] GET /api/contracts/supplier?page=1&debouncedSearch= - Request finished with status 304
[2025-12-08T13:19:06.896Z] [INFO] [0291f067-4fc5-497d-aa25-f2a4ce303713] GET /api/requests/supplier?page=1&limit=10&debouncedSearch= - Request finished with status 200
[2025-12-08T13:19:07.217Z] [INFO] [bf4d9251-37cc-4802-9564-6f3a5999afef] GET /api/requests/supplier?page=1&limit=10&debouncedSearch= - Request finished with status 304
[2025-12-08T13:19:07.447Z] [INFO] [a2f0ea47-8fd0-4652-a231-4375606386e4] GET /api/requests/supplier - Request finished with status 304
[2025-12-08T13:19:12.174Z] [INFO] [656c64f3-cba2-47ab-b93a-f9ac6b172ed2] POST /api/requests/6936d04293d16f4815a1d69c/approve - Request finished with status 200
[2025-12-08T13:23:37.350Z] [INFO] [f8160215-27c8-4e8a-9792-7cfe844b56e6] GET /api/dashboard/summarySupplier - Request finished with status 200
[2025-12-08T13:23:38.315Z] [INFO] [aa3c669a-d20a-4e83-af67-b519c173f8e6] GET /api/requests/supplier?page=1&limit=10&debouncedSearch= - Request finished with status 200
[2025-12-08T13:23:38.653Z] [INFO] [c2a87a31-e057-4c2f-933b-2200fc7c4de4] GET /api/dashboard/summarySupplier - Request finished with status 304
[2025-12-08T13:23:38.676Z] [INFO] [3347494a-c088-4841-8ea9-00efedc31d89] GET /api/requests/supplier?page=1&limit=10&debouncedSearch= - Request finished with status 304
[2025-12-08T13:23:42.819Z] [INFO] [922ccb03-9750-45aa-80ba-6d33f5f2be5a] POST /api/requests/6936d15093d16f4815a1d7b7/approve - Request finished with status 200
[2025-12-08T19:10:53.968Z] [INFO] [16de0021-5c34-4de0-bc54-e358611399e7] POST /api/auth/google - Request finished with status 200
[2025-12-08T19:10:54.161Z] [INFO] [5b55f720-e8d5-4e8d-a609-850f121b6528] GET /api/users/me - Request finished with status 304
[2025-12-08T19:10:54.275Z] [INFO] [7852a4a7-40b8-44c9-8d3d-28ffb2236b16] GET /api/users/me - Request finished with status 304
[2025-12-08T19:10:54.433Z] [INFO] [56f40fa2-7fc6-4419-afd9-2686cd87d66d] GET /api/users/me - Request finished with status 304
[2025-12-08T19:10:54.527Z] [INFO] [3c65d970-9dd0-4619-8171-e2430ffe8cc5] GET /api/users/me - Request finished with status 304
[2025-12-08T19:10:54.613Z] [INFO] [1f7a1587-dc5d-4df6-975a-43415782a3b6] GET /api/users/me - Request finished with status 304
[2025-12-08T19:10:54.698Z] [INFO] [18cdc197-c377-4206-848c-5325991e8616] GET /api/users/me - Request finished with status 304
[2025-12-08T19:10:54.775Z] [INFO] [5d0e2c96-ae34-4530-9e1d-1ebcd5121d2b] GET /api/users/me - Request finished with status 304
[2025-12-08T19:10:54.870Z] [INFO] [74d3beb9-ac20-43b9-959d-019219ee99c9] GET /api/users/me - Request finished with status 304
[2025-12-08T19:10:54.875Z] [INFO] [f4485d41-bf22-41a8-98c4-4b2154a65376] GET /api/notifications - Request finished with status 201
[2025-12-08T19:10:55.069Z] [INFO] [8c588c87-4212-4da8-a485-1a6618e24e3d] GET /api/notifications - Request finished with status 201
[2025-12-08T19:10:55.235Z] [INFO] [9c161513-6702-42d0-9585-6100b8196bee] GET /api/dashboard/supplier/charts - Request finished with status 304
[2025-12-08T19:10:55.763Z] [INFO] [d3345d7c-26cf-4625-a966-ed06a17032b0] GET /api/dashboard/supplier/charts - Request finished with status 304
[2025-12-08T19:10:55.834Z] [INFO] [1ab087c7-04e3-40e7-af02-326bbe540bcf] GET /api/dashboard/summarySupplier - Request finished with status 304
[2025-12-08T19:10:56.952Z] [INFO] [4b7aa676-95d5-4003-8f54-de5bf06098d0] GET /api/dashboard/summarySupplier - Request finished with status 304
[2025-12-08T19:10:59.444Z] [INFO] [954d90e5-e63e-4678-864f-c5f9bc801173] GET /api/requests/supplier?page=1&limit=10&debouncedSearch= - Request finished with status 304
[2025-12-08T19:10:59.834Z] [INFO] [6946f82c-2ff7-42a7-9509-562f442b7efb] GET /api/requests/supplier?page=1&limit=10&debouncedSearch= - Request finished with status 304
[2025-12-08T19:11:00.981Z] [INFO] [656c5f35-39cc-4d79-a031-3e118fb0d5c4] GET /api/requests/supplier - Request finished with status 200
[2025-12-08T19:11:01.049Z] [INFO] [8f0da434-d7f7-4d0a-8f7c-4a997679e39a] GET /api/contracts/supplier?page=1&debouncedSearch= - Request finished with status 200
[2025-12-08T19:11:01.094Z] [INFO] [cc95ed06-3149-4ccb-a1cc-7b24dc5b4de2] GET /api/file/download-url?fileKey=signature-69199cc2bbddcbafdd8f18e8-1765101355602.png - Request finished with status 200
[2025-12-08T19:11:01.108Z] [INFO] [06dffebf-be75-414d-90c2-19cbdedcf18b] GET /api/file/download-url?fileKey=signature-692443542c5dca0d93fef933-1765045981346.png - Request finished with status 200
[2025-12-08T19:11:01.135Z] [INFO] [f3b0af0d-af0d-4905-8742-387adc31a5ae] GET /api/file/download-url?fileKey=signature-69199cc2bbddcbafdd8f18e8-1765101381514.png - Request finished with status 200
[2025-12-08T19:11:01.139Z] [INFO] [f94c57a4-8d05-475d-9597-d23956ad17d9] GET /api/file/download-url?fileKey=signature-692443542c5dca0d93fef933-1765045981346.png - Request finished with status 304
[2025-12-08T19:11:01.158Z] [INFO] [a8595df5-cf62-456a-bc7d-ad71373b70a2] GET /api/file/download-url?fileKey=signature-692443542c5dca0d93fef933-1765045990016.png - Request finished with status 200
[2025-12-08T19:11:01.162Z] [INFO] [e1e10c9b-bcba-4f34-9385-b0a8f05768b2] GET /api/file/download-url?fileKey=signature-69199cc2bbddcbafdd8f18e8-1765101381514.png - Request finished with status 304
[2025-12-08T19:11:01.167Z] [INFO] [ed1b33a4-f801-43c5-b26d-536e606789b4] GET /api/file/download-url?fileKey=signature-69199cc2bbddcbafdd8f18e8-1765101381514.png - Request finished with status 304
[2025-12-08T19:11:01.187Z] [INFO] [a022313d-2b8a-4fa8-bd92-50186a6c9261] GET /api/file/download-url?fileKey=signature-69199cc2bbddcbafdd8f18e8-1765101399952.png - Request finished with status 200
[2025-12-08T19:11:01.191Z] [INFO] [da4a011a-8b13-4234-9fab-a0eb36812aee] GET /api/file/download-url?fileKey=signature-692443542c5dca0d93fef933-1765045990016.png - Request finished with status 304
[2025-12-08T19:11:01.195Z] [INFO] [0dcbdd06-3c78-48bb-874f-bf4b37b0d0c3] GET /api/file/download-url?fileKey=signature-692443542c5dca0d93fef933-1765045990016.png - Request finished with status 304
[2025-12-08T19:11:01.207Z] [INFO] [dc93f8e5-48cf-4461-af6c-1525f4831e65] GET /api/file/download-url?fileKey=signature-692443542c5dca0d93fef933-1765045990016.png - Request finished with status 304
[2025-12-08T19:11:01.221Z] [INFO] [b611bd23-c1b7-480f-ad8e-9e208d07ea78] GET /api/file/download-url?fileKey=signature-692443542c5dca0d93fef933-1765044795905.png - Request finished with status 200
[2025-12-08T19:11:01.224Z] [INFO] [312ca23e-a823-4276-96de-7418155cac6c] GET /api/file/download-url?fileKey=signature-69199cc2bbddcbafdd8f18e8-1765101399952.png - Request finished with status 304
[2025-12-08T19:11:01.228Z] [INFO] [220ec4be-b372-4f78-829d-1372008aa10a] GET /api/file/download-url?fileKey=signature-69199cc2bbddcbafdd8f18e8-1765101399952.png - Request finished with status 304
[2025-12-08T19:11:01.231Z] [INFO] [a40570ff-3d3c-4522-9151-2dd7c9a69749] GET /api/file/download-url?fileKey=signature-69199cc2bbddcbafdd8f18e8-1765101399952.png - Request finished with status 304
[2025-12-08T19:11:01.236Z] [INFO] [a479e2bb-f385-42c7-85f2-a09fffa25b66] GET /api/file/download-url?fileKey=signature-69199cc2bbddcbafdd8f18e8-1765101399952.png - Request finished with status 304
[2025-12-08T19:11:01.250Z] [INFO] [6aa65e01-6b60-47ee-bb48-ec0857cce887] GET /api/file/download-url?fileKey=signature-692443542c5dca0d93fef933-1765044795905.png - Request finished with status 304
[2025-12-08T19:11:01.254Z] [INFO] [3aba95d6-d547-4fa7-80d1-d3cb0bf264a8] GET /api/file/download-url?fileKey=signature-692443542c5dca0d93fef933-1765044795905.png - Request finished with status 304
[2025-12-08T19:11:01.257Z] [INFO] [2a35f7ca-c2bf-4b40-99bd-6b706dfa4a85] GET /api/file/download-url?fileKey=signature-692443542c5dca0d93fef933-1765044795905.png - Request finished with status 304
[2025-12-08T19:11:01.261Z] [INFO] [43b42a31-d6ba-4405-8d34-8f9483e67c5a] GET /api/file/download-url?fileKey=signature-692443542c5dca0d93fef933-1765044795905.png - Request finished with status 304
[2025-12-08T19:11:01.265Z] [INFO] [008f3bc7-112d-49f5-9b36-caf665088c3e] GET /api/file/download-url?fileKey=signature-692443542c5dca0d93fef933-1765044795905.png - Request finished with status 304
[2025-12-08T19:11:01.279Z] [INFO] [bfc1e857-6021-4f26-9644-39dd09a7fdc9] GET /api/requests/supplier - Request finished with status 304
[2025-12-08T19:11:01.450Z] [INFO] [d3692e66-a719-49cd-87c8-572dd87928fb] GET /api/contracts/supplier?page=1&debouncedSearch= - Request finished with status 304
[2025-12-08T19:11:02.182Z] [INFO] [f8960c2d-8264-4202-a432-2ba80af81f5d] GET /api/threads/supplier - Request finished with status 304
[2025-12-08T19:11:02.582Z] [INFO] [6a738543-d3d2-42a7-b3f3-a5f4f62f4e63] GET /api/threads/supplier - Request finished with status 304
[2025-12-08T19:11:03.818Z] [INFO] [9fe3ea41-2043-4845-b039-94462594c961] GET /api/messages/6936e85ede5d9e819f1af16e - Request finished with status 304
[2025-12-08T19:11:10.383Z] [INFO] [213d7589-26b5-43ed-9041-bfafc7eb5014] GET /api/users/me - Request finished with status 304
[2025-12-08T19:11:10.467Z] [INFO] [d9316bd9-748b-429a-98b4-f7110029ca25] GET /api/users/me - Request finished with status 304
[2025-12-08T19:11:10.554Z] [INFO] [e1f31d7d-9a88-4010-b5c5-e95b08a3e3c2] GET /api/users/me - Request finished with status 304
[2025-12-08T19:11:10.639Z] [INFO] [526b4e73-614e-490d-8059-834cf22d160b] GET /api/users/me - Request finished with status 304
[2025-12-08T19:11:10.727Z] [INFO] [b4da974e-857d-4da8-aef7-8f18a01c1206] GET /api/users/me - Request finished with status 304
[2025-12-08T19:11:10.805Z] [INFO] [65c81edc-43e1-470f-b28b-329d2ab4e01f] GET /api/users/me - Request finished with status 304
[2025-12-08T19:11:10.935Z] [INFO] [7be69e01-541f-49db-acfb-e68c1b30cac9] GET /api/notifications - Request finished with status 201
[2025-12-08T19:11:11.039Z] [INFO] [f5015661-4d97-477a-8b6b-1cd4c77e834f] GET /api/threads/user - Request finished with status 200
[2025-12-08T19:11:11.435Z] [INFO] [7be0aedf-878b-4491-a2d1-6d6488090f1d] GET /api/threads/user - Request finished with status 304
[2025-12-08T19:11:11.820Z] [INFO] [d11bd803-9db8-408b-99e8-fc86d771a9ae] GET /api/threads/user - Request finished with status 304
[2025-12-08T19:11:12.513Z] [INFO] [56eb43ae-7bab-48d4-9068-65926321e173] GET /api/threads/user - Request finished with status 304
[2025-12-08T19:11:13.005Z] [INFO] [c5a134bd-589a-4a49-be7a-00c0910a386a] GET /api/messages/6936e85ede5d9e819f1af16e - Request finished with status 200
[2025-12-08T19:15:59.302Z] [INFO] [27864fc3-bcf1-47a0-b963-eb11f49bd16b] GET /api/dashboard/supplier/charts - Request finished with status 304
[2025-12-08T19:15:59.831Z] [INFO] [d7eceab9-d4ab-4b9c-b2b6-fd3d97357a5d] GET /api/dashboard/supplier/charts - Request finished with status 304
[2025-12-08T19:15:59.902Z] [INFO] [909cd8c5-8294-40d7-a7e2-048fdec6bb3e] GET /api/dashboard/summarySupplier - Request finished with status 304
[2025-12-08T19:16:01.164Z] [INFO] [521791f3-2f59-4d0f-a603-e14ae7c419e2] GET /api/dashboard/summarySupplier - Request finished with status 304
[2025-12-08T19:16:05.081Z] [INFO] [63b76129-e21c-4995-b709-4946fa5ed942] GET /api/dashboard/summaryUser - Request finished with status 200
[2025-12-08T19:16:06.170Z] [INFO] [c7a00543-622f-4b4b-aa0e-1010db053ee6] GET /api/dashboard/summaryUser - Request finished with status 304
[2025-12-08T19:16:08.902Z] [INFO] [6e1ccb9b-bbfb-4f26-972c-80e01d5eb81f] GET /api/users/me - Request finished with status 304
[2025-12-08T19:16:09.013Z] [INFO] [58e037ba-21d8-4814-8e73-6c12de701563] GET /api/users/me - Request finished with status 304
[2025-12-08T19:16:09.137Z] [INFO] [c92bd053-7ac9-4b97-b0fb-823479649528] GET /api/users/me - Request finished with status 304
[2025-12-08T19:16:09.231Z] [INFO] [bdca4baa-4017-4d4d-929f-c7112aed557e] GET /api/users/me - Request finished with status 304
[2025-12-08T19:16:09.339Z] [INFO] [a51de2b5-e882-43e5-aa24-08f55af4f46a] GET /api/users/me - Request finished with status 304
[2025-12-08T19:16:09.427Z] [INFO] [ae6c48fb-c75f-4d04-b555-8319ef0d80c5] GET /api/users/me - Request finished with status 304
[2025-12-08T19:16:09.542Z] [INFO] [31e3e38a-4532-4bc4-b87e-50ac3fa7311a] GET /api/notifications - Request finished with status 201
[2025-12-08T19:16:10.144Z] [INFO] [0a1e9364-7473-4660-9678-89b108be617c] GET /api/dashboard/summaryUser - Request finished with status 304
[2025-12-08T19:16:11.015Z] [INFO] [37623d3e-c26b-4dd0-aa15-517386efe5a1] GET /api/dashboard/summaryUser - Request finished with status 304
[2025-12-08T19:16:34.091Z] [INFO] [8d99d9fc-645b-4610-b651-ea16157f44ec] GET /api/users/me - Request finished with status 304
[2025-12-08T19:16:34.171Z] [INFO] [b751285a-e7b2-4ad5-abd0-9ffe594a693c] GET /api/users/me - Request finished with status 304
[2025-12-08T19:16:34.252Z] [INFO] [1d5dc86f-3d98-471f-aa01-fa4a4d38d222] GET /api/users/me - Request finished with status 304
[2025-12-08T19:16:34.332Z] [INFO] [160f93da-d5f7-423b-8e94-3da9fe16d97e] GET /api/users/me - Request finished with status 304
[2025-12-08T19:16:34.511Z] [INFO] [5810894d-d757-44fa-8802-59c0289e71cb] GET /api/users/me - Request finished with status 304
[2025-12-08T19:16:34.598Z] [INFO] [34b05752-e8ad-485b-83d1-f8b82a5c544a] GET /api/users/me - Request finished with status 304
[2025-12-08T19:16:34.721Z] [INFO] [1d2a16bf-2245-4503-91ee-09839752fda8] GET /api/notifications - Request finished with status 201
[2025-12-08T19:16:34.941Z] [INFO] [b176cf8a-d675-4d19-ab75-e0b23cf6ff1d] GET /api/dashboard/supplier/charts - Request finished with status 304
[2025-12-08T19:16:35.457Z] [INFO] [fb1cd3b2-3bd9-4424-8342-65739c9d89a7] GET /api/dashboard/supplier/charts - Request finished with status 304
[2025-12-08T19:16:35.528Z] [INFO] [f47eb10d-6248-410f-b094-dcbf9bc1153f] GET /api/dashboard/summarySupplier - Request finished with status 304
[2025-12-08T19:16:36.498Z] [INFO] [c6e9e699-c3a4-43a0-afe9-66c720ca5438] GET /api/dashboard/summarySupplier - Request finished with status 304
[2025-12-08T19:18:55.007Z] [INFO] [3b634335-2893-4a88-b54c-fa808d39fc13] GET /api/users/me - Request finished with status 304
[2025-12-08T19:18:55.084Z] [INFO] [c863c6eb-496b-4d75-b7cc-d7e4772de3d8] GET /api/users/me - Request finished with status 304
[2025-12-08T19:18:55.131Z] [INFO] [fd8032ce-59fd-4b26-aa28-4c1d022e587c] GET /api/users/me - Request finished with status 304
[2025-12-08T19:18:55.161Z] [INFO] [22b91acb-7198-4dcb-8729-54efedc2b9d9] GET /api/users/me - Request finished with status 304
[2025-12-08T19:18:55.206Z] [INFO] [64c8b2ff-0b68-4437-b232-1485352cb42e] GET /api/users/me - Request finished with status 304
[2025-12-08T19:18:55.236Z] [INFO] [49127b4c-ff25-44e0-bcfc-4a483396fe88] GET /api/users/me - Request finished with status 304
[2025-12-08T19:18:55.282Z] [INFO] [09234186-fc9a-438e-8915-a531d4cb2a60] GET /api/users/me - Request finished with status 304
[2025-12-08T19:18:55.341Z] [INFO] [e539184c-1272-4d93-a214-e3a8cdb28958] GET /api/users/me - Request finished with status 304
[2025-12-08T19:18:55.359Z] [INFO] [0943311b-ec8a-4757-9da6-ba96f0c19f39] GET /api/users/me - Request finished with status 304
[2025-12-08T19:18:55.442Z] [INFO] [c1462d5a-72f2-416a-941d-ca4bbe932c18] GET /api/users/me - Request finished with status 304
[2025-12-08T19:18:55.525Z] [INFO] [9dfa8121-d727-422c-805b-6c62d4bb8d85] GET /api/users/me - Request finished with status 304
[2025-12-08T19:18:55.607Z] [INFO] [bf533462-646f-4c33-bcbc-4945130b3ee6] GET /api/users/me - Request finished with status 304
[2025-12-08T19:18:56.491Z] [INFO] [a55b2270-3226-4938-8fe0-43c1c6b86e3a] GET /api/users/me - Request finished with status 304
[2025-12-08T19:18:56.512Z] [INFO] [73398ff5-f68b-48fd-b8f2-dfd472088f02] GET /api/users/me - Request finished with status 200
[2025-12-08T19:18:56.566Z] [INFO] [177c2895-c853-469e-a067-39825edac6b2] GET /api/users/me - Request finished with status 304
[2025-12-08T19:18:56.589Z] [INFO] [661fff8e-4e99-4e27-9329-af74c579f6b7] GET /api/users/me - Request finished with status 304
[2025-12-08T19:18:56.642Z] [INFO] [de15536f-5db9-426f-a620-f3c9eadc80c6] GET /api/users/me - Request finished with status 304
[2025-12-08T19:18:56.663Z] [INFO] [dc21d231-4625-42dc-be2e-c7d28d76545a] GET /api/users/me - Request finished with status 304
[2025-12-08T19:18:56.718Z] [INFO] [14bf7514-62c5-4c1f-8654-f561fd699cfc] GET /api/users/me - Request finished with status 304
[2025-12-08T19:18:56.739Z] [INFO] [4c7a852e-0d77-4fdc-b407-f3dd316503d1] GET /api/users/me - Request finished with status 304
[2025-12-08T19:18:56.801Z] [INFO] [b46964aa-98ab-4a96-b80d-34fa63bd3821] GET /api/users/me - Request finished with status 304
[2025-12-08T19:18:56.877Z] [INFO] [6b156f77-652d-4126-9da8-e9b0913f5244] GET /api/users/me - Request finished with status 304
[2025-12-08T19:18:56.934Z] [INFO] [ef8f023a-02cb-4e93-89f2-66a02c023e90] GET /api/users/me - Request finished with status 304
[2025-12-08T19:18:57.017Z] [INFO] [a017a889-c15e-4e64-9c21-bad75926ac73] GET /api/users/me - Request finished with status 304
[2025-12-08T19:18:57.183Z] [INFO] [d638dcc3-e3be-4286-9bd0-9edee3ea379b] GET /api/dashboard/supplier/charts - Request finished with status 200
[2025-12-08T19:18:57.512Z] [INFO] [72fbc137-d7bc-401b-8cbd-daa0d0e03437] GET /api/dashboard/summaryUser - Request finished with status 200
[2025-12-08T19:18:57.652Z] [INFO] [0a8af4a1-ebaf-4b62-912a-4006a8bc5a8e] GET /api/dashboard/supplier/charts - Request finished with status 304
[2025-12-08T19:18:57.723Z] [INFO] [553a157b-ae21-40a0-948d-02d8dfc87527] GET /api/dashboard/summarySupplier - Request finished with status 200
[2025-12-08T19:18:58.191Z] [INFO] [74a5439a-429f-4622-ba70-24fc3bc02eeb] GET /api/dashboard/summaryUser - Request finished with status 304
[2025-12-08T19:18:59.505Z] [INFO] [98aa8128-c651-4b1d-b67a-dbc2a5365e11] GET /api/users/me - Request finished with status 304
[2025-12-08T19:18:59.588Z] [INFO] [9dc43b44-7d92-4c9a-ab2c-29d6e0a09875] GET /api/users/me - Request finished with status 304
[2025-12-08T19:18:59.618Z] [INFO] [ac170a33-5565-4742-844b-1b70541af5bf] GET /api/users/me - Request finished with status 304
[2025-12-08T19:18:59.680Z] [INFO] [f730b06a-f980-4930-baf8-fe20de96c512] GET /api/users/me - Request finished with status 304
[2025-12-08T19:18:59.700Z] [INFO] [d023b9eb-fd07-48dd-98bb-f745d8a1dda9] GET /api/users/me - Request finished with status 304
[2025-12-08T19:18:59.772Z] [INFO] [797a710e-808a-4c1f-b537-2578e4bd5428] GET /api/users/me - Request finished with status 304
[2025-12-08T19:18:59.789Z] [INFO] [bdd2909a-e4fb-4981-b233-16a6796bf188] GET /api/users/me - Request finished with status 304
[2025-12-08T19:18:59.867Z] [INFO] [089d69db-0597-40e5-8dfe-d140152dcab7] GET /api/users/me - Request finished with status 304
[2025-12-08T19:18:59.903Z] [INFO] [8eb1444a-120c-4710-b727-9348430140c1] GET /api/users/me - Request finished with status 304
[2025-12-08T19:18:59.980Z] [INFO] [9f766f22-cee2-4b58-99bd-da9a088d3860] GET /api/users/me - Request finished with status 304
[2025-12-08T19:19:00.171Z] [INFO] [65981d0b-8de3-4b5c-b5c8-bd065d452933] GET /api/users/me - Request finished with status 304
[2025-12-08T19:19:00.248Z] [INFO] [dc477b66-7251-442a-9253-40373285f1e9] GET /api/users/me - Request finished with status 304
[2025-12-08T19:19:00.279Z] [INFO] [62ffc4ff-f004-4500-a71e-397665f3f958] GET /api/dashboard/supplier/charts - Request finished with status 304
[2025-12-08T19:19:00.719Z] [INFO] [b35f6a91-f21f-4cc0-a97b-7d613a5764bd] GET /api/dashboard/supplier/charts - Request finished with status 304
[2025-12-08T19:19:00.759Z] [INFO] [ade4016f-6627-4005-8ffa-af19166ab284] GET /api/dashboard/summaryUser - Request finished with status 304
[2025-12-08T19:19:00.788Z] [INFO] [0e84e98e-97e7-486e-9266-7161df1f35be] GET /api/dashboard/summarySupplier - Request finished with status 200
[2025-12-08T19:19:01.428Z] [INFO] [2b8ebd60-9c66-4fc4-9578-350a6badfc85] GET /api/dashboard/summaryUser - Request finished with status 304
[2025-12-08T19:19:01.758Z] [INFO] [3342b8b2-8785-45ff-a293-a0737ecec703] GET /api/dashboard/summarySupplier - Request finished with status 304
[2025-12-08T19:19:03.479Z] [INFO] [0f272932-a631-44c4-beee-d6786f65e367] GET /api/users/me - Request finished with status 304
[2025-12-08T19:19:03.481Z] [INFO] [cc7743c0-a2a8-48ae-9d54-e346753abcee] GET /api/users/me - Request finished with status 304
[2025-12-08T19:19:03.560Z] [INFO] [38af6304-9be8-4f77-bd53-a151bbfe6a98] GET /api/users/me - Request finished with status 304
[2025-12-08T19:19:03.563Z] [INFO] [c2fb0dde-4a28-40f8-a48b-c4efd18dccf3] GET /api/users/me - Request finished with status 304
[2025-12-08T19:19:03.638Z] [INFO] [358a1ea4-d931-402b-a46b-fce9ebbf1cf8] GET /api/users/me - Request finished with status 304
[2025-12-08T19:19:03.661Z] [INFO] [5527c084-6f16-472e-b1bc-53ed03d45575] GET /api/users/me - Request finished with status 304
[2025-12-08T19:19:03.728Z] [INFO] [095315be-709a-48b2-8994-2cc62c192902] GET /api/users/me - Request finished with status 304
[2025-12-08T19:19:03.740Z] [INFO] [3cc7f0c6-9a96-4fd2-a6e4-ebb914e7633c] GET /api/users/me - Request finished with status 304
[2025-12-08T19:19:03.802Z] [INFO] [fcdee865-2d62-433c-9aa9-50a75f9715f8] GET /api/users/me - Request finished with status 304
[2025-12-08T19:19:03.879Z] [INFO] [49a89bb8-b317-4de7-b44c-d82141f653ed] GET /api/users/me - Request finished with status 304
[2025-12-08T19:19:03.915Z] [INFO] [27449bde-4dd6-4a77-9007-670d4def9de4] GET /api/users/me - Request finished with status 304
[2025-12-08T19:19:03.990Z] [INFO] [f7a51c6f-6ad7-4ffb-bfad-a49849b97423] GET /api/users/me - Request finished with status 304
[2025-12-08T19:19:04.167Z] [INFO] [9b3e2c7b-5859-4909-a179-3fe9829de8d7] GET /api/dashboard/supplier/charts - Request finished with status 304
[2025-12-08T19:19:04.543Z] [INFO] [87c6680d-7828-42b0-b0a2-2275891cf903] GET /api/dashboard/summaryUser - Request finished with status 304
[2025-12-08T19:19:04.611Z] [INFO] [64daab3b-ed6a-4411-a90a-818ffcd29507] GET /api/dashboard/supplier/charts - Request finished with status 304
[2025-12-08T19:19:04.678Z] [INFO] [7e54ab4f-babc-4893-94a9-b0668cef7120] GET /api/dashboard/summarySupplier - Request finished with status 304
[2025-12-08T19:19:05.244Z] [INFO] [19b29a1e-5261-49e0-bead-a27d048169c4] GET /api/dashboard/summaryUser - Request finished with status 304
[2025-12-08T19:19:06.411Z] [INFO] [b40d27e0-83b7-4a02-8038-2c881555a46a] GET /api/users/me - Request finished with status 304
[2025-12-08T19:19:06.472Z] [INFO] [807480f6-96dc-420c-81f2-dbaa78005f99] GET /api/users/me - Request finished with status 304
[2025-12-08T19:19:06.488Z] [INFO] [6310b540-9405-4b73-a0a2-b06e954f734c] GET /api/users/me - Request finished with status 304
[2025-12-08T19:19:06.554Z] [INFO] [a9f99709-9e50-4424-8ff6-eac4056b225e] GET /api/users/me - Request finished with status 304
[2025-12-08T19:19:06.568Z] [INFO] [ed2952dd-bf52-4b54-8c2f-ccaa8fb0e3e3] GET /api/users/me - Request finished with status 304
[2025-12-08T19:19:06.631Z] [INFO] [f7a679fb-3c0f-4a0c-b23e-c153aa75c3d7] GET /api/users/me - Request finished with status 304
[2025-12-08T19:19:06.661Z] [INFO] [cd108f63-26c7-41e5-9466-0ef6aa24b7a3] GET /api/users/me - Request finished with status 304
[2025-12-08T19:19:06.756Z] [INFO] [bb91c322-349c-466e-8255-54cd1773e1a0] GET /api/users/me - Request finished with status 304
[2025-12-08T19:19:06.861Z] [INFO] [7b490799-6f3f-45f2-b403-7fdc5e81f9f9] GET /api/users/me - Request finished with status 304
[2025-12-08T19:19:06.919Z] [INFO] [d78233bc-66e0-40cc-9aa9-6629d4998007] GET /api/users/me - Request finished with status 304
[2025-12-08T19:19:06.938Z] [INFO] [c18efcb8-ea7c-447c-8f54-c2c8ca2b339f] GET /api/users/me - Request finished with status 304
[2025-12-08T19:19:06.998Z] [INFO] [1aada824-629c-4942-8fd8-6aac5a33fa2a] GET /api/users/me - Request finished with status 304
[2025-12-08T19:19:07.225Z] [INFO] [8b3c51a8-4a6e-45e5-b775-bf87ff2f37cd] GET /api/dashboard/supplier/charts - Request finished with status 304
[2025-12-08T19:19:07.518Z] [INFO] [36a2bda3-12ea-4ae8-846f-1e3adea1cd4b] GET /api/dashboard/summaryUser - Request finished with status 304
[2025-12-08T19:19:07.682Z] [INFO] [5a7450fd-60ee-4abc-945a-51791c4a26f2] GET /api/dashboard/supplier/charts - Request finished with status 304
[2025-12-08T19:19:07.761Z] [INFO] [64cc4fae-62ea-4d59-9787-329f444784d1] GET /api/dashboard/summarySupplier - Request finished with status 200
[2025-12-08T19:19:08.191Z] [INFO] [7cef390f-3ba2-4bf0-bcba-eaec808599bd] GET /api/dashboard/summaryUser - Request finished with status 304
[2025-12-08T19:19:09.527Z] [INFO] [21f5bfa4-7876-45ae-a403-50a32f03f0ca] GET /api/users/me - Request finished with status 304
[2025-12-08T19:19:09.561Z] [INFO] [f7e54837-4fbd-4297-8ba6-cd037caa724c] GET /api/users/me - Request finished with status 304
[2025-12-08T19:19:09.603Z] [INFO] [6a120b47-99df-40b1-aa74-64a3f323d528] GET /api/users/me - Request finished with status 304
[2025-12-08T19:19:09.636Z] [INFO] [31138620-0703-4c99-9888-6ef754895eb5] GET /api/users/me - Request finished with status 304
[2025-12-08T19:19:09.687Z] [INFO] [816f3fd2-767d-458a-ab1a-bb9d0ce3489a] GET /api/users/me - Request finished with status 304
[2025-12-08T19:19:09.714Z] [INFO] [68eb8125-3acf-4bce-a13e-7ce56e84963b] GET /api/users/me - Request finished with status 304
[2025-12-08T19:19:09.765Z] [INFO] [76454fdf-4fb1-4509-a618-b6dff276969a] GET /api/users/me - Request finished with status 304
[2025-12-08T19:19:09.793Z] [INFO] [b6363040-56d5-4b05-8576-32d08051aa02] GET /api/users/me - Request finished with status 304
[2025-12-08T19:19:09.872Z] [INFO] [7ad10bf7-a034-4937-8e8f-79e762665f02] GET /api/users/me - Request finished with status 304
[2025-12-08T19:19:09.926Z] [INFO] [a1e23775-63af-4f14-9742-799582541f89] GET /api/users/me - Request finished with status 304
[2025-12-08T19:19:09.951Z] [INFO] [951e00b8-99f5-4941-8b28-326a9467d47f] GET /api/users/me - Request finished with status 304
[2025-12-08T19:19:10.010Z] [INFO] [72b7698d-aa17-47f5-b609-12b211a618ab] GET /api/users/me - Request finished with status 304
[2025-12-08T19:19:10.275Z] [INFO] [26444f33-1f1e-4703-a07d-d2c375fedea3] GET /api/dashboard/supplier/charts - Request finished with status 304
[2025-12-08T19:19:10.507Z] [INFO] [bf68c706-8cea-4d7d-8241-2935e279d247] GET /api/dashboard/summaryUser - Request finished with status 304
[2025-12-08T19:19:10.748Z] [INFO] [0c3dc3ba-452c-4b4a-b38a-47d8bc72dbd3] GET /api/dashboard/supplier/charts - Request finished with status 304
[2025-12-08T19:19:11.602Z] [INFO] [8d71b6d4-5ba1-49d1-a078-0c5f8b45d76d] GET /api/users/me - Request finished with status 304
[2025-12-08T19:19:11.657Z] [INFO] [1fb4dab1-23e7-4207-bc5c-514b69051900] GET /api/users/me - Request finished with status 304
[2025-12-08T19:19:11.681Z] [INFO] [0e47b5a8-94a1-4338-81fa-359a40872bb5] GET /api/users/me - Request finished with status 304
[2025-12-08T19:19:11.738Z] [INFO] [5327f05a-7e71-430e-8833-2297c1a732e4] GET /api/users/me - Request finished with status 304
[2025-12-08T19:19:11.756Z] [INFO] [ee476985-b2fd-47a3-80f8-1ca34333ef1b] GET /api/users/me - Request finished with status 304
[2025-12-08T19:19:11.816Z] [INFO] [3eb6d8db-f086-4ed4-99d2-935639606ee1] GET /api/users/me - Request finished with status 304
[2025-12-08T19:19:11.832Z] [INFO] [d963dcb4-6da0-4dac-b642-03384da98ac4] GET /api/users/me - Request finished with status 304
[2025-12-08T19:19:11.906Z] [INFO] [3d5c9c80-b341-4a18-a3c8-db32538455af] GET /api/users/me - Request finished with status 304
[2025-12-08T19:19:11.910Z] [INFO] [6d69b77c-722f-4993-bc63-3985049667c5] GET /api/users/me - Request finished with status 304
[2025-12-08T19:19:11.986Z] [INFO] [03fcfcf9-cce3-495b-9962-950838e6595a] GET /api/users/me - Request finished with status 304
[2025-12-08T19:19:12.054Z] [INFO] [6a4b15be-df12-4a2f-b560-69c868c6a2db] GET /api/users/me - Request finished with status 304
[2025-12-08T19:19:12.130Z] [INFO] [0c8febd5-908b-40ea-b6d7-2ed9f2c464c6] GET /api/users/me - Request finished with status 304
[2025-12-08T19:19:12.271Z] [INFO] [89f8ee92-3bcd-4dbf-b219-ee8b6f9de300] GET /api/dashboard/supplier/charts - Request finished with status 304
[2025-12-08T19:19:13.595Z] [INFO] [643d9b7d-aba8-469e-bf8b-ff4cef80371f] GET /api/users/me - Request finished with status 304
[2025-12-08T19:19:13.666Z] [INFO] [a21d3928-62d5-4102-8300-09068916c12d] GET /api/users/me - Request finished with status 304
[2025-12-08T19:19:13.669Z] [INFO] [c4aa1c5a-bf2d-4d59-97fd-d8c41737b442] GET /api/users/me - Request finished with status 304
[2025-12-08T19:19:13.745Z] [INFO] [89ce229a-b5d9-4b96-9b0c-c7576312a5d7] GET /api/users/me - Request finished with status 304
[2025-12-08T19:19:13.748Z] [INFO] [5b2f6eec-eda0-48e8-91aa-0824214ec627] GET /api/users/me - Request finished with status 304
[2025-12-08T19:19:13.824Z] [INFO] [08f75861-883c-4253-8061-7cf469b68b3c] GET /api/users/me - Request finished with status 304
[2025-12-08T19:19:13.829Z] [INFO] [c084d8ae-7685-45a1-9e7d-fff31e830528] GET /api/users/me - Request finished with status 304
[2025-12-08T19:19:13.902Z] [INFO] [1602c0e8-5f6e-4565-8f80-bab57545ee0f] GET /api/users/me - Request finished with status 304
[2025-12-08T19:19:13.908Z] [INFO] [a3c404cd-6626-4735-8d28-10bc48bd8970] GET /api/users/me - Request finished with status 304
[2025-12-08T19:19:13.983Z] [INFO] [784932a9-4ee9-4944-953e-19a8d4b61c80] GET /api/users/me - Request finished with status 304
[2025-12-08T19:19:14.072Z] [INFO] [e261d43a-2e28-4f01-808d-7788960ebf73] GET /api/users/me - Request finished with status 304
[2025-12-08T19:19:14.151Z] [INFO] [6980133a-7016-4d7d-bd9f-a1a584131244] GET /api/users/me - Request finished with status 304
[2025-12-08T19:19:14.272Z] [INFO] [61158e3a-dca3-43b3-ab84-3d9ef79e7b12] GET /api/dashboard/supplier/charts - Request finished with status 200
[2025-12-08T19:19:14.651Z] [INFO] [50b8fe11-1997-40be-a743-0e27e6adda7d] GET /api/dashboard/summaryUser - Request finished with status 200
[2025-12-08T19:19:14.739Z] [INFO] [cbb59224-de17-4b8d-b9d9-31f3b79b240e] GET /api/dashboard/supplier/charts - Request finished with status 304
[2025-12-08T19:19:14.796Z] [INFO] [637239b1-6edc-40f6-b15a-342f3f366797] GET /api/dashboard/summarySupplier - Request finished with status 200
[2025-12-08T19:19:15.347Z] [INFO] [84f7657a-858c-4af0-88d5-9e3a1691b477] GET /api/dashboard/summaryUser - Request finished with status 304
[2025-12-08T19:19:15.787Z] [INFO] [b4ee148d-a457-43e4-a670-418c4fc2733e] GET /api/dashboard/summarySupplier - Request finished with status 304
[2025-12-08T19:19:23.670Z] [INFO] [4bc76bb2-c6bb-4b4b-b334-59e2cab74178] GET /api/users/me - Request finished with status 304
[2025-12-08T19:19:23.748Z] [INFO] [22b711a1-c871-472b-98c6-ba30c8b100e2] GET /api/users/me - Request finished with status 304
[2025-12-08T19:19:23.827Z] [INFO] [3f6d56e2-3a44-4685-aa93-2dde19172f76] GET /api/users/me - Request finished with status 304
[2025-12-08T19:19:23.903Z] [INFO] [f2a5c7c4-b131-4ed9-b74b-0d6f9ac4bd52] GET /api/users/me - Request finished with status 304
[2025-12-08T19:19:23.983Z] [INFO] [3240e4eb-3576-47ba-9bbb-452b2866a577] GET /api/users/me - Request finished with status 304
[2025-12-08T19:19:24.067Z] [INFO] [a32eb9ba-5894-4692-b76f-2103a4ae9f9c] GET /api/users/me - Request finished with status 304
[2025-12-08T19:19:24.340Z] [INFO] [a1c012f7-b0a1-47cc-b869-204a569d343c] GET /api/dashboard/supplier/charts - Request finished with status 304
[2025-12-08T19:19:25.110Z] [INFO] [595cbbc2-232a-493e-b15e-f2254bbd9803] GET /api/dashboard/supplier/charts - Request finished with status 304
[2025-12-08T19:19:25.169Z] [INFO] [fe059a56-1461-4756-b4f0-53b3dfcfaeae] GET /api/dashboard/summarySupplier - Request finished with status 304
[2025-12-08T19:19:26.129Z] [INFO] [86a98aa5-9dec-4ed4-ab35-aa4f37ef4564] GET /api/dashboard/summarySupplier - Request finished with status 304
[2025-12-08T19:20:20.614Z] [INFO] [32771c09-9ed7-4f26-9b74-3923edb0751a] GET /api/users/me - Request finished with status 304
[2025-12-08T19:20:20.698Z] [INFO] [2050ed50-d55b-4f09-b7ae-1c7f63791ed8] GET /api/users/me - Request finished with status 304
[2025-12-08T19:20:20.772Z] [INFO] [89a39701-b855-483e-8db7-34b1ea1c8ff1] GET /api/users/me - Request finished with status 304
[2025-12-08T19:20:20.893Z] [INFO] [f9fd62e7-be11-4a72-b912-7f161a9b4054] GET /api/users/me - Request finished with status 304
[2025-12-08T19:20:20.968Z] [INFO] [89b6a5b7-c2db-4e27-8a2e-fe69a88a9e17] GET /api/users/me - Request finished with status 304
[2025-12-08T19:20:21.046Z] [INFO] [ca5a136d-bdc8-4d85-bcd6-a217774e0987] GET /api/users/me - Request finished with status 304
[2025-12-08T19:20:21.665Z] [INFO] [ecaea445-3910-4aab-9134-e5e4a1b601c1] GET /api/dashboard/summaryUser - Request finished with status 304
[2025-12-08T19:20:22.434Z] [INFO] [ef6a7435-9641-4f87-93bc-5ddf30ece15f] GET /api/dashboard/summaryUser - Request finished with status 304
[2025-12-08T19:20:55.628Z] [INFO] [0a07c0b0-b13d-4a5a-b82c-fcd1507e6aff] GET /api/users/me - Request finished with status 304
[2025-12-08T19:20:55.702Z] [INFO] [84635771-74bd-4a7c-b819-ff837fa0b29a] GET /api/users/me - Request finished with status 304
[2025-12-08T19:20:55.778Z] [INFO] [f9ba65a8-23d3-45d7-8160-8293119bdaf5] GET /api/users/me - Request finished with status 304
[2025-12-08T19:20:55.853Z] [INFO] [3e45c88f-1504-4b61-aa01-685e73e15b12] GET /api/users/me - Request finished with status 304
[2025-12-08T19:20:55.977Z] [INFO] [5066a415-5680-4b22-8ec9-c55cfc15ca7a] GET /api/users/me - Request finished with status 304
[2025-12-08T19:20:56.065Z] [INFO] [ae23b76c-b625-4e1e-9045-2f0aa6cd809c] GET /api/users/me - Request finished with status 304
[2025-12-08T19:20:56.665Z] [INFO] [c9f90e55-5c2a-4e0e-8720-24afc3b26c40] GET /api/dashboard/summaryUser - Request finished with status 304
[2025-12-08T19:20:57.434Z] [INFO] [d1d14b79-9414-4243-8530-4706152f2e12] GET /api/dashboard/summaryUser - Request finished with status 304
[2025-12-08T19:22:15.595Z] [INFO] [a20e38e6-b161-4e7d-991f-265a7fa9625d] GET /api/users/me - Request finished with status 304
[2025-12-08T19:22:15.672Z] [INFO] [25054f6f-8fbd-4b5f-a2fa-0b106b344115] GET /api/users/me - Request finished with status 304
[2025-12-08T19:22:15.750Z] [INFO] [49b6b4f6-eb94-4af2-819b-6482345236c1] GET /api/users/me - Request finished with status 304
[2025-12-08T19:22:15.829Z] [INFO] [8a6f30b7-d983-485b-bf8f-bc2ad0e212b0] GET /api/users/me - Request finished with status 304
[2025-12-08T19:22:15.953Z] [INFO] [2fa90a27-b4e3-4d6e-95a9-f6fe7393e15c] GET /api/users/me - Request finished with status 304
[2025-12-08T19:22:16.047Z] [INFO] [0b72a563-ce2a-40bd-96e3-82c84da198dc] GET /api/notifications - Request finished with status 201
[2025-12-08T19:22:16.051Z] [INFO] [9046fdb1-c3a7-4e22-a6c0-0184410aca38] GET /api/users/me - Request finished with status 304
[2025-12-08T19:22:16.208Z] [INFO] [52ae089e-9a56-46d1-971f-9831901c84b0] GET /api/notifications - Request finished with status 201
[2025-12-08T19:22:16.555Z] [INFO] [dc068723-84c5-4087-985c-dddaaf767a3d] GET /api/dashboard/summaryUser - Request finished with status 304
[2025-12-08T19:22:17.227Z] [INFO] [5c966280-dd7e-470a-abed-e321fd39170f] GET /api/dashboard/summaryUser - Request finished with status 304
[2025-12-08T19:22:21.227Z] [INFO] [a93e52e9-f44d-4636-8992-19a0acbcefca] GET /api/users/me - Request finished with status 304
[2025-12-08T19:22:21.301Z] [INFO] [683a5af2-0e57-4e42-9eff-ceaa342a2b62] GET /api/users/me - Request finished with status 304
[2025-12-08T19:22:21.382Z] [INFO] [d133d8bc-bc08-4589-a872-34e33b8dfc0c] GET /api/users/me - Request finished with status 304
[2025-12-08T19:22:21.464Z] [INFO] [81a57cfd-3422-499b-a271-3281eab4ea36] GET /api/users/me - Request finished with status 304
[2025-12-08T19:22:21.552Z] [INFO] [29945df4-1eb8-4e6b-8fa2-a742051d004b] GET /api/users/me - Request finished with status 304
[2025-12-08T19:22:21.629Z] [INFO] [38468577-3b67-41a6-828b-570cda725233] GET /api/users/me - Request finished with status 304
[2025-12-08T19:22:21.741Z] [INFO] [2219fb3d-2acc-49f5-aa8c-95f1734e333b] GET /api/notifications - Request finished with status 201
[2025-12-08T19:22:21.935Z] [INFO] [28d509c8-2cfd-45d5-b769-dbee26e36dfa] GET /api/dashboard/supplier/charts - Request finished with status 304
[2025-12-08T19:22:22.401Z] [INFO] [9d47e323-65a0-4dde-a9c3-d6896778de7e] GET /api/dashboard/supplier/charts - Request finished with status 304
[2025-12-08T19:22:22.436Z] [INFO] [91d2b1a2-a060-4dcc-957e-099f3912b2a5] GET /api/dashboard/summarySupplier - Request finished with status 304
[2025-12-08T19:22:23.398Z] [INFO] [d37c9410-b456-455f-952e-4dbaa32b140a] GET /api/dashboard/summarySupplier - Request finished with status 304
[2025-12-08T19:22:28.542Z] [INFO] [c3c5516e-da84-4ebd-9edd-84f6c82d4b8b] GET /api/users/me - Request finished with status 304
[2025-12-08T19:22:28.627Z] [INFO] [9de58c61-15af-48c3-8e8c-bfe41c8a337d] GET /api/users/me - Request finished with status 304
[2025-12-08T19:22:28.714Z] [INFO] [2a0244ed-fdf5-47e0-b00b-774789248e1e] GET /api/users/me - Request finished with status 304
[2025-12-08T19:22:28.796Z] [INFO] [34b089ad-6cb1-4330-b4cb-3f3ae6f4d204] GET /api/users/me - Request finished with status 304
[2025-12-08T19:22:28.936Z] [INFO] [ba7fdfda-af3c-40a3-bc02-5eb58276e383] GET /api/users/me - Request finished with status 304
[2025-12-08T19:22:29.010Z] [INFO] [06f621c0-2248-4e21-ad36-f7de3e1cf94f] GET /api/users/me - Request finished with status 304
[2025-12-08T19:22:29.134Z] [INFO] [e3748e45-d7ea-4608-a8f3-e905dcb1ff57] GET /api/notifications - Request finished with status 201
[2025-12-08T19:22:29.540Z] [INFO] [9d8f3478-1710-4040-8110-ff31414ce168] GET /api/dashboard/summaryUser - Request finished with status 304
[2025-12-08T19:22:30.201Z] [INFO] [c4b6aacb-3d7f-4823-9ea1-a38dbdbe3cbc] GET /api/dashboard/summaryUser - Request finished with status 304
[2025-12-08T19:23:14.195Z] [INFO] [ebc51831-d659-4f06-bdc0-7fed0b4d194c] GET /api/users/me - Request finished with status 304
[2025-12-08T19:23:14.283Z] [INFO] [94feb9ef-c6e9-4527-b0c6-d1a0411ea166] GET /api/users/me - Request finished with status 304
[2025-12-08T19:23:14.394Z] [INFO] [1ea53537-5e11-486f-8f1b-63399c8e909f] GET /api/users/me - Request finished with status 304
[2025-12-08T19:23:14.484Z] [INFO] [d63f5f75-60c9-4a04-ac9e-f178f0e381c8] GET /api/users/me - Request finished with status 304
[2025-12-08T19:23:14.630Z] [INFO] [5e753fc4-f2dd-4d3e-87c1-8b342e90275d] GET /api/users/me - Request finished with status 304
[2025-12-08T19:23:14.730Z] [INFO] [ae853352-f87a-4add-bd04-03d965dae93c] GET /api/users/me - Request finished with status 304
[2025-12-08T19:23:14.900Z] [INFO] [d056a2e4-4d8e-423a-bb02-57f2073b62ce] GET /api/notifications - Request finished with status 201
[2025-12-08T19:23:15.015Z] [INFO] [5a63b33a-ee00-459f-b7d5-d11f26276ae9] GET /api/dashboard/supplier/charts - Request finished with status 304
[2025-12-08T19:23:15.239Z] [INFO] [af474f14-ee29-4c89-a9d5-f219bcdd4c23] GET /api/users/me - Request finished with status 304
[2025-12-08T19:23:15.320Z] [INFO] [7d2d7da3-a380-4546-bdc4-3e854fa499f4] GET /api/users/me - Request finished with status 304
[2025-12-08T19:23:15.396Z] [INFO] [c239c302-f3c6-431d-bae8-05f5b3d7175d] GET /api/users/me - Request finished with status 304
[2025-12-08T19:23:15.479Z] [INFO] [4d27fe8b-93c5-4618-a07f-a30c575dfd8a] GET /api/users/me - Request finished with status 304
[2025-12-08T19:23:15.481Z] [INFO] [3491a3c4-1420-487e-ba98-27e8ef49d8f0] GET /api/dashboard/supplier/charts - Request finished with status 304
[2025-12-08T19:23:15.548Z] [INFO] [78eda1b5-e5de-492a-a082-5c623fb1d795] GET /api/dashboard/summarySupplier - Request finished with status 304
[2025-12-08T19:23:15.794Z] [INFO] [1369799e-c33a-42b6-8de4-5a9c9a8229b1] GET /api/users/me - Request finished with status 304
[2025-12-08T19:23:15.933Z] [INFO] [8899763c-80e7-42db-aa0a-c63d65bf9557] GET /api/users/me - Request finished with status 304
[2025-12-08T19:23:16.414Z] [INFO] [ed92a5c9-d07f-4714-90e2-bbf9f48253b2] GET /api/dashboard/summaryUser - Request finished with status 304
[2025-12-08T19:23:16.498Z] [INFO] [f2eeb484-fbd7-420d-8fdf-c65a72e6934c] GET /api/notifications - Request finished with status 201
[2025-12-08T19:23:16.653Z] [INFO] [1cf9e4a1-025e-4c37-9758-ad95b89b0fa0] GET /api/users/me - Request finished with status 304
[2025-12-08T19:23:16.749Z] [INFO] [12b8f778-579f-470a-b9b3-381509880534] GET /api/users/me - Request finished with status 304
[2025-12-08T19:23:16.847Z] [INFO] [28e7cb42-eb32-46b2-82cd-840d58077b3c] GET /api/users/me - Request finished with status 304
[2025-12-08T19:23:16.933Z] [INFO] [5411267e-7bd9-4515-b753-3f317394fe1f] GET /api/users/me - Request finished with status 304
[2025-12-08T19:23:17.094Z] [INFO] [de7ab41e-3928-4f79-b1a3-d1e9720527cf] GET /api/users/me - Request finished with status 304
[2025-12-08T19:23:17.180Z] [INFO] [2c6bf472-f5c4-40be-b787-f503762ee436] GET /api/users/me - Request finished with status 304
[2025-12-08T19:23:17.429Z] [INFO] [dab468d6-462e-43e1-bb14-1a5e6dd08d6b] GET /api/notifications - Request finished with status 201
[2025-12-08T19:23:17.512Z] [INFO] [b184fa56-3fcb-4f1f-8002-e9cc37e3a3f5] GET /api/dashboard/supplier/charts - Request finished with status 304
[2025-12-08T19:23:17.858Z] [INFO] [9be10640-7916-4f37-a3f2-5421ee7acff3] GET /api/users/me - Request finished with status 304
[2025-12-08T19:23:17.942Z] [INFO] [f5bf14a7-ccad-47df-a153-50410c205424] GET /api/users/me - Request finished with status 304
[2025-12-08T19:23:17.971Z] [INFO] [ab0d3086-db83-442e-88f1-73c92ba9f3d8] GET /api/dashboard/supplier/charts - Request finished with status 304
[2025-12-08T19:23:18.095Z] [INFO] [e8b8bd00-6971-40dd-bf4c-fe672d7d4986] GET /api/dashboard/summarySupplier - Request finished with status 200
[2025-12-08T19:23:18.264Z] [INFO] [34a79692-19ec-4be7-b6f0-4ebbc5d69814] GET /api/users/me - Request finished with status 304
[2025-12-08T19:23:18.365Z] [INFO] [7265c7f1-d655-49fc-b4b5-245ee2bef261] GET /api/users/me - Request finished with status 304
[2025-12-08T19:23:18.943Z] [INFO] [b65515d8-e842-499e-87f6-688a6ef9b723] GET /api/users/me - Request finished with status 304
[2025-12-08T19:23:19.528Z] [INFO] [5883b7cf-9a58-4be1-9a6d-e952f2a20019] GET /api/users/me - Request finished with status 304
[2025-12-08T19:23:19.612Z] [INFO] [d863cea1-de08-45c4-b7c0-cd022cbd6a73] GET /api/users/me - Request finished with status 304
[2025-12-08T19:23:19.692Z] [INFO] [f35ec788-0d06-460b-b580-6a4b447d34e8] GET /api/users/me - Request finished with status 304
[2025-12-08T19:23:19.778Z] [INFO] [fe56b5f8-1485-4d85-954d-535d57fb95a1] GET /api/users/me - Request finished with status 304
[2025-12-08T19:23:19.849Z] [INFO] [612c730c-a73d-4f64-bb1c-e1e475fdb5f2] GET /api/users/me - Request finished with status 200
[2025-12-08T19:23:19.947Z] [INFO] [e05d380c-6be1-4d84-941b-389633db5e3e] GET /api/users/me - Request finished with status 304
[2025-12-08T19:23:19.950Z] [INFO] [8d58117e-52ed-4a0e-ac60-4b16eeb34c9b] GET /api/users/me - Request finished with status 304
[2025-12-08T19:23:20.046Z] [INFO] [56daa0aa-0d5f-4945-9bbd-b49b1ea370f4] GET /api/users/me - Request finished with status 304
[2025-12-08T19:23:20.052Z] [INFO] [3d0b8c74-f538-4072-8b5a-659731162ba7] GET /api/users/me - Request finished with status 304
[2025-12-08T19:23:20.159Z] [INFO] [f2c8c428-aa47-410f-9e99-fd66a5e312ff] GET /api/users/me - Request finished with status 304
[2025-12-08T19:23:20.234Z] [INFO] [eb84f47f-6f40-47b7-af20-7d64b9afa836] GET /api/notifications - Request finished with status 201
[2025-12-08T19:23:20.863Z] [INFO] [879945da-ab59-4940-a624-2d1fc61840ab] GET /api/users/me - Request finished with status 304
[2025-12-08T19:23:20.954Z] [INFO] [48e6f99b-7288-406f-b8ff-bcf710cdf597] GET /api/users/me - Request finished with status 304
[2025-12-08T19:23:21.449Z] [INFO] [04c3f56a-8bb2-470f-b141-ce9dcbbdd056] GET /api/dashboard/summaryUser - Request finished with status 200
[2025-12-08T19:23:21.499Z] [INFO] [bcbb6bb0-62b1-4e02-969b-5c4fd4998842] GET /api/notifications - Request finished with status 201
[2025-12-08T19:23:23.045Z] [INFO] [c8dd7c9e-de56-473f-9bb6-a23074496330] GET /api/users/me - Request finished with status 304
[2025-12-08T19:23:23.126Z] [INFO] [6a8eb2e5-bca3-4da7-80eb-02bb6b6e9682] GET /api/users/me - Request finished with status 304
[2025-12-08T19:23:23.214Z] [INFO] [175b07c6-0a33-4d9f-a16e-ef5f44f1df7a] GET /api/users/me - Request finished with status 304
[2025-12-08T19:23:23.293Z] [INFO] [872984c4-65c2-4c70-9e70-7e0d307957f9] GET /api/users/me - Request finished with status 304
[2025-12-08T19:23:23.525Z] [INFO] [2fc4bcf8-caf7-43d9-a793-09b63b72da25] GET /api/users/me - Request finished with status 304
[2025-12-08T19:23:23.632Z] [INFO] [e1446521-c9c2-4b2a-a4f6-70bb200f0950] GET /api/users/me - Request finished with status 304
[2025-12-08T19:23:23.676Z] [INFO] [944c122a-6261-4efe-9f78-f8ca899a6769] GET /api/users/me - Request finished with status 304
[2025-12-08T19:23:23.773Z] [INFO] [c74691ac-c2a5-487c-af84-1c7c09395318] GET /api/users/me - Request finished with status 304
[2025-12-08T19:23:23.982Z] [INFO] [41e9d628-eb00-4d4f-82db-31b3680601de] GET /api/users/me - Request finished with status 304
[2025-12-08T19:23:24.075Z] [INFO] [a2159758-b0a9-4ba0-8fed-27a7deb780e4] GET /api/users/me - Request finished with status 304
[2025-12-08T19:23:24.795Z] [INFO] [1c5d91e0-72eb-4721-9136-4216c618d225] GET /api/users/me - Request finished with status 304
[2025-12-08T19:23:24.886Z] [INFO] [2f96ee5c-c4fc-4c71-b334-7648ae127705] GET /api/users/me - Request finished with status 304
[2025-12-08T19:23:25.015Z] [INFO] [2570fdea-7cb2-403a-bbc6-a2ae13ca5d3f] GET /api/users/me - Request finished with status 304
[2025-12-08T19:23:25.102Z] [INFO] [954eac34-4142-4551-bcc7-f31ec471d767] GET /api/users/me - Request finished with status 304
[2025-12-08T19:23:25.198Z] [INFO] [e8950573-8657-4622-85f5-c8b4e17200e9] GET /api/users/me - Request finished with status 304
[2025-12-08T19:23:25.283Z] [INFO] [a102d233-cc7a-46dd-838c-9096dbc4ea4c] GET /api/users/me - Request finished with status 304
[2025-12-08T19:23:25.377Z] [INFO] [57e9034c-6aab-4297-a156-fa54c8a4ac98] GET /api/notifications - Request finished with status 201
[2025-12-08T19:23:25.449Z] [INFO] [a867d0e8-ac26-401b-8be9-df1d12a84dc6] GET /api/dashboard/summaryUser - Request finished with status 200
[2025-12-08T19:23:25.530Z] [INFO] [8d63d875-6c05-4d11-8557-aee5e842be1a] GET /api/users/me - Request finished with status 304
[2025-12-08T19:23:25.670Z] [INFO] [8c14452a-9948-4a4c-ac62-c53a93b1fdac] GET /api/users/me - Request finished with status 304
[2025-12-08T19:23:25.898Z] [INFO] [500562f7-e2dd-49dc-9102-f29a6d5dfafb] GET /api/notifications - Request finished with status 201
[2025-12-08T19:23:25.904Z] [INFO] [632160a5-9058-4d5e-9025-6394bce37bf9] GET /api/dashboard/supplier/charts - Request finished with status 200
[2025-12-08T19:23:26.303Z] [INFO] [34063d60-1992-4e39-9fb2-e8373d55b035] GET /api/dashboard/summaryUser - Request finished with status 304
[2025-12-08T19:23:26.816Z] [INFO] [51db6a31-447a-41d0-bf82-5e28aca50927] GET /api/dashboard/supplier/charts - Request finished with status 304
[2025-12-08T19:23:27.093Z] [INFO] [49223a68-c01d-4b3c-b56d-42fb710087d6] GET /api/dashboard/summarySupplier - Request finished with status 200
[2025-12-08T19:23:28.736Z] [INFO] [5c4eac9e-8873-4b3b-a0fb-a61a0d5e7c6d] GET /api/users/me - Request finished with status 304
[2025-12-08T19:23:28.829Z] [INFO] [5fc4267b-4256-4216-8731-1d8acc0a1f9f] GET /api/users/me - Request finished with status 304
[2025-12-08T19:23:28.945Z] [INFO] [9b199753-9f8d-48f8-8366-94277d94b498] GET /api/users/me - Request finished with status 304
[2025-12-08T19:23:29.029Z] [INFO] [4b4ef76e-2687-4de0-a607-9f2573bf819e] GET /api/users/me - Request finished with status 304
[2025-12-08T19:23:29.206Z] [INFO] [de306960-d217-4a5b-9ef7-5ce5a8d8b3a8] GET /api/users/me - Request finished with status 304
[2025-12-08T19:23:29.403Z] [INFO] [896f6089-6920-402f-a857-899461b3e371] GET /api/users/me - Request finished with status 304
[2025-12-08T19:23:29.478Z] [INFO] [1318872f-b3eb-44ae-82b4-fce28c6d7147] GET /api/users/me - Request finished with status 304
[2025-12-08T19:23:29.480Z] [INFO] [447fb5c1-fea7-4932-be3a-29897a5e6d84] GET /api/users/me - Request finished with status 304
[2025-12-08T19:23:29.671Z] [INFO] [33f62ba2-1515-4e28-b42e-096650b69746] GET /api/users/me - Request finished with status 304
[2025-12-08T19:23:29.673Z] [INFO] [f5817dd1-c68e-47b7-955e-b94d6b18404f] GET /api/users/me - Request finished with status 304
[2025-12-08T19:23:29.751Z] [INFO] [f564e7a4-6e9f-4621-ac21-0f90f88147c7] GET /api/users/me - Request finished with status 304
[2025-12-08T19:23:29.814Z] [INFO] [113a61cf-738b-4c64-b0c5-01eca18765d5] GET /api/notifications - Request finished with status 201
[2025-12-08T19:23:29.943Z] [INFO] [4ac1f3c3-7d51-438f-9928-6ab0e0466c84] GET /api/users/me - Request finished with status 304
[2025-12-08T19:23:30.086Z] [INFO] [3afd6bde-08a7-419e-a396-998a07625936] GET /api/notifications - Request finished with status 201
[2025-12-08T19:23:30.282Z] [INFO] [b1d28d2a-2412-46cb-b6bf-4c230183d374] GET /api/dashboard/supplier/charts - Request finished with status 304
[2025-12-08T19:23:30.348Z] [INFO] [564ae4e9-9959-4b20-bf12-6b58f86f6bb0] GET /api/dashboard/summaryUser - Request finished with status 304
[2025-12-08T19:23:30.716Z] [INFO] [8bb99a94-f4c4-4c97-9c2b-8f95562b024b] GET /api/dashboard/supplier/charts - Request finished with status 304
[2025-12-08T19:23:30.864Z] [INFO] [3d5204e5-05b9-4998-8a42-8824740fe001] GET /api/dashboard/summarySupplier - Request finished with status 200
[2025-12-08T19:23:31.003Z] [INFO] [3fcd2f97-d8cf-42d8-8110-f50cd2971d89] GET /api/dashboard/summaryUser - Request finished with status 304
[2025-12-08T19:23:31.863Z] [INFO] [c71a7696-b4bd-4554-8de0-68445f370952] GET /api/dashboard/summarySupplier - Request finished with status 304
[2025-12-08T19:24:21.089Z] [INFO] [0d9edcd3-e837-4319-8aae-e6bcd6d2fb90] GET /api/users/me - Request finished with status 304
[2025-12-08T19:24:21.174Z] [INFO] [228e2563-ca0d-4528-abce-32173c0aaa59] GET /api/users/me - Request finished with status 304
[2025-12-08T19:24:21.264Z] [INFO] [fe4c2e2a-3cf2-48d7-82e6-e15e6e56cf41] GET /api/users/me - Request finished with status 304
[2025-12-08T19:24:21.352Z] [INFO] [a09b6cd3-466b-4aab-b5bd-59b2b4d23343] GET /api/users/me - Request finished with status 304
[2025-12-08T19:24:21.481Z] [INFO] [da7a4202-c0eb-4d9b-8fe4-459f9ccaf849] GET /api/users/me - Request finished with status 304
[2025-12-08T19:24:21.561Z] [INFO] [e3b27ebf-a239-4185-8e78-5d2a1f7fad3a] GET /api/users/me - Request finished with status 304
[2025-12-08T19:24:21.714Z] [INFO] [1126ca9e-8c06-4e0e-bf17-0ee029e86b69] GET /api/notifications - Request finished with status 201
[2025-12-08T19:24:22.094Z] [INFO] [0783b0ea-c958-425b-a946-bd78dfbf045f] GET /api/dashboard/summaryUser - Request finished with status 304
[2025-12-08T19:24:22.762Z] [INFO] [49d28254-d97e-459f-a0a6-5e759504bd99] GET /api/dashboard/summaryUser - Request finished with status 304
[2025-12-08T19:24:25.483Z] [INFO] [811299f8-b5af-4dcc-9048-d55a207c7eb9] GET /api/notifications - Request finished with status 201
[2025-12-08T19:24:25.635Z] [INFO] [31e984bd-7e2b-4bc7-b577-1b3bccc40bc4] GET /api/notifications - Request finished with status 201
[2025-12-08T19:24:30.008Z] [INFO] [62ae4461-f679-4a5d-9174-955fe79a1115] GET /api/dashboard/summaryUser - Request finished with status 304
[2025-12-08T19:24:30.688Z] [INFO] [757c349e-f24a-47e7-ad7c-9b282bf2b82b] GET /api/dashboard/summaryUser - Request finished with status 304
[2025-12-08T19:24:33.261Z] [INFO] [c2c16c20-a67f-4f46-a30b-c14d545897c8] GET /api/events - Request finished with status 304
[2025-12-08T19:24:33.410Z] [INFO] [c8c5318e-f15e-40d2-8a0d-aa4d5e431d3d] GET /api/contracts?page=1&debouncedSearch= - Request finished with status 304
[2025-12-08T19:24:33.425Z] [INFO] [30855b98-984d-4866-ab22-690f0fcab58f] GET /api/events - Request finished with status 304
[2025-12-08T19:24:33.553Z] [INFO] [b47a1449-2b5d-4786-9a87-d6a06d57689e] GET /api/file/download-url?fileKey=signature-691aeaf86edc75408bc163fb-1765105439401.png - Request finished with status 200
[2025-12-08T19:24:33.659Z] [INFO] [10542b0f-a88a-429d-8eb9-01cf023c4cbf] GET /api/file/download-url?fileKey=signature-692443542c5dca0d93fef933-1765105848484.png - Request finished with status 200
[2025-12-08T19:24:33.739Z] [INFO] [a2d3bdfd-a338-4add-8fa9-efcae9bfda40] GET /api/contracts?page=1&debouncedSearch= - Request finished with status 304
[2025-12-08T19:24:33.764Z] [INFO] [2af4c4d7-3f76-4a86-a861-33aa776f8e6f] GET /api/file/download-url?fileKey=signature-692443542c5dca0d93fef933-1765105848484.png - Request finished with status 304
[2025-12-08T19:24:33.784Z] [INFO] [a285a04d-1916-4a94-90a0-d38418f135fb] GET /api/file/download-url?fileKey=signature-69199cc2bbddcbafdd8f18e8-1765101355602.png - Request finished with status 200
[2025-12-08T19:24:33.869Z] [INFO] [f7fc047f-73a4-47cc-b181-ad50bb83bd26] GET /api/file/download-url?fileKey=signature-69199cc2bbddcbafdd8f18e8-1765101355602.png - Request finished with status 304
[2025-12-08T19:24:33.875Z] [INFO] [2927a36c-d253-4f40-b050-aa7a340024ee] GET /api/file/download-url?fileKey=signature-69199cc2bbddcbafdd8f18e8-1765101355602.png - Request finished with status 304
[2025-12-08T19:24:33.884Z] [INFO] [20777129-0a84-49c8-8980-a385969a8a80] GET /api/file/download-url?fileKey=signature-692443542c5dca0d93fef933-1765045981346.png - Request finished with status 200
[2025-12-08T19:24:33.890Z] [INFO] [6b29ae6b-a974-4a9b-82ce-140b6658c4e8] GET /api/file/download-url?fileKey=signature-692443542c5dca0d93fef933-1765045981346.png - Request finished with status 304
[2025-12-08T19:24:33.967Z] [INFO] [0ef87101-bd50-46f2-8ad3-a2ab1b974590] GET /api/file/download-url?fileKey=signature-692443542c5dca0d93fef933-1765045981346.png - Request finished with status 304
[2025-12-08T19:24:33.981Z] [INFO] [a0536233-874d-4bac-96a7-db13af9b87a8] GET /api/file/download-url?fileKey=signature-692443542c5dca0d93fef933-1765045981346.png - Request finished with status 304
[2025-12-08T19:24:33.989Z] [INFO] [aedec843-84d4-4241-a28f-4bced6406a2c] GET /api/file/download-url?fileKey=signature-69199cc2bbddcbafdd8f18e8-1765101381514.png - Request finished with status 200
[2025-12-08T19:24:33.995Z] [INFO] [dffffe71-7654-4618-9d01-304e5098467a] GET /api/file/download-url?fileKey=signature-69199cc2bbddcbafdd8f18e8-1765101381514.png - Request finished with status 304
[2025-12-08T19:24:33.998Z] [INFO] [84051304-bae2-42a2-97d9-353dd3371595] GET /api/file/download-url?fileKey=signature-69199cc2bbddcbafdd8f18e8-1765101381514.png - Request finished with status 304
[2025-12-08T19:24:34.077Z] [INFO] [adb21133-d914-44ec-ba5d-899b5cef91b4] GET /api/file/download-url?fileKey=signature-69199cc2bbddcbafdd8f18e8-1765101381514.png - Request finished with status 200
[2025-12-08T19:24:34.086Z] [INFO] [649b2f0a-27d3-4776-a599-00c901647799] GET /api/file/download-url?fileKey=signature-69199cc2bbddcbafdd8f18e8-1765101381514.png - Request finished with status 304
[2025-12-08T19:24:34.091Z] [INFO] [43fcb588-adf2-4779-bf32-edc11ae94fc3] GET /api/file/download-url?fileKey=signature-692443542c5dca0d93fef933-1765045990016.png - Request finished with status 200
[2025-12-08T19:24:34.103Z] [INFO] [508f45b8-67d0-4465-ada3-4099b1ca3277] GET /api/file/download-url?fileKey=signature-692443542c5dca0d93fef933-1765045990016.png - Request finished with status 304
[2025-12-08T19:24:34.107Z] [INFO] [3d52b73c-c6ad-453b-b726-91df46855ac8] GET /api/file/download-url?fileKey=signature-692443542c5dca0d93fef933-1765045990016.png - Request finished with status 304
[2025-12-08T19:24:34.112Z] [INFO] [53cb8a3d-a4d8-4f85-b0c6-30b069cffb2c] GET /api/file/download-url?fileKey=signature-692443542c5dca0d93fef933-1765045990016.png - Request finished with status 304
[2025-12-08T19:24:34.195Z] [INFO] [45afe516-b75b-4719-9db7-145896103360] GET /api/file/download-url?fileKey=signature-692443542c5dca0d93fef933-1765045990016.png - Request finished with status 304
[2025-12-08T19:24:34.212Z] [INFO] [06930014-4820-4057-8f88-ab3f6523a9a2] GET /api/file/download-url?fileKey=signature-692443542c5dca0d93fef933-1765045990016.png - Request finished with status 304
[2025-12-08T19:24:40.390Z] [INFO] [9313e5ef-33be-46e8-ac90-d510785d16c7] GET /api/file/upload-url?fileName=signature-692443542c5dca0d93fef933-1765221880377.png&contentType=image%2Fpng - Request finished with status 200
[2025-12-08T19:24:41.740Z] [ERROR] [b2fd35fb-25a4-4f2f-ac42-09dc97147e8f] POST /api/contracts/6936e8c5de5d9e819f1af241/sign -      .    .
[2025-12-08T19:24:41.754Z] [INFO] [b2fd35fb-25a4-4f2f-ac42-09dc97147e8f] POST /api/contracts/6936e8c5de5d9e819f1af241/sign - Request finished with status 400
[2025-12-08T19:24:48.887Z] [INFO] [0ef321c5-0d01-45f6-8839-05959a707f74] GET /api/requests/supplier - Request finished with status 304
[2025-12-08T19:24:49.112Z] [INFO] [6bcb187c-1deb-417a-959c-99fa2746df6c] GET /api/contracts/supplier?page=1&debouncedSearch= - Request finished with status 304
[2025-12-08T19:24:49.218Z] [INFO] [dfdfdd69-9633-4b13-bd5f-27d2dbeb1f60] GET /api/file/download-url?fileKey=signature-69199cc2bbddcbafdd8f18e8-1765101355602.png - Request finished with status 200
[2025-12-08T19:24:49.235Z] [INFO] [a75884db-b42c-4232-b0ab-ffb34adbc7dc] GET /api/file/download-url?fileKey=signature-692443542c5dca0d93fef933-1765045981346.png - Request finished with status 200
[2025-12-08T19:24:49.282Z] [INFO] [e9d16724-d909-4823-a64b-691a7b97ba0a] GET /api/requests/supplier - Request finished with status 304
[2025-12-08T19:24:49.303Z] [INFO] [0fd9166e-11c2-4041-a6a0-eac95219e472] GET /api/file/download-url?fileKey=signature-69199cc2bbddcbafdd8f18e8-1765101381514.png - Request finished with status 200
[2025-12-08T19:24:49.308Z] [INFO] [fc62d157-f6ad-4bbe-8c3e-1f30df8c345e] GET /api/file/download-url?fileKey=signature-692443542c5dca0d93fef933-1765045981346.png - Request finished with status 304
[2025-12-08T19:24:49.386Z] [INFO] [6e33662e-89c2-400e-bc01-49f3615506d7] GET /api/file/download-url?fileKey=signature-69199cc2bbddcbafdd8f18e8-1765101381514.png - Request finished with status 304
[2025-12-08T19:24:49.390Z] [INFO] [881ad90c-d76b-4ba2-9c02-fda78dc4241b] GET /api/file/download-url?fileKey=signature-692443542c5dca0d93fef933-1765045990016.png - Request finished with status 200
[2025-12-08T19:24:49.394Z] [INFO] [f9e58dd2-711b-4d07-aa75-3cdfa22caa6b] GET /api/file/download-url?fileKey=signature-69199cc2bbddcbafdd8f18e8-1765101381514.png - Request finished with status 304
[2025-12-08T19:24:49.454Z] [INFO] [f39b68e3-01d5-4cdb-a9ca-63ddd52e281b] GET /api/file/download-url?fileKey=signature-692443542c5dca0d93fef933-1765045990016.png - Request finished with status 304
[2025-12-08T19:24:49.458Z] [INFO] [e57ad062-be80-45e5-9c11-27dcd02b059f] GET /api/file/download-url?fileKey=signature-69199cc2bbddcbafdd8f18e8-1765101399952.png - Request finished with status 200
[2025-12-08T19:24:49.462Z] [INFO] [eb81dac4-a8fd-4616-87c2-f3864404940b] GET /api/file/download-url?fileKey=signature-692443542c5dca0d93fef933-1765045990016.png - Request finished with status 304
[2025-12-08T19:24:49.465Z] [INFO] [b0478829-5e26-4722-893b-181732f66e99] GET /api/file/download-url?fileKey=signature-692443542c5dca0d93fef933-1765045990016.png - Request finished with status 304
[2025-12-08T19:24:49.521Z] [INFO] [ea36e3f8-9038-4208-9950-a37f85f59155] GET /api/contracts/supplier?page=1&debouncedSearch= - Request finished with status 304
[2025-12-08T19:24:49.528Z] [INFO] [650130ea-ff97-4f44-8e96-8ac5d536111d] GET /api/file/download-url?fileKey=signature-69199cc2bbddcbafdd8f18e8-1765101399952.png - Request finished with status 304
[2025-12-08T19:24:49.532Z] [INFO] [3cff549c-e513-491b-9e71-d70c3708065d] GET /api/file/download-url?fileKey=signature-692443542c5dca0d93fef933-1765044795905.png - Request finished with status 200
[2025-12-08T19:24:49.535Z] [INFO] [52b843d5-2157-4bd5-92ab-1c1b070fc030] GET /api/file/download-url?fileKey=signature-69199cc2bbddcbafdd8f18e8-1765101399952.png - Request finished with status 304
[2025-12-08T19:24:49.539Z] [INFO] [b005a49b-950d-4eb5-a324-aaccd75f702e] GET /api/file/download-url?fileKey=signature-69199cc2bbddcbafdd8f18e8-1765101399952.png - Request finished with status 304
[2025-12-08T19:24:49.543Z] [INFO] [424ef8c9-65b5-47dd-8ce7-8023b23c4602] GET /api/file/download-url?fileKey=signature-69199cc2bbddcbafdd8f18e8-1765101399952.png - Request finished with status 304
[2025-12-08T19:24:49.599Z] [INFO] [4d0c22fd-4cf4-40c4-ac49-765700986990] GET /api/file/download-url?fileKey=signature-692443542c5dca0d93fef933-1765044795905.png - Request finished with status 304
[2025-12-08T19:24:49.664Z] [INFO] [bd9f9db4-d6b2-486d-8684-0bd0151c19a4] GET /api/file/download-url?fileKey=signature-692443542c5dca0d93fef933-1765044795905.png - Request finished with status 304
[2025-12-08T19:24:49.668Z] [INFO] [31bf0507-b19a-4347-aed5-471fb083ab88] GET /api/file/download-url?fileKey=signature-692443542c5dca0d93fef933-1765044795905.png - Request finished with status 304
[2025-12-08T19:24:49.671Z] [INFO] [127f413d-491b-43e2-af1a-3549f3205c18] GET /api/file/download-url?fileKey=signature-692443542c5dca0d93fef933-1765044795905.png - Request finished with status 304
[2025-12-08T19:24:49.675Z] [INFO] [ac5ce080-d991-4085-9081-8199f2f16d35] GET /api/file/download-url?fileKey=signature-692443542c5dca0d93fef933-1765044795905.png - Request finished with status 304
[2025-12-08T19:24:49.679Z] [INFO] [6d1cd249-44e7-4593-ab4b-0c189d26f5dd] GET /api/file/download-url?fileKey=signature-692443542c5dca0d93fef933-1765044795905.png - Request finished with status 304
[2025-12-08T19:25:00.502Z] [INFO] [8a037c57-7ac4-41b5-9a0e-cb4f63ff61cd] GET /api/file/upload-url?fileName=signature-69199cc2bbddcbafdd8f18e8-1765221900490.png&contentType=image%2Fpng - Request finished with status 200
[2025-12-08T19:25:02.960Z] [INFO] [b1c7d2fb-a8a9-4f64-9fa9-3974bc6dd013] POST /api/contracts/6936e8c5de5d9e819f1af241/sign - Request finished with status 200
[2025-12-08T19:25:03.049Z] [INFO] [b5984811-3d85-47ff-9c2f-5244525845e3] GET /api/file/download-url?fileKey=signature-69199cc2bbddcbafdd8f18e8-1765221900490.png - Request finished with status 200
[2025-12-08T19:25:19.578Z] [INFO] [ffea6d01-4627-4e96-bd03-c75fbc1df27d] GET /api/notifications - Request finished with status 201
[2025-12-08T19:25:19.741Z] [INFO] [9623caac-79a8-48d8-9115-cbc7221a059d] GET /api/notifications - Request finished with status 201
[2025-12-08T20:48:00.920Z] [INFO] [186afb89-361f-4aa2-b7bc-21a74359f1f1] GET /api/dashboard/summaryUser - Request finished with status 304
[2025-12-08T20:48:01.741Z] [INFO] [8642e6d7-6505-4338-a32e-661c60ab1161] GET /api/dashboard/summaryUser - Request finished with status 304
[2025-12-08T20:48:59.875Z] [INFO] [7521e59a-7aa8-4210-9449-cddc202cb0a0] GET /api/dashboard/supplier/charts - Request finished with status 304
[2025-12-08T20:49:00.503Z] [INFO] [e8b93951-00e1-4abe-b972-7330a8bc4b84] GET /api/dashboard/summarySupplier - Request finished with status 304
[2025-12-08T20:49:00.506Z] [INFO] [231cb9c4-b778-45ba-a1f0-0628196739d1] GET /api/dashboard/supplier/charts - Request finished with status 304
[2025-12-08T20:49:01.579Z] [INFO] [de83efe3-e04d-413c-b64c-898a65d8d1ee] GET /api/dashboard/summarySupplier - Request finished with status 304
[2025-12-08T20:49:13.534Z] [INFO] [aaf8a2c7-4bdd-4d7f-bd2b-74cc19f4ba5f] GET /api/users/me - Request finished with status 304
[2025-12-08T20:49:13.626Z] [INFO] [f7460123-cd60-4b48-b37c-cc8f781a52cc] GET /api/users/me - Request finished with status 304
[2025-12-08T20:49:13.736Z] [INFO] [f85dad72-53de-46da-9745-f9813a941130] GET /api/users/me - Request finished with status 304
[2025-12-08T20:49:13.824Z] [INFO] [31d68975-9af6-4246-9c36-789de1536182] GET /api/users/me - Request finished with status 304
[2025-12-08T20:49:13.906Z] [INFO] [216d4fde-005f-4089-a76a-c553c1f03354] GET /api/users/me - Request finished with status 304
[2025-12-08T20:49:13.997Z] [INFO] [bff0bc66-485f-49d7-ae25-e3c78ff58cc4] GET /api/users/me - Request finished with status 304
[2025-12-08T20:49:14.125Z] [INFO] [e2968cef-89cb-48ac-9ee7-f2c2757492fe] GET /api/notifications - Request finished with status 201
[2025-12-08T20:49:14.603Z] [INFO] [5642e539-a141-4b0e-85d0-44ae4d799cb4] GET /api/dashboard/summaryUser - Request finished with status 304
[2025-12-08T20:49:15.524Z] [INFO] [fe1cabd2-36bc-4293-ab39-0280c8873bb5] GET /api/dashboard/summaryUser - Request finished with status 304
[2025-12-08T20:52:58.109Z] [INFO] [2ffab098-436a-4e8f-9185-c982ee83e3ec] GET /api/dashboard/supplier/charts - Request finished with status 304
[2025-12-08T20:52:58.318Z] [INFO] [138e9cdb-71f4-40c2-959f-73edfd84b308] GET /api/dashboard/summaryUser - Request finished with status 304
[2025-12-08T20:52:58.561Z] [INFO] [76822075-79b3-46f9-a3e3-3a6fcc6a90d9] GET /api/dashboard/supplier/charts - Request finished with status 304
[2025-12-08T20:52:58.614Z] [INFO] [a0fbcdfe-cbc4-4302-9727-b5f6a4dca1fb] GET /api/dashboard/summarySupplier - Request finished with status 304
[2025-12-08T20:52:59.067Z] [INFO] [b653fb60-e97a-4441-8864-b9ae37890d58] GET /api/dashboard/summaryUser - Request finished with status 304
[2025-12-08T20:52:59.803Z] [INFO] [c46020de-c73a-4eef-95bb-1bb5a8791f7e] GET /api/dashboard/summarySupplier - Request finished with status 304
[2025-12-08T20:56:57.308Z] [INFO] [42555fb1-9733-42eb-80a5-2d508f5a23bb] GET /api/requests/supplier?page=1&limit=10&debouncedSearch= - Request finished with status 304
[2025-12-08T20:56:57.775Z] [INFO] [42d5a386-1017-4e87-99a8-10aa03f89f0d] GET /api/requests/supplier?page=1&limit=10&debouncedSearch= - Request finished with status 304
[2025-12-08T20:57:36.907Z] [INFO] [a37bb5fc-c396-47dc-8f7f-2c5c4eccecfa] GET /api/dashboard/supplier/charts - Request finished with status 304
[2025-12-08T20:57:37.727Z] [INFO] [7d2a6a6e-4fba-4410-833b-a0de34e812ff] GET /api/dashboard/summarySupplier - Request finished with status 304
[2025-12-08T20:57:37.729Z] [INFO] [76b0a852-7113-4995-a64e-94f4cb3ff7e2] GET /api/dashboard/supplier/charts - Request finished with status 304
[2025-12-08T20:57:38.956Z] [INFO] [5b2cc12a-f5b2-4623-ae4c-9bbc62e2cb1b] GET /api/dashboard/summarySupplier - Request finished with status 304
[2025-12-08T20:58:13.849Z] [INFO] [68ef594d-7287-40f4-8d3c-88496a59ad88] GET /api/requests/supplier?page=1&limit=10&debouncedSearch= - Request finished with status 304
[2025-12-08T20:58:14.182Z] [INFO] [6e519e77-1765-43e5-90e4-4c32ef2a564f] GET /api/requests/supplier?page=1&limit=10&debouncedSearch= - Request finished with status 304
[2025-12-08T20:58:14.794Z] [INFO] [2536dbc5-e0b2-453a-bbec-c1c461dc931b] GET /api/file/download-url?fileKey=signature-69199cc2bbddcbafdd8f18e8-1765221900490.png - Request finished with status 200
[2025-12-08T20:58:14.802Z] [INFO] [41527ce7-1edc-4f06-8566-dd3bc40b9678] GET /api/file/download-url?fileKey=signature-69199cc2bbddcbafdd8f18e8-1765221900490.png - Request finished with status 304
[2025-12-08T20:58:14.807Z] [INFO] [6ebb2bed-45f4-4c56-bac5-025f7a824535] GET /api/file/download-url?fileKey=signature-69199cc2bbddcbafdd8f18e8-1765101355602.png - Request finished with status 200
[2025-12-08T20:58:14.815Z] [INFO] [5fa6aaff-8999-4511-a6d5-494109a29d55] GET /api/file/download-url?fileKey=signature-69199cc2bbddcbafdd8f18e8-1765101355602.png - Request finished with status 304
[2025-12-08T20:58:14.821Z] [INFO] [7e9446bf-31e7-472c-8778-67991872788e] GET /api/file/download-url?fileKey=signature-692443542c5dca0d93fef933-1765045981346.png - Request finished with status 200
[2025-12-08T20:58:14.826Z] [INFO] [f72cfc8a-df79-441d-9bf1-af8d0e5b8317] GET /api/file/download-url?fileKey=signature-69199cc2bbddcbafdd8f18e8-1765101355602.png - Request finished with status 304
[2025-12-08T20:58:14.830Z] [INFO] [405980eb-90d8-4afa-8ced-ac316bcd94d9] GET /api/file/download-url?fileKey=signature-692443542c5dca0d93fef933-1765045981346.png - Request finished with status 304
[2025-12-08T20:58:14.834Z] [INFO] [13b65204-1baf-4a5b-b33d-ceb6d99a1950] GET /api/file/download-url?fileKey=signature-69199cc2bbddcbafdd8f18e8-1765101381514.png - Request finished with status 200
[2025-12-08T20:58:14.841Z] [INFO] [6f2d3c9a-9df6-4966-81a6-33402e4e93d2] GET /api/file/download-url?fileKey=signature-692443542c5dca0d93fef933-1765045981346.png - Request finished with status 304
[2025-12-08T20:58:14.846Z] [INFO] [5ab1f694-5a78-4c02-a87d-db435f69cc0d] GET /api/file/download-url?fileKey=signature-692443542c5dca0d93fef933-1765045981346.png - Request finished with status 304
[2025-12-08T20:58:14.850Z] [INFO] [e35aa0c4-ba0a-4c3f-8634-057a0b6e6d3c] GET /api/file/download-url?fileKey=signature-69199cc2bbddcbafdd8f18e8-1765101381514.png - Request finished with status 304
[2025-12-08T20:58:14.856Z] [INFO] [7895d160-0de7-49c4-8c81-80a004af2879] GET /api/file/download-url?fileKey=signature-692443542c5dca0d93fef933-1765045990016.png - Request finished with status 200
[2025-12-08T20:58:14.862Z] [INFO] [a599ec57-bb18-45be-ab02-cad7d12cbb8d] GET /api/file/download-url?fileKey=signature-69199cc2bbddcbafdd8f18e8-1765101381514.png - Request finished with status 304
[2025-12-08T20:58:14.865Z] [INFO] [1322ed1f-ba29-460e-b017-2d9899620d3a] GET /api/file/download-url?fileKey=signature-69199cc2bbddcbafdd8f18e8-1765101381514.png - Request finished with status 304
[2025-12-08T20:58:14.872Z] [INFO] [6124c10d-385e-4822-a511-fc610a22b232] GET /api/file/download-url?fileKey=signature-692443542c5dca0d93fef933-1765045990016.png - Request finished with status 304
[2025-12-08T20:58:14.876Z] [INFO] [528178df-c479-41bd-a8ae-9da4364ac697] GET /api/file/download-url?fileKey=signature-69199cc2bbddcbafdd8f18e8-1765101381514.png - Request finished with status 304
[2025-12-08T20:58:14.880Z] [INFO] [d4919051-58e9-4c33-884d-04d3068d0c57] GET /api/file/download-url?fileKey=signature-69199cc2bbddcbafdd8f18e8-1765101399952.png - Request finished with status 200
[2025-12-08T20:58:14.885Z] [INFO] [6c0c1f4e-a21e-4957-8c36-4e15d58b0bb8] GET /api/file/download-url?fileKey=signature-692443542c5dca0d93fef933-1765045990016.png - Request finished with status 304
[2025-12-08T20:58:14.892Z] [INFO] [13977d14-07f3-4c83-a2ee-c755f32dc4fc] GET /api/file/download-url?fileKey=signature-69199cc2bbddcbafdd8f18e8-1765101399952.png - Request finished with status 304
[2025-12-08T20:58:14.895Z] [INFO] [dcc07671-07de-4f46-b83c-c8b5e30aade1] GET /api/file/download-url?fileKey=signature-692443542c5dca0d93fef933-1765045990016.png - Request finished with status 304
[2025-12-08T20:58:14.903Z] [INFO] [8fbdeb9a-853b-467a-a431-f7d02170f3d6] GET /api/file/download-url?fileKey=signature-692443542c5dca0d93fef933-1765044795905.png - Request finished with status 200
[2025-12-08T20:58:14.910Z] [INFO] [3de3f0b6-0670-4a57-b948-4d33ac09e214] GET /api/file/download-url?fileKey=signature-69199cc2bbddcbafdd8f18e8-1765101399952.png - Request finished with status 304
[2025-12-08T20:58:14.913Z] [INFO] [dad76e44-f8bb-4ba1-bee2-aeafc50311da] GET /api/file/download-url?fileKey=signature-692443542c5dca0d93fef933-1765045990016.png - Request finished with status 304
[2025-12-08T20:58:14.917Z] [INFO] [e3a3928b-b397-486c-8038-77b16abeffac] GET /api/file/download-url?fileKey=signature-692443542c5dca0d93fef933-1765044795905.png - Request finished with status 304
[2025-12-08T20:58:14.923Z] [INFO] [a956e871-a4d9-42f4-bfd2-f77de2cbdb12] GET /api/file/download-url?fileKey=signature-69199cc2bbddcbafdd8f18e8-1765101399952.png - Request finished with status 304
[2025-12-08T20:58:14.926Z] [INFO] [28facce8-f07a-405c-8b82-f64405bfd211] GET /api/file/download-url?fileKey=signature-692443542c5dca0d93fef933-1765045990016.png - Request finished with status 304
[2025-12-08T20:58:14.930Z] [INFO] [2c1d2dfb-b332-4c8c-b2b5-090466eba83b] GET /api/file/download-url?fileKey=signature-692443542c5dca0d93fef933-1765044795905.png - Request finished with status 304
[2025-12-08T20:58:14.933Z] [INFO] [76d9ce6a-1fe3-4c74-b6ff-857228e9ad5b] GET /api/file/download-url?fileKey=signature-69199cc2bbddcbafdd8f18e8-1765101399952.png - Request finished with status 304
[2025-12-08T20:58:14.938Z] [INFO] [497a59ff-4ca1-4997-acd1-24826317957d] GET /api/file/download-url?fileKey=signature-692443542c5dca0d93fef933-1765044795905.png - Request finished with status 304
[2025-12-08T20:58:14.941Z] [INFO] [c506fc9c-99b8-4096-a286-3a4316abbbdf] GET /api/file/download-url?fileKey=signature-69199cc2bbddcbafdd8f18e8-1765101399952.png - Request finished with status 304
[2025-12-08T20:58:14.943Z] [INFO] [613355b2-6b76-4869-ab07-8feee0795f24] GET /api/file/download-url?fileKey=signature-692443542c5dca0d93fef933-1765044795905.png - Request finished with status 304
[2025-12-08T20:58:14.947Z] [INFO] [4f08fc5a-183b-40ec-a73f-f9711bb8f0d9] GET /api/file/download-url?fileKey=signature-69199cc2bbddcbafdd8f18e8-1765101399952.png - Request finished with status 304
[2025-12-08T20:58:14.950Z] [INFO] [fcf4f082-fbfb-4b7c-9716-0571f686e8b3] GET /api/file/download-url?fileKey=signature-692443542c5dca0d93fef933-1765044795905.png - Request finished with status 304
[2025-12-08T20:58:14.954Z] [INFO] [969cbb7a-7113-4c3c-bfdb-17bf4fdb0d5f] GET /api/file/download-url?fileKey=signature-692443542c5dca0d93fef933-1765044795905.png - Request finished with status 304
[2025-12-08T20:58:14.957Z] [INFO] [42c0269d-9052-4f4a-8f1d-9b7ed41fb251] GET /api/file/download-url?fileKey=signature-692443542c5dca0d93fef933-1765044795905.png - Request finished with status 304
[2025-12-08T20:58:15.641Z] [INFO] [1fc6c08d-ae3e-4c2d-9d58-9cba15b354c5] GET /api/contracts/supplier?page=1&debouncedSearch= - Request finished with status 200
[2025-12-08T20:58:16.205Z] [INFO] [e1267151-8f6e-4eff-9d9b-a62a182dd9c0] GET /api/contracts/supplier?page=1&debouncedSearch= - Request finished with status 304
[2025-12-08T20:58:16.638Z] [INFO] [f7644e36-3347-4d3e-a89c-c14d3bf7555b] GET /api/threads/supplier - Request finished with status 304
[2025-12-08T20:58:16.640Z] [INFO] [7e4fe2f2-fd94-4cfb-9a1a-16c3cd461ef7] GET /api/requests/supplier - Request finished with status 304
[2025-12-08T20:58:16.983Z] [INFO] [5b73db38-573d-4a3a-ab96-f9c96e5b0367] GET /api/requests/supplier - Request finished with status 304
[2025-12-08T20:58:17.070Z] [INFO] [8f413ef6-7784-4912-9ed0-eef7af2e7edd] GET /api/threads/supplier - Request finished with status 304
[2025-12-08T20:58:19.805Z] [INFO] [d4486e59-dd83-4348-93d9-d8ab392b6b84] GET /api/messages/6936e85ede5d9e819f1af16e - Request finished with status 200
[2025-12-08T20:58:34.868Z] [INFO] [52a7a01a-0662-4b0b-951d-ae8119245446] GET /api/threads/user - Request finished with status 304
[2025-12-08T20:58:35.379Z] [INFO] [9e9fd933-750a-4be6-ad1a-9700b378a1af] GET /api/threads/user - Request finished with status 304
[2025-12-08T20:58:36.338Z] [INFO] [4d655cc2-02c7-4fd9-84fe-ca23f771b155] GET /api/messages/6936e85ede5d9e819f1af16e - Request finished with status 200
[2025-12-08T20:58:40.190Z] [INFO] [4ed6a3a6-ed58-43e3-886b-aa73ad05ced4] GET /api/notifications - Request finished with status 201
[2025-12-08T20:58:40.467Z] [INFO] [714a47fd-f7ec-4d59-aaf2-7aee740892c8] GET /api/notifications - Request finished with status 201
[2025-12-08T20:58:43.611Z] [INFO] [3c6a6dcc-6d4a-4406-8b05-73d31608ef8c] GET /api/dashboard/summaryUser - Request finished with status 304
[2025-12-08T20:58:44.305Z] [INFO] [877e6c95-4872-4d75-b17a-475172e34dd8] GET /api/dashboard/summaryUser - Request finished with status 304
