[2025-12-08T22:35:57.710Z] [INFO] [210ae328-7755-4c00-82e5-29cefb769f0d] GET /api/users/me - Request finished with status 304
[2025-12-08T22:35:57.841Z] [INFO] [2884c96b-3319-431d-862e-bc98f78ddfb9] GET /api/users/me - Request finished with status 304
[2025-12-08T22:35:57.920Z] [INFO] [cafc858f-bd5c-4a81-b29e-92006c635f53] GET /api/users/me - Request finished with status 304
[2025-12-08T22:35:58.003Z] [INFO] [a3276d56-0df9-4a8f-a64a-bed3718feea6] GET /api/users/me - Request finished with status 304
[2025-12-08T22:35:58.091Z] [INFO] [b4722792-9cd7-42b4-a7c0-f91da18618e5] GET /api/users/me - Request finished with status 304
[2025-12-08T22:35:58.166Z] [INFO] [20e065e7-a313-45db-8900-63fc2d839354] GET /api/users/me - Request finished with status 304
[2025-12-08T22:35:58.306Z] [INFO] [a6f4a1d5-9bc2-481e-90ca-5a264d010673] GET /api/notifications - Request finished with status 201
[2025-12-08T22:35:59.694Z] [INFO] [a0e2f3ba-f4c2-43ca-af92-8d305bfe6e1b] GET /api/dashboard/supplier/charts - Request finished with status 304
[2025-12-08T22:35:59.773Z] [INFO] [278b2774-c542-42e4-9a69-9a1ae044d934] GET /api/dashboard/summarySupplier - Request finished with status 200
[2025-12-08T22:36:00.458Z] [INFO] [b8ab89c3-fdbf-458e-a6b1-6f88ff505f4f] GET /api/dashboard/supplier/charts - Request finished with status 304
[2025-12-08T22:36:01.173Z] [INFO] [aadde2f9-93c3-4839-9b47-d7532c14850d] GET /api/dashboard/summarySupplier - Request finished with status 304
[2025-12-09T10:38:59.428Z] [INFO] [01dcdef2-eab0-4f7c-9791-230c8f90fa70] GET /api/users/me - Request finished with status 304
[2025-12-09T10:38:59.504Z] [INFO] [a83d7a9d-6597-4526-9ee8-3085914d58a9] GET /api/users/me - Request finished with status 304
[2025-12-09T10:38:59.582Z] [INFO] [c97a8297-b6c3-4de3-b0b8-27ef9d7308ce] GET /api/users/me - Request finished with status 304
[2025-12-09T10:38:59.659Z] [INFO] [f0dc8406-1807-4256-9af5-c1615203f30b] GET /api/users/me - Request finished with status 304
[2025-12-09T10:38:59.737Z] [INFO] [8b2fce77-f313-419b-a137-ef419d29f7a5] GET /api/users/me - Request finished with status 304
[2025-12-09T10:38:59.817Z] [INFO] [729e594d-59ab-42be-b561-aa51c41ec2bf] GET /api/users/me - Request finished with status 304
[2025-12-09T10:38:59.982Z] [INFO] [072192dd-6b91-4916-8351-827c1a1a88b4] GET /api/notifications - Request finished with status 201
[2025-12-09T10:39:01.334Z] [INFO] [53e125c5-c4e4-4848-88f1-b085cc15bfb4] GET /api/dashboard/summaryUser - Request finished with status 200
[2025-12-09T10:39:01.525Z] [INFO] [6d9e98d4-4afd-470e-b0b2-ac3f085aa07a] GET /api/dashboard/user/charts - Request finished with status 200
[2025-12-09T10:39:01.948Z] [INFO] [efa03437-7053-460d-b006-7e7e4f9abb9e] GET /api/dashboard/user/charts - Request finished with status 304
[2025-12-09T10:39:02.038Z] [INFO] [83671cc6-4138-4c30-a66a-fa66c094e9df] GET /api/dashboard/summaryUser - Request finished with status 304
[2025-12-09T10:39:02.287Z] [INFO] [d2f37f66-c1a2-4310-be38-748b25010e5e] GET /api/events/types - Request finished with status 304
[2025-12-09T10:39:02.407Z] [INFO] [a7ef73e3-b4ee-4650-9c89-5d9eaaf9d150] GET /api/events - Request finished with status 200
[2025-12-09T10:39:02.409Z] [INFO] [61f7b5d5-1619-419c-b711-267c11cec86c] GET /api/events/types - Request finished with status 304
[2025-12-09T10:39:02.486Z] [INFO] [1c6eb67a-6db1-432f-8142-ea9277870be6] GET /api/events/types - Request finished with status 304
[2025-12-09T10:39:02.564Z] [INFO] [ad6077a4-9ccd-40dd-ba5f-4e809a60da11] GET /api/events/types - Request finished with status 304
[2025-12-09T10:39:02.760Z] [INFO] [a81705ce-cd44-42bb-9b0e-5cfe640a33a5] GET /api/cities - Request finished with status 304
[2025-12-09T10:39:03.117Z] [INFO] [5dfea3ee-d3bd-41ff-a2ae-5c3a7c2723a9] GET /api/cities - Request finished with status 304
[2025-12-09T10:39:03.476Z] [INFO] [2d338327-c712-4f3e-a8e5-666f11f92a58] GET /api/cities - Request finished with status 304
[2025-12-09T10:39:05.166Z] [INFO] [bcc0fb61-a66a-4bd7-8507-06c69775aeb6] GET /api/cities - Request finished with status 304
[2025-12-09T10:39:18.604Z] [INFO] [d72d1a08-9b45-4eff-8546-70ae2637f3ef] POST /api/events - Request finished with status 201
[2025-12-09T10:39:24.576Z] [INFO] [5ec6659f-0080-4c82-9a32-101fc56f114c] GET /api/users/me - Request finished with status 304
[2025-12-09T10:39:24.668Z] [INFO] [5fcc2cc4-9276-49c3-9d45-a007cd521589] GET /api/users/me - Request finished with status 304
[2025-12-09T10:39:24.763Z] [INFO] [cc4cea6d-8ea5-4c3b-ac24-9fb9f9b7a347] GET /api/users/me - Request finished with status 304
[2025-12-09T10:39:24.853Z] [INFO] [d563508a-297b-473f-9b34-a03ee12a0ae4] GET /api/users/me - Request finished with status 304
[2025-12-09T10:39:24.905Z] [INFO] [f411dc83-2854-46d5-9ca9-6421577501b6] GET /api/events/types - Request finished with status 304
[2025-12-09T10:39:24.933Z] [INFO] [a5b45f4e-fdc0-46ed-a334-46e0706a1f8f] GET /api/users/me - Request finished with status 304
[2025-12-09T10:39:24.992Z] [INFO] [fb44879d-9c83-4553-bd76-a9474a12c5bf] GET /api/events - Request finished with status 200
[2025-12-09T10:39:24.994Z] [INFO] [97cb7d10-20f7-4679-b685-ad2843d65c19] GET /api/events/types - Request finished with status 304
[2025-12-09T10:39:25.011Z] [INFO] [48d08ed2-48c0-4e37-ba0d-31a5b7193a4c] GET /api/users/me - Request finished with status 304
[2025-12-09T10:39:25.070Z] [INFO] [1a0d2a35-76d8-4bae-82bb-e00840d8a7f3] GET /api/events/types - Request finished with status 304
[2025-12-09T10:39:25.147Z] [INFO] [9789c7e2-d487-4e83-9f02-927a99c6d612] GET /api/events/types - Request finished with status 304
[2025-12-09T10:39:25.298Z] [INFO] [dc83ef5f-fcb4-4424-9272-daa0ac0bc3d0] GET /api/cities - Request finished with status 304
[2025-12-09T10:39:25.617Z] [INFO] [a816b447-b473-4187-a9b3-991d88e6ab6e] GET /api/cities - Request finished with status 304
[2025-12-09T10:39:25.618Z] [INFO] [2c3e3e88-4682-4e2d-bff2-fe6ccd09102d] GET /api/notifications - Request finished with status 201
[2025-12-09T10:39:25.923Z] [INFO] [d9275180-254a-4652-a12f-265f607606d0] GET /api/cities - Request finished with status 304
[2025-12-09T10:39:26.269Z] [INFO] [74b29e6c-4bb8-45c5-9660-84a35913f04c] GET /api/cities - Request finished with status 304
