[2025-12-10T07:56:23.732Z] [INFO] [dae47664-68b3-4561-be8c-c34e8a98a2a6] GET /api/users/me - Request finished with status 401
[2025-12-10T07:56:23.750Z] [INFO] [12962703-9bac-4dfc-a87e-48eedbd43142] GET /api/users/me - Request finished with status 401
[2025-12-10T07:56:32.176Z] [INFO] [adfe702c-6890-4319-beca-85370944370c] POST /api/auth/google - Request finished with status 200
[2025-12-10T07:56:32.261Z] [INFO] [d1add103-28b5-4ad1-bca9-72f1122229d7] GET /api/users/me - Request finished with status 304
[2025-12-10T07:56:32.344Z] [INFO] [5e04f9a5-694f-4197-a11c-34e37de106dd] GET /api/users/me - Request finished with status 304
[2025-12-10T07:56:32.459Z] [INFO] [ba614a66-f5a0-437d-a544-22acd4c500f2] GET /api/users/me - Request finished with status 304
[2025-12-10T07:56:32.534Z] [INFO] [f7c98fe6-da69-431e-8f97-8544ee13de0a] GET /api/users/me - Request finished with status 304
[2025-12-10T07:56:32.611Z] [INFO] [db41ee17-f920-4a9c-94b2-70f43d18bd8b] GET /api/users/me - Request finished with status 304
[2025-12-10T07:56:32.690Z] [INFO] [df9c7a29-8e14-4f6c-9ee6-39f59dcc4da2] GET /api/users/me - Request finished with status 304
[2025-12-10T07:56:32.835Z] [INFO] [200bdd05-c1ab-4269-8158-ebaa9a098a00] GET /api/users/me - Request finished with status 304
[2025-12-10T07:56:32.918Z] [INFO] [386d1e2a-9d5b-4b20-9cd1-5456dcddd8b4] GET /api/users/me - Request finished with status 304
[2025-12-10T07:56:33.261Z] [INFO] [7fabcec7-cbf3-4e7a-81bb-0b19771ed649] GET /api/notifications - Request finished with status 201
[2025-12-10T07:56:33.417Z] [INFO] [3662b642-38aa-4822-9035-c966829bc424] GET /api/notifications - Request finished with status 201
[2025-12-10T07:56:34.067Z] [INFO] [4a371e6b-f0d6-4fce-9c04-c5cf29f618ea] GET /api/dashboard/supplier/charts - Request finished with status 200
[2025-12-10T07:56:34.166Z] [INFO] [9366ed81-09ae-4e02-82d9-b8db6f71ea23] GET /api/dashboard/summarySupplier - Request finished with status 200
[2025-12-10T07:56:34.564Z] [INFO] [648a5651-0b41-4b0e-a98b-8a2f885dd226] GET /api/dashboard/supplier/charts - Request finished with status 304
[2025-12-10T07:56:35.167Z] [INFO] [a9ebb0b2-1397-46ba-9a2f-c8c4e0a55ef0] GET /api/dashboard/summarySupplier - Request finished with status 304
[2025-12-10T07:56:43.372Z] [INFO] [2258dec3-6a83-4c00-a56b-663f6e06a425] GET /api/users/me - Request finished with status 401
[2025-12-10T07:56:43.374Z] [INFO] [2a53dfa5-9ffd-4922-9041-8c1f73ae70f5] GET /api/users/me - Request finished with status 401
[2025-12-10T07:56:50.744Z] [INFO] [be3e3544-3312-4934-b2a6-f94bef2dca1e] POST /api/auth/google - Request finished with status 200
[2025-12-10T07:56:50.841Z] [INFO] [450790f7-8bfb-4695-83d3-320075349944] GET /api/users/me - Request finished with status 304
[2025-12-10T07:56:50.921Z] [INFO] [6bba7e52-bdb6-4fbd-91fd-c9842b22fc30] GET /api/users/me - Request finished with status 304
[2025-12-10T07:56:51.015Z] [INFO] [73299690-5958-46d9-a843-06245f76535a] GET /api/users/me - Request finished with status 304
[2025-12-10T07:56:51.101Z] [INFO] [e7e0d1b3-402d-43f9-8ff8-40e16b06cc3f] GET /api/users/me - Request finished with status 304
[2025-12-10T07:56:51.181Z] [INFO] [39df5a4e-c750-439f-bb0d-a0d7128516cf] GET /api/users/me - Request finished with status 304
[2025-12-10T07:56:51.259Z] [INFO] [c63e9aed-f05e-4933-ba3c-07717c9d5081] GET /api/users/me - Request finished with status 304
[2025-12-10T07:56:51.364Z] [INFO] [5c4c16f0-e37b-464c-b4f6-d62677afb8c0] GET /api/users/me - Request finished with status 304
[2025-12-10T07:56:51.445Z] [INFO] [127993a1-3ffb-43d6-821e-0159672b0c0b] GET /api/notifications - Request finished with status 201
[2025-12-10T07:56:51.448Z] [INFO] [18fadcdd-1458-4e75-b91f-7e61c53020bc] GET /api/users/me - Request finished with status 304
[2025-12-10T07:56:51.601Z] [INFO] [1b0ec6cc-d084-4ee5-bc3c-82206c7691c8] GET /api/notifications - Request finished with status 201
[2025-12-10T07:56:51.976Z] [INFO] [ec58bd83-f465-4438-9791-ca6772fe7377] GET /api/dashboard/summaryUser - Request finished with status 200
[2025-12-10T07:56:52.150Z] [INFO] [4c49df79-3eef-4bec-a9a2-7c87e3caefc3] GET /api/dashboard/user/charts - Request finished with status 200
[2025-12-10T07:56:52.521Z] [INFO] [db96e554-78b0-4f3f-8fb0-01dc97ebe235] GET /api/dashboard/user/charts - Request finished with status 304
[2025-12-10T07:56:52.648Z] [INFO] [795b26b8-eacb-4f42-949b-4f4d1b599998] GET /api/dashboard/summaryUser - Request finished with status 304
[2025-12-10T07:57:26.324Z] [INFO] [873827bb-23c6-4140-873b-2312405cbfd6] GET /api/threads/user - Request finished with status 200
[2025-12-10T07:57:26.720Z] [INFO] [beb792a8-8357-4ae1-91eb-97d91499b3f3] GET /api/threads/user - Request finished with status 304
[2025-12-10T07:57:28.132Z] [INFO] [160f696d-3f52-4cb1-885b-44e2de14cd3e] GET /api/messages/6936c9e7a47b9033641c3b5b - Request finished with status 200
[2025-12-10T07:57:44.834Z] [INFO] [77e53e11-7ea5-40ec-ad69-36f6506e8c16] GET /api/threads/supplier - Request finished with status 200
[2025-12-10T07:57:45.223Z] [INFO] [3664cea8-2b82-4ef4-be65-fc0c0bf1400c] GET /api/threads/supplier - Request finished with status 304
[2025-12-10T07:57:46.192Z] [INFO] [3945515e-6739-4ce5-99ba-61d6192703a4] GET /api/messages/6936e85ede5d9e819f1af16e - Request finished with status 200
[2025-12-10T08:01:11.303Z] [INFO] [48a38435-4939-422e-bbc7-39b580dda517] GET /api/users/me - Request finished with status 304
[2025-12-10T08:01:11.386Z] [INFO] [a16779f3-1b1d-42c9-812e-cc61ad55b60b] GET /api/users/me - Request finished with status 304
[2025-12-10T08:01:11.463Z] [INFO] [87e984f0-0a9c-467f-b3e6-d859dc2d44f1] GET /api/users/me - Request finished with status 304
[2025-12-10T08:01:11.541Z] [INFO] [b3c1a3fc-6c14-4a97-9d0c-018d4641b84b] GET /api/users/me - Request finished with status 304
[2025-12-10T08:01:11.618Z] [INFO] [a666e753-3ee0-4914-8a53-293577abc757] GET /api/users/me - Request finished with status 304
[2025-12-10T08:01:11.698Z] [INFO] [d6bde28e-87c6-4f24-a1ed-ba8bde3fa6eb] GET /api/users/me - Request finished with status 304
[2025-12-10T08:01:11.806Z] [INFO] [0ce873c3-b9bf-4f18-b24c-7bafa27bd7e7] GET /api/notifications - Request finished with status 201
[2025-12-10T08:01:11.921Z] [INFO] [43813731-9ae7-4de6-a367-1ab08beac1c0] GET /api/threads/user - Request finished with status 200
[2025-12-10T08:01:12.347Z] [INFO] [82e7ac3a-df70-4f89-9bb0-c18a081d30c8] GET /api/threads/user - Request finished with status 304
[2025-12-10T08:01:12.770Z] [INFO] [56382786-ee9c-4040-bbf8-f3a10efd0cf3] GET /api/threads/user - Request finished with status 304
[2025-12-10T08:01:13.176Z] [INFO] [9a061a4f-b58b-40f8-a637-978269300674] GET /api/threads/user - Request finished with status 304
[2025-12-10T08:01:26.962Z] [INFO] [06bff92f-1fb0-42e8-b25b-4505ef58e594] GET /api/users/me - Request finished with status 304
[2025-12-10T08:01:27.054Z] [INFO] [29e474cc-a1c5-4dc0-9e7a-47c11ba7cc3b] GET /api/users/me - Request finished with status 304
[2025-12-10T08:01:27.108Z] [INFO] [c832b1f2-db91-4317-911c-754d7909db31] GET /api/users/me - Request finished with status 304
[2025-12-10T08:01:27.134Z] [INFO] [41fb05e5-f1f4-4b96-a0c6-b0b2b68fb6e1] GET /api/users/me - Request finished with status 304
[2025-12-10T08:01:27.186Z] [INFO] [87120ec7-6f0e-409a-a39b-b6381bab396c] GET /api/users/me - Request finished with status 304
[2025-12-10T08:01:27.212Z] [INFO] [cb31bf6d-2ed6-4fee-964a-dad195f953b5] GET /api/users/me - Request finished with status 304
[2025-12-10T08:01:27.264Z] [INFO] [75fe65a0-60fd-4c0f-b346-3e992fff945a] GET /api/users/me - Request finished with status 304
[2025-12-10T08:01:27.296Z] [INFO] [604e36ae-3df8-4917-9186-db0f0192ef4a] GET /api/users/me - Request finished with status 304
[2025-12-10T08:01:27.344Z] [INFO] [f0797360-352a-45a7-8214-4fb7c7744c3a] GET /api/users/me - Request finished with status 304
[2025-12-10T08:01:27.369Z] [INFO] [9cd97883-7bbd-4933-bd20-cc7e96884c23] GET /api/threads/user - Request finished with status 200
[2025-12-10T08:01:27.375Z] [INFO] [945f20ff-eb14-473e-8316-9c61588a1043] GET /api/users/me - Request finished with status 304
[2025-12-10T08:01:27.436Z] [INFO] [303adf0e-c254-4058-b883-7bcde17aa44d] GET /api/users/me - Request finished with status 304
[2025-12-10T08:01:27.504Z] [INFO] [235a9beb-8b1e-4865-a9b8-5b3862b27ae0] GET /api/notifications - Request finished with status 201
[2025-12-10T08:01:27.513Z] [INFO] [af7692bf-ceed-4f44-bb83-a77b3940a33d] GET /api/users/me - Request finished with status 304
[2025-12-10T08:01:27.521Z] [INFO] [ccef66f3-c0cb-4ad1-afd3-86ecff83feba] GET /api/threads/user - Request finished with status 304
[2025-12-10T08:01:27.712Z] [INFO] [6ea650d5-6a63-431b-ac93-f389aa169e27] GET /api/threads/user - Request finished with status 304
[2025-12-10T08:01:28.090Z] [INFO] [272da031-d543-41ac-aef6-40f87b5b8935] GET /api/threads/user - Request finished with status 304
[2025-12-10T08:01:28.253Z] [INFO] [36ecb05e-7d74-467f-96f4-679282a96ea8] GET /api/notifications - Request finished with status 201
[2025-12-10T08:01:28.295Z] [INFO] [5e1c3e49-cf98-484b-8321-98fe8deacc7c] GET /api/threads/supplier - Request finished with status 200
[2025-12-10T08:01:28.465Z] [INFO] [ffa9cc9d-7582-4c43-a36e-1b15ab462f59] GET /api/threads/user - Request finished with status 304
[2025-12-10T08:01:28.858Z] [INFO] [9eaaa735-c899-40aa-8a9d-ad60aabee52b] GET /api/threads/user - Request finished with status 304
[2025-12-10T08:01:29.170Z] [INFO] [75673537-a72c-4348-8d4c-752f50a1d343] GET /api/threads/supplier - Request finished with status 304
[2025-12-10T08:09:07.985Z] [INFO] [fe70c35c-2927-4168-81f5-ccb317c9beeb] GET /api/messages/6936e85ede5d9e819f1af16e - Request finished with status 200
[2025-12-10T08:09:13.871Z] [INFO] [ce29f424-3a58-4371-8df4-b0328eb6e789] GET /api/messages/6936e85ede5d9e819f1af16e - Request finished with status 200
