[2025-12-17T09:44:27.323Z] [INFO] [beb077d0-c3cf-4b00-81bf-e7e15373d6ec] POST /api/auth/logout - Request finished with status 200
[2025-12-17T09:44:32.967Z] [INFO] [82e1bac3-e1d8-4a84-be0b-7d64f1e83c5f] POST /api/auth/google - Request finished with status 200
[2025-12-17T09:44:33.048Z] [INFO] [2630c962-6fc3-43c2-8b20-97be30fa5eb4] GET /api/users/me - Request finished with status 200
[2025-12-17T09:44:33.132Z] [INFO] [1093561c-1b34-4acd-ba13-d5f10dd91419] GET /api/users/me - Request finished with status 304
[2025-12-17T09:44:33.220Z] [INFO] [fe522fa3-fb9d-47e3-8601-ee7e3f1a0441] GET /api/users/me - Request finished with status 304
[2025-12-17T09:44:33.292Z] [INFO] [f33ad312-4cf6-4de2-9dc6-b501f7a6b2d7] GET /api/users/me - Request finished with status 304
[2025-12-17T09:44:33.383Z] [INFO] [a2b7761c-0041-42b6-b64a-98a22d908c7d] GET /api/users/me - Request finished with status 304
[2025-12-17T09:44:33.478Z] [INFO] [260871aa-208d-4cf5-aee7-8c411032df96] GET /api/users/me - Request finished with status 304
[2025-12-17T09:44:33.622Z] [INFO] [6a31179a-6bf4-4439-8db1-59abaeabdfa8] GET /api/users/me - Request finished with status 304
[2025-12-17T09:44:33.626Z] [INFO] [aa079adc-f768-48c2-bc4e-b986964e2aa8] GET /api/notifications - Request finished with status 201
[2025-12-17T09:44:33.694Z] [INFO] [77e342e6-2fda-4c40-8c32-b915e31ac4d4] GET /api/users/me - Request finished with status 304
[2025-12-17T09:44:33.836Z] [INFO] [c234dffb-55ef-4353-9c81-93f83e82f65d] GET /api/notifications - Request finished with status 201
[2025-12-17T09:44:34.640Z] [INFO] [b95b35db-bde8-418d-a3a3-acdcb911c016] GET /api/dashboard/summaryUser - Request finished with status 304
[2025-12-17T09:44:34.752Z] [INFO] [a83dc591-1018-477b-a909-a29b6cac1bf3] GET /api/dashboard/user/charts - Request finished with status 304
[2025-12-17T09:44:34.964Z] [INFO] [74aa6bd5-3fbb-4133-b361-d6bec0172b11] GET /api/dashboard/user/charts - Request finished with status 304
[2025-12-17T09:44:35.187Z] [INFO] [cd6f4753-7a7c-4e43-8e8f-4fec04ee1874] GET /api/dashboard/summaryUser - Request finished with status 304
[2025-12-17T09:46:09.511Z] [INFO] [431c9666-3975-425a-8684-7527af29fcdd] POST /api/auth/logout - Request finished with status 200
[2025-12-17T09:46:49.178Z] [INFO] [2f89a480-796d-420a-a26e-fe3b609d8990] POST /api/auth/login - Request finished with status 200
[2025-12-17T09:46:49.333Z] [INFO] [e4a92612-e265-4cca-a7f5-0765aa488944] GET /api/users/me - Request finished with status 200
[2025-12-17T09:46:49.436Z] [INFO] [9692f366-0937-44fd-aeb4-1c19a4e6f8cf] GET /api/users/me - Request finished with status 304
[2025-12-17T09:46:49.547Z] [INFO] [595655ad-520f-4bda-ba24-5c23a1090944] GET /api/users/me - Request finished with status 304
[2025-12-17T09:46:49.624Z] [INFO] [e3396a72-a53f-4b74-b723-c2e6ddd6bc64] GET /api/users/me - Request finished with status 304
[2025-12-17T09:46:49.723Z] [INFO] [927113df-9267-45a3-890e-74c5c99726b8] GET /api/users/me - Request finished with status 304
[2025-12-17T09:46:49.802Z] [INFO] [9f5172e7-315a-4fd7-9067-04cff8ada02d] GET /api/users/me - Request finished with status 304
[2025-12-17T09:46:49.880Z] [INFO] [617608bb-3cb6-41df-a411-f4e09653419f] GET /api/users/me - Request finished with status 304
[2025-12-17T09:46:49.895Z] [INFO] [2b35aae4-8c8a-449e-ba0f-300b197dcbe3] GET /api/notifications - Request finished with status 201
[2025-12-17T09:46:49.957Z] [INFO] [e70eead1-5657-4bee-ba5f-d544aecf1f42] GET /api/users/me - Request finished with status 304
[2025-12-17T09:46:50.156Z] [INFO] [960d0728-a1c9-440f-9766-7b0872510f6f] GET /api/notifications - Request finished with status 201
[2025-12-17T09:46:50.360Z] [INFO] [429ace2e-b2ed-4006-b21e-82d51195246f] GET /api/dashboard/supplier/charts - Request finished with status 200
[2025-12-17T09:46:50.919Z] [INFO] [f18f4fab-23f3-4fd6-baf0-e9c984e433c4] GET /api/dashboard/supplier/charts - Request finished with status 304
[2025-12-17T09:46:51.751Z] [INFO] [886ec048-ba20-467e-bdbf-1a4576315106] GET /api/dashboard/summarySupplier - Request finished with status 200
[2025-12-17T09:46:52.639Z] [INFO] [160d6bf4-0018-4ab3-a0f1-de607866b5c5] GET /api/dashboard/summarySupplier - Request finished with status 304
[2025-12-17T09:49:01.405Z] [INFO] [c32cffb0-07b9-4ab6-8627-a8d59255dd33] POST /api/auth/logout - Request finished with status 200
[2025-12-17T09:49:34.634Z] [ERROR] [f56495fa-06a6-437f-81f6-21bdc2e66621] POST /api/auth/login - משתמש לא נמצא
[2025-12-17T09:49:34.661Z] [INFO] [f56495fa-06a6-437f-81f6-21bdc2e66621] POST /api/auth/login - Request finished with status 404
[2025-12-17T09:51:45.766Z] [ERROR] [9a6b43b7-7eef-41f9-b6fe-c3260f63026e] POST /api/auth/login - אחד מהנתונים שגוי
[2025-12-17T09:51:45.772Z] [INFO] [9a6b43b7-7eef-41f9-b6fe-c3260f63026e] POST /api/auth/login - Request finished with status 401
[2025-12-17T09:52:18.446Z] [ERROR] [df456641-c37e-446a-b0a6-8df2c38b3721] POST /api/auth/login - אחד מהנתונים שגוי
[2025-12-17T09:52:18.448Z] [INFO] [df456641-c37e-446a-b0a6-8df2c38b3721] POST /api/auth/login - Request finished with status 401
[2025-12-17T09:52:25.190Z] [ERROR] [4fdb6915-321c-43cf-9564-81c46d71db21] POST /api/auth/login - אחד מהנתונים שגוי
[2025-12-17T09:52:25.192Z] [INFO] [4fdb6915-321c-43cf-9564-81c46d71db21] POST /api/auth/login - Request finished with status 401
[2025-12-17T10:04:37.726Z] [INFO] [db9334e6-4dde-4bf8-8a2b-95a7a69b3f56] POST /api/auth/login - Request finished with status 200
[2025-12-17T10:04:37.937Z] [INFO] [1406c8ca-e706-4c4e-b4f9-bd83b20ab7b5] GET /api/users/me - Request finished with status 200
[2025-12-17T10:04:38.035Z] [INFO] [57afb03f-85e6-41c6-ae6a-6779ebf64867] GET /api/users/me - Request finished with status 304
[2025-12-17T10:04:38.188Z] [INFO] [7861c38a-726b-49f9-8b77-9a6fa870b5bd] GET /api/users/me - Request finished with status 304
[2025-12-17T10:04:38.257Z] [INFO] [268eda17-b4ee-4a23-a5b4-0231957b94cc] GET /api/users/me - Request finished with status 304
[2025-12-17T10:04:38.326Z] [INFO] [2f95c21f-9542-4f53-893c-981d19f9ef6c] GET /api/users/me - Request finished with status 304
[2025-12-17T10:04:38.394Z] [INFO] [18cba7da-a4fe-4ef2-af55-8861e477aebb] GET /api/users/me - Request finished with status 304
[2025-12-17T10:04:38.565Z] [INFO] [a24bb7f9-28e0-49b2-84bc-a832cd6c56ad] GET /api/users/me - Request finished with status 304
[2025-12-17T10:04:38.648Z] [INFO] [cf872fa3-dc52-4b68-8b40-d09db8ba1b53] GET /api/notifications - Request finished with status 201
[2025-12-17T10:04:38.650Z] [INFO] [239ab45e-67b8-4b04-807c-3b5e5c238a45] GET /api/users/me - Request finished with status 304
[2025-12-17T10:04:38.844Z] [INFO] [8ed9db5f-2042-48ed-b7bb-dbb64413b801] GET /api/notifications - Request finished with status 201
[2025-12-17T10:04:38.848Z] [INFO] [ab6f29f7-edac-4d02-bac1-ed96e86ac6d5] GET /api/dashboard/user/charts - Request finished with status 200
[2025-12-17T10:04:39.181Z] [INFO] [9c1dfbed-2621-46da-a90c-a7e6b26f2031] GET /api/dashboard/user/charts - Request finished with status 304
[2025-12-17T10:04:39.226Z] [INFO] [86447b0e-528e-48c5-87d9-60bdaf951323] GET /api/dashboard/summaryUser - Request finished with status 200
[2025-12-17T10:04:40.027Z] [INFO] [7536a436-669b-412f-989f-cb5c0223de12] GET /api/dashboard/summaryUser - Request finished with status 304
[2025-12-17T10:12:50.031Z] [INFO] [1d94c5be-48a2-4d28-bcb9-9bfb81335c8b] GET /api/categories - Request finished with status 200
[2025-12-17T10:12:50.085Z] [INFO] [2fe0648c-b6f4-44ba-9793-cabd42eb09c2] GET /api/events/relevant - Request finished with status 200
[2025-12-17T10:12:50.157Z] [INFO] [dd22700d-c6e1-4be7-b80d-ec50ec4d3395] GET /api/categories - Request finished with status 304
[2025-12-17T10:12:50.258Z] [INFO] [c86efcdd-cea9-4c37-90aa-fbd9ad558c64] GET /api/events/relevant - Request finished with status 304
[2025-12-17T10:12:50.328Z] [INFO] [c1165a47-a198-49d8-8499-2ec23f58decb] GET /api/requests?page=1&limit=10&searchTerm= - Request finished with status 200
[2025-12-17T10:12:50.689Z] [INFO] [4292d6d4-32ed-49b0-99d0-30ac28355381] GET /api/requests?page=1&limit=10&searchTerm= - Request finished with status 304
[2025-12-17T10:13:09.355Z] [INFO] [c5a9d069-4668-445c-843a-29296f275fe3] GET /api/suppliers - Request finished with status 200
[2025-12-17T10:13:09.389Z] [INFO] [0e3a911e-5234-4f8a-8f47-3e95646df198] GET /api/file/download-url?fileKey=Screenshot+2025-12-06+221717.png - Request finished with status 200
[2025-12-17T10:13:09.393Z] [INFO] [07f8cc1b-22f5-49cb-9681-78b0a99d9902] GET /api/file/download-url?fileKey=miri_1+(2)+(1).jpg - Request finished with status 200
[2025-12-17T10:13:09.396Z] [INFO] [ac317f3f-c4b2-400f-9395-2dfc00169e71] GET /api/file/download-url?fileKey=htmjyejy.png - Request finished with status 200
[2025-12-17T10:13:09.399Z] [INFO] [74ff85f1-4652-42d4-9b50-c11b969bb39b] GET /api/file/download-url?fileKey=htmjyejy.png - Request finished with status 304
[2025-12-17T10:13:09.583Z] [INFO] [65e016ef-d74c-45df-9038-0fee06e21f9e] GET /api/suppliers - Request finished with status 304
[2025-12-17T10:13:09.611Z] [INFO] [2f6dda3c-3bcd-4c90-b6be-a1a4ad3fad3d] GET /api/file/download-url?fileKey=Screenshot+2025-12-06+221717.png - Request finished with status 304
[2025-12-17T10:13:09.613Z] [INFO] [a8d0ae68-75bb-47b9-91d9-1537b8d0fe41] GET /api/file/download-url?fileKey=miri_1+(2)+(1).jpg - Request finished with status 304
[2025-12-17T10:13:09.616Z] [INFO] [e1657993-0482-42d9-a7cb-7c11ba3ad7fd] GET /api/file/download-url?fileKey=htmjyejy.png - Request finished with status 304
[2025-12-17T10:13:09.619Z] [INFO] [2fb1ed93-eaea-4ace-8f2c-ab9fea6c62ef] GET /api/file/download-url?fileKey=htmjyejy.png - Request finished with status 304
[2025-12-17T10:14:00.547Z] [INFO] [2f1449bd-dacc-4fc8-a72c-d1948c70c6ba] GET /api/categories - Request finished with status 304
[2025-12-17T10:14:00.653Z] [INFO] [366c1d2c-9c92-4cbf-93db-e58b6a45234c] GET /api/categories - Request finished with status 304
[2025-12-17T10:14:00.654Z] [INFO] [5eba6242-24a4-43fd-8411-34a1de51da84] GET /api/events/relevant - Request finished with status 304
[2025-12-17T10:14:00.813Z] [INFO] [af5b28e6-a175-4a53-8334-1ca636743572] GET /api/requests?page=1&limit=10&searchTerm= - Request finished with status 304
[2025-12-17T10:14:00.836Z] [INFO] [1ca5d7f3-ae09-421e-8672-40e3f931a347] GET /api/events/relevant - Request finished with status 304
[2025-12-17T10:14:01.153Z] [INFO] [874cd496-fc6c-469c-89f7-baf4993047ce] GET /api/requests?page=1&limit=10&searchTerm= - Request finished with status 304
[2025-12-17T10:14:03.556Z] [INFO] [1ee927ac-775a-400e-b314-3a04169db127] GET /api/threads/user - Request finished with status 200
[2025-12-17T10:14:04.239Z] [INFO] [c2cee52d-9f5c-4253-bc88-13704f956259] GET /api/threads/user - Request finished with status 304
[2025-12-17T10:14:07.401Z] [INFO] [b6982e74-4b04-4035-b82d-a77345851814] GET /api/contracts?page=1&debouncedSearch= - Request finished with status 200
[2025-12-17T10:14:07.427Z] [INFO] [8d8c1039-a652-410a-a2d6-453ce2af9466] GET /api/file/download-url?fileKey=signature-69348f10f8bba6dc994b6aeb-1765919178278.png - Request finished with status 200
[2025-12-17T10:14:07.446Z] [INFO] [4b6aae24-accf-4f18-bc9a-b13c0de56648] GET /api/file/download-url?fileKey=signature-69199da5521764144e42aaa2-1765919075833.png - Request finished with status 200
[2025-12-17T10:14:07.462Z] [INFO] [a0cb57f0-f8ab-4bbe-84da-03fece977ee7] GET /api/file/download-url?fileKey=signature-69199da5521764144e42aaa2-1765919075833.png - Request finished with status 304
[2025-12-17T10:14:08.438Z] [INFO] [057f72d4-3c94-498c-a256-076ce4098bde] GET /api/contracts?page=1&debouncedSearch= - Request finished with status 304
[2025-12-17T10:15:56.629Z] [INFO] [693bfd47-8608-4dd1-8f17-7366c3e96e60] GET /api/payments/client?page=1&limit=10&searchTerm= - Request finished with status 200
[2025-12-17T10:15:57.395Z] [INFO] [7bb60039-6924-486b-b48b-df56d846ec49] GET /api/payments/client?page=1&limit=10&searchTerm= - Request finished with status 304
[2025-12-17T10:16:00.285Z] [INFO] [4859180d-ce5d-4346-bbea-f95c256ccd17] GET /api/dashboard/user/charts - Request finished with status 304
[2025-12-17T10:16:00.596Z] [INFO] [725e1596-f3b0-4b2d-b5ed-e348fc4a607a] GET /api/dashboard/summaryUser - Request finished with status 304
[2025-12-17T10:16:00.670Z] [INFO] [f36b0dcb-9f85-47b6-affd-e57e0e9fdded] GET /api/dashboard/user/charts - Request finished with status 304
[2025-12-17T10:16:01.294Z] [INFO] [6ca331bd-024f-4555-a7b9-c5c3eff337d0] GET /api/dashboard/summaryUser - Request finished with status 304
[2025-12-17T10:16:14.536Z] [INFO] [03c64391-1419-490c-a779-e589e542476a] GET /api/regions - Request finished with status 200
[2025-12-17T10:16:14.543Z] [INFO] [581217cc-6d40-452b-b1ff-e7b7b6b5e135] GET /api/regions - Request finished with status 304
[2025-12-17T10:16:14.613Z] [INFO] [c2479b70-5683-469a-ad4a-5c43dd92f944] GET /api/events/types - Request finished with status 200
[2025-12-17T10:16:14.636Z] [INFO] [5aedf604-48ac-41d3-8962-a503b682d3fe] GET /api/regions - Request finished with status 304
[2025-12-17T10:16:14.642Z] [INFO] [a1053397-cd15-4b96-ab46-e8c33091e826] GET /api/regions - Request finished with status 304
[2025-12-17T10:16:14.821Z] [INFO] [4aa4911e-079a-4551-972e-877cd24cd181] GET /api/events?page=1&pageSize=10 - Request finished with status 200
[2025-12-17T10:16:14.822Z] [INFO] [96d6dc8b-3602-4a9a-87df-25fafb4b02e8] GET /api/events/types - Request finished with status 304
[2025-12-17T10:16:15.018Z] [INFO] [0a516cc5-e0d3-482a-a91a-2832bca4cc56] GET /api/events/types - Request finished with status 304
[2025-12-17T10:16:15.111Z] [INFO] [64a253c1-1884-467c-b576-57b25d5bd270] GET /api/events/types - Request finished with status 304
[2025-12-17T10:16:15.115Z] [INFO] [e4f72de9-90f2-412b-b811-19ace18f949f] GET /api/events?page=1&pageSize=10 - Request finished with status 304
[2025-12-17T10:16:16.534Z] [INFO] [5b1de990-f620-4d91-b3ed-5ce665f875e9] GET /api/file/download-url?fileKey=Screenshot+2025-12-06+221717.png - Request finished with status 200
[2025-12-17T10:16:16.538Z] [INFO] [bd42d62b-95af-432e-960d-f52af87c8a59] GET /api/file/download-url?fileKey=miri_1+(2)+(1).jpg - Request finished with status 200
[2025-12-17T10:16:16.541Z] [INFO] [6a5b6b1b-ff79-464a-8d67-4e5fdbcd527d] GET /api/file/download-url?fileKey=htmjyejy.png - Request finished with status 200
[2025-12-17T10:16:16.547Z] [INFO] [e747ee70-0323-4fe8-b9cb-673f6a0277a9] GET /api/file/download-url?fileKey=Screenshot+2025-12-06+221717.png - Request finished with status 304
[2025-12-17T10:16:16.549Z] [INFO] [f4928763-f33e-42d9-965a-79b823181bba] GET /api/file/download-url?fileKey=miri_1+(2)+(1).jpg - Request finished with status 304
[2025-12-17T10:16:16.552Z] [INFO] [6394ed63-c582-42b2-8480-0e4c51cb47e3] GET /api/file/download-url?fileKey=htmjyejy.png - Request finished with status 304
[2025-12-17T10:16:16.555Z] [INFO] [55fb1bce-3b3d-4f8a-b912-4e5f2aecb467] GET /api/file/download-url?fileKey=htmjyejy.png - Request finished with status 304
[2025-12-17T10:16:16.558Z] [INFO] [a8f4e9f5-bcea-46b3-9ea4-e8dda43c70af] GET /api/file/download-url?fileKey=htmjyejy.png - Request finished with status 304
[2025-12-17T10:16:16.760Z] [INFO] [f8f5a981-1025-4ac5-8018-ae6d5621b6cb] GET /api/suppliers - Request finished with status 304
[2025-12-17T10:16:16.783Z] [INFO] [1366e222-b431-41b4-98e2-7a2060dbf49e] GET /api/file/download-url?fileKey=Screenshot+2025-12-06+221717.png - Request finished with status 304
[2025-12-17T10:16:16.785Z] [INFO] [879189c8-559b-4334-ad5e-f4997a632458] GET /api/file/download-url?fileKey=miri_1+(2)+(1).jpg - Request finished with status 304
[2025-12-17T10:16:16.788Z] [INFO] [51892c2f-e817-4fb0-a838-29ee6d18ad3c] GET /api/file/download-url?fileKey=htmjyejy.png - Request finished with status 304
[2025-12-17T10:16:16.791Z] [INFO] [737458fd-7c37-4094-a454-dc9ff9508d02] GET /api/file/download-url?fileKey=htmjyejy.png - Request finished with status 304
[2025-12-17T10:16:16.996Z] [INFO] [888e4a47-ffef-43c7-8d14-a30fbb5a8898] GET /api/suppliers - Request finished with status 304
[2025-12-17T10:16:17.017Z] [INFO] [1e5afdd7-ea55-4385-b7c7-e8aa9d40afaf] GET /api/file/download-url?fileKey=Screenshot+2025-12-06+221717.png - Request finished with status 200
[2025-12-17T10:16:17.020Z] [INFO] [e8d95b73-1f4e-4df5-8b6a-860b2729c598] GET /api/file/download-url?fileKey=miri_1+(2)+(1).jpg - Request finished with status 200
[2025-12-17T10:16:17.022Z] [INFO] [d6b027c2-4354-4ef0-b3d7-0d68eed23648] GET /api/file/download-url?fileKey=htmjyejy.png - Request finished with status 200
[2025-12-17T10:16:17.024Z] [INFO] [457738f5-d99d-41f5-8895-b75d107b5f96] GET /api/file/download-url?fileKey=htmjyejy.png - Request finished with status 304
[2025-12-17T10:16:30.467Z] [INFO] [757d5a88-204b-4fbb-aa71-935709b64ff3] GET /api/notifications - Request finished with status 201
[2025-12-17T10:16:31.082Z] [INFO] [0ce77899-57a9-49a6-b382-502d6b99e8fc] GET /api/notifications - Request finished with status 201
[2025-12-17T10:16:37.737Z] [INFO] [f55c8931-429f-4430-a814-28e55b7d1207] GET /api/dashboard/user/charts - Request finished with status 304
[2025-12-17T10:16:38.149Z] [INFO] [ce8ebef0-c2da-41f6-889c-b2ee04b7f67e] GET /api/dashboard/summaryUser - Request finished with status 304
[2025-12-17T10:16:38.259Z] [INFO] [f0ba44ca-7aff-4841-8866-6abc0e67040f] GET /api/dashboard/user/charts - Request finished with status 304
[2025-12-17T10:16:39.342Z] [INFO] [3d4ae89c-b90b-4c66-b63d-dfb8418248e1] GET /api/dashboard/summaryUser - Request finished with status 304
[2025-12-17T10:45:55.799Z] [INFO] [7fc807df-eee6-44e1-aa65-72a668b3a83e] POST /api/auth/logout - Request finished with status 200
[2025-12-17T10:46:00.098Z] [INFO] [145e087b-6021-4ad9-b921-410ea8f3106e] POST /api/auth/login - Request finished with status 200
[2025-12-17T10:46:00.234Z] [INFO] [49db5ea4-e396-4d84-bc82-7f328483f9f1] GET /api/users/me - Request finished with status 200
[2025-12-17T10:46:00.436Z] [INFO] [08ce7f55-89df-4e52-b3cb-08c900c8fdd3] GET /api/users/me - Request finished with status 304
[2025-12-17T10:46:00.584Z] [INFO] [0df2fc12-2661-46ce-828e-30746996ef1b] GET /api/users/me - Request finished with status 304
[2025-12-17T10:46:00.659Z] [INFO] [7c7299ab-dc92-47b5-93c8-b5d84c894486] GET /api/users/me - Request finished with status 304
[2025-12-17T10:46:00.735Z] [INFO] [bf69076b-8867-46e8-823d-494ebfab1200] GET /api/users/me - Request finished with status 304
[2025-12-17T10:46:00.816Z] [INFO] [9052ad00-7548-4c2d-80cd-fbd0b4e72057] GET /api/users/me - Request finished with status 304
[2025-12-17T10:46:01.464Z] [INFO] [2885e46c-44fc-46fb-8736-d36d59424997] GET /api/dashboard/summaryAdmin - Request finished with status 200
[2025-12-17T10:46:02.052Z] [INFO] [c48a443d-ab85-43d5-a1e8-93631b63e589] GET /api/dashboard/stats - Request finished with status 200
[2025-12-17T10:46:02.054Z] [INFO] [55f21e2e-7191-47d3-b502-5748685e3cb8] GET /api/dashboard/summaryAdmin - Request finished with status 304
[2025-12-17T10:46:02.572Z] [INFO] [b35b7ace-1add-4021-bdc2-eda3f7626800] GET /api/dashboard/stats - Request finished with status 304
[2025-12-17T10:49:31.160Z] [INFO] [e4ae013c-0c8e-43eb-966c-b44245b32290] GET /api/admin/suppliers/pending - Request finished with status 200
[2025-12-17T10:49:31.493Z] [INFO] [0775b360-f76b-4e93-adcc-1d5e71455cb5] GET /api/admin/suppliers/pending - Request finished with status 304
[2025-12-17T10:49:35.178Z] [INFO] [d933ebc7-40dc-4f4d-9348-6ef725d65d3d] GET /api/admin/users - Request finished with status 200
[2025-12-17T10:49:35.506Z] [INFO] [055b1e62-6ec5-44dc-b6cd-c64282da9ce0] GET /api/admin/users - Request finished with status 304
[2025-12-17T10:49:45.426Z] [INFO] [d44c5918-a5b8-45ff-976f-d97b25414479] GET /api/admin/events - Request finished with status 200
[2025-12-17T10:49:45.831Z] [INFO] [59239f0c-4739-497a-9e76-818c967694dd] GET /api/admin/events - Request finished with status 304
[2025-12-17T10:50:06.004Z] [INFO] [56c3420c-2df9-4aec-91ee-3f9e52c04902] GET /api/users/me - Request finished with status 304
[2025-12-17T10:50:06.209Z] [INFO] [6811a373-f78e-4033-9dca-974345a0fd08] GET /api/users/me - Request finished with status 304
[2025-12-17T10:50:06.312Z] [INFO] [4e749a33-5339-4e2b-bcb3-567526ce64dd] GET /api/users/me - Request finished with status 304
[2025-12-17T10:50:06.414Z] [INFO] [7577b72f-ee31-4acf-982f-8aa1185e07f6] GET /api/users/me - Request finished with status 304
[2025-12-17T10:50:06.723Z] [INFO] [4d90c866-2b67-4145-95f0-e6bf0e789a5d] GET /api/admin/events - Request finished with status 304
[2025-12-17T10:50:07.134Z] [INFO] [5ee0e7d8-62d3-4d2f-b27f-803a1623bf89] GET /api/admin/events - Request finished with status 304
[2025-12-17T10:50:08.611Z] [INFO] [eab7f8a6-ba29-4426-a43b-6b52535a9211] GET /api/dashboard/summaryAdmin - Request finished with status 304
[2025-12-17T10:50:09.076Z] [INFO] [e4005bc0-bc8a-4221-b8fe-b084110caa9f] GET /api/dashboard/stats - Request finished with status 304
[2025-12-17T10:50:09.139Z] [INFO] [cbd408a2-cef5-410b-bfb4-7cc0947eea9b] GET /api/dashboard/summaryAdmin - Request finished with status 304
[2025-12-17T10:50:09.805Z] [INFO] [4c75800e-4dec-4ebc-a39e-fde5a8b0425f] GET /api/dashboard/stats - Request finished with status 200
[2025-12-17T10:52:47.562Z] [INFO] [68ed343a-3f08-4dc5-b6ce-e2792519188b] GET /api/users/me - Request finished with status 304
[2025-12-17T10:52:47.646Z] [INFO] [e73049f1-1751-4e0d-8030-efe643626810] GET /api/users/me - Request finished with status 304
[2025-12-17T10:52:47.723Z] [INFO] [71250981-03bb-46d8-86ab-52b4037e8403] GET /api/users/me - Request finished with status 304
[2025-12-17T10:52:47.809Z] [INFO] [8bae936d-3264-4f30-8e89-36d096866d62] GET /api/users/me - Request finished with status 304
[2025-12-17T10:52:48.267Z] [INFO] [dab89e61-6f82-4159-b936-3860cfb9d344] GET /api/dashboard/summaryAdmin - Request finished with status 304
[2025-12-17T10:52:48.743Z] [INFO] [4967945d-6f00-4722-818e-d9ab2a9dc7f9] GET /api/dashboard/summaryAdmin - Request finished with status 304
[2025-12-17T10:52:48.760Z] [INFO] [8648c313-d6fd-4469-87a4-584699974aee] GET /api/dashboard/stats - Request finished with status 200
[2025-12-17T10:52:49.246Z] [INFO] [b9a46278-3744-4a66-a883-b27df0015b7a] GET /api/dashboard/stats - Request finished with status 200
[2025-12-17T10:52:54.159Z] [INFO] [aa240dae-646e-4ba7-98e6-53e750514ea8] POST /api/auth/logout - Request finished with status 200
[2025-12-17T10:53:00.661Z] [INFO] [aa85c251-a36a-46fb-b9ae-c9383b2172e6] POST /api/auth/google - Request finished with status 200
[2025-12-17T10:53:00.745Z] [INFO] [f652e044-5187-4542-bcf8-ea0a767a9ac2] GET /api/users/me - Request finished with status 200
[2025-12-17T10:53:00.825Z] [INFO] [d22b5a9a-7d6b-43be-961b-1bd171aa99b2] GET /api/users/me - Request finished with status 304
[2025-12-17T10:53:00.932Z] [INFO] [47ad85d9-1e4e-475d-b148-91187b515ee6] GET /api/users/me - Request finished with status 304
[2025-12-17T10:53:01.013Z] [INFO] [e5249ede-74c2-46ba-9684-bb3aad63ff8e] GET /api/users/me - Request finished with status 304
[2025-12-17T10:53:01.099Z] [INFO] [841cc136-cd69-4bef-8bcb-fe80aff20f0a] GET /api/users/me - Request finished with status 304
[2025-12-17T10:53:01.181Z] [INFO] [fefedec2-deeb-4c35-8a59-c26b435a3d05] GET /api/users/me - Request finished with status 304
[2025-12-17T10:53:01.261Z] [INFO] [75fe5e03-fd83-49fc-ba56-9d79189f198e] GET /api/users/me - Request finished with status 304
[2025-12-17T10:53:01.293Z] [INFO] [626eba89-2f56-4809-85d0-365aefd810cd] GET /api/notifications - Request finished with status 201
[2025-12-17T10:53:01.337Z] [INFO] [936222c7-f7b2-4fec-91b8-d08af376aacc] GET /api/users/me - Request finished with status 304
[2025-12-17T10:53:01.359Z] [INFO] [bdffb3ca-1b5c-4ea7-969a-79bad97d7aa0] GET /api/dashboard/user/charts - Request finished with status 200
[2025-12-17T10:53:01.432Z] [INFO] [3f879afc-3eb5-4df4-8f38-05d641590d7b] GET /api/notifications - Request finished with status 201
[2025-12-17T10:53:01.581Z] [INFO] [eb33b105-2a69-4b28-a912-45db53f5554b] GET /api/dashboard/user/charts - Request finished with status 304
[2025-12-17T10:53:01.620Z] [INFO] [dd6850e7-0f73-446d-bad0-43c8336875ab] GET /api/dashboard/summaryUser - Request finished with status 200
[2025-12-17T10:53:02.084Z] [INFO] [1a45ab21-263d-4e98-b32a-437ea568b652] GET /api/dashboard/summaryUser - Request finished with status 304
