[2025-12-11T23:24:35.539Z] [INFO] [6f9662a1-3e24-4b86-be49-de36cd5530fc] POST /api/auth/login - Request finished with status 200
[2025-12-11T23:24:35.721Z] [INFO] [8506b0fc-91f6-4e8b-a195-e36aee5afd0e] GET /api/users/me - Request finished with status 304
[2025-12-11T23:24:35.836Z] [INFO] [510aaf40-c5fb-4917-ac16-7c138880f59a] GET /api/users/me - Request finished with status 304
[2025-12-11T23:24:35.988Z] [INFO] [8b98d922-046a-4d77-b273-4e188f836a18] GET /api/users/me - Request finished with status 304
[2025-12-11T23:24:36.071Z] [INFO] [c7858bd6-8429-4d52-b589-b825a0ff9885] GET /api/users/me - Request finished with status 304
[2025-12-11T23:24:36.155Z] [INFO] [e0d32877-58c5-4527-9b35-c485f695b094] GET /api/users/me - Request finished with status 304
[2025-12-11T23:24:36.236Z] [INFO] [20f5d68b-2fbd-475a-bccf-78a1f1a78089] GET /api/users/me - Request finished with status 304
[2025-12-11T23:24:36.461Z] [INFO] [bf5bdec1-2e04-44ae-9d4f-2747e9aaf406] GET /api/users/me - Request finished with status 304
[2025-12-11T23:24:36.552Z] [INFO] [2066bcfc-616a-4f6f-a3df-b669b3d42e4e] GET /api/users/me - Request finished with status 304
[2025-12-11T23:24:36.842Z] [INFO] [781d3d94-2675-4afb-a341-278b99f7697d] GET /api/dashboard/supplier/charts - Request finished with status 304
[2025-12-11T23:24:37.288Z] [INFO] [6b29e1e5-91e9-4602-8e8f-7c236461b445] GET /api/dashboard/supplier/charts - Request finished with status 304
[2025-12-11T23:24:37.411Z] [INFO] [e64fc816-8591-4fae-8aa4-6ef408765a63] GET /api/dashboard/summarySupplier - Request finished with status 304
[2025-12-11T23:24:38.396Z] [INFO] [167664e6-630c-42cf-aee8-060b54834ab2] GET /api/dashboard/summarySupplier - Request finished with status 304
[2025-12-11T23:24:39.614Z] [INFO] [bb826bd7-ddf9-490a-ae53-2f7cdc32f491] GET /api/threads/supplier - Request finished with status 200
[2025-12-11T23:24:40.426Z] [INFO] [92c27fd4-b6a4-4f4e-83d2-5372a8b0fd6e] GET /api/threads/supplier - Request finished with status 304
[2025-12-11T23:24:41.082Z] [INFO] [4f529968-6d08-401a-bac6-89e78aa6a674] GET /api/messages/6935494dbc37e27bf7174eb6 - Request finished with status 200
[2025-12-11T23:26:17.432Z] [INFO] [dfc31f1d-110b-49b1-bca8-7d33dcfb3209] POST /api/auth/login - Request finished with status 200
[2025-12-11T23:26:17.523Z] [INFO] [a89e401e-31c6-49c2-a7b5-05ea34f54c6b] GET /api/users/me - Request finished with status 200
[2025-12-11T23:26:17.602Z] [INFO] [107692ac-8518-4fed-9584-0dc09871edb9] GET /api/users/me - Request finished with status 304
[2025-12-11T23:26:17.761Z] [INFO] [2a818d52-c895-4bc7-a0ff-a1122b60c9c2] GET /api/users/me - Request finished with status 304
[2025-12-11T23:26:17.840Z] [INFO] [1aa3129d-737d-4021-a7b7-137d31c1fbba] GET /api/users/me - Request finished with status 304
[2025-12-11T23:26:17.919Z] [INFO] [820bbf70-55bf-4ce5-bea6-f012667b156c] GET /api/users/me - Request finished with status 304
[2025-12-11T23:26:17.995Z] [INFO] [380779d4-2975-4fcf-a2dc-d87f071a7ba9] GET /api/users/me - Request finished with status 304
[2025-12-11T23:26:18.135Z] [INFO] [d5fd3272-283e-46c5-8a6e-8b4455ee65aa] GET /api/users/me - Request finished with status 304
[2025-12-11T23:26:18.158Z] [ERROR] [e0b23de8-38f0-43fa-b2f1-533f9064fa34] GET /api/notifications - Connection is closed.
[2025-12-11T23:26:18.228Z] [INFO] [e0b23de8-38f0-43fa-b2f1-533f9064fa34] GET /api/notifications - Request finished with status 500
[2025-12-11T23:26:18.416Z] [INFO] [9636ab0e-5171-403e-8f51-8c3e57846de0] GET /api/dashboard/user/charts - Request finished with status 200
[2025-12-11T23:26:18.444Z] [INFO] [f7e999f2-f69a-463b-816f-bf5ceb91b8eb] GET /api/users/me - Request finished with status 304
[2025-12-11T23:26:18.489Z] [ERROR] [6dd272cb-968e-4a49-bbe6-0d46e720cc7a] GET /api/notifications - Connection is closed.
[2025-12-11T23:26:18.528Z] [INFO] [6dd272cb-968e-4a49-bbe6-0d46e720cc7a] GET /api/notifications - Request finished with status 500
[2025-12-11T23:26:18.677Z] [INFO] [cb483551-2455-4d6e-b02b-e5d03771eccc] GET /api/dashboard/user/charts - Request finished with status 304
[2025-12-11T23:26:18.752Z] [INFO] [2a6dbc2f-24b2-432a-a651-6605a1f454bf] GET /api/dashboard/summaryUser - Request finished with status 200
[2025-12-11T23:26:19.298Z] [INFO] [b5cfdae4-e615-4fc5-9212-c8e8903904f4] GET /api/dashboard/summaryUser - Request finished with status 304
[2025-12-11T23:26:21.978Z] [INFO] [d46ef908-dd90-4a1f-a827-3c7e67b239bc] GET /api/threads/user - Request finished with status 200
[2025-12-11T23:26:22.772Z] [INFO] [563f7289-aa59-4ae8-ae84-f048d7b2b5ca] GET /api/threads/user - Request finished with status 304
[2025-12-11T23:26:26.409Z] [INFO] [de943b3a-b2a9-4a31-ac52-eac5b1d321fd] GET /api/messages/693548fbbc37e27bf7174e86 - Request finished with status 200
[2025-12-11T23:26:29.812Z] [INFO] [e3b8c7ee-8460-4388-9465-8bac7b22d1ca] GET /api/messages/6935494dbc37e27bf7174eb6 - Request finished with status 200
[2025-12-11T23:26:29.884Z] [INFO] [f2a8f155-cbe5-4ffe-94da-36c0c4cdbb8f] PATCH /api/messages/read/6935494dbc37e27bf7174eb6 - Request finished with status 200
[2025-12-11T23:26:30.089Z] [INFO] [e1e7d564-8295-4145-8f1b-17fce90b8caa] GET /api/messages/6935494dbc37e27bf7174eb6 - Request finished with status 200
[2025-12-11T23:26:30.404Z] [INFO] [3a13a3a2-288c-42a6-a3a3-c2f8230c2cb8] GET /api/threads/user - Request finished with status 304
[2025-12-11T23:28:16.222Z] [INFO] [9bc0c9e6-a780-4462-811d-245d5047d788] GET /api/users/me - Request finished with status 304
[2025-12-11T23:28:16.321Z] [INFO] [4e668e62-d4cd-411e-92be-366c2338742f] GET /api/users/me - Request finished with status 304
[2025-12-11T23:28:16.403Z] [INFO] [881c0d7a-4b98-42c7-bcec-acbafc3dc133] GET /api/users/me - Request finished with status 304
[2025-12-11T23:28:16.488Z] [INFO] [77ecd73e-1bf6-4546-a5ac-ccca7cabfdd5] GET /api/users/me - Request finished with status 304
[2025-12-11T23:28:16.699Z] [INFO] [a56c573e-9208-41bf-b6e3-024aaace81db] GET /api/users/me - Request finished with status 304
[2025-12-11T23:28:16.769Z] [INFO] [b2e7c84a-2ea6-429d-b9ae-159dc53f80da] GET /api/threads/user - Request finished with status 200
[2025-12-11T23:28:16.787Z] [INFO] [8d9408b9-c8c5-44c6-ba52-56ffc288d51a] GET /api/users/me - Request finished with status 304
[2025-12-11T23:28:16.949Z] [INFO] [bd79aca8-4a5c-4e96-9357-d7a7c6e4f515] GET /api/threads/user - Request finished with status 304
[2025-12-11T23:28:17.753Z] [INFO] [96f59119-d721-4327-8a90-6bbc80a9b2c4] GET /api/threads/supplier - Request finished with status 304
[2025-12-11T23:28:18.608Z] [INFO] [7fcf4f9b-e535-4c55-8dc9-a879f1b1ef5a] GET /api/threads/supplier - Request finished with status 304
[2025-12-11T23:28:21.273Z] [INFO] [41d95191-13a4-4776-b8d3-db1cd9275c25] GET /api/users/me - Request finished with status 304
[2025-12-11T23:28:21.354Z] [INFO] [74b55989-3317-492e-a150-f2db885dd54f] GET /api/users/me - Request finished with status 304
[2025-12-11T23:28:21.430Z] [INFO] [aa5ba4dd-74fa-48d6-a618-48fc6799df31] GET /api/users/me - Request finished with status 304
[2025-12-11T23:28:21.510Z] [INFO] [1896db02-d9a5-48bd-b313-19334edb0074] GET /api/users/me - Request finished with status 304
[2025-12-11T23:28:21.594Z] [INFO] [7f1e8d05-ef18-47b7-aff9-14fc2c21a4f7] GET /api/users/me - Request finished with status 304
[2025-12-11T23:28:21.679Z] [INFO] [cad1da36-f319-437a-8b23-85aec3582d0e] GET /api/users/me - Request finished with status 304
[2025-12-11T23:28:21.734Z] [ERROR] [b3029d44-ac2f-4f7b-9e5f-112d58b5d6ab] GET /api/notifications - Connection is closed.
[2025-12-11T23:28:21.752Z] [INFO] [b3029d44-ac2f-4f7b-9e5f-112d58b5d6ab] GET /api/notifications - Request finished with status 500
[2025-12-11T23:28:21.951Z] [INFO] [49fe2a78-22fd-4714-9e56-74c052135244] GET /api/threads/user - Request finished with status 200
[2025-12-11T23:28:22.381Z] [INFO] [71275f23-595f-4979-be1b-c246edd3dce1] GET /api/threads/user - Request finished with status 304
[2025-12-11T23:28:22.782Z] [INFO] [15e1f775-4558-4619-ba5a-1fef07203ff0] GET /api/threads/user - Request finished with status 304
[2025-12-11T23:28:23.168Z] [INFO] [f7fe6cfb-9a64-4bb3-9791-24156500cf25] GET /api/threads/user - Request finished with status 304
[2025-12-11T23:28:26.557Z] [INFO] [43d88d1f-9ba2-4080-9c69-ad2d04235b18] GET /api/messages/6935494dbc37e27bf7174eb6 - Request finished with status 200
[2025-12-11T23:28:36.915Z] [INFO] [8c5ebdf2-6b4d-4056-9323-e6bc93dd0761] GET /api/messages/6935494dbc37e27bf7174eb6 - Request finished with status 200
[2025-12-11T23:44:52.065Z] [INFO] [e602f434-33a8-4497-a004-d4c1cb2937bf] GET /api/users/me - Request finished with status 304
[2025-12-11T23:44:52.156Z] [INFO] [5fd55a85-2e85-47f2-804e-4f125b6cf540] GET /api/users/me - Request finished with status 304
[2025-12-11T23:44:52.236Z] [INFO] [20552a97-ef2e-4742-ae09-fea78a258a6c] GET /api/users/me - Request finished with status 304
[2025-12-11T23:44:52.319Z] [INFO] [3968e8cc-d105-43ba-8eb6-d26c3eb35290] GET /api/users/me - Request finished with status 304
[2025-12-11T23:44:52.503Z] [INFO] [23409451-fcef-406c-a143-c98b1e90739c] GET /api/threads/user - Request finished with status 304
[2025-12-11T23:44:52.655Z] [INFO] [010fe402-b108-4d75-9146-2c838223053c] GET /api/threads/user - Request finished with status 304
[2025-12-11T23:44:52.867Z] [INFO] [c36645e5-d769-4065-af9f-1ae90bee95f8] GET /api/users/me - Request finished with status 304
[2025-12-11T23:44:52.944Z] [INFO] [f62e445c-ea61-437b-ab25-bf7d642901c0] GET /api/users/me - Request finished with status 304
[2025-12-11T23:44:54.144Z] [INFO] [c634d225-3844-4e62-af1a-215dd4a3e312] GET /api/threads/supplier - Request finished with status 304
[2025-12-11T23:44:55.008Z] [INFO] [bb2ad51f-e3ab-4f49-aa4f-66a59676197f] GET /api/threads/supplier - Request finished with status 304
[2025-12-11T23:46:25.310Z] [INFO] [976e639b-0807-412d-a098-c9a4d643739b] GET /api/threads/supplier - Request finished with status 304
[2025-12-11T23:46:25.915Z] [INFO] [87d4c9c5-d8b9-4e36-bab6-874bae45be5e] GET /api/messages/6935494dbc37e27bf7174eb6 - Request finished with status 200
[2025-12-11T23:46:25.976Z] [INFO] [2893a58d-b182-4d97-b4ee-577ec335aaf3] PATCH /api/messages/read/6935494dbc37e27bf7174eb6 - Request finished with status 200
[2025-12-11T23:46:26.071Z] [INFO] [cb13014e-098d-4499-9a2a-f679be56019c] GET /api/messages/6935494dbc37e27bf7174eb6 - Request finished with status 304
[2025-12-11T23:46:26.982Z] [INFO] [9fa3ed9c-7b93-4836-aa45-62e8d293f034] GET /api/threads/supplier - Request finished with status 304
[2025-12-11T23:46:38.906Z] [INFO] [af6ae94a-1ffc-4552-a5a5-2aefee82f839] GET /api/users/me - Request finished with status 304
[2025-12-11T23:46:38.999Z] [INFO] [24606771-117d-4215-8e0d-424ad4fa5a81] GET /api/users/me - Request finished with status 304
[2025-12-11T23:46:39.076Z] [INFO] [623bb8c0-60b2-4226-98ca-4841a3d848e3] GET /api/users/me - Request finished with status 304
[2025-12-11T23:46:39.157Z] [INFO] [f243b351-800f-4ba6-bfec-96b2f0fa2b1b] GET /api/users/me - Request finished with status 304
[2025-12-11T23:46:39.285Z] [INFO] [fc302b3a-10bf-454c-ad95-ba28e8cbb583] GET /api/users/me - Request finished with status 304
[2025-12-11T23:46:39.377Z] [INFO] [eb1633d6-26c3-4077-ac50-2080f0421fcb] GET /api/users/me - Request finished with status 304
[2025-12-11T23:46:39.414Z] [ERROR] [a602af2c-4c5a-493b-8c08-cefad2b74848] GET /api/notifications - Connection is closed.
[2025-12-11T23:46:39.496Z] [INFO] [a602af2c-4c5a-493b-8c08-cefad2b74848] GET /api/notifications - Request finished with status 500
[2025-12-11T23:46:40.135Z] [INFO] [34b6714b-a85c-47e2-a2c7-8ec27fbf84c1] GET /api/threads/user - Request finished with status 200
[2025-12-11T23:46:41.012Z] [INFO] [2f5ab4d7-4ce5-40f8-b1cd-24540409bbbe] GET /api/threads/user - Request finished with status 304
[2025-12-11T23:46:41.391Z] [INFO] [19d2f61c-283b-451f-87f7-4ccd5324a368] GET /api/threads/user - Request finished with status 304
[2025-12-11T23:46:41.784Z] [INFO] [e94c0914-969f-4734-9ef8-916ed7fcebbd] GET /api/threads/user - Request finished with status 304
[2025-12-11T23:46:42.224Z] [INFO] [dddc0a3f-1864-4ffd-9e06-493229f80b23] GET /api/messages/693548fbbc37e27bf7174e86 - Request finished with status 200
[2025-12-11T23:46:42.284Z] [INFO] [da61b7c8-29ec-4c10-ab6b-9bb60a2db8a1] PATCH /api/messages/read/693548fbbc37e27bf7174e86 - Request finished with status 200
[2025-12-11T23:46:42.366Z] [INFO] [f655efd1-200a-4778-ad62-9568f754d98a] GET /api/messages/693548fbbc37e27bf7174e86 - Request finished with status 304
[2025-12-11T23:46:42.701Z] [INFO] [8bf95edc-a719-43e1-ba75-30fd2eeee76c] GET /api/threads/user - Request finished with status 304
[2025-12-11T23:46:42.850Z] [INFO] [0ec34e20-289d-42d4-908f-ca117c0206b3] GET /api/messages/6935494dbc37e27bf7174eb6 - Request finished with status 200
[2025-12-11T23:46:42.916Z] [INFO] [21af2a5b-ace4-4b2f-87ad-c4b4fcbb49a8] PATCH /api/messages/read/6935494dbc37e27bf7174eb6 - Request finished with status 200
[2025-12-11T23:46:43.003Z] [INFO] [5887bba3-c063-4f82-909c-d5c3ac124331] GET /api/messages/6935494dbc37e27bf7174eb6 - Request finished with status 304
[2025-12-11T23:46:43.039Z] [INFO] [0b150830-1e9d-4632-b5b5-d78e05e58ed0] GET /api/messages/6935494dbc37e27bf7174eb6 - Request finished with status 304
[2025-12-11T23:46:43.119Z] [INFO] [eb176118-e6a6-4a9f-bc1b-36eeab628f82] GET /api/messages/6935494dbc37e27bf7174eb6 - Request finished with status 304
[2025-12-11T23:46:43.308Z] [INFO] [36aec7cc-3c5f-421e-aef9-e2ba3515c6f6] GET /api/threads/user - Request finished with status 304
[2025-12-11T23:46:43.756Z] [INFO] [9d32a426-738e-498c-b338-aa8a5aa15a93] GET /api/threads/supplier - Request finished with status 304
[2025-12-11T23:46:44.132Z] [INFO] [28dce7ed-22b1-479b-acaa-6a765b42b0a2] GET /api/threads/supplier - Request finished with status 304
[2025-12-11T23:49:01.050Z] [INFO] [7159929b-4841-4a51-a089-d952b0973acf] GET /api/messages/693548fbbc37e27bf7174e86 - Request finished with status 304
[2025-12-11T23:49:01.126Z] [INFO] [e16924ee-2443-4cc2-a33d-64ec36f3efb2] PATCH /api/messages/read/693548fbbc37e27bf7174e86 - Request finished with status 200
[2025-12-11T23:49:01.204Z] [INFO] [d1e9d3a5-16c1-416d-abc8-898b5f2af2df] GET /api/messages/693548fbbc37e27bf7174e86 - Request finished with status 304
[2025-12-11T23:49:01.523Z] [INFO] [ba7b3d69-8158-4cc2-af27-f4a9abadd54f] GET /api/threads/user - Request finished with status 304
[2025-12-11T23:49:02.201Z] [INFO] [181ffd64-bf3b-443e-bb8d-4839251635d6] GET /api/messages/6935494dbc37e27bf7174eb6 - Request finished with status 200
[2025-12-11T23:49:02.255Z] [INFO] [81f173b5-2cad-4593-8cdb-75c9eb7eb965] PATCH /api/messages/read/6935494dbc37e27bf7174eb6 - Request finished with status 200
[2025-12-11T23:49:02.344Z] [INFO] [d802c3e8-18b2-4867-8f65-ae9554fb4555] GET /api/messages/6935494dbc37e27bf7174eb6 - Request finished with status 200
[2025-12-11T23:49:02.404Z] [INFO] [b5a7ca1a-2f2a-4e54-b663-44e1c3e486a3] GET /api/messages/6935494dbc37e27bf7174eb6 - Request finished with status 200
[2025-12-11T23:49:02.487Z] [INFO] [7ee3dbf2-0cdb-46c5-aee1-a4fece52a457] GET /api/messages/6935494dbc37e27bf7174eb6 - Request finished with status 304
[2025-12-11T23:49:02.759Z] [INFO] [d55356b6-5baf-46f2-aae9-118ad28a2ee7] GET /api/threads/user - Request finished with status 304
[2025-12-11T23:49:03.337Z] [INFO] [4409f09d-57bd-462e-a5a6-e323a1ab77f5] GET /api/threads/supplier - Request finished with status 304
[2025-12-11T23:49:03.713Z] [INFO] [da65cc6c-8ab6-4a6b-8cf3-998a99ed2ed0] GET /api/threads/supplier - Request finished with status 304
[2025-12-11T23:49:13.590Z] [INFO] [fa0ca327-fbdf-4268-8a01-ec2b08f7e495] GET /api/messages/693548fbbc37e27bf7174e86 - Request finished with status 304
[2025-12-11T23:49:13.665Z] [INFO] [ccd3e3ba-7ab8-436f-a7b9-117d72955715] PATCH /api/messages/read/693548fbbc37e27bf7174e86 - Request finished with status 200
[2025-12-11T23:49:13.746Z] [INFO] [5cb6509e-4e38-46b0-8968-832ca08140fc] GET /api/messages/693548fbbc37e27bf7174e86 - Request finished with status 304
[2025-12-11T23:49:14.043Z] [INFO] [53a8b5d5-2bb7-49e8-a566-9bb40f7653c2] GET /api/threads/user - Request finished with status 304
[2025-12-11T23:49:14.474Z] [INFO] [9e8630c3-93bb-4d54-a1dd-65737ed2dfab] GET /api/messages/6935494dbc37e27bf7174eb6 - Request finished with status 200
[2025-12-11T23:49:14.531Z] [INFO] [a2534259-4622-441f-a0cb-4543febc609e] PATCH /api/messages/read/6935494dbc37e27bf7174eb6 - Request finished with status 200
[2025-12-11T23:49:14.623Z] [INFO] [fce7ea5e-0a7d-4a08-b6ee-0e99e54d59f0] GET /api/messages/6935494dbc37e27bf7174eb6 - Request finished with status 200
[2025-12-11T23:49:14.655Z] [INFO] [b5585a86-d975-4463-adad-0b37e01863fb] GET /api/messages/6935494dbc37e27bf7174eb6 - Request finished with status 200
[2025-12-11T23:49:14.746Z] [INFO] [d1ab4262-5d83-4691-bf33-c06264e222ff] GET /api/messages/6935494dbc37e27bf7174eb6 - Request finished with status 304
[2025-12-11T23:49:14.917Z] [INFO] [c331278f-26a0-467f-8505-6ea1a4817707] GET /api/threads/user - Request finished with status 304
[2025-12-11T23:49:15.416Z] [INFO] [15022b36-6db0-42b2-9f09-a0633003e641] GET /api/threads/supplier - Request finished with status 304
[2025-12-11T23:49:15.789Z] [INFO] [afbf69d7-2898-4025-8e80-40bb0e22942c] GET /api/threads/supplier - Request finished with status 304
[2025-12-11T23:50:29.315Z] [INFO] [27e684dd-77fc-415a-9568-f69652982b2e] GET /api/messages/6936c9e7a47b9033641c3b5b - Request finished with status 200
[2025-12-11T23:50:30.498Z] [INFO] [6ce9c098-014e-413f-acb6-375b9e5b8cb0] GET /api/messages/6935494dbc37e27bf7174eb6 - Request finished with status 200
[2025-12-11T23:50:30.547Z] [INFO] [3d733e5f-4d34-432f-8281-b5446b980ba8] PATCH /api/messages/read/6935494dbc37e27bf7174eb6 - Request finished with status 200
[2025-12-11T23:50:30.662Z] [INFO] [3ce9b107-242d-49b6-a5a0-7f0235dbcad9] GET /api/messages/6935494dbc37e27bf7174eb6 - Request finished with status 200
[2025-12-11T23:50:30.709Z] [INFO] [7f72b8c2-f05e-440b-978e-b0251aadc210] GET /api/messages/6935494dbc37e27bf7174eb6 - Request finished with status 200
[2025-12-11T23:50:30.909Z] [INFO] [88dc0e47-90bc-48fd-a603-efe639a41112] GET /api/messages/6935494dbc37e27bf7174eb6 - Request finished with status 304
[2025-12-11T23:50:31.093Z] [INFO] [b1a0f953-743a-4180-a707-7d996b2bde31] GET /api/threads/supplier - Request finished with status 304
[2025-12-11T23:50:31.636Z] [INFO] [cca005c0-6cbe-4c11-96ac-57242382f5cd] GET /api/threads/user - Request finished with status 304
[2025-12-11T23:50:32.015Z] [INFO] [ad7ad8bb-d783-4892-858b-ef488d4132b9] GET /api/threads/user - Request finished with status 304
[2025-12-11T23:50:39.657Z] [INFO] [dc98c102-c203-4c2a-93d9-d7c9e71307de] PATCH /api/messages/read/6935494dbc37e27bf7174eb6 - Request finished with status 200
[2025-12-11T23:50:39.746Z] [INFO] [acd84d05-19a5-4a57-b431-d59afe4ce914] GET /api/messages/6935494dbc37e27bf7174eb6 - Request finished with status 200
[2025-12-11T23:50:40.070Z] [INFO] [405b8449-e8ce-42bc-80dc-7293cca2d118] GET /api/threads/user - Request finished with status 304
[2025-12-11T23:50:45.965Z] [INFO] [740b3019-a8e9-4c0b-bdae-4e4b3ef023ab] PATCH /api/messages/read/6935494dbc37e27bf7174eb6 - Request finished with status 200
[2025-12-11T23:50:46.066Z] [INFO] [4d30cdd2-d406-458a-bfb9-569f2d26b41e] GET /api/messages/6935494dbc37e27bf7174eb6 - Request finished with status 200
[2025-12-11T23:50:46.354Z] [INFO] [aa09da5b-001d-416a-940b-6194ea8b830f] GET /api/threads/supplier - Request finished with status 304
[2025-12-11T23:50:53.870Z] [INFO] [0274c43c-9a72-48e0-99e4-e8202ee03b72] PATCH /api/messages/read/6935494dbc37e27bf7174eb6 - Request finished with status 200
[2025-12-11T23:50:53.961Z] [INFO] [ae2bc64d-4a14-471b-8a12-12808039cee1] GET /api/messages/6935494dbc37e27bf7174eb6 - Request finished with status 200
[2025-12-11T23:50:54.269Z] [INFO] [b6605ccb-f992-49ca-bd7a-b19e5e6c58e8] GET /api/threads/user - Request finished with status 304
[2025-12-11T23:51:00.036Z] [INFO] [3ecbe7d1-e898-45e6-96a3-8f10eab910bc] PATCH /api/messages/read/6935494dbc37e27bf7174eb6 - Request finished with status 200
[2025-12-11T23:51:00.129Z] [INFO] [84309cc8-56e9-4ba8-a3bc-3cbdcef239ab] GET /api/messages/6935494dbc37e27bf7174eb6 - Request finished with status 200
[2025-12-11T23:51:00.434Z] [INFO] [3c99b952-bec8-49a6-a69e-cb536c78b199] GET /api/threads/supplier - Request finished with status 304
[2025-12-11T23:53:18.337Z] [INFO] [4a44fd78-fbbb-48c6-98ce-0c7113b139b8] PATCH /api/messages/read/6935494dbc37e27bf7174eb6 - Request finished with status 200
[2025-12-11T23:53:18.458Z] [INFO] [55068fa7-bcbb-427b-aa3c-39d60cbeceec] GET /api/messages/6935494dbc37e27bf7174eb6 - Request finished with status 200
[2025-12-11T23:53:18.812Z] [INFO] [93ef4f84-5fe9-4245-a3eb-109515208c1b] GET /api/threads/user - Request finished with status 304
[2025-12-11T23:53:21.888Z] [INFO] [07c4b149-a43f-4d60-abea-e8485f8257fb] PATCH /api/messages/read/6935494dbc37e27bf7174eb6 - Request finished with status 200
[2025-12-11T23:53:21.992Z] [INFO] [ebb929df-2b9b-47c2-8544-77bd4a9d65eb] GET /api/messages/6935494dbc37e27bf7174eb6 - Request finished with status 200
[2025-12-11T23:53:22.303Z] [INFO] [81316676-0ec3-4089-8acf-47ddc7f15b97] GET /api/threads/supplier - Request finished with status 304
[2025-12-11T23:53:29.525Z] [INFO] [25275445-5a27-49e1-beec-faa0bafbcbcd] PATCH /api/messages/read/6935494dbc37e27bf7174eb6 - Request finished with status 200
[2025-12-11T23:53:29.632Z] [INFO] [0254fa7f-4c30-4a33-a19b-02a53a5f46b8] GET /api/messages/6935494dbc37e27bf7174eb6 - Request finished with status 200
[2025-12-11T23:53:29.938Z] [INFO] [6af8b09c-8cfa-494e-8d26-52016eadf912] GET /api/threads/user - Request finished with status 304
[2025-12-11T23:53:31.164Z] [INFO] [c72d7d83-de44-4744-a25b-58194675a20a] GET /api/messages/693548fbbc37e27bf7174e86 - Request finished with status 304
[2025-12-11T23:53:44.634Z] [INFO] [5391f5aa-6800-4d1f-8f8b-c9de02759884] GET /api/messages/693a8e898f8b1b7945431608 - Request finished with status 200
[2025-12-11T23:53:48.753Z] [INFO] [d096e788-ee76-4e80-adf5-b4edd9b3ea4c] GET /api/messages/693a8f6087a58f051c8ab89a - Request finished with status 200
[2025-12-11T23:54:06.921Z] [INFO] [af53330b-9f95-4743-a5ea-753e41578d9d] GET /api/messages/693a8e898f8b1b7945431608 - Request finished with status 200
[2025-12-11T23:54:08.090Z] [INFO] [d70a17e2-3996-46cb-9645-c70ee9c8fd26] GET /api/messages/693a8c5aad080debff28552a - Request finished with status 200
[2025-12-11T23:54:08.961Z] [INFO] [56038acc-fac6-41db-b8ba-f7d8040298c3] GET /api/messages/693a8bdcad080debff28550f - Request finished with status 200
[2025-12-11T23:54:10.995Z] [INFO] [a287a4a3-668c-45c4-bbc6-f465f59d32b2] GET /api/messages/693a8f6087a58f051c8ab89a - Request finished with status 200
[2025-12-11T23:54:11.163Z] [INFO] [a5444158-fb70-4a1e-aaff-75825477a680] GET /api/messages/693a8f6087a58f051c8ab89a - Request finished with status 200
[2025-12-11T23:54:11.238Z] [INFO] [1262bbd8-ffbe-4292-96ac-ca205fe8efa7] GET /api/messages/693a8f6087a58f051c8ab89a - Request finished with status 304
[2025-12-11T23:54:11.460Z] [INFO] [00206b82-415f-4fdc-bbac-a3b2bb0bf397] GET /api/threads/user - Request finished with status 304
[2025-12-11T23:54:11.833Z] [INFO] [666d7470-1ef0-4b70-9f71-afe88d01e537] GET /api/threads/user - Request finished with status 304
[2025-12-11T23:54:12.507Z] [INFO] [813828a1-8622-422f-88c2-c1011443a25c] PATCH /api/messages/read/693a8f6087a58f051c8ab89a - Request finished with status 200
[2025-12-11T23:54:12.599Z] [INFO] [2ef6b0fa-c995-49fd-ad96-2cde035e6fa1] GET /api/messages/693a8f6087a58f051c8ab89a - Request finished with status 200
[2025-12-11T23:54:12.893Z] [INFO] [aa48ced1-6f90-4deb-b8a2-740a6b9b81a6] GET /api/threads/supplier - Request finished with status 304
[2025-12-11T23:54:16.011Z] [INFO] [6d2e5379-f83b-4c00-a10d-7a1a96bec151] GET /api/messages/693a8e898f8b1b7945431608 - Request finished with status 304
[2025-12-11T23:54:22.438Z] [INFO] [8e1619ac-1143-42e6-b915-4eedcc4b79ab] GET /api/messages/693a8e898f8b1b7945431608 - Request finished with status 200
[2025-12-11T23:54:22.615Z] [INFO] [00bcfc2a-4cb0-43df-bace-e913bfe0f013] GET /api/messages/693a8e898f8b1b7945431608 - Request finished with status 200
[2025-12-11T23:54:22.692Z] [INFO] [50361c48-0a2a-4d99-9dca-037f964b0054] GET /api/messages/693a8e898f8b1b7945431608 - Request finished with status 304
[2025-12-11T23:54:22.911Z] [INFO] [4ca64215-6bad-450d-9b6c-fd911bc79162] GET /api/threads/user - Request finished with status 304
[2025-12-11T23:54:23.284Z] [INFO] [41cd7fea-26e3-4ede-953b-319f8d6bcedf] GET /api/threads/user - Request finished with status 304
[2025-12-11T23:55:34.660Z] [INFO] [b2d84fdf-9147-4b65-a410-027391ee3288] PATCH /api/messages/read/693a8e898f8b1b7945431608 - Request finished with status 200
[2025-12-11T23:55:34.750Z] [INFO] [2d94590f-6a8f-458e-ad86-0d158c14157b] GET /api/messages/693a8e898f8b1b7945431608 - Request finished with status 200
[2025-12-11T23:55:35.081Z] [INFO] [2a250f74-bf1a-4285-a57a-30d0998719c7] GET /api/threads/supplier - Request finished with status 304
[2025-12-11T23:55:38.506Z] [INFO] [26fa95c9-7d77-4698-a40e-c75c26fc4d0b] PATCH /api/messages/read/693a8e898f8b1b7945431608 - Request finished with status 200
[2025-12-11T23:55:38.594Z] [INFO] [ae4f043c-1e75-42ec-ba9f-e47a9381b2df] GET /api/messages/693a8e898f8b1b7945431608 - Request finished with status 200
[2025-12-11T23:55:38.893Z] [INFO] [1882e0be-b9db-4471-9cc6-e338808fff10] GET /api/threads/user - Request finished with status 304
[2025-12-11T23:55:50.110Z] [INFO] [63905989-caad-4eae-bdd5-2da791b7ac7b] GET /api/messages/693a8f6087a58f051c8ab89a - Request finished with status 304
[2025-12-11T23:57:40.152Z] [INFO] [0dd7f9c5-cc75-4e9e-a8a0-1ad37614c46c] GET /api/messages/693a8f6087a58f051c8ab89a - Request finished with status 200
[2025-12-11T23:57:40.342Z] [INFO] [e8cffed7-92ef-47ab-8df4-63ab40c4ddc6] GET /api/messages/693a8f6087a58f051c8ab89a - Request finished with status 200
[2025-12-11T23:57:40.441Z] [INFO] [9b9f70c8-b998-47a4-a2f0-9d063e17b9d9] GET /api/messages/693a8f6087a58f051c8ab89a - Request finished with status 304
[2025-12-11T23:57:40.766Z] [INFO] [a45864c9-6ed3-4904-af97-a86a23fbc3d9] GET /api/threads/supplier - Request finished with status 304
[2025-12-11T23:57:41.191Z] [INFO] [dc48cd5e-63ff-431f-b5fd-ceb5eb6b14ad] GET /api/threads/supplier - Request finished with status 304
[2025-12-11T23:57:42.253Z] [INFO] [1be67382-8ed6-476e-b492-cf6fd1379532] PATCH /api/messages/read/693a8f6087a58f051c8ab89a - Request finished with status 200
[2025-12-11T23:57:42.343Z] [INFO] [cc327c2a-767a-4c11-a024-3d49022ab302] GET /api/messages/693a8f6087a58f051c8ab89a - Request finished with status 200
[2025-12-11T23:57:42.641Z] [INFO] [fb0737d9-9040-4b7c-aa90-f10d09972aab] GET /api/threads/user - Request finished with status 304
[2025-12-11T23:57:44.736Z] [INFO] [b05ce745-2798-44f9-95af-08a49606429f] GET /api/messages/693a8e898f8b1b7945431608 - Request finished with status 200
[2025-12-12T00:02:57.753Z] [INFO] [1eba35df-598f-4933-9b5b-cf179c67bcf6] GET /api/messages/693a8e898f8b1b7945431608 - Request finished with status 200
[2025-12-12T00:02:57.956Z] [INFO] [5e530080-dc04-459d-9498-016d39576049] GET /api/messages/693a8e898f8b1b7945431608 - Request finished with status 200
[2025-12-12T00:02:58.050Z] [INFO] [15238e46-c27b-4be8-a26a-415c2cca75d8] GET /api/messages/693a8e898f8b1b7945431608 - Request finished with status 304
[2025-12-12T00:02:58.285Z] [INFO] [3e21ff47-41fd-4ef2-80ac-a20225f5b3c3] GET /api/threads/supplier - Request finished with status 200
[2025-12-12T00:02:58.662Z] [INFO] [961dca05-9e9f-4f39-bab0-f14e5023268d] GET /api/threads/supplier - Request finished with status 304
[2025-12-12T00:02:59.753Z] [INFO] [75cc148f-53be-4cc8-953e-3549dafd5c0f] PATCH /api/messages/read/693a8e898f8b1b7945431608 - Request finished with status 200
[2025-12-12T00:02:59.835Z] [INFO] [20c9b6e5-de59-4f54-9016-b34201ef1d82] GET /api/messages/693a8e898f8b1b7945431608 - Request finished with status 200
[2025-12-12T00:03:00.146Z] [INFO] [c7787c20-8ec7-44cb-b78a-36c54537b92e] GET /api/threads/user - Request finished with status 304
[2025-12-12T00:03:01.891Z] [INFO] [c387b0b3-f2c1-4857-b1c5-6ef10388be75] GET /api/messages/693548fbbc37e27bf7174e86 - Request finished with status 200
[2025-12-12T00:03:04.614Z] [INFO] [1013a7f1-219a-4f0d-bb63-e414c3eb0240] GET /api/messages/6935494dbc37e27bf7174eb6 - Request finished with status 200
[2025-12-12T00:03:09.146Z] [INFO] [f69da79c-7071-40db-baa4-903e127ad8b9] GET /api/threads/supplier - Request finished with status 304
[2025-12-12T00:03:13.620Z] [INFO] [bf906b57-6eed-4382-8a3a-00517fa412d4] GET /api/threads/supplier - Request finished with status 304
[2025-12-12T00:10:47.121Z] [INFO] [5f3f5395-55ff-44aa-ba08-63f777b588a6] GET /api/threads/supplier - Request finished with status 304
[2025-12-12T00:10:51.603Z] [INFO] [f261adb6-5e3d-4c13-bdf7-e4f83e8be790] GET /api/threads/supplier - Request finished with status 304
[2025-12-12T00:10:55.268Z] [INFO] [2869c983-ab36-4c16-a6f3-4e52b74e6952] GET /api/messages/6935494dbc37e27bf7174eb6 - Request finished with status 200
[2025-12-12T00:10:59.617Z] [INFO] [eaa9c382-e476-4c3b-a0a4-0ee3203ab406] GET /api/users/me - Request finished with status 304
[2025-12-12T00:10:59.693Z] [INFO] [2b68056f-07c9-423a-98fd-30041c2797a7] GET /api/users/me - Request finished with status 304
[2025-12-12T00:10:59.805Z] [INFO] [6c9143fb-7f95-45e2-888e-e91cc3c4d103] GET /api/users/me - Request finished with status 304
[2025-12-12T00:10:59.889Z] [INFO] [d6ec5ca5-43bc-4479-95c7-61f2dfcbd43c] GET /api/users/me - Request finished with status 304
[2025-12-12T00:10:59.971Z] [INFO] [bad5b556-1dab-404e-a83e-a060944e9ab8] GET /api/users/me - Request finished with status 304
[2025-12-12T00:11:00.049Z] [INFO] [704a5b9e-486d-4343-9ee9-fc88b1744dea] GET /api/users/me - Request finished with status 304
[2025-12-12T00:11:00.363Z] [INFO] [d377f02a-22fd-4972-827e-20973b2628de] GET /api/threads/user - Request finished with status 304
[2025-12-12T00:11:00.745Z] [INFO] [de3a7ec8-ba94-4cc0-b0a1-73534453ce8c] GET /api/threads/user - Request finished with status 304
[2025-12-12T00:12:26.904Z] [INFO] [c8ac1381-40e4-47a1-a9e5-284b0958f2b4] GET /api/threads/supplier - Request finished with status 304
[2025-12-12T00:12:30.334Z] [INFO] [857a31fd-4897-4648-827e-85123b92dcaa] GET /api/users/me - Request finished with status 304
[2025-12-12T00:12:30.419Z] [INFO] [11d775bb-4082-4e5d-893b-51c6d0fc3f2b] GET /api/users/me - Request finished with status 304
[2025-12-12T00:12:30.500Z] [INFO] [080b69ca-7225-46ab-b291-88472bb7d303] GET /api/users/me - Request finished with status 304
[2025-12-12T00:12:30.601Z] [INFO] [bf30e1b2-9d67-4072-b8db-c918be9e7b84] GET /api/users/me - Request finished with status 304
[2025-12-12T00:12:30.801Z] [INFO] [c6f57803-e9f6-4686-a597-147d761d6927] GET /api/users/me - Request finished with status 304
[2025-12-12T00:12:30.809Z] [ERROR] [6ba9b051-ca1b-4599-a1b2-50e675cc0cda] GET /api/notifications - Connection is closed.
[2025-12-12T00:12:30.821Z] [INFO] [6ba9b051-ca1b-4599-a1b2-50e675cc0cda] GET /api/notifications - Request finished with status 500
[2025-12-12T00:12:30.905Z] [INFO] [5c172132-fefe-4b11-9d89-bf331213ee77] GET /api/users/me - Request finished with status 304
[2025-12-12T00:12:30.907Z] [ERROR] [80e2b27b-f43b-43ad-9e44-72fd77df3121] GET /api/notifications - Connection is closed.
[2025-12-12T00:12:30.909Z] [INFO] [80e2b27b-f43b-43ad-9e44-72fd77df3121] GET /api/notifications - Request finished with status 500
[2025-12-12T00:12:31.140Z] [INFO] [0db2f67d-0df9-4c38-bc6c-f5fa94e520d5] GET /api/threads/user - Request finished with status 304
[2025-12-12T00:12:31.543Z] [INFO] [6c7c76ab-0d85-4d34-a9fa-008e9637208e] GET /api/threads/user - Request finished with status 304
[2025-12-12T00:12:34.311Z] [INFO] [1fe4402b-c165-41f0-8c99-612d6b4242de] GET /api/users/me - Request finished with status 304
[2025-12-12T00:12:34.389Z] [INFO] [5e25ba6c-9245-450d-9b21-6b5d2a6bc94f] GET /api/users/me - Request finished with status 304
[2025-12-12T00:12:34.468Z] [INFO] [77a4cce9-580d-40c5-b817-3f999ed2d4da] GET /api/users/me - Request finished with status 304
[2025-12-12T00:12:34.546Z] [INFO] [ea2bd90b-7f2e-4256-885c-fd3e856c4aa4] GET /api/users/me - Request finished with status 304
[2025-12-12T00:12:34.734Z] [INFO] [84a2f14f-6bd5-4357-86a4-8427f83eeb87] GET /api/users/me - Request finished with status 304
[2025-12-12T00:12:34.813Z] [INFO] [5102e9e7-8122-4c91-87b2-7174f816eb63] GET /api/users/me - Request finished with status 304
[2025-12-12T00:12:35.032Z] [INFO] [57e517ed-233d-4a80-81b9-cb4ced4abc3a] GET /api/threads/user - Request finished with status 304
[2025-12-12T00:12:35.410Z] [INFO] [c7c0b2c3-c64e-461e-8245-20e39fd2e495] GET /api/threads/user - Request finished with status 304
[2025-12-12T00:12:43.875Z] [INFO] [78d7b0ae-2ebe-4e34-8b99-fdeea8c00139] POST /api/auth/login - Request finished with status 200
[2025-12-12T00:12:43.966Z] [INFO] [8dd87608-f89b-49d4-8028-3bcd48017b6c] GET /api/users/me - Request finished with status 304
[2025-12-12T00:12:44.056Z] [INFO] [ddccc634-1198-4bf4-988e-5066a68e5ab9] GET /api/users/me - Request finished with status 304
[2025-12-12T00:12:44.239Z] [INFO] [894168f1-d7b3-4672-9252-a74c9b8c67f6] GET /api/users/me - Request finished with status 304
[2025-12-12T00:12:44.316Z] [INFO] [5d523ea6-77b9-47d5-8498-bb38110eddd2] GET /api/users/me - Request finished with status 304
[2025-12-12T00:12:44.395Z] [INFO] [0dc9f52e-4afe-4c86-a092-e7c7bde0b0c0] GET /api/users/me - Request finished with status 304
[2025-12-12T00:12:44.473Z] [INFO] [a2452300-8acf-4103-8711-65265821929d] GET /api/users/me - Request finished with status 304
[2025-12-12T00:12:44.622Z] [INFO] [58b4deef-0ade-418f-a213-824575dd2302] GET /api/users/me - Request finished with status 304
[2025-12-12T00:12:44.634Z] [ERROR] [d4621802-6309-4f08-b4f3-7a0bc9eefa8d] GET /api/notifications - Connection is closed.
[2025-12-12T00:12:44.636Z] [INFO] [d4621802-6309-4f08-b4f3-7a0bc9eefa8d] GET /api/notifications - Request finished with status 500
[2025-12-12T00:12:44.699Z] [INFO] [b2ec8e1b-66f1-4875-a4c8-37414944424c] GET /api/users/me - Request finished with status 304
[2025-12-12T00:12:44.714Z] [ERROR] [613b9efc-4e02-43eb-90ed-b5c065f88309] GET /api/notifications - Connection is closed.
[2025-12-12T00:12:44.717Z] [INFO] [613b9efc-4e02-43eb-90ed-b5c065f88309] GET /api/notifications - Request finished with status 500
[2025-12-12T00:12:44.770Z] [INFO] [a00f04a0-55fa-4a8b-b685-89bc9562ca02] GET /api/dashboard/user/charts - Request finished with status 304
[2025-12-12T00:12:44.992Z] [INFO] [811721ef-92e2-4f1c-b92c-d9123b375f68] GET /api/dashboard/user/charts - Request finished with status 304
[2025-12-12T00:12:45.076Z] [INFO] [b12c3a62-9b7d-4c19-a565-035d430f52fa] GET /api/dashboard/summaryUser - Request finished with status 200
[2025-12-12T00:12:45.597Z] [INFO] [a7b63be1-1447-46f2-a11c-9cb22a6a5ec9] GET /api/dashboard/summaryUser - Request finished with status 304
[2025-12-12T00:12:49.372Z] [INFO] [66c102a5-7dbc-48ac-b9dd-df7a06517864] GET /api/threads/user - Request finished with status 304
[2025-12-12T00:12:49.756Z] [INFO] [6439a90f-8f5a-4d74-931c-ca79ec489247] GET /api/threads/user - Request finished with status 304
[2025-12-12T00:13:43.118Z] [INFO] [77a21b1c-1dd9-45c7-a60f-120260bfce45] GET /api/users/me - Request finished with status 304
[2025-12-12T00:13:43.314Z] [INFO] [d39c4ebf-ad9a-4426-a172-b1c1f6cdf10e] GET /api/users/me - Request finished with status 304
[2025-12-12T00:13:44.777Z] [INFO] [14d5a4f9-b749-4565-84fb-3751167aea79] GET /api/users/me - Request finished with status 304
[2025-12-12T00:13:44.859Z] [INFO] [1aae90fd-84df-40c0-bcd2-f2fbd4fa3c78] GET /api/users/me - Request finished with status 304
[2025-12-12T00:13:45.616Z] [INFO] [fe9e1849-26f2-4c5b-aad8-e0030ecd43fd] GET /api/users/me - Request finished with status 304
[2025-12-12T00:13:45.649Z] [ERROR] [ff7eb798-9b49-48ad-ad79-865ea086f498] GET /api/notifications - Connection is closed.
[2025-12-12T00:13:45.677Z] [INFO] [ff7eb798-9b49-48ad-ad79-865ea086f498] GET /api/notifications - Request finished with status 500
[2025-12-12T00:13:45.780Z] [INFO] [828554c1-1d01-4b03-892d-5248e74383d0] GET /api/users/me - Request finished with status 304
[2025-12-12T00:13:45.863Z] [ERROR] [6c0ed356-4186-4f97-a595-8fdf871f3fb5] GET /api/notifications - Connection is closed.
[2025-12-12T00:13:45.870Z] [INFO] [6c0ed356-4186-4f97-a595-8fdf871f3fb5] GET /api/notifications - Request finished with status 500
[2025-12-12T00:13:46.044Z] [INFO] [a914c042-c1f5-4281-b2df-5d1cf4c766bb] GET /api/threads/user - Request finished with status 304
[2025-12-12T00:13:46.459Z] [INFO] [9a8a21fd-1381-44bc-93f9-db6681d8de58] GET /api/threads/user - Request finished with status 304
[2025-12-12T00:14:06.801Z] [INFO] [56508170-8e4f-4a3d-be47-2c4a65493be3] GET /api/users/me - Request finished with status 304
[2025-12-12T00:14:06.912Z] [INFO] [2ccb9a77-7724-4945-89cb-e891a1445168] GET /api/users/me - Request finished with status 304
[2025-12-12T00:14:06.996Z] [INFO] [96f5b587-51d5-43ca-a2c1-e042cc71256b] GET /api/users/me - Request finished with status 304
[2025-12-12T00:14:07.090Z] [INFO] [33da6cd0-6367-4a83-a607-dc5c9795b33b] GET /api/users/me - Request finished with status 304
[2025-12-12T00:14:07.291Z] [INFO] [cc23845c-86d0-46f1-accc-0b293235016c] GET /api/users/me - Request finished with status 304
[2025-12-12T00:14:07.704Z] [INFO] [a3bbb972-c646-4e97-8e65-2926ade5ac77] GET /api/users/me - Request finished with status 304
[2025-12-12T00:14:08.367Z] [INFO] [b794a48b-09bd-4b51-af3e-6ddbafe4d573] GET /api/threads/user - Request finished with status 304
[2025-12-12T00:14:08.983Z] [INFO] [c2043d71-f49f-4779-af38-46ee7577f28d] GET /api/threads/user - Request finished with status 304
[2025-12-12T00:16:34.686Z] [INFO] [bce26f22-364c-46c8-a703-29f07004df12] GET /api/threads/supplier - Request finished with status 304
[2025-12-12T00:16:36.241Z] [INFO] [1a6c7a4a-63e7-40d5-b10a-a5de6ddf0175] GET /api/messages/6935494dbc37e27bf7174eb6 - Request finished with status 200
[2025-12-12T00:16:43.931Z] [INFO] [c6842745-dc5b-4aa3-83c1-676bd447fe6c] GET /api/users/me - Request finished with status 304
[2025-12-12T00:16:44.005Z] [INFO] [54bd2f72-d351-4f19-862d-c5cd747e207f] GET /api/users/me - Request finished with status 304
[2025-12-12T00:16:44.079Z] [INFO] [6de65525-ad0a-421f-bf7b-74522617246d] GET /api/users/me - Request finished with status 304
[2025-12-12T00:16:44.153Z] [INFO] [e1191c81-83c5-45c0-b130-857554440d2d] GET /api/users/me - Request finished with status 304
[2025-12-12T00:16:44.353Z] [INFO] [eb37043a-adea-486f-a161-95f3a35e1355] GET /api/users/me - Request finished with status 304
[2025-12-12T00:16:44.373Z] [ERROR] [63ff4130-bb60-488f-8739-7a8cfb8ffab0] GET /api/notifications - Connection is closed.
[2025-12-12T00:16:44.390Z] [INFO] [63ff4130-bb60-488f-8739-7a8cfb8ffab0] GET /api/notifications - Request finished with status 500
[2025-12-12T00:16:44.432Z] [INFO] [bdab3ee6-ab6c-4c8b-9b7b-a90ecda797a6] GET /api/users/me - Request finished with status 304
[2025-12-12T00:16:44.466Z] [ERROR] [8db1daec-30df-4b89-97a4-e4948f4e9e50] GET /api/notifications - Connection is closed.
[2025-12-12T00:16:44.468Z] [INFO] [8db1daec-30df-4b89-97a4-e4948f4e9e50] GET /api/notifications - Request finished with status 500
[2025-12-12T00:16:44.659Z] [INFO] [2da276bc-5e28-4625-9ea5-947887b72dfb] GET /api/threads/user - Request finished with status 304
[2025-12-12T00:16:45.042Z] [INFO] [db797fef-45c6-4134-a850-c1f8e124bf6b] GET /api/threads/user - Request finished with status 304
[2025-12-12T00:16:45.439Z] [INFO] [322453f1-ea2f-42a1-b7bb-aaaff7b2f77b] GET /api/threads/user - Request finished with status 304
[2025-12-12T00:16:45.847Z] [INFO] [b938a1a4-12db-4743-83c8-838bc5cc919e] GET /api/threads/user - Request finished with status 304
[2025-12-12T00:19:45.336Z] [INFO] [3c981842-4035-4b96-a5f4-8a2d145ff08a] GET /api/threads/user - Request finished with status 200
[2025-12-12T00:21:50.073Z] [INFO] [73328d8b-0801-4bbd-9d8c-1483155c158f] GET /api/threads/supplier - Request finished with status 200
[2025-12-12T00:22:02.754Z] [INFO] [64d4a510-1584-47d2-b7f4-eba6962fe4bc] GET /api/users/me - Request finished with status 304
[2025-12-12T00:22:02.836Z] [INFO] [af6bf548-a391-4b8c-9caf-fc14c381a4a9] GET /api/users/me - Request finished with status 304
[2025-12-12T00:22:02.915Z] [INFO] [77e48095-2db5-45e0-a69a-9b9b1790a755] GET /api/users/me - Request finished with status 304
[2025-12-12T00:22:02.994Z] [INFO] [157233c7-24d0-4ef8-accc-4cccd0633033] GET /api/users/me - Request finished with status 304
[2025-12-12T00:22:03.118Z] [INFO] [515301b6-7406-4acb-9a87-966e46350d7f] GET /api/users/me - Request finished with status 304
[2025-12-12T00:22:03.201Z] [INFO] [55e8b68b-6dcc-4c27-8ace-bae11395ae0b] GET /api/users/me - Request finished with status 304
[2025-12-12T00:22:03.283Z] [ERROR] [8d3ed6e2-4244-4809-b1eb-362865bbe9fd] GET /api/notifications - Connection is closed.
[2025-12-12T00:22:03.295Z] [INFO] [8d3ed6e2-4244-4809-b1eb-362865bbe9fd] GET /api/notifications - Request finished with status 500
[2025-12-12T00:22:03.607Z] [INFO] [9662375d-e020-468c-8966-1e29fd258d0a] GET /api/threads/user - Request finished with status 304
[2025-12-12T00:22:04.020Z] [INFO] [b1fb5317-dc05-4112-84f1-f95e4348c28b] GET /api/threads/user - Request finished with status 304
[2025-12-12T00:22:17.529Z] [INFO] [e4620e44-d75e-4297-93a4-38358b41f5b8] POST /api/auth/login - Request finished with status 200
[2025-12-12T00:22:17.614Z] [INFO] [545ed28e-7da1-4b0b-8a79-9d9b62f05074] GET /api/users/me - Request finished with status 304
[2025-12-12T00:22:17.699Z] [INFO] [fa645eb6-4ebc-4bf6-aa8e-3b22fa84fdbf] GET /api/users/me - Request finished with status 304
[2025-12-12T00:22:17.820Z] [INFO] [24fe605f-2dbe-413f-9560-a2cac6fa9ee6] GET /api/users/me - Request finished with status 304
[2025-12-12T00:22:17.898Z] [INFO] [e6b60808-892d-4cff-9b14-3a21238e78b5] GET /api/users/me - Request finished with status 304
[2025-12-12T00:22:17.972Z] [INFO] [56056482-8ef9-41c1-91a2-da98bf133001] GET /api/users/me - Request finished with status 304
[2025-12-12T00:22:18.050Z] [INFO] [1d455006-9835-4989-905b-87e6df51a3d0] GET /api/users/me - Request finished with status 304
[2025-12-12T00:22:18.167Z] [INFO] [07c058da-da6e-4c44-b82a-5cdabf3109ad] GET /api/users/me - Request finished with status 304
[2025-12-12T00:22:18.171Z] [ERROR] [ae83d960-5388-4dcf-9a85-b08980b1e5be] GET /api/notifications - Connection is closed.
[2025-12-12T00:22:18.173Z] [INFO] [ae83d960-5388-4dcf-9a85-b08980b1e5be] GET /api/notifications - Request finished with status 500
[2025-12-12T00:22:18.265Z] [INFO] [a032635c-ecb4-40b5-a550-49b77f58e3db] GET /api/users/me - Request finished with status 304
[2025-12-12T00:22:18.266Z] [ERROR] [2b2a4239-b5aa-41ff-b319-c7b95efd4d3c] GET /api/notifications - Connection is closed.
[2025-12-12T00:22:18.281Z] [INFO] [2b2a4239-b5aa-41ff-b319-c7b95efd4d3c] GET /api/notifications - Request finished with status 500
[2025-12-12T00:22:18.336Z] [INFO] [7e742012-3c98-457f-8f5e-d8a58208d6d5] GET /api/dashboard/user/charts - Request finished with status 304
[2025-12-12T00:22:18.566Z] [INFO] [f2e9d052-1a44-4cea-8e8d-ac5f5b8d6531] GET /api/dashboard/user/charts - Request finished with status 304
[2025-12-12T00:22:18.656Z] [INFO] [889b25cd-cf99-4ab0-807c-c63d32cc3df3] GET /api/dashboard/summaryUser - Request finished with status 304
[2025-12-12T00:22:19.197Z] [INFO] [aa047ec3-3f23-4f54-bd69-43f1ce000282] GET /api/dashboard/summaryUser - Request finished with status 304
[2025-12-12T00:22:28.830Z] [INFO] [2b08ffa5-0242-4da5-a863-1c4f4c1f29a0] POST /api/auth/login - Request finished with status 200
[2025-12-12T00:22:28.920Z] [INFO] [04425493-43b5-4606-a6c7-0dcad4244cac] GET /api/users/me - Request finished with status 304
[2025-12-12T00:22:29.008Z] [INFO] [2e5d51a4-0dbc-4e6f-bff8-29c4a775cd18] GET /api/users/me - Request finished with status 304
[2025-12-12T00:22:29.125Z] [INFO] [bde51046-f921-4a68-8f3d-4972e4165899] GET /api/users/me - Request finished with status 304
[2025-12-12T00:22:29.203Z] [INFO] [7c38cb3f-751c-4f82-be55-b65702a38ba7] GET /api/users/me - Request finished with status 304
[2025-12-12T00:22:29.282Z] [INFO] [d3083315-742b-423d-a81b-211c0e5f9a20] GET /api/users/me - Request finished with status 304
[2025-12-12T00:22:29.363Z] [INFO] [415ad8ad-0464-4f80-bb00-fc153858c829] GET /api/users/me - Request finished with status 304
[2025-12-12T00:22:29.455Z] [INFO] [25913e69-a830-41fd-9d30-4b003f9e368c] GET /api/users/me - Request finished with status 304
[2025-12-12T00:22:29.535Z] [INFO] [d5bc98fd-5b6b-4fe4-bf69-6fb8a88afc07] GET /api/users/me - Request finished with status 304
[2025-12-12T00:22:29.913Z] [INFO] [72b5312e-ca7a-47c8-aa74-546058f1a633] GET /api/dashboard/supplier/charts - Request finished with status 304
[2025-12-12T00:22:30.432Z] [INFO] [b40fdd55-813d-40f4-8e6b-57dc01c0dabd] GET /api/dashboard/supplier/charts - Request finished with status 304
[2025-12-12T00:22:30.543Z] [INFO] [201a6a37-2c4e-4b05-b5d4-ab0a820826e8] GET /api/dashboard/summarySupplier - Request finished with status 200
[2025-12-12T00:22:31.573Z] [INFO] [c1ab683e-6d0b-4654-8f80-cdff21f908a6] GET /api/dashboard/summarySupplier - Request finished with status 304
[2025-12-12T00:22:32.645Z] [INFO] [556714e6-12cf-4cb6-910e-5320d1d48453] GET /api/threads/user - Request finished with status 304
[2025-12-12T00:22:33.029Z] [INFO] [b2ad814d-5728-481d-b033-34197d320c1b] GET /api/threads/user - Request finished with status 304
[2025-12-12T00:22:34.104Z] [INFO] [25fc67d9-d910-4c66-b1bb-a3706b748702] GET /api/threads/supplier - Request finished with status 304
[2025-12-12T00:22:34.514Z] [INFO] [85586a1b-45cb-49b4-a516-ba8e01f707a6] GET /api/threads/supplier - Request finished with status 304
[2025-12-12T00:23:37.294Z] [INFO] [7ff8dd73-e727-44ec-bd8a-6f68eca5fca6] GET /api/threads/supplier - Request finished with status 304
[2025-12-12T00:23:38.846Z] [INFO] [f975c90e-b774-4ee2-b72d-4296e0714041] GET /api/threads/user - Request finished with status 304
[2025-12-12T00:23:41.170Z] [INFO] [527f03fe-0597-4b4c-8bad-cb793c8bba8a] GET /api/users/me - Request finished with status 304
[2025-12-12T00:23:41.255Z] [INFO] [3dfa65df-d972-445a-ba9c-4b77be050e22] GET /api/users/me - Request finished with status 304
[2025-12-12T00:23:41.345Z] [INFO] [6bef5bc5-8cf3-4d57-8a99-06d80542f6d8] GET /api/users/me - Request finished with status 304
[2025-12-12T00:23:41.447Z] [INFO] [8379291a-2f46-4fdb-b6b7-75acca63620d] GET /api/users/me - Request finished with status 304
[2025-12-12T00:23:41.533Z] [INFO] [f056f6a6-8d80-4c8e-8caa-ae8446da3b86] GET /api/users/me - Request finished with status 304
[2025-12-12T00:23:41.602Z] [INFO] [6160b2b1-f9a2-4a1e-847f-027b3dd15d48] GET /api/threads/user - Request finished with status 304
[2025-12-12T00:23:41.616Z] [INFO] [c72c9846-15e6-4ca6-8d01-e8ee572690f7] GET /api/users/me - Request finished with status 304
[2025-12-12T00:23:41.765Z] [INFO] [9799451e-5a2c-4e7a-bce0-229eba1f873e] GET /api/threads/user - Request finished with status 304
[2025-12-12T00:23:59.259Z] [INFO] [d4b1d674-372d-4b2b-8efc-95d8550b514d] GET /api/users/me - Request finished with status 304
[2025-12-12T00:23:59.338Z] [INFO] [b9f8fd5d-e35c-46b0-b856-4dd58f0609e3] GET /api/users/me - Request finished with status 304
[2025-12-12T00:23:59.417Z] [INFO] [3cfe9301-f7e6-46cd-80f4-1bcf188a7d2d] GET /api/users/me - Request finished with status 304
[2025-12-12T00:23:59.496Z] [INFO] [e173b3b3-c7ad-4956-ada8-e1d0206ddacb] GET /api/users/me - Request finished with status 304
[2025-12-12T00:23:59.656Z] [INFO] [f73a21e7-9945-471c-8f29-d5fc11713eb3] GET /api/users/me - Request finished with status 304
[2025-12-12T00:23:59.740Z] [INFO] [a247c175-037c-4dfe-ba9b-50e4f9c7ff9a] GET /api/users/me - Request finished with status 304
[2025-12-12T00:23:59.963Z] [INFO] [b7cacdd4-e545-4aeb-8653-4741be9b5da0] GET /api/threads/user - Request finished with status 304
[2025-12-12T00:24:00.405Z] [INFO] [7f558fdd-4c15-41bd-a380-5a21f4e29acb] GET /api/threads/user - Request finished with status 304
[2025-12-12T00:24:05.913Z] [INFO] [692f33c9-4dbd-4d07-96a1-1fc62402a97b] GET /api/users/me - Request finished with status 304
[2025-12-12T00:24:05.922Z] [INFO] [c4e2bb62-3cb9-426b-be01-2b4e9eca3662] GET /api/users/me - Request finished with status 304
[2025-12-12T00:24:05.991Z] [INFO] [7f971eb5-54a4-4778-ba8a-b41750638c66] GET /api/users/me - Request finished with status 304
[2025-12-12T00:24:05.999Z] [INFO] [c26c8f0d-fd3c-4381-94ac-358b4c0d115f] GET /api/users/me - Request finished with status 304
[2025-12-12T00:24:06.069Z] [INFO] [dc633dbe-cf4f-4885-a92f-15e2aaeb6ddd] GET /api/users/me - Request finished with status 304
[2025-12-12T00:24:06.090Z] [INFO] [61f552c5-47bb-48aa-9f49-5009f2d51e7d] GET /api/users/me - Request finished with status 304
[2025-12-12T00:24:06.147Z] [INFO] [67f8d94d-4750-418a-974a-889b5d6fc72a] GET /api/users/me - Request finished with status 304
[2025-12-12T00:24:06.168Z] [INFO] [4698022a-f454-4771-ab4b-f4784c8c99de] GET /api/users/me - Request finished with status 304
[2025-12-12T00:24:06.223Z] [INFO] [dd3f89d2-95b7-45e2-ab53-94fc14d7f784] GET /api/users/me - Request finished with status 304
[2025-12-12T00:24:06.300Z] [INFO] [50e8dc37-c761-44b3-ba19-067de6fd0bbe] GET /api/users/me - Request finished with status 304
[2025-12-12T00:24:06.412Z] [INFO] [5fa5f824-20e9-458d-affa-e3f02fa094dc] GET /api/users/me - Request finished with status 304
[2025-12-12T00:24:06.434Z] [ERROR] [60b4cd85-8a2d-4a30-8d10-e6c5a4c5eb57] GET /api/notifications - Connection is closed.
[2025-12-12T00:24:06.446Z] [INFO] [60b4cd85-8a2d-4a30-8d10-e6c5a4c5eb57] GET /api/notifications - Request finished with status 500
[2025-12-12T00:24:06.515Z] [INFO] [d2b0861f-dc11-484c-bcbc-ee678f1ed133] GET /api/users/me - Request finished with status 304
[2025-12-12T00:24:06.650Z] [ERROR] [d02dda48-9a5c-4141-a698-960b5dd90582] GET /api/notifications - Connection is closed.
[2025-12-12T00:24:06.651Z] [INFO] [d02dda48-9a5c-4141-a698-960b5dd90582] GET /api/notifications - Request finished with status 500
[2025-12-12T00:24:06.846Z] [INFO] [a5077c6b-ee5c-48a8-96fd-dc4ecaf627f3] GET /api/threads/user - Request finished with status 304
[2025-12-12T00:24:07.145Z] [INFO] [d75b3c29-ddf5-466b-8422-37bb7bc8ee6f] GET /api/threads/supplier - Request finished with status 304
[2025-12-12T00:24:07.230Z] [INFO] [2375b9c3-c14b-49d6-88c0-9a8aeecae661] GET /api/threads/user - Request finished with status 304
[2025-12-12T00:24:07.563Z] [INFO] [91ecfcea-7592-455d-9805-c22a2712661c] GET /api/threads/supplier - Request finished with status 304
[2025-12-12T00:24:10.848Z] [INFO] [e8c62db0-0309-43b3-b9b7-1bc6817097a6] GET /api/users/me - Request finished with status 304
[2025-12-12T00:24:10.931Z] [INFO] [682a9fa3-638a-47d5-b300-899084994dc1] GET /api/users/me - Request finished with status 304
[2025-12-12T00:24:11.053Z] [INFO] [33c91179-a930-4d2e-b070-0156fe7afd05] GET /api/users/me - Request finished with status 304
[2025-12-12T00:24:11.268Z] [INFO] [b04df871-0ee2-4cb9-8735-5298e5b395d9] GET /api/users/me - Request finished with status 304
[2025-12-12T00:24:11.564Z] [INFO] [86c44374-7ef6-4fa4-acc8-f0dfe2b13d8a] GET /api/threads/user - Request finished with status 304
[2025-12-12T00:24:11.635Z] [INFO] [1112589c-3b7f-4573-a593-79e141aa1f78] GET /api/users/me - Request finished with status 304
[2025-12-12T00:24:11.711Z] [INFO] [47666213-78fa-43d0-b72f-41e1522859b0] GET /api/users/me - Request finished with status 304
[2025-12-12T00:24:11.714Z] [INFO] [045a88cb-2093-48f9-90b3-0ff73ea94f52] GET /api/threads/user - Request finished with status 304
[2025-12-12T00:24:14.893Z] [INFO] [4e7bab7a-c515-4f5b-810c-46ce24227b66] GET /api/users/me - Request finished with status 304
[2025-12-12T00:24:14.970Z] [INFO] [bb65a5f5-09f5-47ef-99c4-c9f9dcd31586] GET /api/users/me - Request finished with status 304
[2025-12-12T00:24:15.048Z] [INFO] [9186ba4d-77c0-4a1f-9e27-39e7d31de09a] GET /api/users/me - Request finished with status 304
[2025-12-12T00:24:15.129Z] [INFO] [50897a0b-4372-47f0-9a50-50060a9c3db6] GET /api/users/me - Request finished with status 304
[2025-12-12T00:24:15.211Z] [INFO] [42a54374-4175-471a-85cc-a66d573b7f59] GET /api/users/me - Request finished with status 304
[2025-12-12T00:24:15.289Z] [INFO] [df8bcc06-8c40-48d7-b94a-be7866700434] GET /api/users/me - Request finished with status 304
[2025-12-12T00:24:15.478Z] [INFO] [2eacd3b9-30f5-46b8-8ff7-9db9300ab62f] GET /api/threads/supplier - Request finished with status 304
[2025-12-12T00:24:15.863Z] [INFO] [94844ec8-fa87-4d0a-b4ae-959f37138c94] GET /api/threads/supplier - Request finished with status 304
[2025-12-12T00:24:16.240Z] [INFO] [b043a82d-dc6f-438d-9ce2-0664c1c1d35c] GET /api/threads/supplier - Request finished with status 304
[2025-12-12T00:24:16.611Z] [INFO] [8c9e7952-26c8-484f-8f30-5d3e6d2ef68c] GET /api/threads/supplier - Request finished with status 304
[2025-12-12T00:24:21.502Z] [INFO] [8fe523c1-40e3-42d3-8968-fd164dd9d26e] GET /api/messages/6935494dbc37e27bf7174eb6 - Request finished with status 200
[2025-12-12T00:24:21.728Z] [INFO] [6646d925-6f96-431a-978a-cbec0c7088f8] GET /api/messages/6935494dbc37e27bf7174eb6 - Request finished with status 200
[2025-12-12T00:24:21.836Z] [INFO] [7bfad220-a5dc-4799-8143-b7d7a19123bc] GET /api/messages/6935494dbc37e27bf7174eb6 - Request finished with status 304
[2025-12-12T00:24:24.412Z] [INFO] [d9eceb34-b330-49de-b84b-7f6a636204e6] GET /api/messages/6936c9e7a47b9033641c3b5b - Request finished with status 304
[2025-12-12T00:24:24.594Z] [INFO] [e9cba81d-5f68-4ab0-853a-d2fb8ee52814] GET /api/messages/6936c9e7a47b9033641c3b5b - Request finished with status 304
[2025-12-12T00:24:24.671Z] [INFO] [ed06fb8c-b363-4d54-b74c-c41c540950f5] GET /api/messages/6936c9e7a47b9033641c3b5b - Request finished with status 304
[2025-12-12T00:24:28.273Z] [INFO] [b426132c-fee3-4fe3-b60e-d96ba7706752] GET /api/users/me - Request finished with status 304
[2025-12-12T00:24:28.353Z] [INFO] [c8eec7e2-3ab5-4314-915a-75418b353787] GET /api/users/me - Request finished with status 304
[2025-12-12T00:24:28.430Z] [INFO] [fb6ac50e-20e3-4f16-be45-4dfc2b5c595b] GET /api/users/me - Request finished with status 304
[2025-12-12T00:24:28.513Z] [INFO] [4a2a45c9-5dad-4e67-9f13-b149d199ff0c] GET /api/users/me - Request finished with status 304
[2025-12-12T00:24:28.659Z] [INFO] [4ea004a1-3370-42a9-955f-df264e4d5b97] GET /api/users/me - Request finished with status 304
[2025-12-12T00:24:28.661Z] [ERROR] [b6ae3fac-0b95-45fb-a7fc-dde7ffa22f02] GET /api/notifications - Connection is closed.
[2025-12-12T00:24:28.664Z] [INFO] [b6ae3fac-0b95-45fb-a7fc-dde7ffa22f02] GET /api/notifications - Request finished with status 500
[2025-12-12T00:24:28.748Z] [INFO] [61ae913c-c3bd-414f-800a-f2f8de7ed461] GET /api/users/me - Request finished with status 304
[2025-12-12T00:24:28.775Z] [ERROR] [82c8aa91-41ca-4c32-9e4e-8979acb60655] GET /api/notifications - Connection is closed.
[2025-12-12T00:24:28.778Z] [INFO] [82c8aa91-41ca-4c32-9e4e-8979acb60655] GET /api/notifications - Request finished with status 500
[2025-12-12T00:24:29.014Z] [INFO] [b537296f-ba99-48b6-9c21-4033425133ed] GET /api/threads/user - Request finished with status 304
[2025-12-12T00:24:29.411Z] [INFO] [9ff68272-e855-490e-af00-d760b6bb40ff] GET /api/threads/user - Request finished with status 304
[2025-12-12T00:24:29.847Z] [INFO] [f223a3f0-0806-4dc6-bf1f-74c4e014f871] GET /api/threads/user - Request finished with status 304
[2025-12-12T00:24:30.243Z] [INFO] [7fd13d01-b803-4590-86a3-16505100b9e1] GET /api/threads/user - Request finished with status 304
[2025-12-12T00:24:30.658Z] [INFO] [7e45be2e-1d25-4785-90af-e5a8ff107ca2] GET /api/messages/6935494dbc37e27bf7174eb6 - Request finished with status 200
[2025-12-12T00:24:31.238Z] [INFO] [9067f0a2-647c-4e7c-91fe-4fa21bf4ac76] GET /api/messages/6935494dbc37e27bf7174eb6 - Request finished with status 200
[2025-12-12T00:24:31.452Z] [INFO] [a4691128-6372-4e3e-894f-d5534ca5f767] GET /api/messages/6935494dbc37e27bf7174eb6 - Request finished with status 304
[2025-12-12T00:24:39.107Z] [INFO] [30b2d68e-aeaf-4446-90f1-b03607106768] GET /api/messages/6935494dbc37e27bf7174eb6 - Request finished with status 200
[2025-12-12T00:24:39.296Z] [INFO] [23fbbd95-088d-43ed-9c27-c53fcbc120b8] GET /api/messages/6935494dbc37e27bf7174eb6 - Request finished with status 200
[2025-12-12T00:24:39.314Z] [INFO] [a7ae2ac9-276d-4a1d-8c28-fe721c340a1b] GET /api/messages/6935494dbc37e27bf7174eb6 - Request finished with status 200
[2025-12-12T00:24:39.435Z] [INFO] [6e86a4e1-0345-4ac4-ad28-7b4a80767668] GET /api/messages/6935494dbc37e27bf7174eb6 - Request finished with status 304
[2025-12-12T00:24:39.495Z] [INFO] [2b537421-c5db-4808-9205-40df614ae828] GET /api/messages/6935494dbc37e27bf7174eb6 - Request finished with status 304
[2025-12-12T00:24:39.644Z] [INFO] [8ea3d2b7-1820-42f0-9a72-4d22e85cb606] GET /api/messages/6935494dbc37e27bf7174eb6 - Request finished with status 304
[2025-12-12T00:24:39.739Z] [INFO] [a7cd7ed6-3953-4c87-9e62-93153a46e918] GET /api/messages/6935494dbc37e27bf7174eb6 - Request finished with status 304
[2025-12-12T00:24:39.843Z] [INFO] [eea626aa-2a05-47b0-a934-47e8de4d425c] GET /api/messages/6935494dbc37e27bf7174eb6 - Request finished with status 304
[2025-12-12T00:24:39.938Z] [INFO] [bb509d34-bdf3-48cb-9a1b-a298b07863f0] GET /api/messages/6935494dbc37e27bf7174eb6 - Request finished with status 304
[2025-12-12T00:24:47.229Z] [INFO] [9128b010-2597-406a-b510-904513fc6272] PATCH /api/messages/read/6935494dbc37e27bf7174eb6 - Request finished with status 200
[2025-12-12T00:24:47.366Z] [INFO] [93eb5d01-71ba-4b39-acb7-db45ded73d01] GET /api/messages/6935494dbc37e27bf7174eb6 - Request finished with status 200
[2025-12-12T00:24:47.539Z] [INFO] [41bf4272-d1a8-466d-9bcc-3b8cf964a11c] PATCH /api/messages/read/6935494dbc37e27bf7174eb6 - Request finished with status 200
[2025-12-12T00:24:47.643Z] [INFO] [e897d7e0-d920-4722-8cac-a198a4e0b9e2] GET /api/messages/6935494dbc37e27bf7174eb6 - Request finished with status 304
[2025-12-12T00:24:47.686Z] [INFO] [6c9fb3d4-3665-4f49-997f-5915577d5bf6] GET /api/threads/user - Request finished with status 304
[2025-12-12T00:24:48.068Z] [INFO] [d73cbdd6-4033-44c4-bf1b-b4b88681d0a7] GET /api/threads/user - Request finished with status 304
[2025-12-12T00:24:55.125Z] [INFO] [8a5fc949-ff1c-4501-bd3b-74f179e2dd7d] PATCH /api/messages/read/6935494dbc37e27bf7174eb6 - Request finished with status 200
[2025-12-12T00:24:55.221Z] [INFO] [811c0707-4a21-4d72-bed3-d38d411c9fe8] GET /api/messages/6935494dbc37e27bf7174eb6 - Request finished with status 200
[2025-12-12T00:24:55.262Z] [INFO] [a21173c8-d15c-464c-a70d-e5cc806f52ad] GET /api/messages/6936c9e7a47b9033641c3b5b - Request finished with status 304
[2025-12-12T00:24:55.429Z] [INFO] [9d0a5b52-0b1d-421f-bb00-fe381a744981] GET /api/messages/6936c9e7a47b9033641c3b5b - Request finished with status 304
[2025-12-12T00:24:55.500Z] [INFO] [36aa9e07-117b-4363-9a18-01efb7021396] GET /api/threads/supplier - Request finished with status 304
[2025-12-12T00:24:55.502Z] [INFO] [2fe60b2d-fcd5-426c-b065-5c4cc49cd6d1] GET /api/messages/6936c9e7a47b9033641c3b5b - Request finished with status 304
[2025-12-12T00:29:38.321Z] [INFO] [b94bd571-edb0-40be-b188-2d930c6f17ed] GET /api/users/me - Request finished with status 304
[2025-12-12T00:29:38.403Z] [INFO] [eff8d41c-fdaa-4551-a99f-8cfbdc65519e] GET /api/users/me - Request finished with status 304
[2025-12-12T00:29:38.485Z] [INFO] [e988df44-1fad-4441-b819-558e6081c3c0] GET /api/users/me - Request finished with status 304
[2025-12-12T00:29:38.566Z] [INFO] [c9fda132-af5d-453b-8d18-359c0d61597d] GET /api/users/me - Request finished with status 304
[2025-12-12T00:29:38.773Z] [INFO] [ef03d54e-f5b6-4f81-83e0-a3b48a34e568] GET /api/users/me - Request finished with status 304
[2025-12-12T00:29:38.870Z] [INFO] [7b802a66-b370-47bb-ad6b-aef4d18fbf9d] GET /api/users/me - Request finished with status 304
[2025-12-12T00:29:38.956Z] [ERROR] [0a322571-367a-409f-95d2-a5bef44e0fd7] GET /api/notifications - Connection is closed.
[2025-12-12T00:29:38.966Z] [INFO] [0a322571-367a-409f-95d2-a5bef44e0fd7] GET /api/notifications - Request finished with status 500
[2025-12-12T00:29:39.112Z] [INFO] [b9a8fcb3-442b-46d1-9dd3-cc58ffa55376] GET /api/threads/user - Request finished with status 304
[2025-12-12T00:29:39.491Z] [INFO] [befafb3f-9d2a-4545-a79b-46a631465f3f] GET /api/threads/user - Request finished with status 304
[2025-12-12T00:29:39.872Z] [INFO] [90a98449-8afd-4468-8d6e-debb732e451b] GET /api/threads/user - Request finished with status 304
[2025-12-12T00:29:40.251Z] [INFO] [6081ea76-811c-43b3-b748-202613a41941] GET /api/threads/user - Request finished with status 304
