[2025-12-16T07:12:16.059Z] [INFO] [a20b0903-8477-42c3-b497-135c4e4b1670] POST /api/auth/login - Request finished with status 200
[2025-12-16T07:12:16.786Z] [INFO] [fd565eb6-da4a-411e-986e-b816016ec002] GET /api/users/me - Request finished with status 200
[2025-12-16T07:12:17.208Z] [INFO] [f45f6bae-e534-421e-b798-e7506be68cb1] GET /api/users/me - Request finished with status 304
[2025-12-16T07:12:17.610Z] [INFO] [dc051bcd-e352-4e5c-b475-01d216010508] GET /api/users/me - Request finished with status 304
[2025-12-16T07:12:18.462Z] [INFO] [8fe5cf74-8573-4c71-9cc6-4ffd3b607fe5] GET /api/users/me - Request finished with status 304
[2025-12-16T07:12:19.162Z] [INFO] [5adfc054-90fe-46bf-8879-7ac7a569391f] GET /api/users/me - Request finished with status 304
[2025-12-16T07:12:19.663Z] [INFO] [2a3851e3-1992-4099-bf41-f0063d3f8a7d] GET /api/users/me - Request finished with status 304
[2025-12-16T07:12:20.149Z] [INFO] [ddbabf09-f8a1-4b00-8ccb-567444dbb285] GET /api/users/me - Request finished with status 304
[2025-12-16T07:12:20.548Z] [INFO] [95551a72-464d-40ed-b74e-6483780f1910] GET /api/notifications - Request finished with status 201
[2025-12-16T07:12:20.822Z] [INFO] [ddfbcd8a-9160-4e5c-9ddd-6914a6c400d2] GET /api/users/me - Request finished with status 304
[2025-12-16T07:12:21.814Z] [INFO] [4a8a37b8-af46-4c78-b337-595b2f41f984] GET /api/notifications - Request finished with status 201
[2025-12-16T07:12:22.976Z] [INFO] [296b2037-b55f-4ed4-aa6f-781d6ffe290a] GET /api/dashboard/supplier/charts - Request finished with status 304
[2025-12-16T07:12:27.454Z] [INFO] [33eb885e-a579-4a72-90af-fd5eec478f38] GET /api/dashboard/supplier/charts - Request finished with status 304
[2025-12-16T07:12:27.704Z] [INFO] [d0177916-dc81-42cd-9e52-ac5f0e7e118e] GET /api/dashboard/summarySupplier - Request finished with status 200
[2025-12-16T07:12:33.503Z] [INFO] [d95118e5-3e12-4ae1-b8b7-5a9ed44b8b50] GET /api/requests/supplier?page=1&limit=10&debouncedSearch= - Request finished with status 200
[2025-12-16T07:12:37.629Z] [INFO] [1d7d2b63-0171-4744-bfbb-799728586084] GET /api/requests/supplier?page=1&limit=10&debouncedSearch= - Request finished with status 304
[2025-12-16T07:12:40.753Z] [INFO] [7e3ca43a-5bc3-432e-9498-41aee8de5cdb] GET /api/dashboard/summarySupplier - Request finished with status 304
[2025-12-16T07:12:46.480Z] [INFO] [0efe9c32-b44b-4e47-99a1-54130ab54f49] GET /api/requests/supplier?page=1&limit=10&status=%D7%9E%D7%9E%D7%AA%D7%99%D7%9F&debouncedSearch= - Request finished with status 200
[2025-12-16T07:12:54.336Z] [INFO] [cb1570a5-c3c3-4fd6-bcb6-eb2ce88e6a9a] GET /api/requests/supplier?page=1&limit=10&status=%D7%9E%D7%90%D7%95%D7%A9%D7%A8&debouncedSearch= - Request finished with status 200
[2025-12-16T07:12:59.985Z] [INFO] [23cff5cf-cc90-4896-9326-6a874fa05b38] GET /api/requests/supplier?page=1&limit=10&status=%D7%A0%D7%93%D7%97%D7%94&debouncedSearch= - Request finished with status 200
[2025-12-16T07:13:05.693Z] [INFO] [aed88467-2801-4c28-b8e7-898ad49d60ee] GET /api/requests/supplier?page=1&limit=10&debouncedSearch= - Request finished with status 304
[2025-12-16T07:14:21.759Z] [INFO] [58c28b3e-e461-4296-96c8-739e24b1ba28] POST /api/auth/login - Request finished with status 200
[2025-12-16T07:14:22.218Z] [INFO] [7409f2e7-b1dd-4ad8-afe2-a745f311bb20] GET /api/users/me - Request finished with status 200
[2025-12-16T07:14:22.631Z] [INFO] [4692a68b-5b20-4e3b-8971-cfb17a6c5849] GET /api/users/me - Request finished with status 304
[2025-12-16T07:14:23.134Z] [INFO] [4f4a2b86-65b4-45be-96d3-5e0fae0efdbc] GET /api/users/me - Request finished with status 304
[2025-12-16T07:14:23.494Z] [INFO] [9d1c59a6-c6d1-4e45-89c2-52ac4646e922] GET /api/users/me - Request finished with status 304
[2025-12-16T07:14:24.390Z] [INFO] [e6cd5c27-6647-424d-aedc-25da5f07a1c8] GET /api/users/me - Request finished with status 304
[2025-12-16T07:14:24.726Z] [INFO] [24e3e310-4e82-4b70-ae63-20d10e5b4398] GET /api/users/me - Request finished with status 304
[2025-12-16T07:14:25.002Z] [INFO] [a5878a58-ebad-42fc-b9c7-e04603517130] GET /api/users/me - Request finished with status 304
[2025-12-16T07:14:25.249Z] [INFO] [e8022a4d-3373-4ca9-a2b8-8c7aeffe7d6f] GET /api/users/me - Request finished with status 304
[2025-12-16T07:14:26.217Z] [INFO] [752cb5e7-32df-41e3-8f89-4320e07c6a17] GET /api/notifications - Request finished with status 201
[2025-12-16T07:14:26.743Z] [INFO] [bca2c16b-9388-4853-a608-5d4f24d9a0eb] GET /api/dashboard/user/charts - Request finished with status 200
[2025-12-16T07:14:26.750Z] [INFO] [a90607d1-6b4c-4123-b08b-91e39d7a7d6c] GET /api/notifications - Request finished with status 201
[2025-12-16T07:14:27.789Z] [INFO] [b0381684-a5cb-45a1-95eb-ce8b12af8e32] GET /api/dashboard/user/charts - Request finished with status 304
[2025-12-16T07:14:28.206Z] [INFO] [37301763-4c48-4f25-a243-87607c2356e6] GET /api/dashboard/summaryUser - Request finished with status 200
[2025-12-16T07:14:30.848Z] [INFO] [c6016562-554f-4aec-ac71-b2207e130aa4] GET /api/dashboard/summaryUser - Request finished with status 304
[2025-12-16T07:14:37.212Z] [INFO] [cc40768c-86de-421e-9aef-f06d2dac8ea8] GET /api/suppliers - Request finished with status 200
[2025-12-16T07:14:37.593Z] [INFO] [50caec20-14ea-41a3-8277-e1a693b58a27] GET /api/file/download-url?fileKey=Screenshot+2025-12-06+221717.png - Request finished with status 200
[2025-12-16T07:14:37.731Z] [INFO] [32d08fb3-3cf3-49ca-aee6-df1388673bd4] GET /api/file/download-url?fileKey=htmjyejy.png - Request finished with status 200
[2025-12-16T07:14:37.765Z] [INFO] [a75bef70-da37-4218-8271-f8005fea7723] GET /api/file/download-url?fileKey=miri_1+(2)+(1).jpg - Request finished with status 200
[2025-12-16T07:14:37.792Z] [INFO] [cf2e75d5-80da-414e-9b34-b2808b4e4bae] GET /api/file/download-url?fileKey=htmjyejy.png - Request finished with status 304
[2025-12-16T07:14:38.829Z] [INFO] [b91f71a3-befd-475b-9d20-d6cefedeaac6] GET /api/suppliers - Request finished with status 304
[2025-12-16T07:14:38.932Z] [INFO] [de060b67-9f62-42e2-b244-6c581b37c3c3] GET /api/file/download-url?fileKey=Screenshot+2025-12-06+221717.png - Request finished with status 200
[2025-12-16T07:14:38.966Z] [INFO] [2b4bf8a8-c75c-4c57-81bd-ca4fbe65115c] GET /api/file/download-url?fileKey=miri_1+(2)+(1).jpg - Request finished with status 200
[2025-12-16T07:14:38.989Z] [INFO] [a54fe9f3-ebc4-4c5e-8a68-0219bdc0a6d1] GET /api/file/download-url?fileKey=htmjyejy.png - Request finished with status 200
[2025-12-16T07:14:39.078Z] [INFO] [8d75db04-f078-4f8f-ae30-875800cddc2f] GET /api/file/download-url?fileKey=htmjyejy.png - Request finished with status 200
[2025-12-16T07:14:44.257Z] [INFO] [bfd28108-9acb-485b-bcd5-60bd54dd0644] GET /api/suppliers/691aeaf96edc75408bc163fe - Request finished with status 201
[2025-12-16T07:14:45.667Z] [INFO] [398e5e02-87bd-462b-a112-fd030b101823] GET /api/events/relevant - Request finished with status 200
[2025-12-16T07:14:46.402Z] [INFO] [1661e641-c20b-4cfb-8ef1-fd930e6b24e5] GET /api/events/relevant - Request finished with status 304
[2025-12-16T07:15:15.183Z] [INFO] [e7e78397-b12c-43f4-9fdd-59ef2d2bf000] POST /api/events/693e93fbf7101f5531a66028/requests - Request finished with status 200
[2025-12-16T07:15:26.077Z] [INFO] [c1fad573-ce4d-465a-a400-87d5ded1e8d0] GET /api/requests?page=1&limit=1&debouncedSearch= - Request finished with status 200
[2025-12-16T07:15:31.725Z] [INFO] [2aed1e2e-055e-4dae-bd03-73b7ed5fdfed] GET /api/requests?page=1&limit=1&debouncedSearch= - Request finished with status 304
[2025-12-16T07:15:38.727Z] [INFO] [bd73b4aa-5bf5-49a4-a42e-766ce98407bc] GET /api/requests?page=2&limit=1&debouncedSearch= - Request finished with status 200
[2025-12-16T07:15:41.649Z] [INFO] [a06ddf29-2c85-4893-850d-9133ebafcd85] GET /api/requests?page=3&limit=1&debouncedSearch= - Request finished with status 200
[2025-12-16T07:15:50.897Z] [INFO] [8034e602-fd65-4d35-ae96-afcf72c96a63] GET /api/requests?page=2&limit=1&debouncedSearch= - Request finished with status 304
[2025-12-16T07:16:03.814Z] [INFO] [6ef0bee0-04f4-4213-b785-1ef28a551095] GET /api/requests?page=1&limit=1&debouncedSearch= - Request finished with status 304
[2025-12-16T07:17:58.137Z] [INFO] [d05e7c57-be37-4d36-b199-f7ccd84b7dba] POST /api/auth/logout - Request finished with status 200
[2025-12-16T07:18:04.332Z] [INFO] [fd1b6797-bea8-4073-b5d5-a62350ce0cc3] POST /api/auth/logout - Request finished with status 401
[2025-12-16T07:18:04.346Z] [INFO] [61596e80-e169-4762-8bf7-86febc41c17e] POST /api/auth/logout - Request finished with status 401
[2025-12-16T07:18:07.227Z] [INFO] [995afb91-ccaa-47e5-87bd-abbaf8426294] GET /api/regions - Request finished with status 304
[2025-12-16T07:18:07.238Z] [INFO] [808adc48-5ffb-477d-9ec0-3482031fe28e] GET /api/kashrut - Request finished with status 304
[2025-12-16T07:18:07.447Z] [INFO] [4a9f2341-defa-4fd7-a8c6-7c8ec1c6ffdc] GET /api/regions - Request finished with status 304
[2025-12-16T07:18:07.479Z] [INFO] [59e03bad-5d28-4c36-9769-a883c1b2fd74] GET /api/kashrut - Request finished with status 304
[2025-12-16T07:18:08.368Z] [INFO] [f8456c35-4e98-4f0b-b9cf-188ae37866f4] GET /api/categories - Request finished with status 200
[2025-12-16T07:18:10.233Z] [INFO] [689bf990-8260-47a7-a626-384fc3d04c52] GET /api/categories - Request finished with status 304
[2025-12-16T07:18:27.349Z] [INFO] [245a81c6-42d1-4857-86eb-61f4d99c49c5] POST /api/auth/login - Request finished with status 200
[2025-12-16T07:18:28.711Z] [INFO] [40317f61-5aa9-4dbc-b881-e4df581365f5] GET /api/users/me - Request finished with status 200
[2025-12-16T07:18:30.401Z] [INFO] [19d57dc5-3f89-418d-8925-4bb3e70439e5] GET /api/users/me - Request finished with status 304
[2025-12-16T07:18:32.280Z] [INFO] [e0da36e8-e3c4-41fa-8636-1ca35d42f658] GET /api/users/me - Request finished with status 304
[2025-12-16T07:18:34.296Z] [INFO] [20e3d0b6-d565-43bb-9f71-61ac45668bcb] GET /api/users/me - Request finished with status 304
[2025-12-16T07:18:36.102Z] [INFO] [99d81b5d-1aff-49d7-83bd-da590c6d8d23] GET /api/users/me - Request finished with status 304
[2025-12-16T07:18:37.951Z] [INFO] [a7504247-9b63-4ca4-aed5-f121ace929d4] GET /api/users/me - Request finished with status 304
[2025-12-16T07:18:40.016Z] [INFO] [4717c98a-7153-4637-8af9-3466a4bc014a] GET /api/users/me - Request finished with status 304
[2025-12-16T07:18:40.175Z] [INFO] [7cb94bc1-0475-461f-a40e-5f9030c0e605] GET /api/notifications - Request finished with status 201
[2025-12-16T07:18:41.198Z] [INFO] [023fda22-0acc-4190-a051-f35d85ab5f74] GET /api/regions - Request finished with status 304
[2025-12-16T07:18:41.222Z] [INFO] [837aacf6-1590-42df-853d-9a20b7f76b61] GET /api/regions - Request finished with status 304
[2025-12-16T07:18:42.005Z] [INFO] [3c70d07c-98d3-417a-b62f-ed9d7e910d43] GET /api/users/me - Request finished with status 304
[2025-12-16T07:18:42.202Z] [INFO] [26474f41-5936-4fb2-a405-b27135a20356] GET /api/dashboard/user/charts - Request finished with status 304
[2025-12-16T07:18:43.139Z] [INFO] [8df3ef76-94e8-4f69-93e9-e4e7dff9b48f] GET /api/events/types - Request finished with status 304
[2025-12-16T07:18:43.185Z] [INFO] [87f7b910-a95f-4248-98cb-af4f93136fc3] GET /api/regions - Request finished with status 304
[2025-12-16T07:18:43.201Z] [INFO] [6018f521-a487-4684-8a4e-90a1b3a2c537] GET /api/regions - Request finished with status 304
[2025-12-16T07:18:44.094Z] [INFO] [e040335c-724c-44fc-a7ed-f41608aff911] GET /api/notifications - Request finished with status 201
[2025-12-16T07:18:44.273Z] [INFO] [ded6dc1e-47c4-411f-8348-71312bbebbe1] GET /api/events/types - Request finished with status 304
[2025-12-16T07:18:44.309Z] [INFO] [5e27a2ad-3b4d-4322-b6f1-aeab609713f1] GET /api/events?page=1&pageSize=10 - Request finished with status 304
[2025-12-16T07:18:44.681Z] [INFO] [4143c628-c76f-4add-bf3b-603230a81a41] GET /api/events/types - Request finished with status 304
[2025-12-16T07:18:44.863Z] [INFO] [62a5bb8c-99fa-4253-a775-df3a79084059] GET /api/dashboard/user/charts - Request finished with status 304
[2025-12-16T07:18:45.142Z] [INFO] [512c91bc-4d67-4697-acb7-6c002e97fda6] GET /api/events?page=1&pageSize=10 - Request finished with status 304
[2025-12-16T07:18:45.151Z] [INFO] [1eec4539-0aac-4005-af33-e0bd13a31202] GET /api/events/types - Request finished with status 304
[2025-12-16T07:18:45.501Z] [INFO] [e76275e1-3ebd-44bd-9dec-837eb14b517a] GET /api/dashboard/summaryUser - Request finished with status 200
[2025-12-16T07:18:48.273Z] [INFO] [e7c9ebd1-a766-42f3-b818-8b177316a724] GET /api/dashboard/summaryUser - Request finished with status 304
[2025-12-16T07:22:42.417Z] [INFO] [3561f2bb-51e1-4d76-9a76-1938ae2dd797] GET /api/threads/user - Request finished with status 200
[2025-12-16T07:22:43.185Z] [INFO] [922c6a01-65ab-4144-9ec3-7c5c7b4acad9] GET /api/contracts?page=1&debouncedSearch= - Request finished with status 200
[2025-12-16T07:22:44.521Z] [INFO] [26d95809-49c8-40b3-8068-0b02b85979a2] GET /api/contracts?page=1&debouncedSearch= - Request finished with status 304
[2025-12-16T07:22:45.628Z] [INFO] [b0967188-b0b5-4005-b8fb-7b708db346c9] GET /api/threads/user - Request finished with status 304
[2025-12-16T07:22:50.030Z] [INFO] [496add4a-03fa-40d7-abb1-68ae89d71379] GET /api/threads/user - Request finished with status 304
[2025-12-16T07:22:51.947Z] [INFO] [5dae1107-6946-417b-a4fc-99548f78be14] GET /api/requests?page=1&limit=10&debouncedSearch= - Request finished with status 200
[2025-12-16T07:22:52.075Z] [INFO] [24c61200-9b3a-48d6-8e97-d804d3670617] GET /api/threads/user - Request finished with status 304
[2025-12-16T07:22:53.635Z] [INFO] [fad699e7-a01a-482c-8b9e-5f91b61f2221] GET /api/requests?page=1&limit=10&debouncedSearch= - Request finished with status 304
[2025-12-16T07:23:10.237Z] [INFO] [09ea2098-44c2-456c-b6e4-ca7bd7f6aed1] GET /api/suppliers - Request finished with status 304
[2025-12-16T07:23:10.350Z] [INFO] [90b3ee2d-2786-4f27-8b77-e84f2c328402] GET /api/file/download-url?fileKey=Screenshot+2025-12-06+221717.png - Request finished with status 200
[2025-12-16T07:23:10.370Z] [INFO] [c582276b-b937-453f-8172-b86ce2922f98] GET /api/file/download-url?fileKey=htmjyejy.png - Request finished with status 200
[2025-12-16T07:23:10.384Z] [INFO] [702e007a-302a-40c1-935f-2cf28b69b23b] GET /api/file/download-url?fileKey=miri_1+(2)+(1).jpg - Request finished with status 200
[2025-12-16T07:23:10.400Z] [INFO] [7e823ffc-4473-4387-8ee8-9abd509e9acf] GET /api/file/download-url?fileKey=htmjyejy.png - Request finished with status 304
[2025-12-16T07:23:11.402Z] [INFO] [0f96ffea-660f-42b6-99f9-3cf86dfb9ba6] GET /api/suppliers - Request finished with status 304
[2025-12-16T07:23:11.509Z] [INFO] [5dc13345-5989-4cb1-b880-10f7d91166e4] GET /api/file/download-url?fileKey=miri_1+(2)+(1).jpg - Request finished with status 200
[2025-12-16T07:23:11.541Z] [INFO] [ef09a679-b28c-4fa2-ab54-18404e2d1318] GET /api/file/download-url?fileKey=htmjyejy.png - Request finished with status 200
[2025-12-16T07:23:11.565Z] [INFO] [b19fde21-cddc-41fe-ab6f-d735d2fef46f] GET /api/file/download-url?fileKey=Screenshot+2025-12-06+221717.png - Request finished with status 200
[2025-12-16T07:23:11.642Z] [INFO] [919a7c5c-25f2-4f08-91b9-b104271639e5] GET /api/file/download-url?fileKey=htmjyejy.png - Request finished with status 304
[2025-12-16T07:23:16.897Z] [INFO] [a1063b59-d052-4cf5-b6d2-d6fe2573e7d3] GET /api/suppliers/69317ecdbdcd7331435969e8 - Request finished with status 201
[2025-12-16T07:23:17.676Z] [INFO] [84bd9704-bee5-4c2e-b100-cfa1449ace77] GET /api/events/relevant - Request finished with status 304
[2025-12-16T07:23:18.398Z] [INFO] [8f8e6ff5-f799-4d2c-8cd9-489e0ba4c93a] GET /api/events/relevant - Request finished with status 304
[2025-12-16T07:23:25.899Z] [INFO] [bdb9ac24-47f6-47d1-865d-a6a659899555] POST /api/events/693e93fbf7101f5531a66028/requests - Request finished with status 200
[2025-12-16T07:23:37.929Z] [INFO] [95e0cdbb-cac8-4b60-a04e-bedf6d39e7f8] GET /api/requests?page=1&limit=10&debouncedSearch= - Request finished with status 200
[2025-12-16T07:23:38.320Z] [INFO] [9dc86de1-5f56-4176-90d9-10fde2f887b8] GET /api/requests?page=1&limit=10&debouncedSearch= - Request finished with status 304
[2025-12-16T07:23:43.544Z] [INFO] [1330ac7f-b87b-4fb1-8e37-b54dc40a0447] GET /api/requests?page=2&limit=10&debouncedSearch= - Request finished with status 200
[2025-12-16T07:23:46.027Z] [INFO] [1ee58bd7-f2d3-4cd2-96a7-d222ff4f184b] GET /api/requests?page=1&limit=10&status=%D7%9E%D7%9E%D7%AA%D7%99%D7%9F&debouncedSearch= - Request finished with status 200
[2025-12-16T07:23:50.338Z] [INFO] [fa48e318-06de-45d4-9bc4-305345532607] GET /api/requests?page=2&limit=10&status=%D7%9E%D7%9E%D7%AA%D7%99%D7%9F&debouncedSearch= - Request finished with status 200
[2025-12-16T07:23:51.767Z] [INFO] [5f8b8dde-ec7a-4e28-82c7-5c219e7d72e0] GET /api/requests?page=1&limit=10&status=%D7%9E%D7%90%D7%95%D7%A9%D7%A8&debouncedSearch= - Request finished with status 304
[2025-12-16T07:23:53.092Z] [INFO] [da63e978-bea6-4b04-b667-61829c290590] GET /api/requests?page=1&limit=10&status=%D7%A0%D7%93%D7%97%D7%94&debouncedSearch= - Request finished with status 200
[2025-12-16T07:23:54.324Z] [INFO] [993bcb89-f730-49f3-8dfe-c2d7f2073755] GET /api/requests?page=1&limit=10&debouncedSearch= - Request finished with status 304
[2025-12-16T07:23:57.700Z] [INFO] [06722aab-3b6d-4662-9aa7-468d3e01ae68] GET /api/requests?page=1&limit=10&debouncedSearch=%D7%94%D7%97 - Request finished with status 200
[2025-12-16T07:23:58.436Z] [INFO] [88202355-fb35-451e-9fed-2e9e67a43909] GET /api/requests?page=1&limit=10&debouncedSearch=%D7%94%D7%97%D7%AA - Request finished with status 200
[2025-12-16T07:23:59.782Z] [INFO] [35bbf163-aa59-41da-b644-710088e92d81] GET /api/requests?page=1&limit=10&debouncedSearch=%D7%94%D7%97%D7%AA%D7%95 - Request finished with status 200
[2025-12-16T07:24:00.532Z] [INFO] [167ea68a-e69c-45f1-85d4-198684e2552b] GET /api/requests?page=1&limit=10&debouncedSearch=%D7%94%D7%97%D7%AA%D7%95%D7%A0 - Request finished with status 200
[2025-12-16T07:24:10.102Z] [INFO] [a92dd337-108d-475e-ac7e-d9fe8de27d6d] GET /api/requests?page=1&limit=10&debouncedSearch=%D7%94%D7%97%D7%AA%D7%95%D7%A0%D7%94 - Request finished with status 200
[2025-12-16T07:24:20.174Z] [INFO] [41ad99b5-2e38-467f-a60b-72142954458f] GET /api/requests?page=1&limit=10&debouncedSearch= - Request finished with status 304
[2025-12-16T07:28:45.815Z] [INFO] [d9d9f010-c149-4302-9de6-e25c2d2e7fef] GET /api/users/me - Request finished with status 304
[2025-12-16T07:28:45.979Z] [INFO] [28ad60dd-40db-4a6a-bdbc-a6203f765dc0] GET /api/users/me - Request finished with status 304
[2025-12-16T07:28:46.071Z] [INFO] [5cdc54d0-95e1-4dc3-a345-b6340f53304a] GET /api/users/me - Request finished with status 304
[2025-12-16T07:28:46.206Z] [INFO] [2acd542f-95b8-4d1f-88d1-f52063bd18b2] GET /api/users/me - Request finished with status 304
[2025-12-16T07:28:46.453Z] [INFO] [4eadcdb3-132b-48d0-ad9a-924897547ce5] GET /api/users/me - Request finished with status 304
[2025-12-16T07:28:47.229Z] [INFO] [e043e2e6-b3f7-4165-8029-305dcba81071] GET /api/users/me - Request finished with status 304
[2025-12-16T07:28:47.312Z] [INFO] [af341365-ff7e-4170-b502-b0b3e96c646e] GET /api/notifications - Request finished with status 201
[2025-12-16T07:28:47.382Z] [INFO] [a8a4e894-4d7e-4db4-b42a-09696149b427] GET /api/requests?page=1&limit=10&debouncedSearch= - Request finished with status 304
[2025-12-16T07:28:47.751Z] [INFO] [0eeb933b-d634-4c42-ae60-07f3817c8685] GET /api/requests?page=1&limit=10&debouncedSearch= - Request finished with status 304
[2025-12-16T07:28:50.069Z] [INFO] [2352294d-3b21-4c2e-9907-df910d091007] GET /api/requests?page=1&limit=10&debouncedSearch=%D7%94%D7%97 - Request finished with status 200
[2025-12-16T07:28:51.038Z] [INFO] [529f5ed5-1a95-42f7-ae21-177b16b94876] GET /api/requests?page=1&limit=10&debouncedSearch=%D7%94%D7%97%D7%AA%D7%95 - Request finished with status 304
[2025-12-16T07:28:53.263Z] [INFO] [400f031e-c320-4eb3-9e01-036ae811bdd6] GET /api/requests?page=1&limit=10&debouncedSearch=%D7%94%D7%97%D7%AA%D7%95%D7%A0%D7%94 - Request finished with status 304
[2025-12-16T07:28:58.885Z] [INFO] [a7982650-d5fd-4f82-a2ca-32dd65a7306f] GET /api/requests?page=1&limit=10&debouncedSearch= - Request finished with status 304
[2025-12-16T07:45:51.938Z] [INFO] [270a5ce9-5ea8-4fba-8456-32d531e0a786] GET /api/users/me - Request finished with status 304
[2025-12-16T07:45:52.074Z] [INFO] [88552ed6-ea40-4be9-8ca1-251685df8231] GET /api/users/me - Request finished with status 304
[2025-12-16T07:45:52.179Z] [INFO] [d07ee042-1c29-479c-b974-285e084491ea] GET /api/users/me - Request finished with status 304
[2025-12-16T07:45:52.265Z] [INFO] [e01f645a-0ca2-42af-a90d-877c5b72a943] GET /api/users/me - Request finished with status 304
[2025-12-16T07:45:52.533Z] [INFO] [ae006bd9-62a2-4254-b4f7-88d884b1b88d] GET /api/users/me - Request finished with status 304
[2025-12-16T07:45:52.723Z] [INFO] [5d914c68-ef01-402f-a19d-990d746f633e] GET /api/users/me - Request finished with status 304
[2025-12-16T07:45:52.980Z] [INFO] [3d389ea8-1fd7-4f75-bca5-c24829cde7e1] GET /api/notifications - Request finished with status 201
[2025-12-16T07:45:53.009Z] [INFO] [3aa2c04e-75cd-43b1-b60a-a9be93947e70] GET /api/requests?page=1&limit=10&debouncedSearch= - Request finished with status 304
[2025-12-16T07:45:53.400Z] [INFO] [6bd5c041-3b79-42e0-895e-de9f59d135d8] GET /api/requests?page=1&limit=10&debouncedSearch= - Request finished with status 304
[2025-12-16T07:46:01.444Z] [INFO] [a453a2d9-0f48-4979-a530-3744e4534abc] GET /api/requests?page=1&limit=10&debouncedSearch=%D7%94%D7%97%D7%AA%D7%95%D7%A0%D7%94 - Request finished with status 304
[2025-12-16T07:46:07.786Z] [INFO] [f2a7f63c-d3c5-4ec2-a75a-d09e9b09f8ce] GET /api/requests?page=1&limit=10&debouncedSearch=%D7%A9%D7%91%D7%A2 - Request finished with status 200
[2025-12-16T07:46:10.321Z] [INFO] [1256784c-64cc-4d6c-a0e4-1bd73e8d71fa] GET /api/requests?page=1&limit=10&debouncedSearch=%D7%A9%D7%91%D7%A2+%D7%91%D7%A8%D7%9B - Request finished with status 200
[2025-12-16T07:46:13.926Z] [INFO] [581721b0-0b49-43bf-8e83-1df8fabc10aa] GET /api/requests?page=1&limit=10&debouncedSearch= - Request finished with status 304
[2025-12-16T07:58:57.670Z] [INFO] [68827ab4-11e1-4442-b6f1-52f83b65604a] GET /api/requests?page=1&limit=10&searchTerm=%D7%94 - Request finished with status 200
[2025-12-16T07:58:57.886Z] [INFO] [edf7dd91-1344-4be6-a2ec-fe77fe93bc57] GET /api/requests?page=1&limit=10&searchTerm=%D7%94%D7%97 - Request finished with status 200
[2025-12-16T07:59:08.274Z] [INFO] [fc8b087b-9762-41c6-8375-5a82c6e73925] GET /api/requests?page=1&limit=10&searchTerm= - Request finished with status 200
[2025-12-16T07:59:10.567Z] [INFO] [679f6421-26fe-41ac-9c8c-1502525c49dc] GET /api/requests?page=1&limit=10&searchTerm=%D7%90 - Request finished with status 200
[2025-12-16T07:59:11.545Z] [INFO] [649c21d0-0b0a-4c9c-857e-9c7437e6d222] GET /api/requests?page=1&limit=10&searchTerm=%D7%90%D7%90 - Request finished with status 200
[2025-12-16T07:59:21.319Z] [INFO] [50bd1a07-86ca-4e1b-bad7-4cb0eb37c971] GET /api/requests?page=1&limit=10&searchTerm= - Request finished with status 304
[2025-12-16T08:10:55.176Z] [INFO] [4be7c6a7-ad68-42ad-86c4-dc655194288f] GET /api/requests?page=1&limit=10&searchTerm=%D7%90 - Request finished with status 304
[2025-12-16T08:11:00.533Z] [INFO] [134012bd-be3f-48d0-bb48-28b16d1b8076] GET /api/requests?page=1&limit=10&searchTerm=%D7%90%D7%90 - Request finished with status 304
[2025-12-16T08:11:07.442Z] [INFO] [6ae69143-6d03-4bcf-9ed9-b07ff8acf9a3] GET /api/requests?page=1&limit=10&searchTerm=%D7%90 - Request finished with status 304
[2025-12-16T08:11:08.691Z] [INFO] [443dde5b-5943-435a-be10-0c0c03b6ef97] GET /api/requests?page=1&limit=10&searchTerm= - Request finished with status 304
[2025-12-16T08:11:15.314Z] [INFO] [1f4d623f-83b1-470a-96bf-f8facc8db3e1] GET /api/requests?page=2&limit=10&searchTerm= - Request finished with status 200
[2025-12-16T08:11:20.373Z] [INFO] [c7df45aa-87d6-47ce-a4fc-ad302bd6fb54] GET /api/requests?page=1&limit=10&searchTerm= - Request finished with status 304
[2025-12-16T08:11:23.624Z] [INFO] [01fcf539-885c-4b75-92e2-9d8367a25207] GET /api/requests?page=1&limit=10&searchTerm=RI - Request finished with status 200
[2025-12-16T08:11:25.444Z] [INFO] [f94283e4-e698-4260-ae18-137229ce990c] GET /api/requests?page=1&limit=10&searchTerm=R - Request finished with status 200
[2025-12-16T08:11:26.312Z] [INFO] [bd389394-ede5-48b4-b459-24c13d42b194] GET /api/requests?page=1&limit=10&searchTerm= - Request finished with status 304
[2025-12-16T08:13:07.713Z] [INFO] [81f73677-6ec0-4667-b139-f18938a5e0e7] GET /api/requests?page=1&limit=10&searchTerm=T - Request finished with status 200
[2025-12-16T08:13:09.677Z] [INFO] [1dde4ab3-3413-4157-a304-034a338bf64e] GET /api/requests?page=1&limit=10&searchTerm= - Request finished with status 304
[2025-12-16T08:13:10.906Z] [INFO] [4cd99bc1-190c-426c-ba40-4d97222a5c09] GET /api/requests?page=1&limit=10&searchTerm=R - Request finished with status 304
[2025-12-16T08:13:13.071Z] [INFO] [8b49255d-0e3f-40f3-b561-3408a8bbec9a] GET /api/requests?page=1&limit=10&searchTerm= - Request finished with status 304
[2025-12-16T08:13:15.005Z] [INFO] [ad96f4aa-7f74-48ed-90b0-72978252a2ab] GET /api/requests?page=1&limit=10&searchTerm=%D7%90 - Request finished with status 200
[2025-12-16T08:18:14.245Z] [INFO] [ef9a6771-d444-45e8-8dbd-019c3ba664af] GET /api/users/me - Request finished with status 304
[2025-12-16T08:18:14.342Z] [INFO] [70111952-29f1-4a3b-b4b3-9deb0fdb3a56] GET /api/users/me - Request finished with status 304
[2025-12-16T08:18:14.428Z] [INFO] [494c2d04-0e86-4b39-a6a9-f539b44a9b33] GET /api/users/me - Request finished with status 304
[2025-12-16T08:18:14.525Z] [INFO] [344dc23d-5ecc-4689-ab5e-68e0bf1c5eb5] GET /api/users/me - Request finished with status 304
[2025-12-16T08:18:14.926Z] [INFO] [a4ed766b-81dc-47a4-af4e-7a8ebb88e3e8] GET /api/users/me - Request finished with status 304
[2025-12-16T08:18:15.242Z] [INFO] [cee47059-d615-493d-838e-cac68d52fe1c] GET /api/events?page=1&pageSize=1000 - Request finished with status 200
[2025-12-16T08:18:15.374Z] [INFO] [012aab99-dd44-44c2-aff2-719339dbd378] GET /api/users/me - Request finished with status 304
[2025-12-16T08:18:15.701Z] [INFO] [7b3cf31a-83b0-4513-af4e-23f8c468ab1e] GET /api/requests?page=1&limit=10&searchTerm= - Request finished with status 304
[2025-12-16T08:18:15.827Z] [INFO] [2f645626-33d3-41ad-9b88-f8d6a071b1bb] GET /api/notifications - Request finished with status 201
[2025-12-16T08:18:15.923Z] [INFO] [4da8cccb-1f0f-4300-a096-08e689417e72] GET /api/events?page=1&pageSize=1000 - Request finished with status 304
[2025-12-16T08:18:16.892Z] [INFO] [79afa7a3-a0f3-45dc-ac50-1a77e6ea36c3] GET /api/requests?page=1&limit=10&searchTerm= - Request finished with status 304
[2025-12-16T08:18:21.299Z] [INFO] [b0eec310-63f0-43a1-b59e-9bd3abfb367b] GET /api/requests?page=1&limit=10&eventId=691982f159c019b85c2244e0&searchTerm= - Request finished with status 200
[2025-12-16T08:18:24.589Z] [INFO] [e1dacfdf-b496-4657-926c-faf2da4aa0bc] GET /api/requests?page=1&limit=10&eventId=6919839159c019b85c2244f2&searchTerm= - Request finished with status 200
[2025-12-16T08:18:27.765Z] [INFO] [0a1a4f52-7b0c-48c8-acae-1002e470eeea] GET /api/requests?page=1&limit=10&eventId=6919a616beecf95933b3e1f4&searchTerm= - Request finished with status 200
[2025-12-16T08:18:30.196Z] [INFO] [7bd90f88-48ec-4aec-befb-618c41768450] GET /api/requests?page=1&limit=10&eventId=692ee7d8ad28ae9c2a2d3936&searchTerm= - Request finished with status 200
[2025-12-16T08:18:32.366Z] [INFO] [e75c3233-d265-470f-bc5a-4966e1c1c19f] GET /api/requests?page=1&limit=10&eventId=692fe8054180b79e06c1ad0f&searchTerm= - Request finished with status 200
[2025-12-16T08:18:36.098Z] [INFO] [82b1c402-535c-4450-8032-a7c0728dbbd4] GET /api/requests?page=1&limit=10&eventId=69355ff5d0eb69de2f5f509b&searchTerm= - Request finished with status 200
[2025-12-16T08:18:39.866Z] [INFO] [3201bf88-99f1-420a-a83e-8582aa8e7409] GET /api/requests?page=1&limit=10&eventId=692ed885ad28ae9c2a2d3925&searchTerm= - Request finished with status 200
[2025-12-16T08:18:42.978Z] [INFO] [f15a4346-775c-499d-99c7-8d335b830bed] GET /api/requests?page=1&limit=10&eventId=6919809259c019b85c2244d3&searchTerm= - Request finished with status 200
[2025-12-16T08:18:49.043Z] [INFO] [912d9a5c-f6ad-43e2-b626-d994dc22122a] GET /api/requests?page=1&limit=10&eventId=6919809259c019b85c2244d3&searchTerm=R - Request finished with status 200
[2025-12-16T08:18:52.595Z] [INFO] [772c3e1b-5436-4c02-b6d2-62c5b1537373] GET /api/requests?page=1&limit=10&eventId=6919809259c019b85c2244d3&searchTerm=RI - Request finished with status 200
[2025-12-16T08:18:54.738Z] [INFO] [3a3cf614-3eb8-4c88-9b53-a500dde69f43] GET /api/requests?page=1&limit=10&eventId=6919809259c019b85c2244d3&searchTerm= - Request finished with status 304
[2025-12-16T08:18:56.234Z] [INFO] [e91e9b57-fd98-4fc5-be74-85764ff3292c] GET /api/requests?page=1&limit=10&eventId=6919809259c019b85c2244d3&searchTerm=%D7%90%D7%90 - Request finished with status 200
[2025-12-16T08:18:59.168Z] [INFO] [9551ec66-b137-435a-8f4e-fc3318442c7d] GET /api/requests?page=1&limit=10&searchTerm=%D7%90%D7%90 - Request finished with status 200
[2025-12-16T08:19:02.981Z] [INFO] [3df35e7a-453b-4187-a081-468651144d05] GET /api/requests?page=1&limit=10&searchTerm= - Request finished with status 304
[2025-12-16T08:47:55.169Z] [INFO] [363f95f4-1ad7-42ed-9477-43edd05da4a3] GET /api/requests?page=1&limit=10&status=%D7%9E%D7%9E%D7%AA%D7%99%D7%9F&searchTerm= - Request finished with status 200
[2025-12-16T08:47:55.701Z] [INFO] [34de7491-eded-4c70-a45d-11a6da4151d5] GET /api/requests?page=1&limit=10&searchTerm= - Request finished with status 304
[2025-12-16T08:52:23.492Z] [INFO] [a221ef67-eac5-4c32-b177-5a57be829a46] GET /api/categories - Request finished with status 304
[2025-12-16T08:52:23.675Z] [INFO] [5c038924-2630-4e50-a7b3-0f0374f76789] GET /api/events/relevant - Request finished with status 304
[2025-12-16T09:09:41.058Z] [INFO] [d2f320fd-0445-4c28-8255-a14fd3730b2f] GET /api/users/me - Request finished with status 304
[2025-12-16T09:09:41.171Z] [INFO] [1db331b1-6556-43f8-a8f6-56cc0ad94df9] GET /api/users/me - Request finished with status 304
[2025-12-16T09:09:41.329Z] [INFO] [278a7917-18bc-42fa-885f-77c32ea75ee4] GET /api/users/me - Request finished with status 304
[2025-12-16T09:09:41.613Z] [INFO] [f5f4560e-c083-4c73-8496-02348ba402c0] GET /api/users/me - Request finished with status 304
[2025-12-16T09:09:51.451Z] [INFO] [6dc79412-1d5a-4b2a-aab6-617a8aa57d75] GET /api/users/me - Request finished with status 304
[2025-12-16T09:09:52.568Z] [INFO] [c338161b-a27e-45f9-a1b5-5ecdedb50c3f] GET /api/users/me - Request finished with status 304
[2025-12-16T09:09:52.924Z] [INFO] [ef66504a-3f92-48ac-87e1-e3993c5f0c5e] GET /api/users/me - Request finished with status 304
[2025-12-16T09:09:53.284Z] [INFO] [b44a22bb-fcb2-4eb6-8a59-be23fc2bafb2] GET /api/users/me - Request finished with status 304
[2025-12-16T09:24:12.372Z] [INFO] [4715d4fe-6b92-40ac-aa27-123b0ab896e6] GET /api/users/me - Request finished with status 304
[2025-12-16T09:24:12.651Z] [INFO] [b3ab5c2a-ef4d-4c39-829d-fe423e9a0d45] GET /api/users/me - Request finished with status 304
[2025-12-16T09:24:12.892Z] [INFO] [09af6ceb-b738-4b73-9cd3-2eecff0ab557] GET /api/users/me - Request finished with status 304
[2025-12-16T09:24:13.145Z] [INFO] [2b96f088-b27d-4b42-8126-daa46c73747b] GET /api/users/me - Request finished with status 304
[2025-12-16T09:24:25.422Z] [INFO] [6c057697-a3a1-4089-ab45-2a257acc414c] GET /api/users/me - Request finished with status 304
[2025-12-16T09:24:25.631Z] [INFO] [41e7b93c-2633-46a0-b1c1-bbe50c72ed77] GET /api/users/me - Request finished with status 304
[2025-12-16T09:24:25.830Z] [INFO] [c7f6dd9e-2c7f-48b9-b9e0-957877f784a5] GET /api/users/me - Request finished with status 304
[2025-12-16T09:24:26.037Z] [INFO] [9d49db74-0ab5-4cb7-b582-dea536c64e1f] GET /api/users/me - Request finished with status 304
[2025-12-16T09:24:28.698Z] [INFO] [137c0c8a-4ca2-4721-aff2-91d5b92b794b] GET /api/users/me - Request finished with status 304
[2025-12-16T09:24:28.939Z] [INFO] [63998bed-e208-427e-8d27-2f776833c5c7] GET /api/users/me - Request finished with status 304
[2025-12-16T09:24:29.313Z] [INFO] [8c2958c8-2055-4d5a-a12d-849eb72e57cb] GET /api/users/me - Request finished with status 304
[2025-12-16T09:24:29.622Z] [INFO] [7d413091-48b5-412d-be2d-a876ef523003] GET /api/users/me - Request finished with status 304
[2025-12-16T09:24:41.396Z] [INFO] [d2a6ee24-6630-439c-8670-ddc3fca097ac] GET /api/users/me - Request finished with status 304
[2025-12-16T09:24:41.612Z] [INFO] [47e8f9a5-02eb-430b-beda-c995b18f4f85] GET /api/users/me - Request finished with status 304
[2025-12-16T09:24:41.831Z] [INFO] [cae2bf0a-1b67-419f-93d0-bd38f0dcd8b9] GET /api/users/me - Request finished with status 304
[2025-12-16T09:24:42.066Z] [INFO] [5ed56dec-5771-4e7f-8564-e45a069c7565] GET /api/users/me - Request finished with status 304
[2025-12-16T09:55:08.289Z] [INFO] [0ecdd163-4276-46c6-8769-0e7375598246] POST /api/auth/google - Request finished with status 200
[2025-12-16T09:55:08.513Z] [INFO] [4e875d53-4a16-4d54-8372-bcf746de532d] GET /api/users/me - Request finished with status 200
[2025-12-16T09:55:08.746Z] [INFO] [9dc501f2-ec97-4621-9ccc-67d4a36ece6a] GET /api/users/me - Request finished with status 304
[2025-12-16T09:55:08.974Z] [INFO] [e3f20ae4-af4e-47d5-9f19-a34d75f113d9] GET /api/users/me - Request finished with status 304
[2025-12-16T09:55:09.087Z] [INFO] [c131b5e6-b898-49f8-a754-c350babeded8] GET /api/users/me - Request finished with status 304
[2025-12-16T09:55:09.196Z] [INFO] [c9dc8692-41fd-4b04-b796-247c17ebc5e7] GET /api/users/me - Request finished with status 304
[2025-12-16T09:55:09.312Z] [INFO] [26d25546-53bf-4f73-8cd1-c36d74d323ff] GET /api/users/me - Request finished with status 304
[2025-12-16T09:55:09.437Z] [INFO] [6da0cb9b-9f94-45ba-b8df-8cf0e660073d] GET /api/users/me - Request finished with status 304
[2025-12-16T09:55:09.509Z] [INFO] [5f39ea12-6559-47f0-9fe2-df16413df59d] GET /api/notifications - Request finished with status 201
[2025-12-16T09:55:09.556Z] [INFO] [acbe664c-60d9-47f9-9aef-332879aa34db] GET /api/users/me - Request finished with status 304
[2025-12-16T09:55:09.683Z] [INFO] [edce5018-73a5-41a3-9072-b5021fb74e20] GET /api/dashboard/user/charts - Request finished with status 200
[2025-12-16T09:55:10.087Z] [INFO] [e2ed66f4-9008-4580-a98c-cb7140064b8d] GET /api/notifications - Request finished with status 201
[2025-12-16T09:55:10.487Z] [INFO] [883d227d-b316-41eb-a4d0-bc039aa1aecb] GET /api/dashboard/user/charts - Request finished with status 304
[2025-12-16T09:55:10.968Z] [INFO] [2505b352-d8b0-405c-81a3-8cb2a2200e94] GET /api/dashboard/summaryUser - Request finished with status 200
[2025-12-16T09:55:11.789Z] [INFO] [0a0faf68-fbc6-4555-b0b0-cbca39d57c56] GET /api/dashboard/summaryUser - Request finished with status 304
[2025-12-16T09:58:47.387Z] [INFO] [6bc1bcb8-fba2-4564-807e-842c353edafb] GET /api/regions - Request finished with status 200
[2025-12-16T09:58:47.402Z] [INFO] [eb8e5f28-68b8-4c49-885f-cb27f2da88df] GET /api/regions - Request finished with status 304
[2025-12-16T09:58:47.468Z] [INFO] [7c7484bc-7b38-425a-8cfc-1224ccf23144] GET /api/events/types - Request finished with status 200
[2025-12-16T09:58:47.489Z] [INFO] [d1244dd3-3d7a-43d1-9b02-ff53d150b490] GET /api/regions - Request finished with status 304
[2025-12-16T09:58:47.501Z] [INFO] [00593fbd-a0cd-4e17-8a45-b3bf461d15f7] GET /api/regions - Request finished with status 304
[2025-12-16T09:58:47.608Z] [INFO] [c18e0c59-2d50-4d19-8371-faba55ae2074] GET /api/events/types - Request finished with status 304
[2025-12-16T09:58:47.618Z] [INFO] [c1149b4b-736e-45c1-989a-382146765f99] GET /api/events?page=1&pageSize=10 - Request finished with status 200
[2025-12-16T09:58:47.693Z] [INFO] [0946bbcd-0004-4763-891e-6abd56927fd4] GET /api/events/types - Request finished with status 304
[2025-12-16T09:58:47.779Z] [INFO] [e27e13ba-4f9e-4ede-b767-e0340302ba9e] GET /api/events?page=1&pageSize=10 - Request finished with status 304
[2025-12-16T09:58:47.782Z] [INFO] [eac81b24-1739-4f4f-9d2d-03057add1779] GET /api/events/types - Request finished with status 304
[2025-12-16T10:02:31.430Z] [INFO] [39c2bd99-52f1-446d-a131-de2e8ec57366] POST /api/events - Request finished with status 201
[2025-12-16T10:02:45.088Z] [INFO] [dfa05a8e-3479-47da-9b20-6a69868740de] GET /api/suppliers - Request finished with status 200
[2025-12-16T10:02:45.143Z] [INFO] [f805a865-dbfc-4c86-b20e-fa77a0cb03be] GET /api/file/download-url?fileKey=Screenshot+2025-12-06+221717.png - Request finished with status 200
[2025-12-16T10:02:45.148Z] [INFO] [d4859f75-2764-41e3-b382-2f4e257fcb4b] GET /api/file/download-url?fileKey=miri_1+(2)+(1).jpg - Request finished with status 200
[2025-12-16T10:02:45.152Z] [INFO] [b8accdcd-f6f1-4305-b089-176321ff2e30] GET /api/file/download-url?fileKey=htmjyejy.png - Request finished with status 200
[2025-12-16T10:02:45.156Z] [INFO] [fd95a325-08d1-4df5-ae60-d1daff46eff5] GET /api/file/download-url?fileKey=htmjyejy.png - Request finished with status 304
[2025-12-16T10:02:45.371Z] [INFO] [f4a061ab-79c3-4190-af07-8697ac56e868] GET /api/suppliers - Request finished with status 304
[2025-12-16T10:02:45.393Z] [INFO] [cde84e49-5975-43a9-b961-d48e6618d869] GET /api/file/download-url?fileKey=Screenshot+2025-12-06+221717.png - Request finished with status 304
[2025-12-16T10:02:45.397Z] [INFO] [8bd5e647-f5ec-4c50-90c2-cd33a40f1224] GET /api/file/download-url?fileKey=miri_1+(2)+(1).jpg - Request finished with status 304
[2025-12-16T10:02:45.400Z] [INFO] [6df22378-fd28-4f56-8ca4-d0821b06f681] GET /api/file/download-url?fileKey=htmjyejy.png - Request finished with status 304
[2025-12-16T10:02:45.404Z] [INFO] [f5d3b58b-6e16-4d78-b4c3-79c9eb640faf] GET /api/file/download-url?fileKey=htmjyejy.png - Request finished with status 304
[2025-12-16T10:03:10.981Z] [INFO] [4366f836-b4f9-40c6-8e7f-0659ef67c899] GET /api/regions - Request finished with status 304
[2025-12-16T10:03:10.989Z] [INFO] [16b21adb-0369-4378-8f5c-edef22f68f66] GET /api/regions - Request finished with status 304
[2025-12-16T10:03:11.112Z] [INFO] [8f6d1d71-fee3-4925-97bd-6ac199532814] GET /api/events/types - Request finished with status 304
[2025-12-16T10:03:11.131Z] [INFO] [e87d9009-bfc7-48a1-b175-f12ca5b4fe0a] GET /api/regions - Request finished with status 304
[2025-12-16T10:03:11.136Z] [INFO] [63773213-9f54-43db-b45f-6f4e62567342] GET /api/regions - Request finished with status 304
[2025-12-16T10:03:11.213Z] [INFO] [33281d7d-8eb4-4425-adcf-e4fa84c37faa] GET /api/events?page=1&pageSize=10 - Request finished with status 200
[2025-12-16T10:03:11.215Z] [INFO] [885f8e1d-1078-4bac-81f3-8cb29d5c7988] GET /api/events/types - Request finished with status 304
[2025-12-16T10:03:11.283Z] [INFO] [799defa0-23c6-4abd-a060-369f0bbd45c6] GET /api/events/types - Request finished with status 304
[2025-12-16T10:03:11.518Z] [INFO] [ba578780-3041-4a0f-b4d6-bd9010f93985] GET /api/events/types - Request finished with status 304
[2025-12-16T10:03:11.521Z] [INFO] [be297835-3969-4912-bff2-4bec8225909d] GET /api/events?page=1&pageSize=10 - Request finished with status 304
[2025-12-16T10:11:41.729Z] [INFO] [5f8e3f04-badd-4551-a6ef-30aec5bf0a54] POST /api/auth/logout - Request finished with status 200
[2025-12-16T10:11:44.934Z] [INFO] [ddb37c2b-352d-492f-8df5-ef818ec5de0f] POST /api/auth/logout - Request finished with status 401
[2025-12-16T10:11:44.936Z] [INFO] [2a4e55db-56d2-4faa-a2d5-8aded318a8f6] POST /api/auth/logout - Request finished with status 401
[2025-12-16T10:11:46.499Z] [INFO] [147689bb-0adc-4730-bf59-9b468c08eeed] GET /api/kashrut - Request finished with status 200
[2025-12-16T10:11:46.502Z] [INFO] [64043847-787b-4911-9365-70b333107f3f] GET /api/regions - Request finished with status 304
[2025-12-16T10:11:46.516Z] [INFO] [c7a4a2e9-61c1-44ac-9604-24292110fda5] GET /api/kashrut - Request finished with status 304
[2025-12-16T10:11:46.519Z] [INFO] [c2750df8-799b-411c-8463-ee7747de3079] GET /api/regions - Request finished with status 304
[2025-12-16T10:11:46.578Z] [INFO] [358af4ba-491c-421f-b355-d385d1ff01df] GET /api/categories - Request finished with status 200
[2025-12-16T10:11:46.680Z] [INFO] [dca3e84b-3c02-4688-aca0-d43b4e146da0] GET /api/categories - Request finished with status 304
[2025-12-16T10:12:47.063Z] [ERROR] [cd7c3192-8975-40c0-b5f4-57a9d100a612] POST /api/suppliers/register - משתש כבר קיים
[2025-12-16T10:12:47.079Z] [INFO] [cd7c3192-8975-40c0-b5f4-57a9d100a612] POST /api/suppliers/register - Request finished with status 409
[2025-12-16T10:12:56.396Z] [ERROR] [614a0707-b414-4106-976e-e44bd81bb931] POST /api/suppliers/register - Supplier validation failed: regions: Cast to string failed for value "[ 'גוש דן' ]" (type Array) at path "regions"
[2025-12-16T10:12:56.406Z] [INFO] [614a0707-b414-4106-976e-e44bd81bb931] POST /api/suppliers/register - Request finished with status 400
[2025-12-16T10:13:02.812Z] [ERROR] [d1ed678b-e0ba-4867-88e5-936b33ad1fb5] POST /api/suppliers/register - משתש כבר קיים
[2025-12-16T10:13:02.814Z] [INFO] [d1ed678b-e0ba-4867-88e5-936b33ad1fb5] POST /api/suppliers/register - Request finished with status 409
[2025-12-16T10:13:10.378Z] [ERROR] [ee2939a3-f57f-4fa8-9a22-de73daab6adf] POST /api/suppliers/register - Supplier validation failed: regions: Cast to string failed for value "[ 'גוש דן' ]" (type Array) at path "regions"
[2025-12-16T10:13:10.380Z] [INFO] [ee2939a3-f57f-4fa8-9a22-de73daab6adf] POST /api/suppliers/register - Request finished with status 400
[2025-12-16T10:13:28.294Z] [ERROR] [adecf606-ffe9-4b17-b94d-ba9b0a68ea06] POST /api/suppliers/register - משתש כבר קיים
[2025-12-16T10:13:28.295Z] [INFO] [adecf606-ffe9-4b17-b94d-ba9b0a68ea06] POST /api/suppliers/register - Request finished with status 409
[2025-12-16T10:13:33.616Z] [ERROR] [dd493276-7c1d-440b-86bc-070b57b6f17d] POST /api/suppliers/register - Supplier validation failed: regions: Cast to string failed for value "[ 'גוש דן' ]" (type Array) at path "regions"
[2025-12-16T10:13:33.619Z] [INFO] [dd493276-7c1d-440b-86bc-070b57b6f17d] POST /api/suppliers/register - Request finished with status 400
[2025-12-16T10:13:36.485Z] [ERROR] [8957410f-ed6f-47b2-b039-8b3b8da89dbf] POST /api/suppliers/register - משתש כבר קיים
[2025-12-16T10:13:36.486Z] [INFO] [8957410f-ed6f-47b2-b039-8b3b8da89dbf] POST /api/suppliers/register - Request finished with status 409
[2025-12-16T10:13:42.330Z] [ERROR] [f82613b9-4251-407a-8d4d-4d536eab67a2] POST /api/suppliers/register - Supplier validation failed: regions: Cast to string failed for value "[ 'גוש דן' ]" (type Array) at path "regions"
[2025-12-16T10:13:42.332Z] [INFO] [f82613b9-4251-407a-8d4d-4d536eab67a2] POST /api/suppliers/register - Request finished with status 400
[2025-12-16T10:18:00.108Z] [INFO] [51ecec66-f00a-446f-bcd3-32ab3f318d3e] POST /api/suppliers/register - Request finished with status 400
[2025-12-16T10:18:06.684Z] [INFO] [dac4dce6-d182-4c88-a64d-e37aeb1c7ccd] POST /api/auth/logout - Request finished with status 401
[2025-12-16T10:18:06.687Z] [INFO] [32ffec0b-fa14-4811-835f-78811ce4d657] POST /api/auth/logout - Request finished with status 401
[2025-12-16T10:18:08.184Z] [INFO] [9b636301-deab-42d7-ae3a-351dce7fdf96] GET /api/kashrut - Request finished with status 304
[2025-12-16T10:18:08.187Z] [INFO] [d5b2c97c-d47e-415f-8d63-dc8c23adf9fb] GET /api/regions - Request finished with status 304
[2025-12-16T10:18:08.194Z] [INFO] [b4babb9a-b7da-4361-a1eb-6196aa69be12] GET /api/kashrut - Request finished with status 304
[2025-12-16T10:18:08.196Z] [INFO] [cba1d5b1-41b5-473c-81f5-0752a87ab842] GET /api/regions - Request finished with status 304
[2025-12-16T10:18:08.299Z] [INFO] [190a3aaf-e7ce-4248-a3e8-8190d9a23a0a] GET /api/categories - Request finished with status 304
[2025-12-16T10:18:08.391Z] [INFO] [0128c7a5-f40a-4e29-8752-525a70497d20] GET /api/categories - Request finished with status 304
[2025-12-16T10:18:53.538Z] [INFO] [44b12399-3d1d-416a-b016-77c8f11f222f] POST /api/suppliers/register - Request finished with status 400
[2025-12-16T10:20:07.516Z] [ERROR] [cd61a717-b3e1-487f-8b86-5439dbe28b0e] POST /api/suppliers/register - Supplier validation failed: regions: Cast to string failed for value "[ 'גוש דן' ]" (type Array) at path "regions"
[2025-12-16T10:20:07.523Z] [INFO] [cd61a717-b3e1-487f-8b86-5439dbe28b0e] POST /api/suppliers/register - Request finished with status 400
[2025-12-16T10:21:17.854Z] [ERROR] [3ac51b0c-9b2d-4c86-ba8e-c4b1795d679c] POST /api/suppliers/register - משתש כבר קיים
[2025-12-16T10:21:17.859Z] [INFO] [3ac51b0c-9b2d-4c86-ba8e-c4b1795d679c] POST /api/suppliers/register - Request finished with status 409
[2025-12-16T10:21:23.656Z] [ERROR] [d47b9704-db4c-45cc-b2ec-d3b998b87dc8] POST /api/suppliers/register - Supplier validation failed: regions: Cast to string failed for value "[ 'גוש דן' ]" (type Array) at path "regions"
[2025-12-16T10:21:23.661Z] [INFO] [d47b9704-db4c-45cc-b2ec-d3b998b87dc8] POST /api/suppliers/register - Request finished with status 400
[2025-12-16T10:22:32.470Z] [ERROR] [8ddaf229-8281-4fd5-b096-4019d7b1d4f2] POST /api/suppliers/register - משתש כבר קיים
[2025-12-16T10:22:32.474Z] [INFO] [8ddaf229-8281-4fd5-b096-4019d7b1d4f2] POST /api/suppliers/register - Request finished with status 409
[2025-12-16T10:22:38.175Z] [ERROR] [691c92b8-b98c-45d6-a759-eb873088778b] POST /api/suppliers/register - Supplier validation failed: regions: Cast to string failed for value "[ 'גוש דן' ]" (type Array) at path "regions"
[2025-12-16T10:22:38.184Z] [INFO] [691c92b8-b98c-45d6-a759-eb873088778b] POST /api/suppliers/register - Request finished with status 400
[2025-12-16T10:22:43.164Z] [ERROR] [ab6d5f39-5a9f-4fc4-94d8-962b90bf9abd] POST /api/suppliers/register - Supplier validation failed: regions: Cast to string failed for value "[ 'גוש דן' ]" (type Array) at path "regions"
[2025-12-16T10:22:43.166Z] [INFO] [ab6d5f39-5a9f-4fc4-94d8-962b90bf9abd] POST /api/suppliers/register - Request finished with status 400
[2025-12-16T10:22:46.032Z] [ERROR] [de3dcafa-9ea1-4507-a539-706e7fa7a382] POST /api/suppliers/register - משתש כבר קיים
[2025-12-16T10:22:46.033Z] [INFO] [de3dcafa-9ea1-4507-a539-706e7fa7a382] POST /api/suppliers/register - Request finished with status 409
[2025-12-16T10:26:02.698Z] [ERROR] [5ecfad68-1182-480d-83bc-af11920a555e] POST /api/suppliers/register - משתש כבר קיים
[2025-12-16T10:26:02.712Z] [INFO] [5ecfad68-1182-480d-83bc-af11920a555e] POST /api/suppliers/register - Request finished with status 409
[2025-12-16T10:26:08.860Z] [ERROR] [573685ad-6e99-4c5d-9d5a-34aad481c63c] POST /api/suppliers/register - Supplier validation failed: regions: Cast to string failed for value "[ 'גוש דן' ]" (type Array) at path "regions"
[2025-12-16T10:26:08.870Z] [INFO] [573685ad-6e99-4c5d-9d5a-34aad481c63c] POST /api/suppliers/register - Request finished with status 400
[2025-12-16T10:31:14.380Z] [ERROR] [785e9529-2028-43c3-8161-811870fd7793] POST /api/suppliers/register - Supplier validation failed: regions: Cast to string failed for value "[ 'גוש דן' ]" (type Array) at path "regions"
[2025-12-16T10:31:14.397Z] [INFO] [785e9529-2028-43c3-8161-811870fd7793] POST /api/suppliers/register - Request finished with status 400
[2025-12-16T10:32:19.281Z] [ERROR] [0765fb9a-a7bd-45a1-a3c1-28c8a271d277] POST /api/suppliers/register - Supplier validation failed: regions: Cast to string failed for value "[ 'גוש דן' ]" (type Array) at path "regions"
[2025-12-16T10:32:19.287Z] [INFO] [0765fb9a-a7bd-45a1-a3c1-28c8a271d277] POST /api/suppliers/register - Request finished with status 400
[2025-12-16T10:32:23.903Z] [ERROR] [658593f2-0911-435a-b87c-89bdf82adbd0] POST /api/suppliers/register - Supplier validation failed: regions: Cast to string failed for value "[ 'גוש דן' ]" (type Array) at path "regions"
[2025-12-16T10:32:23.906Z] [INFO] [658593f2-0911-435a-b87c-89bdf82adbd0] POST /api/suppliers/register - Request finished with status 400
[2025-12-16T10:45:41.841Z] [ERROR] [ff9a93dd-8db2-411c-bf8c-8a9ae545c0c1] POST /api/suppliers/register - Supplier validation failed: regions: Cast to string failed for value "[ 'גוש דן' ]" (type Array) at path "regions"
[2025-12-16T10:45:41.848Z] [INFO] [ff9a93dd-8db2-411c-bf8c-8a9ae545c0c1] POST /api/suppliers/register - Request finished with status 400
[2025-12-16T10:54:17.615Z] [INFO] [31858f5d-ff8a-4d40-9fd7-97e61aaf9026] POST /api/suppliers/register - Request finished with status 201
[2025-12-16T10:54:28.255Z] [INFO] [7c610477-f7d6-4878-aad6-5aadced91180] GET /api/file/upload-url?fileName=%D7%90%D7%99%D7%A9%D7%95%D7%A8+%D7%94%D7%A2%D7%A1%D7%A7%D7%94-%D7%A4%D7%A8%D7%98%D7%99%D7%A7%D7%95%D7%9D+%D7%A1%D7%95%D7%A4%D7%99+.pdf&contentType=application%2Fpdf - Request finished with status 200
[2025-12-16T10:54:29.508Z] [INFO] [8333138c-7c5c-4d13-8c18-2591bd39194b] PATCH /api/suppliers/add-images - Request finished with status 201
[2025-12-16T10:54:29.615Z] [INFO] [a293df7f-373a-4e37-8651-3c9fd4e778a7] GET /api/users/me - Request finished with status 200
[2025-12-16T10:54:29.691Z] [INFO] [64e7e6b0-a801-49a5-83ec-c26c11c1fbdb] GET /api/users/me - Request finished with status 304
[2025-12-16T10:54:29.828Z] [INFO] [2ca5c4d1-5885-4e9d-85c6-6587373e468f] GET /api/users/me - Request finished with status 304
[2025-12-16T10:54:29.899Z] [INFO] [3b1b2e33-1249-4a37-ac9d-f90b5844e21e] GET /api/users/me - Request finished with status 304
[2025-12-16T10:54:30.005Z] [INFO] [50b29828-30ba-408a-966e-2ec783c01113] GET /api/users/me - Request finished with status 304
[2025-12-16T10:54:30.081Z] [INFO] [e8531760-ba3a-4ce7-9a78-6976e35788d0] GET /api/users/me - Request finished with status 304
[2025-12-16T10:54:30.185Z] [INFO] [42f16ec1-b88e-41bd-8b75-0343b71a5ca7] GET /api/users/me - Request finished with status 304
[2025-12-16T10:54:30.258Z] [INFO] [1c7f8f5d-a41c-472e-a436-c88d729deed1] GET /api/users/me - Request finished with status 304
[2025-12-16T10:54:30.294Z] [INFO] [208651b9-7f40-4a36-9a21-2011ead6a54a] GET /api/notifications - Request finished with status 201
[2025-12-16T10:54:30.386Z] [INFO] [244772a5-10ad-46b9-8759-da4d2d279de8] GET /api/dashboard/supplier/charts - Request finished with status 200
[2025-12-16T10:54:30.439Z] [INFO] [782c59ab-65a8-41c4-a63f-ecc914913bc7] GET /api/notifications - Request finished with status 201
[2025-12-16T10:54:30.687Z] [INFO] [555299b8-707d-43fb-b861-14a9c2815dbb] GET /api/dashboard/supplier/charts - Request finished with status 304
[2025-12-16T10:54:30.722Z] [INFO] [902c4046-d44a-4a86-92a0-9ced409c6f13] GET /api/dashboard/summarySupplier - Request finished with status 200
[2025-12-16T10:54:31.344Z] [INFO] [61b6bc7c-86ef-4f9d-87f6-dee466645d69] GET /api/dashboard/summarySupplier - Request finished with status 304
[2025-12-16T10:54:41.360Z] [INFO] [eb103038-37fe-4a36-968e-ce323e72af18] POST /api/auth/logout - Request finished with status 200
[2025-12-16T10:54:41.362Z] [INFO] [aa33f359-e12b-472d-abb8-ac71d200e5b3] POST /api/auth/logout - Request finished with status 200
[2025-12-16T10:54:44.840Z] [INFO] [dfb8d62b-a7fb-4928-a734-90da5d1ce771] POST /api/auth/logout - Request finished with status 401
[2025-12-16T10:54:44.843Z] [INFO] [391eb45c-8f3d-479e-8f68-8af8312d93df] POST /api/auth/logout - Request finished with status 401
[2025-12-16T10:55:07.723Z] [INFO] [6332352f-858c-4aea-b486-e4b80b5103e4] POST /api/auth/register - Request finished with status 201
[2025-12-16T10:55:07.801Z] [INFO] [2defd845-db37-4d0a-83d8-fac5acf31a07] GET /api/users/me - Request finished with status 200
[2025-12-16T10:55:07.871Z] [INFO] [fc9e6b84-9cc1-4220-8bd4-bc35789a5eeb] GET /api/users/me - Request finished with status 304
[2025-12-16T10:55:07.984Z] [INFO] [c616dcff-433b-422e-bddc-ef8fd844a3d8] GET /api/users/me - Request finished with status 304
[2025-12-16T10:55:08.050Z] [INFO] [7b7a2844-8b1e-4ae5-92d1-cc2bbcf66526] GET /api/users/me - Request finished with status 304
[2025-12-16T10:55:08.118Z] [INFO] [b8027016-0288-4ffd-ba22-9812950fd619] GET /api/users/me - Request finished with status 304
[2025-12-16T10:55:08.185Z] [INFO] [825671d1-f110-4148-9d69-08d67bfeffa7] GET /api/users/me - Request finished with status 304
[2025-12-16T10:55:08.253Z] [INFO] [e8a24a85-6974-42ac-be23-0bd1954a4cf1] GET /api/users/me - Request finished with status 304
[2025-12-16T10:55:08.314Z] [INFO] [08a5dd9f-abfd-495b-9b8c-51229fbb5d23] GET /api/notifications - Request finished with status 201
[2025-12-16T10:55:08.347Z] [INFO] [01c5eeb1-4f4a-4dc2-b574-1443cb5d8a7b] GET /api/users/me - Request finished with status 304
[2025-12-16T10:55:08.370Z] [INFO] [3288311d-106e-4868-97a3-1532cab75d77] GET /api/dashboard/user/charts - Request finished with status 200
[2025-12-16T10:55:08.483Z] [INFO] [6410fccf-0373-4688-8603-64f6175676c7] GET /api/notifications - Request finished with status 201
[2025-12-16T10:55:08.594Z] [INFO] [04a1489e-b4de-47dd-9f5e-88a78afb3988] GET /api/dashboard/user/charts - Request finished with status 304
[2025-12-16T10:55:08.646Z] [INFO] [5b8cfed7-a45d-4c50-8803-f5753fb3e036] GET /api/dashboard/summaryUser - Request finished with status 200
[2025-12-16T10:55:09.128Z] [INFO] [5924ef23-3d96-4bd7-aa1c-34d8ffe9663f] GET /api/dashboard/summaryUser - Request finished with status 304
[2025-12-16T10:55:10.569Z] [INFO] [a3c0be24-2b86-4658-9421-687c6a2b3041] POST /api/auth/logout - Request finished with status 200
[2025-12-16T10:55:12.901Z] [INFO] [c7c67d2c-f1fe-40f7-ac73-7d3d9283150b] POST /api/auth/logout - Request finished with status 401
[2025-12-16T10:55:12.903Z] [INFO] [9fb59853-3b25-458b-84b9-51aed9abd55b] POST /api/auth/logout - Request finished with status 401
[2025-12-16T10:55:14.653Z] [INFO] [53d225fc-e397-40ac-a16e-bba1e8815153] GET /api/kashrut - Request finished with status 304
[2025-12-16T10:55:14.654Z] [INFO] [6a9dd66f-5d52-478e-a97c-3337dda03132] GET /api/regions - Request finished with status 304
[2025-12-16T10:55:14.661Z] [INFO] [1ad204e6-b3a4-4b58-b14b-e8b5153b8b29] GET /api/kashrut - Request finished with status 304
[2025-12-16T10:55:14.663Z] [INFO] [b1853349-201e-422b-af97-a3928a759de8] GET /api/regions - Request finished with status 304
[2025-12-16T10:55:15.045Z] [INFO] [40f19cf6-1b60-4d03-b77d-883d4541ad2d] GET /api/categories - Request finished with status 304
[2025-12-16T10:55:15.115Z] [INFO] [b50b3b9e-1edf-4b51-a9e7-72a79319becc] GET /api/categories - Request finished with status 304
[2025-12-16T10:58:43.081Z] [INFO] [7ac56a97-ea3f-4cfd-b595-025f4b223ab1] POST /api/suppliers/register - Request finished with status 201
[2025-12-16T10:58:45.132Z] [INFO] [16f1827c-4cfe-47fc-969f-63c9ac30617a] PATCH /api/suppliers/add-images - Request finished with status 201
[2025-12-16T10:58:45.206Z] [INFO] [73123d35-7bfa-4c9f-93b4-d2d867ade474] GET /api/users/me - Request finished with status 200
[2025-12-16T10:58:45.285Z] [INFO] [84552de4-22a4-4f9d-86a3-c4ae5cf7c5fa] GET /api/users/me - Request finished with status 304
[2025-12-16T10:58:45.371Z] [INFO] [279c8c33-bd15-49cf-8e57-e8072ba076b1] GET /api/users/me - Request finished with status 304
[2025-12-16T10:58:45.441Z] [INFO] [26b7c5ed-5e7b-4954-9c0a-f795fe2c6250] GET /api/users/me - Request finished with status 304
[2025-12-16T10:58:45.511Z] [INFO] [01f31947-eb78-4e32-967b-cb3752cb0543] GET /api/users/me - Request finished with status 304
[2025-12-16T10:58:45.594Z] [INFO] [e8fcac18-f0ab-449a-b1bc-cde3cc6988c7] GET /api/users/me - Request finished with status 304
[2025-12-16T10:58:45.663Z] [INFO] [2b213d50-32f1-4fdf-a18e-7a37e34aa507] GET /api/users/me - Request finished with status 304
[2025-12-16T10:58:45.695Z] [INFO] [60739c4a-8c85-468e-960d-29a47db2be2f] GET /api/notifications - Request finished with status 201
[2025-12-16T10:58:45.739Z] [INFO] [0ae25eeb-4a4c-4fa4-8969-0ae5e6265a81] GET /api/users/me - Request finished with status 304
[2025-12-16T10:58:45.947Z] [INFO] [68ac0879-2b6b-4e60-b1f5-8723a66185b0] GET /api/notifications - Request finished with status 201
[2025-12-16T10:58:46.460Z] [INFO] [ca405ce5-9372-4da6-84cd-4ae0749a2771] GET /api/dashboard/supplier/charts - Request finished with status 304
[2025-12-16T10:58:46.667Z] [INFO] [8cd2a14a-46d8-4d24-8f9f-33d8114c56e6] GET /api/dashboard/summarySupplier - Request finished with status 304
[2025-12-16T10:58:47.484Z] [INFO] [b2ac3f20-3a0c-4741-906b-6f4b5fe31041] GET /api/dashboard/supplier/charts - Request finished with status 304
[2025-12-16T10:58:47.582Z] [INFO] [534556bb-6b9f-461b-ad37-52318b941b75] GET /api/dashboard/summarySupplier - Request finished with status 304
[2025-12-16T10:58:53.510Z] [INFO] [9b899471-f813-4e49-b822-b291ce82b228] POST /api/auth/logout - Request finished with status 200
[2025-12-16T10:58:58.695Z] [INFO] [cff2cb57-a427-4e5d-9612-2fd7283535cb] POST /api/auth/logout - Request finished with status 401
[2025-12-16T10:58:58.698Z] [INFO] [fdb7e2af-e6db-4a51-af04-aa84735c0958] POST /api/auth/logout - Request finished with status 401
[2025-12-16T10:59:29.826Z] [INFO] [209a2d81-224e-4890-bb1b-76fe13b5d3ee] POST /api/auth/register - Request finished with status 201
[2025-12-16T10:59:29.902Z] [INFO] [3cb59059-f538-445e-8051-d0f95f66abba] GET /api/users/me - Request finished with status 200
[2025-12-16T10:59:29.974Z] [INFO] [f7e44773-5ab6-46e1-8bcf-20667bebd66c] GET /api/users/me - Request finished with status 304
[2025-12-16T10:59:30.064Z] [INFO] [9d78e9fd-8278-4139-a576-b7e002b709e7] GET /api/users/me - Request finished with status 304
[2025-12-16T10:59:30.140Z] [INFO] [8c96fbed-1ac3-472a-bfeb-fd7febfbb4ae] GET /api/users/me - Request finished with status 304
[2025-12-16T10:59:30.256Z] [INFO] [75348b06-560f-4306-8a34-737f01ba5a24] GET /api/users/me - Request finished with status 304
[2025-12-16T10:59:30.357Z] [INFO] [810e463e-ae5c-4ceb-88a9-c5135fea3a71] GET /api/users/me - Request finished with status 304
[2025-12-16T10:59:30.467Z] [INFO] [ee0c2111-66c5-41e9-8f9a-ad9809db35b2] GET /api/users/me - Request finished with status 304
[2025-12-16T10:59:30.567Z] [INFO] [32e017b8-bf0b-40aa-a5ca-eba657d8a7b7] GET /api/users/me - Request finished with status 304
[2025-12-16T10:59:30.630Z] [INFO] [4f2bdaba-0ec4-43a3-9cb6-ad0d9c63a000] GET /api/dashboard/user/charts - Request finished with status 304
[2025-12-16T10:59:30.853Z] [INFO] [af8d1197-e05a-482f-a63f-54bb4bf1ea93] GET /api/notifications - Request finished with status 201
[2025-12-16T10:59:30.901Z] [INFO] [8d5a0c21-fa3b-4f6e-af07-8e20151695f2] GET /api/dashboard/user/charts - Request finished with status 304
[2025-12-16T10:59:30.976Z] [INFO] [cf0173ba-8eaf-41b3-b33e-db23ef64abeb] GET /api/dashboard/summaryUser - Request finished with status 304
[2025-12-16T10:59:31.003Z] [INFO] [5f9b3c01-1dcd-49eb-856c-90e0ad06670f] GET /api/notifications - Request finished with status 201
[2025-12-16T10:59:31.690Z] [INFO] [82c3237f-8421-4c67-ad81-46faa0ede46d] GET /api/dashboard/summaryUser - Request finished with status 304
[2025-12-16T10:59:32.124Z] [INFO] [9e4f385c-7196-4c0e-9e1f-879916a6353a] GET /api/regions - Request finished with status 304
[2025-12-16T10:59:32.136Z] [INFO] [d1527391-8ea0-4adf-a334-f3d941824fed] GET /api/regions - Request finished with status 304
[2025-12-16T10:59:32.222Z] [INFO] [3b1ed3db-1e85-4531-b542-e6bf34244f59] GET /api/events/types - Request finished with status 304
[2025-12-16T10:59:32.236Z] [INFO] [ffcd95a2-a58e-4341-8403-88c03dc97fb0] GET /api/regions - Request finished with status 304
[2025-12-16T10:59:32.242Z] [INFO] [27110c71-ef27-4436-af54-9c3d35f3673b] GET /api/regions - Request finished with status 304
[2025-12-16T10:59:32.306Z] [INFO] [2a4afec2-598a-4a78-b1e7-03b6ec19facb] GET /api/events?page=1&pageSize=10 - Request finished with status 200
[2025-12-16T10:59:32.308Z] [INFO] [f1fae4d5-9aed-49bf-8cd1-6b70a17e9752] GET /api/events/types - Request finished with status 304
[2025-12-16T10:59:32.407Z] [INFO] [ac637c02-12d2-4fc2-b74b-debddd6a1748] GET /api/events/types - Request finished with status 304
[2025-12-16T10:59:32.507Z] [INFO] [7f3bb66c-197b-4650-b893-875b4a0104f6] GET /api/events/types - Request finished with status 304
[2025-12-16T10:59:32.508Z] [INFO] [b62180af-56b8-46b5-abce-054502f6a359] GET /api/events?page=1&pageSize=10 - Request finished with status 304
[2025-12-16T10:59:33.841Z] [INFO] [560a8401-37ef-49f3-a517-38b431fa2e2f] POST /api/auth/logout - Request finished with status 200
[2025-12-16T10:59:47.651Z] [INFO] [9da516dd-90f4-496d-a766-caaa1283c789] POST /api/auth/login - Request finished with status 200
[2025-12-16T10:59:47.728Z] [INFO] [0db1bd00-4b63-4126-be73-b0cc32c152f9] GET /api/users/me - Request finished with status 200
[2025-12-16T10:59:47.801Z] [INFO] [d855ca6f-bd07-4e0c-9bb6-1a1f8da5fbf3] GET /api/users/me - Request finished with status 304
[2025-12-16T10:59:47.891Z] [INFO] [28400b1d-4075-47b7-973a-a6009df34f9b] GET /api/users/me - Request finished with status 304
[2025-12-16T10:59:47.960Z] [INFO] [80ae5b1b-92c6-412f-acb2-c83123ede542] GET /api/users/me - Request finished with status 304
[2025-12-16T10:59:48.031Z] [INFO] [04b6df84-f774-4a5a-beb9-51b0f6dd80e1] GET /api/users/me - Request finished with status 304
[2025-12-16T10:59:48.100Z] [INFO] [5b2384a2-53a8-4587-98f8-a92212e2fe5b] GET /api/users/me - Request finished with status 304
[2025-12-16T10:59:48.679Z] [INFO] [366c68b2-c455-4e82-8efd-f83d8b45bb47] GET /api/dashboard/summaryAdmin - Request finished with status 200
[2025-12-16T10:59:49.293Z] [INFO] [a4430ff3-6406-4b22-ac51-d7b1174addba] GET /api/dashboard/stats - Request finished with status 200
[2025-12-16T10:59:49.394Z] [INFO] [a2f87b61-bdae-4dbe-ad39-289d9f972d66] GET /api/dashboard/summaryAdmin - Request finished with status 304
[2025-12-16T10:59:50.213Z] [INFO] [2d40ad51-8874-4db8-bf68-6593714ae3ea] GET /api/dashboard/stats - Request finished with status 200
[2025-12-16T10:59:51.612Z] [INFO] [75f58d4e-dd39-4fe0-88f6-49850abb751d] POST /api/auth/logout - Request finished with status 200
[2025-12-16T10:59:53.803Z] [INFO] [34bcc573-ebe4-46aa-b869-c5d65621693f] POST /api/auth/logout - Request finished with status 401
[2025-12-16T10:59:53.805Z] [INFO] [94024d42-2d38-4258-9bae-89f251ae4143] POST /api/auth/logout - Request finished with status 401
[2025-12-16T10:59:55.748Z] [INFO] [0513e99e-d9f3-489a-8286-8d070df4c98c] GET /api/regions - Request finished with status 304
[2025-12-16T10:59:55.749Z] [INFO] [79971ed2-5e9f-4d73-a86c-71b94642387b] GET /api/kashrut - Request finished with status 304
[2025-12-16T10:59:55.754Z] [INFO] [635a40e6-4740-4d9c-b06d-8411afa86ab0] GET /api/regions - Request finished with status 304
[2025-12-16T10:59:55.756Z] [INFO] [cf86830b-37a8-4223-8bab-706be79a4252] GET /api/kashrut - Request finished with status 304
[2025-12-16T10:59:55.818Z] [INFO] [f52756ba-8477-4e8f-8fc1-3b2b4b5d4a78] GET /api/categories - Request finished with status 304
[2025-12-16T10:59:55.889Z] [INFO] [8298f498-947d-4be2-ad82-ea2312530c02] GET /api/categories - Request finished with status 304
[2025-12-16T11:00:37.083Z] [INFO] [bed8e87d-1500-46c4-b691-b4970dc5d17a] POST /api/suppliers/register - Request finished with status 201
[2025-12-16T11:00:48.341Z] [INFO] [c0a7db30-ceea-40a2-9e9b-44423347c43f] PATCH /api/suppliers/add-images - Request finished with status 201
[2025-12-16T11:00:48.443Z] [INFO] [0c5d0c02-0db7-4eca-88a6-db1c40ede1ce] GET /api/users/me - Request finished with status 200
[2025-12-16T11:00:48.550Z] [INFO] [bf7431d7-8fa7-4dde-9a0b-aa4918ecaee3] GET /api/users/me - Request finished with status 304
[2025-12-16T11:00:48.645Z] [INFO] [c01adf59-7922-49d6-a428-6788e696de52] GET /api/users/me - Request finished with status 304
[2025-12-16T11:00:48.721Z] [INFO] [d600b4a0-3353-469f-b273-08412684d903] GET /api/users/me - Request finished with status 304
[2025-12-16T11:00:49.424Z] [INFO] [dcfb5706-0559-4127-9a2f-b0ceccd9e2bd] GET /api/users/me - Request finished with status 304
[2025-12-16T11:00:49.571Z] [INFO] [c5daf2e9-a9fe-428a-8ba4-10118bbed8b5] GET /api/users/me - Request finished with status 304
[2025-12-16T11:00:49.642Z] [INFO] [47457cc7-2e59-406f-bf53-77ef1693d8a2] GET /api/notifications - Request finished with status 201
[2025-12-16T11:00:49.644Z] [INFO] [a1330c89-9bc0-457b-8bf1-2d1e1aa5ff85] GET /api/users/me - Request finished with status 304
[2025-12-16T11:00:49.877Z] [INFO] [9f92ed65-fd0c-4793-b64d-e0f545abc8c2] GET /api/users/me - Request finished with status 304
[2025-12-16T11:00:49.977Z] [INFO] [9936b36b-9658-47d9-8e8c-aac767129741] GET /api/notifications - Request finished with status 201
[2025-12-16T11:00:50.256Z] [INFO] [c366d908-5437-43f3-8e90-12e139470433] GET /api/dashboard/supplier/charts - Request finished with status 304
[2025-12-16T11:00:50.989Z] [INFO] [cb7ed082-032b-49de-b7da-ceddf3d678bb] GET /api/dashboard/supplier/charts - Request finished with status 304
[2025-12-16T11:00:51.045Z] [INFO] [bc66091e-0290-4819-bc6f-9fc871fc6b0b] GET /api/dashboard/summarySupplier - Request finished with status 304
[2025-12-16T11:00:51.697Z] [INFO] [68e84550-cc50-45ba-8741-2e98eaa381e4] GET /api/dashboard/summarySupplier - Request finished with status 304
[2025-12-16T11:00:51.918Z] [INFO] [e6cc9c17-d23e-4834-9d71-e720ba326170] POST /api/auth/logout - Request finished with status 200
[2025-12-16T11:00:57.739Z] [INFO] [2d75d2b2-039b-4264-b5b7-5ef3fee41993] POST /api/auth/google - Request finished with status 200
[2025-12-16T11:00:57.839Z] [INFO] [a72d9ad4-a550-4cd6-8d91-defde32b41bb] GET /api/users/me - Request finished with status 200
[2025-12-16T11:00:57.911Z] [INFO] [ee9b2411-6ca5-4322-8a4c-5e4ec2982d00] GET /api/users/me - Request finished with status 304
[2025-12-16T11:00:58.009Z] [INFO] [472a9ae8-b950-40ad-b541-adece89ca0d2] GET /api/users/me - Request finished with status 304
[2025-12-16T11:00:58.090Z] [INFO] [8efc3c5d-b4d2-4d6d-acc6-59e3b23a6860] GET /api/users/me - Request finished with status 304
[2025-12-16T11:00:58.160Z] [INFO] [cf4bbd3c-4d4a-43a2-ad77-123d25cb5fb6] GET /api/users/me - Request finished with status 304
[2025-12-16T11:00:58.230Z] [INFO] [f65fc008-a92d-4d60-ac33-3ae467e8632a] GET /api/users/me - Request finished with status 304
[2025-12-16T11:00:58.300Z] [INFO] [61273897-62ed-4b70-a851-afad998d45ab] GET /api/users/me - Request finished with status 304
[2025-12-16T11:00:58.369Z] [INFO] [9b633b65-654b-40b4-9214-7a8fcee237e0] GET /api/notifications - Request finished with status 201
[2025-12-16T11:00:58.371Z] [INFO] [b64de103-618a-4c3e-8af5-203305a27027] GET /api/users/me - Request finished with status 304
[2025-12-16T11:00:58.429Z] [INFO] [ec796cc8-bb68-49c2-b5ac-1dfc9fb2c44c] GET /api/dashboard/user/charts - Request finished with status 304
[2025-12-16T11:00:58.526Z] [INFO] [8bc223a9-382d-45e6-b3cc-b0681e9db736] GET /api/notifications - Request finished with status 201
[2025-12-16T11:00:58.634Z] [INFO] [2e923cda-0dd1-409e-88e3-541ebe1e82c9] GET /api/dashboard/user/charts - Request finished with status 304
[2025-12-16T11:00:58.705Z] [INFO] [40fcf29d-f6e9-4cf6-bc47-ceefdf263134] GET /api/dashboard/summaryUser - Request finished with status 200
[2025-12-16T11:00:59.188Z] [INFO] [082c1269-d0f5-4ba3-a0f9-0952aeeb7d00] GET /api/dashboard/summaryUser - Request finished with status 304
[2025-12-16T11:16:16.894Z] [INFO] [e16ce64b-8a37-4db7-9344-dcc5f3143aed] GET /api/users/me - Request finished with status 304
[2025-12-16T11:16:16.991Z] [INFO] [eee70bb9-2452-4cc6-8287-5cc20e58afd2] GET /api/users/me - Request finished with status 304
[2025-12-16T11:16:17.062Z] [INFO] [4d105b25-cc66-44c8-b3e1-3131ff9eaf28] GET /api/users/me - Request finished with status 304
[2025-12-16T11:16:17.134Z] [INFO] [5eb5cbe5-7643-437c-a23d-bbf1f08ecf99] GET /api/users/me - Request finished with status 304
[2025-12-16T11:16:17.209Z] [INFO] [d7849bb2-f7df-46c0-ab89-a025bd0cb3c6] GET /api/users/me - Request finished with status 304
[2025-12-16T11:16:17.346Z] [INFO] [22414764-e3d7-480e-8d58-f427db4b9aa5] GET /api/users/me - Request finished with status 304
[2025-12-16T11:16:17.421Z] [INFO] [81200118-122b-47a7-bba4-393598a0366a] GET /api/dashboard/user/charts - Request finished with status 304
[2025-12-16T11:16:17.496Z] [INFO] [239d2bd9-58e4-4ea3-8f3c-b303d49023c9] GET /api/notifications - Request finished with status 201
[2025-12-16T11:16:17.652Z] [INFO] [534a4d2e-faa5-4002-8589-ecd2d20fcb15] GET /api/dashboard/user/charts - Request finished with status 304
[2025-12-16T11:16:17.694Z] [INFO] [4e79991e-9a86-4967-a176-27900a4db2de] GET /api/dashboard/summaryUser - Request finished with status 304
[2025-12-16T11:16:18.194Z] [INFO] [2861fe6c-5f3d-4f14-9468-95e72fa9d55b] GET /api/dashboard/summaryUser - Request finished with status 304
[2025-12-16T11:17:51.164Z] [INFO] [bae58aa4-4650-45f3-a5a1-a37f78e6e664] GET /api/users/me - Request finished with status 304
[2025-12-16T11:17:51.236Z] [INFO] [29bc4c65-0229-44ae-b1c6-8c9f150cf061] GET /api/users/me - Request finished with status 304
[2025-12-16T11:17:51.322Z] [INFO] [b79a5515-8098-4936-8ea6-867ac7160a76] GET /api/users/me - Request finished with status 304
[2025-12-16T11:17:51.452Z] [INFO] [a44f9045-132a-4473-91fc-8555ce085b20] GET /api/users/me - Request finished with status 304
[2025-12-16T11:17:51.523Z] [INFO] [32b1d888-2045-488b-81f0-a733a7cc2d23] GET /api/users/me - Request finished with status 304
[2025-12-16T11:17:51.589Z] [INFO] [8fe5412e-ed44-44e3-802c-a429525949b8] GET /api/dashboard/user/charts - Request finished with status 304
[2025-12-16T11:17:51.594Z] [INFO] [c5672844-f687-4adb-87bf-acdbce69e4b6] GET /api/users/me - Request finished with status 304
[2025-12-16T11:17:51.729Z] [INFO] [0b639920-a51c-4758-840c-546396dd3147] GET /api/notifications - Request finished with status 201
[2025-12-16T11:17:51.806Z] [INFO] [d05589ed-81b7-4d11-bab1-7e9cc0ca69e0] GET /api/dashboard/user/charts - Request finished with status 304
[2025-12-16T11:17:51.870Z] [INFO] [822e6700-449c-48be-b12c-7078a23b4af6] GET /api/dashboard/summaryUser - Request finished with status 304
[2025-12-16T11:17:52.412Z] [INFO] [fac314b7-9335-4ee0-b6e6-f5ea97cbd565] GET /api/dashboard/summaryUser - Request finished with status 304
[2025-12-16T11:19:11.620Z] [INFO] [815f6350-bd8a-4ddd-8acd-258d0bd6e9fb] GET /api/users/me - Request finished with status 304
[2025-12-16T11:19:11.700Z] [INFO] [12d20596-6066-418f-aa87-4d6ec3ff3284] GET /api/users/me - Request finished with status 304
[2025-12-16T11:19:11.802Z] [INFO] [396092bf-e5b1-4ec3-8095-ec71d3c179e2] GET /api/users/me - Request finished with status 304
[2025-12-16T11:19:11.879Z] [INFO] [75feb306-c809-449b-925b-b956e0dfd467] GET /api/users/me - Request finished with status 304
[2025-12-16T11:19:11.971Z] [INFO] [3c4e0761-e218-414e-9209-28f141263d5b] GET /api/users/me - Request finished with status 304
[2025-12-16T11:19:12.059Z] [INFO] [4714e41b-c8f6-4de8-be10-a264cd652f0f] GET /api/users/me - Request finished with status 304
[2025-12-16T11:19:12.066Z] [INFO] [8e4cbcbf-16b3-4d0b-a652-c6c2ba86e238] GET /api/dashboard/user/charts - Request finished with status 304
[2025-12-16T11:19:12.206Z] [INFO] [763dcac1-e209-4e4c-9125-885f77112062] GET /api/notifications - Request finished with status 201
[2025-12-16T11:19:12.294Z] [INFO] [cb857427-2c27-49b9-b311-b1425dc938df] GET /api/dashboard/user/charts - Request finished with status 304
[2025-12-16T11:19:12.363Z] [INFO] [6c4cd08a-a9d3-43b7-8ca3-9d256307da7f] GET /api/dashboard/summaryUser - Request finished with status 304
[2025-12-16T11:19:12.877Z] [INFO] [18307dc0-5c19-439b-a5ed-d76d76733f77] GET /api/dashboard/summaryUser - Request finished with status 304
[2025-12-16T11:19:16.516Z] [INFO] [8c031c86-69e1-484d-8c20-f1cb422c07dd] POST /api/auth/logout - Request finished with status 200
[2025-12-16T11:19:18.148Z] [INFO] [51b3aef9-ea62-4437-915b-285eb187ab9e] POST /api/auth/login - Request finished with status 200
[2025-12-16T11:19:18.233Z] [INFO] [73ab0dfc-34e6-44b6-b068-054ac37b1c31] GET /api/users/me - Request finished with status 200
[2025-12-16T11:19:18.325Z] [INFO] [93ce3ffc-9a12-4005-925b-7775aff35702] GET /api/users/me - Request finished with status 304
[2025-12-16T11:19:18.466Z] [INFO] [badde511-2cb3-42f5-951e-c8d3913eea21] GET /api/users/me - Request finished with status 304
[2025-12-16T11:19:18.540Z] [INFO] [40704efd-a4b2-43c8-b9e3-23538280a570] GET /api/users/me - Request finished with status 304
[2025-12-16T11:19:18.611Z] [INFO] [65b102df-be89-4142-81dd-4ee2d14fa805] GET /api/users/me - Request finished with status 304
[2025-12-16T11:19:18.681Z] [INFO] [35267bc0-9e8a-4059-89a8-01fd74013ed5] GET /api/users/me - Request finished with status 304
[2025-12-16T11:19:19.223Z] [INFO] [9de55069-793d-4807-b7e3-466a6724696a] GET /api/dashboard/summaryAdmin - Request finished with status 200
[2025-12-16T11:19:19.793Z] [INFO] [dcc275de-5d1d-465c-ada1-44935b26229c] GET /api/dashboard/stats - Request finished with status 200
[2025-12-16T11:19:19.824Z] [INFO] [5620d8f1-2fc4-4328-ab42-8e61b9b4b9b1] GET /api/dashboard/summaryAdmin - Request finished with status 304
[2025-12-16T11:19:20.378Z] [INFO] [8fbf73a6-c475-492a-8e53-97bd7f621181] GET /api/dashboard/stats - Request finished with status 200
[2025-12-16T11:19:23.485Z] [INFO] [0830d435-e29a-4029-97cc-26fa0ed50ed0] POST /api/auth/logout - Request finished with status 200
[2025-12-16T11:22:01.569Z] [INFO] [2ab7d2c9-940f-48ad-be1f-c2a0a9a6641b] POST /api/auth/login - Request finished with status 200
[2025-12-16T11:22:01.656Z] [INFO] [abfa31fc-e7bd-4962-8cc0-1f1bf8a5d0aa] GET /api/users/me - Request finished with status 200
[2025-12-16T11:22:01.750Z] [INFO] [5fbf6649-fa1c-40e1-9a5d-015633737b25] GET /api/users/me - Request finished with status 304
[2025-12-16T11:22:01.926Z] [INFO] [da0cbdb5-a722-422e-911f-9f92c3854a88] GET /api/users/me - Request finished with status 304
[2025-12-16T11:22:02.000Z] [INFO] [2a13821d-b9b9-407d-886e-3ef18ed713f8] GET /api/users/me - Request finished with status 304
[2025-12-16T11:22:02.075Z] [INFO] [1fbc1207-54cc-4d99-8e0c-e0e6731959a8] GET /api/users/me - Request finished with status 304
[2025-12-16T11:22:02.146Z] [INFO] [bdf19ec5-66eb-45ee-9b38-7fcadbe03c32] GET /api/users/me - Request finished with status 304
[2025-12-16T11:22:02.236Z] [INFO] [cc688fc2-827b-45e8-b15f-2aee79e38884] GET /api/users/me - Request finished with status 304
[2025-12-16T11:22:02.254Z] [INFO] [cac46915-e11e-42ba-a2a5-bbdaa461cabb] GET /api/notifications - Request finished with status 201
[2025-12-16T11:22:02.309Z] [INFO] [e29dcc4f-e0b5-417f-a03e-ea578b5b9e2b] GET /api/users/me - Request finished with status 304
[2025-12-16T11:22:02.400Z] [INFO] [e3778899-2533-42b5-9003-9eb2cba983e8] GET /api/dashboard/supplier/charts - Request finished with status 304
[2025-12-16T11:22:02.412Z] [INFO] [6db270c4-0ed9-467e-a60a-a2dd8c239413] GET /api/notifications - Request finished with status 201
[2025-12-16T11:22:02.762Z] [INFO] [ab11ac3e-d3b0-46e3-9c26-65e78ee20439] GET /api/dashboard/supplier/charts - Request finished with status 304
[2025-12-16T11:22:02.828Z] [INFO] [bbf6566b-0165-4412-b605-5e4585fc7d67] GET /api/dashboard/summarySupplier - Request finished with status 304
[2025-12-16T11:22:03.609Z] [INFO] [45abe31d-d928-4592-b3ad-75f4162fbe52] GET /api/dashboard/summarySupplier - Request finished with status 304
[2025-12-16T11:25:02.304Z] [INFO] [9371511a-c9bd-4344-9677-3b55f0a055ff] GET /api/users/me - Request finished with status 304
[2025-12-16T11:25:02.448Z] [INFO] [b5ed7061-4fc7-4184-b52f-d0d9e50dbbbe] GET /api/users/me - Request finished with status 304
[2025-12-16T11:25:02.527Z] [INFO] [a04c23a9-2b76-4e22-951c-f6a125b68e9b] GET /api/users/me - Request finished with status 304
[2025-12-16T11:25:02.597Z] [INFO] [ded6e146-ba06-4b93-93f0-2de08f864c11] GET /api/users/me - Request finished with status 304
[2025-12-16T11:25:02.749Z] [INFO] [378188de-eefd-40df-a24d-ab42053cab55] GET /api/users/me - Request finished with status 304
[2025-12-16T11:25:02.839Z] [INFO] [7f574b5f-aae3-4153-99dd-549c232a5dd4] GET /api/users/me - Request finished with status 304
[2025-12-16T11:25:02.969Z] [INFO] [7651a12c-a629-4b82-bf03-c3b6ebedaf1d] GET /api/notifications - Request finished with status 201
[2025-12-16T11:25:03.023Z] [INFO] [3aee7d51-ad23-4396-adc7-6e20f53f4b33] GET /api/dashboard/supplier/charts - Request finished with status 304
[2025-12-16T11:25:03.336Z] [INFO] [f28fce04-6174-4887-930a-9bd9b31990c6] GET /api/dashboard/supplier/charts - Request finished with status 304
[2025-12-16T11:25:03.405Z] [INFO] [b674c310-4b57-4cc8-b190-fe3618e6dd91] GET /api/dashboard/summarySupplier - Request finished with status 304
[2025-12-16T11:25:04.117Z] [INFO] [74ae53f0-c11f-40c1-ad9f-8b9fa42513af] GET /api/dashboard/summarySupplier - Request finished with status 304
[2025-12-16T11:25:13.559Z] [INFO] [bdde2ad2-c368-4e1b-8f40-f944f2a48983] POST /api/auth/login - Request finished with status 200
[2025-12-16T11:25:13.643Z] [INFO] [e18f6994-d198-4e9c-a8d7-0edffad3ceb2] GET /api/users/me - Request finished with status 200
[2025-12-16T11:25:13.722Z] [INFO] [c7e33380-8c27-4bbf-979d-51f4110e533a] GET /api/users/me - Request finished with status 304
[2025-12-16T11:25:13.817Z] [INFO] [5a680fad-23e6-4e30-b846-2c8fda0d47b2] GET /api/users/me - Request finished with status 304
[2025-12-16T11:25:13.893Z] [INFO] [3df67d0a-a461-4813-b846-0fa7858748f7] GET /api/users/me - Request finished with status 304
[2025-12-16T11:25:13.964Z] [INFO] [214715be-f1c9-47e3-ae1f-280c3a37872c] GET /api/users/me - Request finished with status 304
[2025-12-16T11:25:14.049Z] [INFO] [4e9f7a7f-72ae-4b2d-9e53-bc991fc51a64] GET /api/users/me - Request finished with status 304
[2025-12-16T11:25:14.529Z] [INFO] [fb3bbc63-c363-4455-b151-e5b38c2d66cb] GET /api/dashboard/summaryAdmin - Request finished with status 304
[2025-12-16T11:25:14.978Z] [INFO] [0befe1b7-9c4d-4f69-8289-90e7e0ba4ab7] GET /api/dashboard/stats - Request finished with status 304
[2025-12-16T11:25:15.036Z] [INFO] [37eebebd-0564-4b98-8054-f2c0933903ce] GET /api/dashboard/summaryAdmin - Request finished with status 304
[2025-12-16T11:25:15.579Z] [INFO] [4ddfacc2-60fa-4605-917c-bce652a5a903] GET /api/dashboard/stats - Request finished with status 200
[2025-12-16T11:25:26.111Z] [INFO] [906cfad0-d2aa-459b-b21c-bceed46bd713] POST /api/auth/logout - Request finished with status 200
[2025-12-16T11:25:33.903Z] [INFO] [820381b8-a854-457b-aada-25f59feb0975] POST /api/auth/google - Request finished with status 200
[2025-12-16T11:25:33.992Z] [INFO] [385f9b9d-2e2a-41aa-b444-8d40684957a4] GET /api/users/me - Request finished with status 200
[2025-12-16T11:25:34.089Z] [INFO] [cf376726-0178-43e8-b0c1-c876f5b45899] GET /api/users/me - Request finished with status 304
[2025-12-16T11:25:34.177Z] [INFO] [261abc84-62c6-43be-905b-a86789c32eeb] GET /api/users/me - Request finished with status 304
[2025-12-16T11:25:34.265Z] [INFO] [4d5d3518-2fef-45e5-a99c-7cfb8e72fe45] GET /api/users/me - Request finished with status 304
[2025-12-16T11:25:34.343Z] [INFO] [7d1e823c-558d-4d73-9dbf-c3ce9c01ded6] GET /api/users/me - Request finished with status 304
[2025-12-16T11:25:34.418Z] [INFO] [727af897-99ed-4f2f-a46e-8e81cd7df572] GET /api/users/me - Request finished with status 304
[2025-12-16T11:25:34.490Z] [INFO] [82e9ee5c-7577-4df9-8a45-9c4af5301fa2] GET /api/users/me - Request finished with status 304
[2025-12-16T11:25:34.556Z] [INFO] [637b99b3-3fb7-483d-822d-dbb78f7ffc6c] GET /api/notifications - Request finished with status 201
[2025-12-16T11:25:34.569Z] [INFO] [5c4329c4-3c96-4ed9-8892-89345f5adf13] GET /api/users/me - Request finished with status 304
[2025-12-16T11:25:34.637Z] [INFO] [8bded451-2492-43bd-a6b5-d12a89b60b4a] GET /api/dashboard/user/charts - Request finished with status 304
[2025-12-16T11:25:34.741Z] [INFO] [640d2728-5dec-48b3-858e-07abbe47e97b] GET /api/notifications - Request finished with status 201
[2025-12-16T11:25:34.875Z] [INFO] [57f57bee-dcf6-414d-9169-e06343859b47] GET /api/dashboard/user/charts - Request finished with status 304
[2025-12-16T11:25:34.955Z] [INFO] [30797286-f291-4c04-a462-063edaec2596] GET /api/dashboard/summaryUser - Request finished with status 304
[2025-12-16T11:25:35.488Z] [INFO] [0f41ff6b-ad48-4b54-8e57-4bd65ebf1494] GET /api/dashboard/summaryUser - Request finished with status 304
[2025-12-16T11:28:28.914Z] [INFO] [89265554-8f6e-45b2-86ea-8e84b90573ac] GET /api/users/me - Request finished with status 304
[2025-12-16T11:28:28.993Z] [INFO] [efe38996-d091-49f7-a7c9-eadcf86182f7] GET /api/users/me - Request finished with status 304
[2025-12-16T11:28:29.079Z] [INFO] [cf03e141-2fad-49ee-9ab4-2366cf8464d2] GET /api/users/me - Request finished with status 304
[2025-12-16T11:28:29.149Z] [INFO] [51cb9f40-02a5-45d0-a512-accbac8ddf8f] GET /api/users/me - Request finished with status 304
[2025-12-16T11:28:29.231Z] [INFO] [3cf0f3a7-f461-44bc-bde5-c673591f0e11] GET /api/users/me - Request finished with status 304
[2025-12-16T11:28:29.333Z] [INFO] [146db544-9bc2-45ed-b161-8e3cce8970f0] GET /api/users/me - Request finished with status 304
[2025-12-16T11:28:29.397Z] [INFO] [4f7b356e-edab-45aa-856a-6c880a61cf1f] GET /api/dashboard/user/charts - Request finished with status 304
[2025-12-16T11:28:29.466Z] [INFO] [b8d51512-c1eb-443d-86a3-38a4b597569e] GET /api/notifications - Request finished with status 201
[2025-12-16T11:28:29.612Z] [INFO] [0359bf1f-87d4-4b79-b53b-9dd53d609afd] GET /api/dashboard/user/charts - Request finished with status 304
[2025-12-16T11:28:29.683Z] [INFO] [a283e223-2bfd-44fb-a037-c5672137476a] GET /api/dashboard/summaryUser - Request finished with status 304
[2025-12-16T11:28:30.261Z] [INFO] [e55aa57a-7c4d-4dd9-891f-084b4a0c01e2] GET /api/dashboard/summaryUser - Request finished with status 304
[2025-12-16T11:28:39.999Z] [INFO] [2b851048-90a2-4a2f-9b2c-ec1e3ce7d67f] POST /api/auth/google - Request finished with status 200
[2025-12-16T11:28:40.094Z] [INFO] [ad7fb8a3-c1a8-42f2-a3e9-be9381cf7916] GET /api/users/me - Request finished with status 304
[2025-12-16T11:28:40.168Z] [INFO] [7376c4a5-7abc-4883-92f1-09b41450c613] GET /api/users/me - Request finished with status 304
[2025-12-16T11:28:40.279Z] [INFO] [5c6206b9-adfe-4423-b135-569757423726] GET /api/users/me - Request finished with status 304
[2025-12-16T11:28:40.350Z] [INFO] [4b5edbf8-8180-427e-b12d-c64acaeed3bc] GET /api/users/me - Request finished with status 304
[2025-12-16T11:28:40.440Z] [INFO] [d0524e15-c168-491c-acee-6bd5ed4092d8] GET /api/users/me - Request finished with status 304
[2025-12-16T11:28:40.513Z] [INFO] [b2f3675a-7acc-430c-8dc9-776232682828] GET /api/users/me - Request finished with status 304
[2025-12-16T11:28:40.584Z] [INFO] [844c1fc6-65f7-4e9a-9dc8-67e063f9d186] GET /api/users/me - Request finished with status 304
[2025-12-16T11:28:40.649Z] [INFO] [25d9ddae-576f-4617-9b34-6542af088e02] GET /api/notifications - Request finished with status 201
[2025-12-16T11:28:40.679Z] [INFO] [0c513794-39cd-486c-ba77-7dc6f7628795] GET /api/users/me - Request finished with status 304
[2025-12-16T11:28:40.738Z] [INFO] [c2e0a319-ae79-4507-8ef8-5e5f74349695] GET /api/dashboard/user/charts - Request finished with status 304
[2025-12-16T11:28:40.810Z] [INFO] [ce566bf9-d090-4b54-b30e-4e48f2c8cf45] GET /api/notifications - Request finished with status 201
[2025-12-16T11:28:40.965Z] [INFO] [fd818b51-bc56-43e2-8862-e907b7e522ab] GET /api/dashboard/user/charts - Request finished with status 304
[2025-12-16T11:28:41.046Z] [INFO] [1175c35f-4709-4164-9f15-8a85c26d32b3] GET /api/dashboard/summaryUser - Request finished with status 304
[2025-12-16T11:28:41.630Z] [INFO] [62f841ec-7e3f-44e0-a13b-97ce5d71017a] GET /api/dashboard/summaryUser - Request finished with status 304
[2025-12-16T11:29:36.769Z] [INFO] [9a70d03b-19df-4bda-a8c7-043593ad2ecc] GET /api/users/me - Request finished with status 304
[2025-12-16T11:29:36.845Z] [INFO] [8a666be1-ca4c-40a9-8a38-9535de635fbd] GET /api/users/me - Request finished with status 304
[2025-12-16T11:29:36.917Z] [INFO] [a5719ace-5455-4013-b44e-fefe9dfba757] GET /api/users/me - Request finished with status 304
[2025-12-16T11:29:36.992Z] [INFO] [64577668-a440-4404-a1c0-d08cf4d6d421] GET /api/users/me - Request finished with status 304
[2025-12-16T11:29:37.063Z] [INFO] [a29768cc-67ed-4906-93a4-5e2b4ff1549c] GET /api/users/me - Request finished with status 304
[2025-12-16T11:29:37.133Z] [INFO] [7b7d013f-b576-4cee-98d5-cc972c47a90a] GET /api/users/me - Request finished with status 304
[2025-12-16T11:29:37.194Z] [INFO] [e4f79320-a127-4d4c-a89e-22197d6a0cf9] GET /api/dashboard/user/charts - Request finished with status 304
[2025-12-16T11:29:37.262Z] [INFO] [8b63dff9-5094-40e3-89ab-42f6c0b2a209] GET /api/notifications - Request finished with status 201
[2025-12-16T11:29:37.442Z] [INFO] [899e459e-1b89-4223-a5d9-b7e1c07d338e] GET /api/dashboard/user/charts - Request finished with status 304
[2025-12-16T11:29:37.511Z] [INFO] [3e6d6c73-4182-461c-9437-c3960e87c2cc] GET /api/dashboard/summaryUser - Request finished with status 304
[2025-12-16T11:29:38.112Z] [INFO] [0ef459e8-8e7d-4ffa-b055-c195b5aa7858] GET /api/dashboard/summaryUser - Request finished with status 304
[2025-12-16T11:29:51.731Z] [INFO] [3fc2a6e0-38c6-4a3e-9c7a-cecd7a7fe538] POST /api/auth/google - Request finished with status 200
[2025-12-16T11:29:51.810Z] [INFO] [01329a85-f697-4d68-95ba-c65da6db25b3] GET /api/users/me - Request finished with status 304
[2025-12-16T11:29:51.901Z] [INFO] [21b6e776-4010-42cf-b751-da28c8db6516] GET /api/users/me - Request finished with status 304
[2025-12-16T11:29:52.017Z] [INFO] [bfa1d9ff-5a12-419c-85e0-efb933655dc3] GET /api/users/me - Request finished with status 304
[2025-12-16T11:29:52.088Z] [INFO] [fc7a22ad-94e9-4597-85c9-61a11219d7e0] GET /api/users/me - Request finished with status 304
[2025-12-16T11:29:52.158Z] [INFO] [d4e5d712-56d8-4f0d-993a-e51369c4903c] GET /api/users/me - Request finished with status 304
[2025-12-16T11:29:52.230Z] [INFO] [e7b99386-2bbd-4293-93b9-2d88cc8246be] GET /api/users/me - Request finished with status 304
[2025-12-16T11:29:52.315Z] [INFO] [304cb5bf-5331-44e3-9bd5-4f3c9d63a25d] GET /api/users/me - Request finished with status 304
[2025-12-16T11:29:52.332Z] [INFO] [5999399f-0861-4ffc-b55d-b1a469a05d82] GET /api/notifications - Request finished with status 201
[2025-12-16T11:29:52.387Z] [INFO] [d52e2085-9f32-4bf5-b193-56a564b24fcc] GET /api/users/me - Request finished with status 304
[2025-12-16T11:29:52.402Z] [INFO] [06282991-bd51-489d-b203-84029111d4c0] GET /api/dashboard/user/charts - Request finished with status 304
[2025-12-16T11:29:52.517Z] [INFO] [2d603e87-7593-4e47-a052-ed2d23f51a05] GET /api/notifications - Request finished with status 201
[2025-12-16T11:29:52.616Z] [INFO] [ebc19f87-8b4f-4786-bc6c-480bbce1bbdd] GET /api/dashboard/user/charts - Request finished with status 304
[2025-12-16T11:29:52.754Z] [INFO] [ea093ed2-eea2-4768-8440-7c89c6eb6a3f] GET /api/dashboard/summaryUser - Request finished with status 304
[2025-12-16T11:29:53.331Z] [INFO] [0f5966ed-7a5e-45ca-9baf-5c64790ae4e7] GET /api/dashboard/summaryUser - Request finished with status 304
[2025-12-16T11:33:53.267Z] [INFO] [e64563f4-881b-4aab-b589-6263f55fce2f] GET /api/users/me - Request finished with status 304
[2025-12-16T11:33:53.536Z] [INFO] [57267bc9-3348-417a-8fd1-afbf5d1ea093] GET /api/users/me - Request finished with status 304
[2025-12-16T11:33:53.615Z] [INFO] [37a16b28-0870-4747-9779-afbf3d3a7ea6] GET /api/users/me - Request finished with status 304
[2025-12-16T11:33:53.687Z] [INFO] [589845ea-09b9-47a0-9359-08d09bc78a72] GET /api/users/me - Request finished with status 304
[2025-12-16T11:33:53.779Z] [INFO] [7be213b8-1181-41db-9331-c67495c4f85c] GET /api/users/me - Request finished with status 304
[2025-12-16T11:33:53.850Z] [INFO] [86f8883a-a36b-47ef-bfa5-10cd224fe785] GET /api/users/me - Request finished with status 304
[2025-12-16T11:33:53.916Z] [INFO] [1479e06e-45db-44ca-9298-0c0ef7f69f98] GET /api/dashboard/user/charts - Request finished with status 304
[2025-12-16T11:33:53.983Z] [INFO] [ce1e842e-8bbc-4ec8-80d8-078e661def00] GET /api/notifications - Request finished with status 201
[2025-12-16T11:33:54.183Z] [INFO] [b03978db-feef-467f-8722-a78b02aeb88e] GET /api/dashboard/user/charts - Request finished with status 304
[2025-12-16T11:33:54.284Z] [INFO] [3beaace1-e1b0-4865-aea9-f1bfb4f54ea0] GET /api/dashboard/summaryUser - Request finished with status 304
[2025-12-16T11:33:55.268Z] [INFO] [cbf62998-2306-4f72-ba56-fe33a052d8a3] GET /api/dashboard/summaryUser - Request finished with status 304
[2025-12-16T11:35:27.560Z] [INFO] [4bb2725b-2542-4b4c-90cb-803d22ea9cc7] GET /api/users/me - Request finished with status 304
[2025-12-16T11:35:27.630Z] [INFO] [83578eda-45cd-4cfb-83ba-e56420e9fe6a] GET /api/users/me - Request finished with status 304
[2025-12-16T11:35:27.700Z] [INFO] [398a97e1-05c1-45d4-ae94-85cd8de885be] GET /api/users/me - Request finished with status 304
[2025-12-16T11:35:27.772Z] [INFO] [9648edba-16f1-4528-8cf7-0f4b9fc82334] GET /api/users/me - Request finished with status 304
[2025-12-16T11:35:27.870Z] [INFO] [1f9efb7a-743d-43e6-ba2e-23b198c5d898] GET /api/users/me - Request finished with status 304
[2025-12-16T11:35:27.945Z] [INFO] [42c304e6-554c-4810-a865-9ee01f98a53d] GET /api/users/me - Request finished with status 304
[2025-12-16T11:35:28.012Z] [INFO] [5c5a5a71-10c6-4f89-9a54-ebbc397fbb1a] GET /api/dashboard/user/charts - Request finished with status 304
[2025-12-16T11:35:28.075Z] [INFO] [345c061c-614e-493c-a75c-26ed1d226e51] GET /api/notifications - Request finished with status 201
[2025-12-16T11:35:28.233Z] [INFO] [360d5555-8556-4caf-b343-53316abe8c02] GET /api/dashboard/user/charts - Request finished with status 304
[2025-12-16T11:35:28.307Z] [INFO] [a55cc43f-7f20-415d-b084-a96f65808234] GET /api/dashboard/summaryUser - Request finished with status 304
[2025-12-16T11:35:28.801Z] [INFO] [175fa6e0-da61-4cdc-9426-1d9dc8250330] GET /api/dashboard/summaryUser - Request finished with status 304
[2025-12-16T11:36:34.877Z] [INFO] [b121ed94-0323-480a-be5f-d4c484d05ea6] GET /api/dashboard/user/charts - Request finished with status 304
[2025-12-16T11:36:35.804Z] [INFO] [640890dc-e66a-4e5d-9292-e0e801f89233] GET /api/dashboard/user/charts - Request finished with status 304
[2025-12-16T11:36:35.898Z] [INFO] [ed481134-6f55-4a29-af0b-1c863208a2c8] GET /api/dashboard/summaryUser - Request finished with status 304
[2025-12-16T11:36:36.610Z] [INFO] [3c23c9eb-0cb9-474a-87e5-da9795fdefae] GET /api/dashboard/summaryUser - Request finished with status 304
[2025-12-16T11:37:11.679Z] [INFO] [33783de8-10bc-476d-98b6-70fb668b3786] GET /api/users/me - Request finished with status 304
[2025-12-16T11:37:11.783Z] [INFO] [eb504e03-73db-4559-b8e0-29a5d7eaccad] GET /api/users/me - Request finished with status 304
[2025-12-16T11:37:11.869Z] [INFO] [7315de69-cdc1-42da-8000-3fca3580b5fe] GET /api/users/me - Request finished with status 304
[2025-12-16T11:37:11.956Z] [INFO] [0a5d9170-1bf3-4108-9806-aff374c5547e] GET /api/users/me - Request finished with status 304
[2025-12-16T11:37:12.044Z] [INFO] [4fa4b57f-619e-4829-9344-4c63bed146cf] GET /api/users/me - Request finished with status 304
[2025-12-16T11:37:12.179Z] [INFO] [dd5fa0cd-b246-401d-8fe1-91608ba1ef2d] GET /api/users/me - Request finished with status 304
[2025-12-16T11:37:12.258Z] [INFO] [5122188b-9730-442f-951a-5968ef13154e] GET /api/dashboard/user/charts - Request finished with status 304
[2025-12-16T11:37:12.336Z] [INFO] [4bae8310-e09b-4d27-aaaa-71553712ce7a] GET /api/notifications - Request finished with status 201
[2025-12-16T11:37:12.539Z] [INFO] [21bb6dfe-1397-469c-a016-9b9680fcdbf1] GET /api/dashboard/user/charts - Request finished with status 304
[2025-12-16T11:37:12.620Z] [INFO] [19e6637e-dba5-4190-87bd-c402207431e7] GET /api/dashboard/summaryUser - Request finished with status 304
[2025-12-16T11:37:13.238Z] [INFO] [1b9d0b7b-01fd-4eff-a663-5b9ca7e037cf] GET /api/dashboard/summaryUser - Request finished with status 304
[2025-12-16T11:37:23.547Z] [INFO] [18f66735-afbd-4511-bebe-626dc8500801] POST /api/auth/logout - Request finished with status 200
[2025-12-16T11:37:57.467Z] [ERROR] [2926f43a-bc3e-49cc-ab14-24d8a1f2a294] POST /api/auth/login - ערכים לא תקינים
[2025-12-16T11:37:57.479Z] [INFO] [2926f43a-bc3e-49cc-ab14-24d8a1f2a294] POST /api/auth/login - Request finished with status 401
[2025-12-16T11:39:38.636Z] [INFO] [1c8208c2-b5ba-485b-8bcb-9826699a8ee2] POST /api/auth/login - Request finished with status 200
[2025-12-16T11:39:38.710Z] [INFO] [6abb48e7-cd91-44b3-b1c3-cb183d681b80] GET /api/users/me - Request finished with status 200
[2025-12-16T11:39:38.789Z] [INFO] [5f72944b-e5f7-4208-a079-fc6325e76e46] GET /api/users/me - Request finished with status 304
[2025-12-16T11:39:38.938Z] [INFO] [a7921600-7a7d-44f9-a636-b32f96619031] GET /api/users/me - Request finished with status 304
[2025-12-16T11:39:39.010Z] [INFO] [7d07473a-b61e-41f0-8fe9-805f6a00d1cf] GET /api/users/me - Request finished with status 304
[2025-12-16T11:39:39.080Z] [INFO] [0067fd69-b7db-4381-8058-d79abfb83a80] GET /api/users/me - Request finished with status 304
[2025-12-16T11:39:39.152Z] [INFO] [e1086f72-ef1a-40ba-a4d0-edd45f66bbaf] GET /api/users/me - Request finished with status 304
[2025-12-16T11:39:39.225Z] [INFO] [74c28e9a-32a0-453c-a3d1-ea899718344c] GET /api/users/me - Request finished with status 304
[2025-12-16T11:39:39.247Z] [INFO] [a7b1bd83-6943-4883-97b3-49dd7815f3c8] GET /api/notifications - Request finished with status 201
[2025-12-16T11:39:39.298Z] [INFO] [f31f76f6-3934-4329-98c9-93b090031eb8] GET /api/users/me - Request finished with status 304
[2025-12-16T11:39:39.385Z] [INFO] [a66a1be3-1abb-418b-bbcf-e8949c0cdd43] GET /api/dashboard/supplier/charts - Request finished with status 304
[2025-12-16T11:39:39.414Z] [INFO] [f5592aa8-e05c-49a7-8adb-7f5ca0be370e] GET /api/notifications - Request finished with status 201
[2025-12-16T11:39:39.670Z] [INFO] [fba41e49-7308-4ffd-972b-573c601c0ff3] GET /api/dashboard/supplier/charts - Request finished with status 304
[2025-12-16T11:39:39.741Z] [INFO] [2c9190e3-664b-46a9-bc28-6639ab4a4eef] GET /api/dashboard/summarySupplier - Request finished with status 304
[2025-12-16T11:39:40.380Z] [INFO] [3eb11957-639b-48c7-9b46-75a6dcb70aa7] GET /api/dashboard/summarySupplier - Request finished with status 304
